#
# There is insufficient memory for the Java Runtime Environment to continue.
# Native memory allocation (malloc) failed to allocate 1689616 bytes for Chunk::new
# Possible reasons:
#   The system is out of physical RAM or swap space
#   In 32 bit mode, the process size limit was hit
# Possible solutions:
#   Reduce memory load on the system
#   Increase physical memory or swap space
#   Check if swap backing store is full
#   Use 64 bit Java on a 64 bit OS
#   Decrease Java heap size (-Xmx/-Xms)
#   Decrease number of Java threads
#   Decrease Java thread stack sizes (-Xss)
#   Set larger code cache with -XX:ReservedCodeCacheSize=
# This output file may be truncated or incomplete.
#
#  Out of Memory Error (allocation.cpp:390), pid=5960, tid=5068
#
# JRE version: Java(TM) SE Runtime Environment (8.0_91-b15) (build 1.8.0_91-b15)
# Java VM: Java HotSpot(TM) 64-Bit Server VM (25.91-b15 mixed mode windows-amd64 compressed oops)
# Failed to write core dump. Minidumps are not enabled by default on client versions of Windows
#

---------------  T H R E A D  ---------------

Current thread (0x000000001f7ae000):  JavaThread "C2 CompilerThread0" daemon [_thread_in_native, id=5068, stack(0x000000001fe10000,0x000000001ff10000)]

Stack: [0x000000001fe10000,0x000000001ff10000]
[error occurred during error reporting (printing stack bounds), id 0xc0000005]

Native frames: (J=compiled Java code, j=interpreted, Vv=VM code, C=native code)


Current CompileTask:
C2:  27519 5850       4       java.lang.Class::privateGetPublicMethods (267 bytes)


---------------  P R O C E S S  ---------------

Java Threads: ( => current thread )
  0x0000000028445000 JavaThread "pool-1-thread-4" [_thread_blocked, id=3592, stack(0x0000000029dc0000,0x0000000029ec0000)]
  0x0000000028444000 JavaThread "pool-1-thread-3" [_thread_blocked, id=3752, stack(0x0000000027990000,0x0000000027a90000)]
  0x0000000028443800 JavaThread "pool-1-thread-2" [_thread_blocked, id=6040, stack(0x0000000029b40000,0x0000000029c40000)]
  0x0000000028442800 JavaThread "pool-1-thread-1" [_thread_in_vm, id=5684, stack(0x0000000029a10000,0x0000000029b10000)]
  0x0000000023edd000 JavaThread "File lock request listener" [_thread_in_native, id=3956, stack(0x0000000027a90000,0x0000000027b90000)]
  0x0000000020f9f800 JavaThread "Stdin handler" [_thread_blocked, id=4100, stack(0x0000000022770000,0x0000000022870000)]
  0x0000000020f73800 JavaThread "Daemon worker" [_thread_in_native, id=5968, stack(0x00000000225a0000,0x00000000226a0000)]
  0x0000000020ff7000 JavaThread "Cancel handler" [_thread_blocked, id=4688, stack(0x0000000021e20000,0x0000000021f20000)]
  0x0000000021217800 JavaThread "Handler for socket connection from /127.0.0.1:18231 to /127.0.0.1:18233" [_thread_in_native, id=5996, stack(0x0000000022410000,0x0000000022510000)]
  0x0000000021217000 JavaThread "Daemon" [_thread_blocked, id=6100, stack(0x00000000222b0000,0x00000000223b0000)]
  0x0000000020fb5800 JavaThread "Incoming local TCP Connector on port 18231" [_thread_in_native, id=5492, stack(0x0000000021f60000,0x0000000022060000)]
  0x000000001f83e000 JavaThread "Service Thread" daemon [_thread_blocked, id=5156, stack(0x0000000020200000,0x0000000020300000)]
  0x000000001e3d9800 JavaThread "C1 CompilerThread2" daemon [_thread_blocked, id=5596, stack(0x00000000200c0000,0x00000000201c0000)]
  0x000000001f7b3800 JavaThread "C2 CompilerThread1" daemon [_thread_in_native, id=1352, stack(0x000000001fd00000,0x000000001fe00000)]
=>0x000000001f7ae000 JavaThread "C2 CompilerThread0" daemon [_thread_in_native, id=5068, stack(0x000000001fe10000,0x000000001ff10000)]
  0x000000001f7ab000 JavaThread "Attach Listener" daemon [_thread_blocked, id=5236, stack(0x000000001f3f0000,0x000000001f4f0000)]
  0x000000001e3d7800 JavaThread "Signal Dispatcher" daemon [_thread_blocked, id=5284, stack(0x000000001fbd0000,0x000000001fcd0000)]
  0x000000001e3ba800 JavaThread "Finalizer" daemon [_thread_blocked, id=5508, stack(0x000000001f6a0000,0x000000001f7a0000)]
  0x000000001e373000 JavaThread "Reference Handler" daemon [_thread_blocked, id=1708, stack(0x000000001f590000,0x000000001f690000)]
  0x0000000001dd8800 JavaThread "main" [_thread_blocked, id=4776, stack(0x0000000002180000,0x0000000002280000)]

Other Threads:
  0x000000001e36b800 VMThread [stack: 0x000000001f2e0000,0x000000001f3e0000] [id=6004]
  0x000000001f7e3000 WatcherThread [stack: 0x000000001ffa0000,0x00000000200a0000] [id=5604]

VM state:not at safepoint (normal execution)

VM Mutex/Monitor currently owned by a thread: None

Heap:
 PSYoungGen      total 95232K, used 71372K [0x0000000755400000, 0x000000075e880000, 0x00000007c0000000)
  eden space 87040K, 72% used [0x0000000755400000,0x00000007591b89d0,0x000000075a900000)
  from space 8192K, 99% used [0x000000075b680000,0x000000075be7a790,0x000000075be80000)
  to   space 13824K, 0% used [0x000000075a900000,0x000000075a900000,0x000000075b680000)
 ParOldGen       total 54784K, used 28405K [0x000000067fc00000, 0x0000000683180000, 0x0000000755400000)
  object space 54784K, 51% used [0x000000067fc00000,0x00000006817bd450,0x0000000683180000)
 Metaspace       used 46705K, capacity 47732K, committed 47872K, reserved 1089536K
  class space    used 6443K, capacity 6798K, committed 6912K, reserved 1048576K

Card table byte_map: [0x0000000011910000,0x0000000012320000] byte_map_base: 0x000000000e512000

Marking Bits: (ParMarkBitMap*) 0x00000000700b2f70
 Begin Bits: [0x0000000012fb0000, 0x0000000017fc0000)
 End Bits:   [0x0000000017fc0000, 0x000000001cfd0000)

Polling page: 0x00000000001a0000

CodeCache: size=245760Kb used=19055Kb max_used=19966Kb free=226704Kb
 bounds [0x0000000002550000, 0x00000000038f0000, 0x0000000011550000]
 total_blobs=6271 nmethods=5569 adapters=613
 compilation: enabled

Compilation events (10 events):
Event: 27.416 Thread 0x000000001e3d9800 nmethod 6414 0x00000000038e0e90 code [0x00000000038e0fe0, 0x00000000038e1170]
Event: 27.417 Thread 0x000000001f7b3800 6415       4       com.sun.org.apache.xerces.internal.parsers.XIncludeAwareParserConfiguration::setFeature (27 bytes)
Event: 27.418 Thread 0x000000001f7b3800 nmethod 6415 0x00000000038e0a10 code [0x00000000038e0b60, 0x00000000038e0ce8]
Event: 27.418 Thread 0x000000001e3d9800 6416       3       com.sun.org.apache.xerces.internal.dom.NamedNodeMapImpl::item (41 bytes)
Event: 27.419 Thread 0x000000001e3d9800 nmethod 6416 0x00000000038e4f50 code [0x00000000038e50e0, 0x00000000038e5578]
Event: 27.419 Thread 0x000000001e3d9800 6417       3       com.sun.org.apache.xerces.internal.dom.AttrImpl::getName (16 bytes)
Event: 27.419 Thread 0x000000001e3d9800 nmethod 6417 0x00000000038e4990 code [0x00000000038e4b00, 0x00000000038e4ea8]
Event: 27.420 Thread 0x000000001e3d9800 6418       3       java.util.concurrent.atomic.AtomicInteger::getAndIncrement (12 bytes)
Event: 27.420 Thread 0x000000001e3d9800 nmethod 6418 0x00000000038e4690 code [0x00000000038e47e0, 0x00000000038e4930]
Event: 27.421 Thread 0x000000001f7b3800 6419       4       com.sun.org.apache.xerces.internal.dom.AttributeMap::setNamedItem (314 bytes)

GC Heap History (10 events):
Event: 12.767 GC heap before
{Heap before GC invocations=14 (full 1):
 PSYoungGen      total 70656K, used 67257K [0x0000000755400000, 0x000000075a080000, 0x00000007c0000000)
  eden space 64512K, 100% used [0x0000000755400000,0x0000000759300000,0x0000000759300000)
  from space 6144K, 44% used [0x0000000759900000,0x0000000759bae588,0x0000000759f00000)
  to   space 6144K, 0% used [0x0000000759300000,0x0000000759300000,0x0000000759900000)
 ParOldGen       total 33280K, used 11380K [0x000000067fc00000, 0x0000000681c80000, 0x0000000755400000)
  object space 33280K, 34% used [0x000000067fc00000,0x000000068071d1c0,0x0000000681c80000)
 Metaspace       used 33345K, capacity 34084K, committed 34560K, reserved 1079296K
  class space    used 4498K, capacity 4738K, committed 4864K, reserved 1048576K
Event: 12.805 GC heap after
Heap after GC invocations=14 (full 1):
 PSYoungGen      total 70656K, used 6130K [0x0000000755400000, 0x000000075be80000, 0x00000007c0000000)
  eden space 64512K, 0% used [0x0000000755400000,0x0000000755400000,0x0000000759300000)
  from space 6144K, 99% used [0x0000000759300000,0x00000007598fca98,0x0000000759900000)
  to   space 8192K, 0% used [0x000000075b680000,0x000000075b680000,0x000000075be80000)
 ParOldGen       total 33280K, used 14717K [0x000000067fc00000, 0x0000000681c80000, 0x0000000755400000)
  object space 33280K, 44% used [0x000000067fc00000,0x0000000680a5f5a0,0x0000000681c80000)
 Metaspace       used 33345K, capacity 34084K, committed 34560K, reserved 1079296K
  class space    used 4498K, capacity 4738K, committed 4864K, reserved 1048576K
}
Event: 13.186 GC heap before
{Heap before GC invocations=15 (full 1):
 PSYoungGen      total 70656K, used 13782K [0x0000000755400000, 0x000000075be80000, 0x00000007c0000000)
  eden space 64512K, 11% used [0x0000000755400000,0x0000000755b78fd8,0x0000000759300000)
  from space 6144K, 99% used [0x0000000759300000,0x00000007598fca98,0x0000000759900000)
  to   space 8192K, 0% used [0x000000075b680000,0x000000075b680000,0x000000075be80000)
 ParOldGen       total 33280K, used 14717K [0x000000067fc00000, 0x0000000681c80000, 0x0000000755400000)
  object space 33280K, 44% used [0x000000067fc00000,0x0000000680a5f5a0,0x0000000681c80000)
 Metaspace       used 34572K, capacity 35236K, committed 35456K, reserved 1079296K
  class space    used 4696K, capacity 4930K, committed 4992K, reserved 1048576K
Event: 13.198 GC heap after
Heap after GC invocations=15 (full 1):
 PSYoungGen      total 100864K, used 922K [0x0000000755400000, 0x000000075bf00000, 0x00000007c0000000)
  eden space 92672K, 0% used [0x0000000755400000,0x0000000755400000,0x000000075ae80000)
  from space 8192K, 11% used [0x000000075b680000,0x000000075b766b88,0x000000075be80000)
  to   space 8192K, 0% used [0x000000075ae80000,0x000000075ae80000,0x000000075b680000)
 ParOldGen       total 33280K, used 20864K [0x000000067fc00000, 0x0000000681c80000, 0x0000000755400000)
  object space 33280K, 62% used [0x000000067fc00000,0x0000000681060340,0x0000000681c80000)
 Metaspace       used 34572K, capacity 35236K, committed 35456K, reserved 1079296K
  class space    used 4696K, capacity 4930K, committed 4992K, reserved 1048576K
}
Event: 13.198 GC heap before
{Heap before GC invocations=16 (full 2):
 PSYoungGen      total 100864K, used 922K [0x0000000755400000, 0x000000075bf00000, 0x00000007c0000000)
  eden space 92672K, 0% used [0x0000000755400000,0x0000000755400000,0x000000075ae80000)
  from space 8192K, 11% used [0x000000075b680000,0x000000075b766b88,0x000000075be80000)
  to   space 8192K, 0% used [0x000000075ae80000,0x000000075ae80000,0x000000075b680000)
 ParOldGen       total 33280K, used 20864K [0x000000067fc00000, 0x0000000681c80000, 0x0000000755400000)
  object space 33280K, 62% used [0x000000067fc00000,0x0000000681060340,0x0000000681c80000)
 Metaspace       used 34572K, capacity 35236K, committed 35456K, reserved 1079296K
  class space    used 4696K, capacity 4930K, committed 4992K, reserved 1048576K
Event: 13.315 GC heap after
Heap after GC invocations=16 (full 2):
 PSYoungGen      total 100864K, used 0K [0x0000000755400000, 0x000000075bf00000, 0x00000007c0000000)
  eden space 92672K, 0% used [0x0000000755400000,0x0000000755400000,0x000000075ae80000)
  from space 8192K, 0% used [0x000000075b680000,0x000000075b680000,0x000000075be80000)
  to   space 8192K, 0% used [0x000000075ae80000,0x000000075ae80000,0x000000075b680000)
 ParOldGen       total 54784K, used 19257K [0x000000067fc00000, 0x0000000683180000, 0x0000000755400000)
  object space 54784K, 35% used [0x000000067fc00000,0x0000000680ece598,0x0000000683180000)
 Metaspace       used 34572K, capacity 35236K, committed 35456K, reserved 1079296K
  class space    used 4696K, capacity 4930K, committed 4992K, reserved 1048576K
}
Event: 17.088 GC heap before
{Heap before GC invocations=17 (full 2):
 PSYoungGen      total 100864K, used 92672K [0x0000000755400000, 0x000000075bf00000, 0x00000007c0000000)
  eden space 92672K, 100% used [0x0000000755400000,0x000000075ae80000,0x000000075ae80000)
  from space 8192K, 0% used [0x000000075b680000,0x000000075b680000,0x000000075be80000)
  to   space 8192K, 0% used [0x000000075ae80000,0x000000075ae80000,0x000000075b680000)
 ParOldGen       total 54784K, used 19257K [0x000000067fc00000, 0x0000000683180000, 0x0000000755400000)
  object space 54784K, 35% used [0x000000067fc00000,0x0000000680ece598,0x0000000683180000)
 Metaspace       used 40188K, capacity 41008K, committed 41344K, reserved 1085440K
  class space    used 5511K, capacity 5730K, committed 5760K, reserved 1048576K
Event: 17.168 GC heap after
Heap after GC invocations=17 (full 2):
 PSYoungGen      total 100864K, used 8185K [0x0000000755400000, 0x000000075bf00000, 0x00000007c0000000)
  eden space 92672K, 0% used [0x0000000755400000,0x0000000755400000,0x000000075ae80000)
  from space 8192K, 99% used [0x000000075ae80000,0x000000075b67e7f8,0x000000075b680000)
  to   space 8192K, 0% used [0x000000075b680000,0x000000075b680000,0x000000075be80000)
 ParOldGen       total 54784K, used 20838K [0x000000067fc00000, 0x0000000683180000, 0x0000000755400000)
  object space 54784K, 38% used [0x000000067fc00000,0x00000006810598a8,0x0000000683180000)
 Metaspace       used 40188K, capacity 41008K, committed 41344K, reserved 1085440K
  class space    used 5511K, capacity 5730K, committed 5760K, reserved 1048576K
}
Event: 25.030 GC heap before
{Heap before GC invocations=18 (full 2):
 PSYoungGen      total 100864K, used 100857K [0x0000000755400000, 0x000000075bf00000, 0x00000007c0000000)
  eden space 92672K, 100% used [0x0000000755400000,0x000000075ae80000,0x000000075ae80000)
  from space 8192K, 99% used [0x000000075ae80000,0x000000075b67e7f8,0x000000075b680000)
  to   space 8192K, 0% used [0x000000075b680000,0x000000075b680000,0x000000075be80000)
 ParOldGen       total 54784K, used 20838K [0x000000067fc00000, 0x0000000683180000, 0x0000000755400000)
  object space 54784K, 38% used [0x000000067fc00000,0x00000006810598a8,0x0000000683180000)
 Metaspace       used 43782K, capacity 44696K, committed 44800K, reserved 1087488K
  class space    used 6070K, capacity 6330K, committed 6400K, reserved 1048576K
Event: 25.048 GC heap after
Heap after GC invocations=18 (full 2):
 PSYoungGen      total 95232K, used 8169K [0x0000000755400000, 0x000000075e880000, 0x00000007c0000000)
  eden space 87040K, 0% used [0x0000000755400000,0x0000000755400000,0x000000075a900000)
  from space 8192K, 99% used [0x000000075b680000,0x000000075be7a790,0x000000075be80000)
  to   space 13824K, 0% used [0x000000075a900000,0x000000075a900000,0x000000075b680000)
 ParOldGen       total 54784K, used 28405K [0x000000067fc00000, 0x0000000683180000, 0x0000000755400000)
  object space 54784K, 51% used [0x000000067fc00000,0x00000006817bd450,0x0000000683180000)
 Metaspace       used 43782K, capacity 44696K, committed 44800K, reserved 1087488K
  class space    used 6070K, capacity 6330K, committed 6400K, reserved 1048576K
}

Deoptimization events (10 events):
Event: 26.222 Thread 0x0000000020f73800 Uncommon trap: reason=unstable_if action=reinterpret pc=0x000000000361e5a8 method=java.lang.reflect.Executable.sharedToGenericString(IZ)Ljava/lang/String; @ 65
Event: 26.313 Thread 0x0000000020f73800 Uncommon trap: reason=unstable_if action=reinterpret pc=0x0000000003688528 method=sun.reflect.generics.reflectiveObjects.ParameterizedTypeImpl.<init>(Ljava/lang/Class;[Ljava/lang/reflect/Type;Ljava/lang/reflect/Type;)V @ 16
Event: 26.652 Thread 0x0000000020f73800 Uncommon trap: reason=class_check action=maybe_recompile pc=0x00000000030e2ac0 method=java.io.BufferedInputStream.read1([BII)I @ 39
Event: 26.834 Thread 0x0000000020f73800 Uncommon trap: reason=unstable_if action=reinterpret pc=0x0000000003298048 method=sun.nio.cs.UTF_8$Decoder.decode([BII[C)I @ 30
Event: 26.992 Thread 0x0000000020f73800 Uncommon trap: reason=unstable_if action=reinterpret pc=0x00000000037d2620 method=com.sun.org.apache.xerces.internal.impl.XMLEntityScanner.scanQName(Lcom/sun/org/apache/xerces/internal/xni/QName;)Z @ 69
Event: 27.110 Thread 0x0000000020f73800 Uncommon trap: reason=class_check action=maybe_recompile pc=0x0000000002ff6680 method=com.sun.org.apache.xerces.internal.impl.XMLDocumentFragmentScannerImpl.scanStartElement()Z @ 372
Event: 27.111 Thread 0x0000000020f73800 Uncommon trap: reason=class_check action=maybe_recompile pc=0x0000000002ff6680 method=com.sun.org.apache.xerces.internal.impl.XMLDocumentFragmentScannerImpl.scanStartElement()Z @ 372
Event: 27.111 Thread 0x0000000020f73800 Uncommon trap: reason=class_check action=maybe_recompile pc=0x0000000002ff6680 method=com.sun.org.apache.xerces.internal.impl.XMLDocumentFragmentScannerImpl.scanStartElement()Z @ 372
Event: 27.111 Thread 0x0000000020f73800 Uncommon trap: reason=class_check action=maybe_recompile pc=0x0000000002ff6680 method=com.sun.org.apache.xerces.internal.impl.XMLDocumentFragmentScannerImpl.scanStartElement()Z @ 372
Event: 27.183 Thread 0x0000000020f73800 Uncommon trap: reason=unstable_if action=reinterpret pc=0x00000000038515d4 method=com.android.utils.PositionXmlParser$DomBuilder.findOpeningTag(Lcom/android/utils/PositionXmlParser$Position;)Lcom/android/utils/PositionXmlParser$Position; @ 81

Internal exceptions (10 events):
Event: 26.351 Thread 0x0000000020f73800 Exception <a 'java/lang/ClassNotFoundException': com/android/ide/common/res2/AssetMergerCustomizer> (0x00000007560b3d68) thrown at [C:\re\workspace\8-2-build-windows-amd64-cygwin\jdk8u91\7017\hotspot\src\share\vm\classfile\systemDictionary.cpp, line 210]
Event: 26.355 Thread 0x0000000020f73800 Exception <a 'java/lang/ClassNotFoundException': com/android/ide/common/res2/AssetSetBeanInfo> (0x0000000756101278) thrown at [C:\re\workspace\8-2-build-windows-amd64-cygwin\jdk8u91\7017\hotspot\src\share\vm\classfile\systemDictionary.cpp, line 210]
Event: 26.355 Thread 0x0000000020f73800 Exception <a 'java/lang/ClassNotFoundException': com/android/ide/common/res2/DataSetBeanInfo> (0x000000075610efd0) thrown at [C:\re\workspace\8-2-build-windows-amd64-cygwin\jdk8u91\7017\hotspot\src\share\vm\classfile\systemDictionary.cpp, line 210]
Event: 26.356 Thread 0x0000000020f73800 Exception <a 'java/lang/ClassNotFoundException': com/android/ide/common/res2/DataSetCustomizer> (0x000000075611d0b8) thrown at [C:\re\workspace\8-2-build-windows-amd64-cygwin\jdk8u91\7017\hotspot\src\share\vm\classfile\systemDictionary.cpp, line 210]
Event: 26.357 Thread 0x0000000020f73800 Exception <a 'java/lang/ClassNotFoundException': com/android/ide/common/res2/AssetSetCustomizer> (0x0000000756148088) thrown at [C:\re\workspace\8-2-build-windows-amd64-cygwin\jdk8u91\7017\hotspot\src\share\vm\classfile\systemDictionary.cpp, line 210]
Event: 26.364 Thread 0x0000000020f73800 Exception <a 'java/lang/ClassNotFoundException': com/android/ide/common/res2/MergedAssetWriterBeanInfo> (0x00000007561a9c80) thrown at [C:\re\workspace\8-2-build-windows-amd64-cygwin\jdk8u91\7017\hotspot\src\share\vm\classfile\systemDictionary.cpp, line 215­Í=]:@
Event: 26.364 Thread 0x0000000020f73800 Exception <a 'java/lang/ClassNotFoundException': com/android/ide/common/res2/MergeWriterBeanInfo> (0x00000007561b8178) thrown at [C:\re\workspace\8-2-build-windows-amd64-cygwin\jdk8u91\7017\hotspot\src\share\vm\classfile\systemDictionary.cpp, line 210]
Event: 26.365 Thread 0x0000000020f73800 Exception <a 'java/lang/ClassNotFoundException': com/android/ide/common/res2/MergeWriterCustomizer> (0x00000007561c69f0) thrown at [C:\re\workspace\8-2-build-windows-amd64-cygwin\jdk8u91\7017\hotspot\src\share\vm\classfile\systemDictionary.cpp, line 210]
Event: 26.365 Thread 0x0000000020f73800 Exception <a 'java/lang/ClassNotFoundException': com/android/ide/common/res2/MergedAssetWriterCustomizer> (0x00000007561d9da8) thrown at [C:\re\workspace\8-2-build-windows-amd64-cygwin\jdk8u91\7017\hotspot\src\share\vm\classfile\systemDictionary.cpp, line Acên:@
Event: 26.430 Thread 0x0000000020f73800 Exception <a 'java/lang/NoSuchMethodError': <clinit>> (0x000000075633de98) thrown at [C:\re\workspace\8-2-build-windows-amd64-cygwin\jdk8u91\7017\hotspot\src\share\vm\prims\jni.cpp, line 1613]

Events (10 events):
Event: 27.380 loading class java/util/concurrent/FutureTask$WaitNode
Event: 27.380 loading class java/util/concurrent/FutureTask$WaitNode done
Event: 27.380 loading class java/util/concurrent/ExecutorCompletionService$QueueingFuture
Event: 27.380 loading class java/util/concurrent/ExecutorCompletionService$QueueingFuture done
Event: 27.380 loading class java/util/concurrent/Executors$RunnableAdapter
Event: 27.380 loading class java/util/concurrent/Executors$RunnableAdapter done
Event: 27.380 Thread 0x0000000028442800 Thread added: 0x0000000028442800
Event: 27.382 Thread 0x0000000028443800 Thread added: 0x0000000028443800
Event: 27.382 Thread 0x0000000028444000 Thread added: 0x0000000028444000
Event: 27.382 Thread 0x0000000028445000 Thread added: 0x0000000028445000


Dynamic libraries:
0x000000013fa30000 - 0x000000013fa67000 	C:\Program Files\Java\jdk1.8.0_91\bin\java.exe
0x0000000076ee0000 - 0x000000007708a000 	C:\Windows\SYSTEM32\ntdll.dll
0x0000000076cc0000 - 0x0000000076ddf000 	C:\Windows\system32\kernel32.dll
0x000007fefced0000 - 0x000007fefcf3a000 	C:\Windows\system32\KERNELBASE.dll
0x000007fefd410000 - 0x000007fefd4eb000 	C:\Windows\system32\ADVAPI32.dll
0x000007feff150000 - 0x000007feff1ef000 	C:\Windows\system32\msvcrt.dll
0x000007fefe7d0000 - 0x000007fefe7ef000 	C:\Windows\SYSTEM32\sechost.dll
0x000007fefec20000 - 0x000007fefed4d000 	C:\Windows\system32\RPCRT4.dll
0x0000000076de0000 - 0x0000000076eda000 	C:\Windows\system32\USER32.dll
0x000007fefd070000 - 0x000007fefd0d7000 	C:\Windows\system32\GDI32.dll
0x000007fefeee0000 - 0x000007fefeeee000 	C:\Windows\system32\LPK.dll
0x000007fefe820000 - 0x000007fefe8ea000 	C:\Windows\system32\USP10.dll
0x000007fefbcd0000 - 0x000007fefbec4000 	C:\Windows\WinSxS\amd64_microsoft.windows.common-controls_6595b64144ccf1df_6.0.7601.17514_none_fa396087175ac9ac\COMCTL32.dll
0x000007fefeef0000 - 0x000007fefef61000 	C:\Windows\system32\SHLWAPI.dll
0x000007fefe7f0000 - 0x000007fefe81e000 	C:\Windows\system32\IMM32.DLL
0x000007fefd2f0000 - 0x000007fefd3f9000 	C:\Windows\system32\MSCTF.dll
0x0000000072280000 - 0x0000000072352000 	C:\Program Files\Java\jdk1.8.0_91\jre\bin\msvcr100.dll
0x000000006f8a0000 - 0x0000000070133000 	C:\Program Files\Java\jdk1.8.0_91\jre\bin\server\jvm.dll
0x000007fef1c80000 - 0x000007fef1c89000 	C:\Windows\system32\WSOCK32.dll
0x000007fefe8f0000 - 0x000007fefe93d000 	C:\Windows\system32\WS2_32.dll
0x000007fefd400000 - 0x000007fefd408000 	C:\Windows\system32\NSI.dll
0x000007fefac10000 - 0x000007fefac4b000 	C:\Windows\system32\WINMM.dll
0x000007fefb970000 - 0x000007fefb97c000 	C:\Windows\system32\VERSION.dll
0x00000000770b0000 - 0x00000000770b7000 	C:\Windows\system32\PSAPI.DLL
0x00000000744f0000 - 0x00000000744ff000 	C:\Program Files\Java\jdk1.8.0_91\jre\bin\verify.dll
0x00000000744c0000 - 0x00000000744e9000 	C:\Program Files\Java\jdk1.8.0_91\jre\bin\java.dll
0x00000000744a0000 - 0x00000000744b6000 	C:\Program Files\Java\jdk1.8.0_91\jre\bin\zip.dll
0x000007fefd9e0000 - 0x000007fefe768000 	C:\Windows\system32\SHELL32.dll
0x000007fefd0e0000 - 0x000007fefd2e3000 	C:\Windows\system32\ole32.dll
0x000007fefcc20000 - 0x000007fefcc2f000 	C:\Windows\system32\profapi.dll
0x0000000074480000 - 0x000000007449a000 	C:\Program Files\Java\jdk1.8.0_91\jre\bin\net.dll
0x000007fefc3f0000 - 0x000007fefc445000 	C:\Windows\system32\mswsock.dll
0x000007fefc3e0000 - 0x000007fefc3e7000 	C:\Windows\System32\wship6.dll
0x00000000740a0000 - 0x00000000740b1000 	C:\Program Files\Java\jdk1.8.0_91\jre\bin\nio.dll
0x000007fef7b00000 - 0x000007fef7b12000 	C:\Users\user\.gradle\native\19\windows-amd64\native-platform.dll
0x000007fefa8c0000 - 0x000007fefa8e7000 	C:\Windows\system32\IPHLPAPI.DLL
0x000007fefa8b0000 - 0x000007fefa8bb000 	C:\Windows\system32\WINNSI.DLL
0x000007fefa720000 - 0x000007fefa738000 	C:\Windows\system32\dhcpcsvc.DLL
0x000007fefa500000 - 0x000007fefa511000 	C:\Windows\system32\dhcpcsvc6.DLL
0x000007fefc450000 - 0x000007fefc468000 	C:\Windows\system32\CRYPTSP.dll
0x000007fefc150000 - 0x000007fefc197000 	C:\Windows\system32\rsaenh.dll
0x000007fefcd30000 - 0x000007fefcd4e000 	C:\Windows\system32\USERENV.dll
0x000007fefcab0000 - 0x000007fefcabf000 	C:\Windows\system32\CRYPTBASE.dll
0x000007fefca50000 - 0x000007fefcaa7000 	C:\Windows\system32\apphelp.dll
0x0000000073ea0000 - 0x0000000073ead000 	C:\Program Files\Java\jdk1.8.0_91\jre\bin\management.dll

VM Arguments:
jvm_args: -XX:MaxPermSize=128m -Xmx5124m -Dfile.encoding=windows-1256 -Duser.country=US -Duser.language=en -Duser.variant 
java_command: org.gradle.launcher.daemon.bootstrap.GradleDaemon 2.10
java_class_path (initial): E:\Program Files (x86)\Android\Android Studio\gradle\gradle-2.10\lib\gradle-launcher-2.10.jar
Launcher Type: SUN_STANDARD

Environment Variables:
PATH=C:\oracle\product\10.2.0\db_2\bin;C:\oracle\product\10.2.0\db_1\bin;C:\ProgramData\Oracle\Java\javapath;C:\Windows\System32;C:\Windows\SysWOW64;C:\opencv248\build\x86\vc10\bin;C:\Python27;C:\Program Files (x86)\CodeBlocks\MinGW\bin;E:\programs\Matlab\R2013a\bin;C:\Program Files\IVI Foundation\VISA\Win64\Bin\;C:\Program Files (x86)\IVI Foundation\VISA\WinNT\Bin\;C:\Program Files (x86)\IVI Foundation\VISA\WinNT\Bin;C:\Program Files (x86)\Tesseract-OCR;E:\User\AppData\Local\Android\sdk\tools\lib;E:\Program Files\Git\cmd;E:\User\AppData\Local\Android\sdk\platform-tools;C:\Program Files\Canopy\User;C:\Program Files\Canopy\User\Scripts
USERNAME=user
OS=Windows_NT
PROCESSOR_IDENTIFIER=Intel64 Family 6 Model 58 Stepping 9, GenuineIntel



---------------  S Y S T E M  ---------------

OS: Windows 7 , 64 bit Build 7601 (6.1.7601.23572)

CPU:total 4 (2 cores per cpu, 2 threads per core) family 6 model 58 stepping 9, cmov, cx8, fxsr, mmx, sse, sse2, sse3, ssse3, sse4.1, sse4.2, popcnt, avx, aes, clmul, erms, ht, tsc, tscinvbit, tscinv

Memory: 4k page, physical 4094316k(164204k free), swap 5601120k(5040k free)

vm_info: Java HotSpot(TM) 64-Bit Server VM (25.91-b15) for windows-amd64 JRE (1.8.0_91-b15), built on May 20 2016 17:43:15 by "java_re" with MS VC++ 10.0 (VS2010)

time: Thu Jun 22 10:48:46 2017
elapsed time: 27 seconds (0d 0h 0m 27s)

