#
# There is insufficient memory for the Java Runtime Environment to continue.
# Native memory allocation (malloc) failed to allocate 1648656 bytes for Chunk::new
# Possible reasons:
#   The system is out of physical RAM or swap space
#   In 32 bit mode, the process size limit was hit
# Possible solutions:
#   Reduce memory load on the system
#   Increase physical memory or swap space
#   Check if swap backing store is full
#   Use 64 bit Java on a 64 bit OS
#   Decrease Java heap size (-Xmx/-Xms)
#   Decrease number of Java threads
#   Decrease Java thread stack sizes (-Xss)
#   Set larger code cache with -XX:ReservedCodeCacheSize=
# This output file may be truncated or incomplete.
#
#  Out of Memory Error (allocation.cpp:390), pid=5460, tid=5500
#
# JRE version: Java(TM) SE Runtime Environment (8.0_91-b15) (build 1.8.0_91-b15)
# Java VM: Java HotSpot(TM) 64-Bit Server VM (25.91-b15 mixed mode windows-amd64 compressed oops)
# Failed to write core dump. Minidumps are not enabled by default on client versions of Windows
#

---------------  T H R E A D  ---------------

Current thread (0x0000000054d4b000):  JavaThread "C2 CompilerThread1" daemon [_thread_in_native, id=5500, stack(0x0000000056c70000,0x0000000056d70000)]

Stack: [0x0000000056c70000,0x0000000056d70000]
[error occurred during error reporting (printing stack bounds), id 0xc0000005]

Native frames: (J=compiled Java code, j=interpreted, Vv=VM code, C=native code)


Current CompileTask:
C2:   4803 1209   !   4       com.android.dx.cf.code.BytecodeArray::parseInstruction (2764 bytes)


---------------  P R O C E S S  ---------------

Java Threads: ( => current thread )
  0x0000000056269000 JavaThread "Service Thread" daemon [_thread_blocked, id=5244, stack(0x0000000056eb0000,0x0000000056fb0000)]
  0x0000000056265800 JavaThread "C1 CompilerThread2" daemon [_thread_blocked, id=6980, stack(0x0000000055d60000,0x0000000055e60000)]
=>0x0000000054d4b000 JavaThread "C2 CompilerThread1" daemon [_thread_in_native, id=5500, stack(0x0000000056c70000,0x0000000056d70000)]
  0x0000000056207800 JavaThread "C2 CompilerThread0" daemon [_thread_blocked, id=4888, stack(0x0000000056a90000,0x0000000056b90000)]
  0x0000000056202800 JavaThread "Attach Listener" daemon [_thread_blocked, id=3504, stack(0x00000000568e0000,0x00000000569e0000)]
  0x0000000054d3d800 JavaThread "Signal Dispatcher" daemon [_thread_blocked, id=5844, stack(0x00000000566e0000,0x00000000567e0000)]
  0x0000000054d29800 JavaThread "Finalizer" daemon [_thread_blocked, id=3480, stack(0x0000000056100000,0x0000000056200000)]
  0x0000000054ce2000 JavaThread "Reference Handler" daemon [_thread_blocked, id=1916, stack(0x0000000055ff0000,0x00000000560f0000)]
  0x0000000001d78000 JavaThread "main" [_thread_in_vm, id=6716, stack(0x0000000002240000,0x0000000002340000)]

Other Threads:
  0x0000000054cda800 VMThread [stack: 0x0000000055e60000,0x0000000055f60000] [id=6876]
  0x000000005626e000 WatcherThread [stack: 0x0000000057050000,0x0000000057150000] [id=2948]

VM state:not at safepoint (normal execution)

VM Mutex/Monitor currently owned by a thread: None

Heap:
 PSYoungGen      total 35328K, used 4492K [0x00000000eab00000, 0x00000000ed000000, 0x0000000100000000)
  eden space 32768K, 5% used [0x00000000eab00000,0x00000000eacea910,0x00000000ecb00000)
  from space 2560K, 98% used [0x00000000ecd80000,0x00000000ecff89c8,0x00000000ed000000)
  to   space 2560K, 0% used [0x00000000ecb00000,0x00000000ecb00000,0x00000000ecd80000)
 ParOldGen       total 44032K, used 2942K [0x00000000c0000000, 0x00000000c2b00000, 0x00000000eab00000)
  object space 44032K, 6% used [0x00000000c0000000,0x00000000c02df8f8,0x00000000c2b00000)
 Metaspace       used 5617K, capacity 6832K, committed 7040K, reserved 1056768K
  class space    used 559K, capacity 616K, committed 640K, reserved 1048576K

Card table byte_map: [0x00000000119d0000,0x0000000011be0000] byte_map_base: 0x00000000113d0000

Marking Bits: (ParMarkBitMap*) 0x00000000667f2f70
 Begin Bits: [0x0000000012150000, 0x0000000013150000)
 End Bits:   [0x0000000013150000, 0x0000000014150000)

Polling page: 0x0000000000110000

CodeCache: size=245760Kb used=4800Kb max_used=4814Kb free=240960Kb
 bounds [0x0000000002610000, 0x0000000002ad0000, 0x0000000011610000]
 total_blobs=1471 nmethods=1208 adapters=176
 compilation: enabled

Compilation events (10 events):
Event: 4.481 Thread 0x0000000056265800 1205       3       com.android.dx.dex.code.FixedSizeInsn::<init> (8 bytes)
Event: 4.481 Thread 0x0000000056265800 nmethod 1205 0x0000000002ab38d0 code [0x0000000002ab3a40, 0x0000000002ab3bc8]
Event: 4.481 Thread 0x0000000056265800 1206       3       java.util.TreeMap::values (27 bytes)
Event: 4.481 Thread 0x0000000056265800 nmethod 1206 0x0000000002ab32d0 code [0x0000000002ab3440, 0x0000000002ab3790]
Event: 4.481 Thread 0x0000000056265800 1208       3       com.android.dx.cf.code.LocalVariableList::itemToLocal (47 bytes)
Event: 4.482 Thread 0x0000000056265800 nmethod 1208 0x0000000002aafb50 code [0x0000000002aafd00, 0x0000000002ab0278]
Event: 4.482 Thread 0x0000000056265800 1207       3       com.android.dx.cf.code.LocalVariableList::get (9 bytes)
Event: 4.482 Thread 0x0000000056265800 nmethod 1207 0x0000000002aaf650 code [0x0000000002aaf7c0, 0x0000000002aafaa8]
Event: 4.482 Thread 0x0000000054d4b000 1209   !   4       com.android.dx.cf.code.BytecodeArray::parseInstruction (2764 bytes)
Event: 4.499 Thread 0x0000000056207800 nmethod 1204 0x0000000002ac87d0 code [0x0000000002ac8a00, 0x0000000002ac9688]

GC Heap History (4 events):
Event: 2.360 GC heap before
{Heap before GC invocations=1 (full 0):
 PSYoungGen      total 18944K, used 16384K [0x00000000eab00000, 0x00000000ec000000, 0x0000000100000000)
  eden space 16384K, 100% used [0x00000000eab00000,0x00000000ebb00000,0x00000000ebb00000)
  from space 2560K, 0% used [0x00000000ebd80000,0x00000000ebd80000,0x00000000ec000000)
  to   space 2560K, 0% used [0x00000000ebb00000,0x00000000ebb00000,0x00000000ebd80000)
 ParOldGen       total 44032K, used 0K [0x00000000c0000000, 0x00000000c2b00000, 0x00000000eab00000)
  object space 44032K, 0% used [0x00000000c0000000,0x00000000c0000000,0x00000000c2b00000)
 Metaspace       used 5525K, capacity 6768K, committed 7040K, reserved 1056768K
  class space    used 558K, capacity 616K, committed 640K, reserved 1048576K
Event: 2.787 GC heap after
Heap after GC invocations=1 (full 0):
 PSYoungGen      total 18944K, used 2554K [0x00000000eab00000, 0x00000000ed000000, 0x0000000100000000)
  eden space 16384K, 0% used [0x00000000eab00000,0x00000000eab00000,0x00000000ebb00000)
  from space 2560K, 99% used [0x00000000ebb00000,0x00000000ebd7eab8,0x00000000ebd80000)
  to   space 2560K, 0% used [0x00000000ecd80000,0x00000000ecd80000,0x00000000ed000000)
 ParOldGen       total 44032K, used 1507K [0x00000000c0000000, 0x00000000c2b00000, 0x00000000eab00000)
  object space 44032K, 3% used [0x00000000c0000000,0x00000000c0178e18,0x00000000c2b00000)
 Metaspace       used 5525K, capacity 6768K, committed 7040K, reserved 1056768K
  class space    used 558K, capacity 616K, committed 640K, reserved 1048576K
}
Event: 4.051 GC heap before
{Heap before GC invocations=2 (full 0):
 PSYoungGen      total 18944K, used 18938K [0x00000000eab00000, 0x00000000ed000000, 0x0000000100000000)
  eden space 16384K, 100% used [0x00000000eab00000,0x00000000ebb00000,0x00000000ebb00000)
  from space 2560K, 99% used [0x00000000ebb00000,0x00000000ebd7eab8,0x00000000ebd80000)
  to   space 2560K, 0% used [0x00000000ecd80000,0x00000000ecd80000,0x00000000ed000000)
 ParOldGen       total 44032K, used 1507K [0x00000000c0000000, 0x00000000c2b00000, 0x00000000eab00000)
  object space 44032K, 3% used [0x00000000c0000000,0x00000000c0178e18,0x00000000c2b00000)
 Metaspace       used 5610K, capacity 6832K, committed 7040K, reserved 1056768K
  class space    used 558K, capacity 616K, committed 640K, reserved 1048576K
Event: 4.261 GC heap after
Heap after GC invocations=2 (full 0):
 PSYoungGen      total 35328K, used 2530K [0x00000000eab00000, 0x00000000ed000000, 0x0000000100000000)
  eden space 32768K, 0% used [0x00000000eab00000,0x00000000eab00000,0x00000000ecb00000)
  from space 2560K, 98% used [0x00000000ecd80000,0x00000000ecff89c8,0x00000000ed000000)
  to   space 2560K, 0% used [0x00000000ecb00000,0x00000000ecb00000,0x00000000ecd80000)
 ParOldGen       total 44032K, used 2942K [0x00000000c0000000, 0x00000000c2b00000, 0x00000000eab00000)
  object space 44032K, 6% used [0x00000000c0000000,0x00000000c02df8f8,0x00000000c2b00000)
 Metaspace       used 5610K, capacity 6832K, committed 7040K, reserved 1056768K
  class space    used 558K, capacity 616K, committed 640K, reserved 1048576K
}

Deoptimization events (10 events):
Event: 3.968 Thread 0x0000000001d78000 Uncommon trap: reason=bimorphic action=maybe_recompile pc=0x0000000002a2a4e0 method=com.android.dx.cf.code.Merger.mergeType(Lcom/android/dx/rop/type/TypeBearer;Lcom/android/dx/rop/type/TypeBearer;)Lcom/android/dx/rop/type/TypeBearer; @ 21
Event: 4.032 Thread 0x0000000001d78000 Uncommon trap: reason=bimorphic action=maybe_recompile pc=0x0000000002a2a4e0 method=com.android.dx.cf.code.Merger.mergeType(Lcom/android/dx/rop/type/TypeBearer;Lcom/android/dx/rop/type/TypeBearer;)Lcom/android/dx/rop/type/TypeBearer; @ 21
Event: 4.034 Thread 0x0000000001d78000 Uncommon trap: reason=bimorphic action=maybe_recompile pc=0x0000000002a2a4e0 method=com.android.dx.cf.code.Merger.mergeType(Lcom/android/dx/rop/type/TypeBearer;Lcom/android/dx/rop/type/TypeBearer;)Lcom/android/dx/rop/type/TypeBearer; @ 21
Event: 4.042 Thread 0x0000000001d78000 Uncommon trap: reason=bimorphic action=maybe_recompile pc=0x0000000002a2a4e0 method=com.android.dx.cf.code.Merger.mergeType(Lcom/android/dx/rop/type/TypeBearer;Lcom/android/dx/rop/type/TypeBearer;)Lcom/android/dx/rop/type/TypeBearer; @ 21
Event: 4.454 Thread 0x0000000001d78000 Uncommon trap: reason=bimorphic action=maybe_recompile pc=0x00000000029ff698 method=com.android.dx.ssa.SCCP.setLatticeValueTo(IILcom/android/dx/rop/cst/Constant;)Z @ 43
Event: 4.455 Thread 0x0000000001d78000 Uncommon trap: reason=bimorphic action=maybe_recompile pc=0x00000000029ff698 method=com.android.dx.ssa.SCCP.setLatticeValueTo(IILcom/android/dx/rop/cst/Constant;)Z @ 43
Event: 4.455 Thread 0x0000000001d78000 Uncommon trap: reason=bimorphic action=maybe_recompile pc=0x0000000002883df4 method=java.util.HashMap.getNode(ILjava/lang/Object;)Ljava/util/HashMap$Node; @ 126
Event: 4.455 Thread 0x0000000001d78000 Uncommon trap: reason=class_check action=maybe_recompile pc=0x00000000029b52e4 method=java.util.HashMap.putVal(ILjava/lang/Object;Ljava/lang/Object;ZZ)Ljava/lang/Object; @ 203
Event: 4.468 Thread 0x0000000001d78000 Uncommon trap: reason=bimorphic action=maybe_recompile pc=0x00000000029ff698 method=com.android.dx.ssa.SCCP.setLatticeValueTo(IILcom/android/dx/rop/cst/Constant;)Z @ 43
Event: 4.469 Thread 0x0000000001d78000 Uncommon trap: reason=bimorphic action=maybe_recompile pc=0x00000000029ff698 method=com.android.dx.ssa.SCCP.setLatticeValueTo(IILcom/android/dx/rop/cst/Constant;)Z @ 43

Internal exceptions (2 events):
Event: 0.059 Thread 0x0000000001d78000 Exception <a 'java/lang/NoSuchMethodError': Method sun.misc.Unsafe.defineClass(Ljava/lang/String;[BII)Ljava/lang/Class; name or signature does not match> (0x00000000eab07cc0) thrown at [C:\re\workspace\8-2-build-windows-amd64-cygwin\jdk8u91\7017\hotspot\srØªLÌ3l®?
Event: 0.059 Thread 0x0000000001d78000 Exception <a 'java/lang/NoSuchMethodError': Method sun.misc.Unsafe.prefetchRead(Ljava/lang/Object;J)V name or signature does not match> (0x00000000eab07fa8) thrown at [C:\re\workspace\8-2-build-windows-amd64-cygwin\jdk8u91\7017\hotspot\src\share\vm\prims\j

Events (10 events):
Event: 4.455 Thread 0x0000000001d78000 DEOPT PACKING pc=0x00000000029b52e4 sp=0x000000000233eaa0
Event: 4.455 Thread 0x0000000001d78000 DEOPT UNPACKING pc=0x000000000265582a sp=0x000000000233e9c8 mode 2
Event: 4.468 Thread 0x0000000001d78000 Uncommon trap: trap_request=0xffffffc6 fr.pc=0x00000000029ff698
Event: 4.468 Thread 0x0000000001d78000 DEOPT PACKING pc=0x00000000029ff698 sp=0x000000000233eaa0
Event: 4.468 Thread 0x0000000001d78000 DEOPT UNPACKING pc=0x000000000265582a sp=0x000000000233e9e8 mode 2
Event: 4.469 Thread 0x0000000001d78000 Uncommon trap: trap_request=0xffffffc6 fr.pc=0x00000000029ff698
Event: 4.469 Thread 0x0000000001d78000 DEOPT PACKING pc=0x00000000029ff698 sp=0x000000000233eaf0
Event: 4.469 Thread 0x0000000001d78000 DEOPT UNPACKING pc=0x000000000265582a sp=0x000000000233ea48 mode 2
Event: 4.481 loading class com/android/dx/cf/code/BytecodeArray$ConstantParserVisitor
Event: 4.481 loading class com/android/dx/cf/code/BytecodeArray$ConstantParserVisitor done


Dynamic libraries:
0x000000013f940000 - 0x000000013f977000 	C:\Program Files\Java\jdk1.8.0_91\bin\java.exe
0x0000000076f00000 - 0x00000000770a9000 	C:\Windows\SYSTEM32\ntdll.dll
0x0000000076ce0000 - 0x0000000076dff000 	C:\Windows\system32\kernel32.dll
0x000007fefcce0000 - 0x000007fefcd4b000 	C:\Windows\system32\KERNELBASE.dll
0x000007fefe710000 - 0x000007fefe7eb000 	C:\Windows\system32\ADVAPI32.dll
0x000007fefe3a0000 - 0x000007fefe43f000 	C:\Windows\system32\msvcrt.dll
0x000007fefe2e0000 - 0x000007fefe2ff000 	C:\Windows\SYSTEM32\sechost.dll
0x000007fefe560000 - 0x000007fefe68d000 	C:\Windows\system32\RPCRT4.dll
0x0000000076e00000 - 0x0000000076efa000 	C:\Windows\system32\USER32.dll
0x000007feff1a0000 - 0x000007feff207000 	C:\Windows\system32\GDI32.dll
0x000007fefe440000 - 0x000007fefe44e000 	C:\Windows\system32\LPK.dll
0x000007fefed80000 - 0x000007fefee49000 	C:\Windows\system32\USP10.dll
0x000007fefbd70000 - 0x000007fefbf64000 	C:\Windows\WinSxS\amd64_microsoft.windows.common-controls_6595b64144ccf1df_6.0.7601.17514_none_fa396087175ac9ac\COMCTL32.dll
0x000007fefe690000 - 0x000007fefe701000 	C:\Windows\system32\SHLWAPI.dll
0x000007fefee50000 - 0x000007fefee7e000 	C:\Windows\system32\IMM32.DLL
0x000007fefe450000 - 0x000007fefe559000 	C:\Windows\system32\MSCTF.dll
0x000000006a3a0000 - 0x000000006a472000 	C:\Program Files\Java\jdk1.8.0_91\jre\bin\msvcr100.dll
0x0000000065fe0000 - 0x0000000066873000 	C:\Program Files\Java\jdk1.8.0_91\jre\bin\server\jvm.dll
0x000007fef8760000 - 0x000007fef8769000 	C:\Windows\system32\WSOCK32.dll
0x000007fefe8d0000 - 0x000007fefe91d000 	C:\Windows\system32\WS2_32.dll
0x000007feff090000 - 0x000007feff098000 	C:\Windows\system32\NSI.dll
0x000007fefaaa0000 - 0x000007fefaadb000 	C:\Windows\system32\WINMM.dll
0x000007fefba10000 - 0x000007fefba1c000 	C:\Windows\system32\VERSION.dll
0x00000000770d0000 - 0x00000000770d7000 	C:\Windows\system32\PSAPI.DLL
0x000000006c190000 - 0x000000006c19f000 	C:\Program Files\Java\jdk1.8.0_91\jre\bin\verify.dll
0x000000006c160000 - 0x000000006c189000 	C:\Program Files\Java\jdk1.8.0_91\jre\bin\java.dll
0x000000006c140000 - 0x000000006c156000 	C:\Program Files\Java\jdk1.8.0_91\jre\bin\zip.dll
0x000007fefd550000 - 0x000007fefe2d8000 	C:\Windows\system32\SHELL32.dll
0x000007fefee80000 - 0x000007feff083000 	C:\Windows\system32\ole32.dll
0x000007fefccb0000 - 0x000007fefccbf000 	C:\Windows\system32\profapi.dll

VM Arguments:
jvm_args: -Djava.awt.headless=true -Xmx1024M -Dfile.encoding=windows-1256 -Duser.country=US -Duser.language=en -Duser.variant 
java_command: com.android.dx.command.Main --dex --force-jumbo --output E:\User\AndroidStudioProjects\Sunshine-Version-2\app\build\intermediates\pre-dexed\debug\instant-run_bdad2f8fe3a1ff2c2b373d24a9d7be698eab1c3f.jar E:\User\AndroidStudioProjects\Sunshine-Version-2\app\build\intermediates\incremental-runtime-classes\debug\instant-run.jar
java_class_path (initial): E:\User\AppData\Local\Android\sdk\build-tools\21.1.2\lib\dx.jar
Launcher Type: SUN_STANDARD

Environment Variables:
PATH=C:\oracle\product\10.2.0\db_2\bin;C:\oracle\product\10.2.0\db_1\bin;C:\ProgramData\Oracle\Java\javapath;C:\Windows\System32;C:\Windows\SysWOW64;C:\opencv248\build\x86\vc10\bin;C:\Python27;C:\Program Files (x86)\CodeBlocks\MinGW\bin;E:\programs\Matlab\R2013a\bin;C:\Program Files\IVI Foundation\VISA\Win64\Bin\;C:\Program Files (x86)\IVI Foundation\VISA\WinNT\Bin\;C:\Program Files (x86)\IVI Foundation\VISA\WinNT\Bin;C:\Program Files (x86)\Tesseract-OCR;E:\User\AppData\Local\Android\sdk\tools\lib;E:\Program Files\Git\cmd;E:\User\AppData\Local\Android\sdk\platform-tools;C:\Program Files\Canopy\User;C:\Program Files\Canopy\User\Scripts
USERNAME=user
OS=Windows_NT
PROCESSOR_IDENTIFIER=Intel64 Family 6 Model 58 Stepping 9, GenuineIntel



---------------  S Y S T E M  ---------------

OS: Windows 7 , 64 bit Build 7601 (6.1.7601.18015)

CPU:total 4 (2 cores per cpu, 2 threads per core) family 6 model 58 stepping 9, cmov, cx8, fxsr, mmx, sse, sse2, sse3, ssse3, sse4.1, sse4.2, popcnt, avx, aes, clmul, erms, ht, tsc, tscinvbit, tscinv

Memory: 4k page, physical 4094316k(230640k free), swap 5628452k(6344k free)

vm_info: Java HotSpot(TM) 64-Bit Server VM (25.91-b15) for windows-amd64 JRE (1.8.0_91-b15), built on May 20 2016 17:43:15 by "java_re" with MS VC++ 10.0 (VS2010)

time: Thu Aug 04 21:01:56 2016
elapsed time: 4 seconds (0d 0h 0m 4s)

