# There is insufficient memory for the Java Runtime Environment to continue.
# Native memory allocation (malloc) failed to allocate 1193776 bytes for Chunk::new
# Possible reasons:
#   The system is out of physical RAM or swap space
#   In 32 bit mode, the process size limit was hit
# Possible solutions:
#   Reduce memory load on the system
#   Increase physical memory or swap space
#   Check if swap backing store is full
#   Use 64 bit Java on a 64 bit OS
#   Decrease Java heap size (-Xmx/-Xms)
#   Decrease number of Java threads
#   Decrease Java thread stack sizes (-Xss)
#   Set larger code cache with -XX:ReservedCodeCacheSize=
# This output file may be truncated or incomplete.
#
#  Out of Memory Error (allocation.cpp:390), pid=2748, tid=5772
#
# JRE version: Java(TM) SE Runtime Environment (8.0_91-b15) (build 1.8.0_91-b15)
# Java VM: Java HotSpot(TM) 64-Bit Server VM (25.91-b15 mixed mode windows-amd64 compressed oops)
# Failed to write core dump. Minidumps are not enabled by default on client versions of Windows
#

---------------  T H R E A D  ---------------

Current thread (0x00000000560b4800):  JavaThread "C2 CompilerThread0" daemon [_thread_in_native, id=5772, stack(0x0000000056860000,0x0000000056960000)]

Stack: [0x0000000056860000,0x0000000056960000]
[error occurred during error reporting (printing stack bounds), id 0xc0000005]

Native frames: (J=compiled Java code, j=interpreted, Vv=VM code, C=native code)


Current CompileTask:
C2:   4728 1574       4       com.android.dx.ssa.SsaRenamer$BlockRenamer::process (191 bytes)


---------------  P R O C E S S  ---------------

Java Threads: ( => current thread )
  0x0000000056127800 JavaThread "Service Thread" daemon [_thread_blocked, id=4240, stack(0x0000000056c30000,0x0000000056d30000)]
  0x00000000560fb800 JavaThread "C1 CompilerThread2" daemon [_thread_blocked, id=264, stack(0x0000000056b20000,0x0000000056c20000)]
  0x00000000560d2800 JavaThread "C2 CompilerThread1" daemon [_thread_in_native, id=3600, stack(0x00000000569c0000,0x0000000056ac0000)]
=>0x00000000560b4800 JavaThread "C2 CompilerThread0" daemon [_thread_in_native, id=5772, stack(0x0000000056860000,0x0000000056960000)]
  0x0000000054c7e000 JavaThread "Attach Listener" daemon [_thread_blocked, id=2508, stack(0x0000000055e30000,0x0000000055f30000)]
  0x0000000054c8f000 JavaThread "Signal Dispatcher" daemon [_thread_blocked, id=6164, stack(0x00000000565d0000,0x00000000566d0000)]
  0x0000000054c69800 JavaThread "Finalizer" daemon [_thread_blocked, id=6440, stack(0x0000000055fb0000,0x00000000560b0000)]
  0x0000000054c22000 JavaThread "Reference Handler" daemon [_thread_blocked, id=4652, stack(0x0000000055b70000,0x0000000055c70000)]
  0x0000000001e58000 JavaThread "main" [_thread_in_vm, id=496, stack(0x0000000002130000,0x0000000002230000)]

Other Threads:
  0x0000000054c1a800 VMThread [stack: 0x0000000055d10000,0x0000000055e10000] [id=6128]
  0x0000000056134800 WatcherThread [stack: 0x0000000056700000,0x0000000056800000] [id=5496]

VM state:not at safepoint (normal execution)

VM Mutex/Monitor currently owned by a thread: None

Heap:
 PSYoungGen      total 35328K, used 26122K [0x00000000eab00000, 0x00000000ed000000, 0x0000000100000000)
  eden space 32768K, 71% used [0x00000000eab00000,0x00000000ec205480,0x00000000ecb00000)
  from space 2560K, 99% used [0x00000000ecb00000,0x00000000ecd7d468,0x00000000ecd80000)
  to   space 2560K, 0% used [0x00000000ecd80000,0x00000000ecd80000,0x00000000ed000000)
 ParOldGen       total 44032K, used 8638K [0x00000000c0000000, 0x00000000c2b00000, 0x00000000eab00000)
  object space 44032K, 19% used [0x00000000c0000000,0x00000000c086f860,0x00000000c2b00000)
 Metaspace       used 6038K, capacity 7088K, committed 7296K, reserved 1056768K
  class space    used 585K, capacity 616K, committed 640K, reserved 1048576K

Card table byte_map: [0x00000000118c0000,0x0000000011ad0000] byte_map_base: 0x00000000112c0000

Marking Bits: (ParMarkBitMap*) 0x000000006d642f70
 Begin Bits: [0x0000000012090000, 0x0000000013090000)
 End Bits:   [0x0000000013090000, 0x0000000014090000)

Polling page: 0x0000000000210000

CodeCache: size=245760Kb used=6517Kb max_used=6517Kb free=239242Kb
 bounds [0x0000000002500000, 0x0000000002b70000, 0x0000000011500000]
 total_blobs=1845 nmethods=1582 adapters=176
 compilation: enabled

Compilation events (10 events):
Event: 4.583 Thread 0x00000000560fb800 1596       2       com.android.dx.dex.file.DexFile::internIfAppropriate (128 bytes)
Event: 4.584 Thread 0x00000000560fb800 nmethod 1596 0x0000000002b58f50 code [0x0000000002b59140, 0x0000000002b597d8]
Event: 4.587 Thread 0x00000000560fb800 1597       2       com.android.dx.cf.attrib.InnerClassList::set (19 bytes)
Event: 4.588 Thread 0x00000000560fb800 nmethod 1597 0x0000000002b5edd0 code [0x0000000002b5ef80, 0x0000000002b5f458]
Event: 4.588 Thread 0x00000000560fb800 1598       2       com.android.dx.cf.attrib.InnerClassList::get (9 bytes)
Event: 4.588 Thread 0x00000000560fb800 nmethod 1598 0x0000000002b58b90 code [0x0000000002b58d00, 0x0000000002b58ea8]
Event: 4.592 Thread 0x00000000560fb800 1599       2       com.android.dx.rop.type.Type::asUninitialized (140 bytes)
Event: 4.593 Thread 0x00000000560fb800 nmethod 1599 0x0000000002b5f990 code [0x0000000002b5fc00, 0x0000000002b60698]
Event: 4.593 Thread 0x00000000560fb800 1600       2       com.android.dx.cf.code.ExecutionStack::makeInitialized (51 bytes)
Event: 4.594 Thread 0x00000000560fb800 nmethod 1600 0x0000000002b60dd0 code [0x0000000002b60f60, 0x0000000002b612d8]

GC Heap History (6 events):
Event: 1.721 GC heap before
{Heap before GC invocations=1 (full 0):
 PSYoungGen      total 18944K, used 16384K [0x00000000eab00000, 0x00000000ec000000, 0x0000000100000000)
  eden space 16384K, 100% used [0x00000000eab00000,0x00000000ebb00000,0x00000000ebb00000)
  from space 2560K, 0% used [0x00000000ebd80000,0x00000000ebd80000,0x00000000ec000000)
  to   space 2560K, 0% used [0x00000000ebb00000,0x00000000ebb00000,0x00000000ebd80000)
 ParOldGen       total 44032K, used 0K [0x00000000c0000000, 0x00000000c2b00000, 0x00000000eab00000)
  object space 44032K, 0% used [0x00000000c0000000,0x00000000c0000000,0x00000000c2b00000)
 Metaspace       used 5547K, capacity 6768K, committed 7040K, reserved 1056768K
  class space    used 559K, capacity 616K, committed 640K, reserved 1048576K
Event: 1.931 GC heap after
Heap after GC invocations=1 (full 0):
 PSYoungGen      total 18944K, used 2535K [0x00000000eab00000, 0x00000000ed000000, 0x0000000100000000)
  eden space 16384K, 0% used [0x00000000eab00000,0x00000000eab00000,0x00000000ebb00000)
  from space 2560K, 99% used [0x00000000ebb00000,0x00000000ebd79c88,0x00000000ebd80000)
  to   space 2560K, 0% used [0x00000000ecd80000,0x00000000ecd80000,0x00000000ed000000)
 ParOldGen       total 44032K, used 1575K [0x00000000c0000000, 0x00000000c2b00000, 0x00000000eab00000)
  object space 44032K, 3% used [0x00000000c0000000,0x00000000c0189c50,0x00000000c2b00000)
 Metaspace       used 5547K, capacity 6768K, committed 7040K, reserved 1056768K
  class space    used 559K, capacity 616K, committed 640K, reserved 1048576K
}
Event: 3.070 GC heap before
{Heap before GC invocations=2 (full 0):
 PSYoungGen      total 18944K, used 18919K [0x00000000eab00000, 0x00000000ed000000, 0x0000000100000000)
  eden space 16384K, 100% used [0x00000000eab00000,0x00000000ebb00000,0x00000000ebb00000)
  from space 2560K, 99% used [0x00000000ebb00000,0x00000000ebd79c88,0x00000000ebd80000)
  to   space 2560K, 0% used [0x00000000ecd80000,0x00000000ecd80000,0x00000000ed000000)
 ParOldGen       total 44032K, used 1575K [0x00000000c0000000, 0x00000000c2b00000, 0x00000000eab00000)
  object space 44032K, 3% used [0x00000000c0000000,0x00000000c0189c50,0x00000000c2b00000)
 Metaspace       used 5848K, capacity 7024K, committed 7296K, reserved 1056768K
  class space    used 562K, capacity 616K, committed 640K, reserved 1048576K
Event: 3.153 GC heap after
Heap after GC invocations=2 (full 0):
 PSYoungGen      total 35328K, used 2528K [0x00000000eab00000, 0x00000000ed000000, 0x0000000100000000)
  eden space 32768K, 0% used [0x00000000eab00000,0x00000000eab00000,0x00000000ecb00000)
  from space 2560K, 98% used [0x00000000ecd80000,0x00000000ecff8028,0x00000000ed000000)
  to   space 2560K, 0% used [0x00000000ecb00000,0x00000000ecb00000,0x00000000ecd80000)
 ParOldGen       total 44032K, used 3976K [0x00000000c0000000, 0x00000000c2b00000, 0x00000000eab00000)
  object space 44032K, 9% used [0x00000000c0000000,0x00000000c03e23c8,0x00000000c2b00000)
 Metaspace       used 5848K, capacity 7024K, committed 7296K, reserved 1056768K
  class space    used 562K, capacity 616K, committed 640K, reserved 1048576K
}
Event: 3.700 GC heap before
{Heap before GC invocations=3 (full 0):
 PSYoungGen      total 35328K, used 35296K [0x00000000eab00000, 0x00000000ed000000, 0x0000000100000000)
  eden space 32768K, 100% used [0x00000000eab00000,0x00000000ecb00000,0x00000000ecb00000)
  from space 2560K, 98% used [0x00000000ecd80000,0x00000000ecff8028,0x00000000ed000000)
  to   space 2560K, 0% used [0x00000000ecb00000,0x00000000ecb00000,0x00000000ecd80000)
 ParOldGen       total 44032K, used 3976K [0x00000000c0000000, 0x00000000c2b00000, 0x00000000eab00000)
  object space 44032K, 9% used [0x00000000c0000000,0x00000000c03e23c8,0x00000000c2b00000)
 Metaspace       used 6021K, capacity 7088K, committed 7296K, reserved 1056768K
  class space    used 585K, capacity 616K, committed 640K, reserved 1048576K
Event: 3.749 GC heap after
Heap after GC invocations=3 (full 0):
 PSYoungGen      total 35328K, used 2549K [0x00000000eab00000, 0x00000000ed000000, 0x0000000100000000)
  eden space 32768K, 0% used [0x00000000eab00000,0x00000000eab00000,0x00000000ecb00000)
  from space 2560K, 99% used [0x00000000ecb00000,0x00000000ecd7d468,0x00000000ecd80000)
  to   space 2560K, 0% used [0x00000000ecd80000,0x00000000ecd80000,0x00000000ed000000)
 ParOldGen       total 44032K, used 8638K [0x00000000c0000000, 0x00000000c2b00000, 0x00000000eab00000)
  object space 44032K, 19% used [0x00000000c0000000,0x00000000c086f860,0x00000000c2b00000)
 Metaspace       used 6021K, capacity 7088K, committed 7296K, reserved 1056768K
  class space    used 585K, capacity 616K, committed 640K, reserved 1048576K
}

Deoptimization events (10 events):
Event: 3.223 Thread 0x0000000001e58000 Uncommon trap: reason=unstable_if action=reinterpret pc=0x000000000288d9f8 method=java.util.HashMap.putVal(ILjava/lang/Object;Ljava/lang/Object;ZZ)Ljava/lang/Object; @ 162
Event: 3.344 Thread 0x0000000001e58000 Uncommon trap: reason=unstable_if action=reinterpret pc=0x0000000002a306b0 method=java.util.HashMap.getNode(ILjava/lang/Object;)Ljava/util/HashMap$Node; @ 84
Event: 3.381 Thread 0x0000000001e58000 Uncommon trap: reason=unstable_if action=reinterpret pc=0x0000000002987e28 method=com.android.dx.cf.code.Ropper.labelToResultIndex(I)I @ 34
Event: 3.382 Thread 0x0000000001e58000 Uncommon trap: reason=unstable_if action=reinterpret pc=0x00000000028aaa70 method=com.android.dx.rop.code.RegisterSpec.equals(ILcom/android/dx/rop/type/TypeBearer;Lcom/android/dx/rop/code/LocalItem;)Z @ 16
Event: 3.412 Thread 0x0000000001e58000 Uncommon trap: reason=unstable_if action=reinterpret pc=0x00000000028829fc method=java.util.HashMap.putVal(ILjava/lang/Object;Ljava/lang/Object;ZZ)Ljava/lang/Object; @ 162
Event: 3.415 Thread 0x0000000001e58000 Uncommon trap: reason=unstable_if action=reinterpret pc=0x0000000002a83360 method=com.android.dx.ssa.LiteralOpUpgrader$1.visitNonMoveInsn(Lcom/android/dx/ssa/NormalSsaInsn;)V @ 55
Event: 3.416 Thread 0x0000000001e58000 Uncommon trap: reason=unstable_if action=reinterpret pc=0x00000000029297cc method=com.android.dx.ssa.SsaMethod.updateOneDefinition(Lcom/android/dx/ssa/SsaInsn;Lcom/android/dx/rop/code/RegisterSpec;)V @ 4
Event: 3.442 Thread 0x0000000001e58000 Uncommon trap: reason=unstable_if action=reinterpret pc=0x00000000029ccc94 method=java.util.HashMap.putVal(ILjava/lang/Object;Ljava/lang/Object;ZZ)Ljava/lang/Object; @ 162
Event: 3.503 Thread 0x0000000001e58000 Uncommon trap: reason=unstable_if action=reinterpret pc=0x000000000293beec method=com.android.dx.util.IntList.binarysearch(I)I @ 105
Event: 4.301 Thread 0x0000000001e58000 Uncommon trap: reason=unstable_if action=reinterpret pc=0x0000000002a6b2b4 method=java.util.HashMap.putVal(ILjava/lang/Object;Ljava/lang/Object;ZZ)Ljava/lang/Object; @ 109

Internal exceptions (7 events):
Event: 0.056 Thread 0x0000000001e58000 Exception <a 'java/lang/NoSuchMethodError': Method sun.misc.Unsafe.defineClass(Ljava/lang/String;[BII)Ljava/lang/Class; name or signature does not match> (0x00000000eab07cc0) thrown at [C:\re\workspace\8-2-build-windows-amd64-cygwin\jdk8u91\7017\hotspot\srZI”â¬?
Event: 0.056 Thread 0x0000000001e58000 Exception <a 'java/lang/NoSuchMethodError': Method sun.misc.Unsafe.prefetchRead(Ljava/lang/Object;J)V name or signature does not match> (0x00000000eab07fa8) thrown at [C:\re\workspace\8-2-build-windows-amd64-cygwin\jdk8u91\7017\hotspot\src\share\vm\prims\j±S)’†@
Event: 2.759 Thread 0x0000000001e58000 Implicit null exception at 0x00000000028d5cd2 to 0x00000000028d5dc2
Event: 2.943 Thread 0x0000000001e58000 Implicit null exception at 0x0000000002788ed3 to 0x000000000278a491
Event: 3.224 Thread 0x0000000001e58000 Exception <a 'java/lang/ArrayIndexOutOfBoundsException': 18> (0x00000000eb08f050) thrown at [C:\re\workspace\8-2-build-windows-amd64-cygwin\jdk8u91\7017\hotspot\src\share\vm\interpreter\interpreterRuntime.cpp, line 366]
Event: 3.225 Thread 0x0000000001e58000 Exception <a 'java/lang/ArrayIndexOutOfBoundsException': 145> (0x00000000eb090bd0) thrown at [C:\re\workspace\8-2-build-windows-amd64-cygwin\jdk8u91\7017\hotspot\src\share\vm\interpreter\interpreterRuntime.cpp, line 366]
Event: 3.343 Thread 0x0000000001e58000 Exception <a 'java/lang/ArrayIndexOutOfBoundsException'> (0x00000000eb091eb8) thrown at [C:\re\workspace\8-2-build-windows-amd64-cygwin\jdk8u91\7017\hotspot\src\share\vm\runtime\sharedRuntime.cpp, line 605]

Events (10 events):
Event: 3.589 loading class com/android/dx/cf/attrib/AttExceptions done
Event: 3.699 loading class com/android/dx/cf/attrib/AttRuntimeVisibleAnnotations
Event: 3.699 loading class com/android/dx/cf/attrib/AttRuntimeVisibleAnnotations done
Event: 3.700 Executing VM operation: ParallelGCFailedAllocation
Event: 3.749 Executing VM operation: ParallelGCFailedAllocation done
Event: 4.301 Thread 0x0000000001e58000 Uncommon trap: trap_request=0xffffff65 fr.pc=0x0000000002a6b2b4
Event: 4.301 Thread 0x0000000001e58000 DEOPT PACKING pc=0x0000000002a6b2b4 sp=0x000000000222e9e0
Event: 4.301 Thread 0x0000000001e58000 DEOPT UNPACKING pc=0x000000000254582a sp=0x000000000222e8f8 mode 2
Event: 4.396 Executing VM operation: EnableBiasedLocking
Event: 4.437 Executing VM operation: EnableBiasedLocking done


Dynamic libraries:
0x000000013fb30000 - 0x000000013fb67000 	C:\Program Files\Java\jdk1.8.0_91\bin\java.exe
0x0000000077690000 - 0x000000007783a000 	C:\Windows\SYSTEM32\ntdll.dll
0x0000000077470000 - 0x000000007758f000 	C:\Windows\system32\kernel32.dll
0x000007fefd3e0000 - 0x000007fefd44a000 	C:\Windows\system32\KERNELBASE.dll
0x000007feff6d0000 - 0x000007feff7ab000 	C:\Windows\system32\ADVAPI32.dll
0x000007feff900000 - 0x000007feff99f000 	C:\Windows\system32\msvcrt.dll
0x000007feff340000 - 0x000007feff35f000 	C:\Windows\SYSTEM32\sechost.dll
0x000007fefec60000 - 0x000007fefed8d000 	C:\Windows\system32\RPCRT4.dll
0x0000000077590000 - 0x000000007768a000 	C:\Windows\system32\USER32.dll
0x000007fefed90000 - 0x000007fefedf7000 	C:\Windows\system32\GDI32.dll
0x000007fefd960000 - 0x000007fefd96e000 	C:\Windows\system32\LPK.dll
0x000007fefd890000 - 0x000007fefd95a000 	C:\Windows\system32\USP10.dll
0x000007fefc430000 - 0x000007fefc624000 	C:\Windows\WinSxS\amd64_microsoft.windows.common-controls_6595b64144ccf1df_6.0.7601.17514_none_fa396087175ac9ac\COMCTL32.dll
0x000007fefef80000 - 0x000007fefeff1000 	C:\Windows\system32\SHLWAPI.dll
0x000007fefe700000 - 0x000007fefe72e000 	C:\Windows\system32\IMM32.DLL
0x000007fefd780000 - 0x000007fefd889000 	C:\Windows\system32\MSCTF.dll
0x000000006e160000 - 0x000000006e232000 	C:\Program Files\Java\jdk1.8.0_91\jre\bin\msvcr100.dll
0x000000006ce30000 - 0x000000006d6c3000 	C:\Program Files\Java\jdk1.8.0_91\jre\bin\server\jvm.dll
0x000007fef0bc0000 - 0x000007fef0bc9000 	C:\Windows\system32\WSOCK32.dll
0x000007fefec10000 - 0x000007fefec5d000 	C:\Windows\system32\WS2_32.dll
0x000007feff7b0000 - 0x000007feff7b8000 	C:\Windows\system32\NSI.dll
0x000007fefb350000 - 0x000007fefb38b000 	C:\Windows\system32\WINMM.dll
0x000007fefc0f0000 - 0x000007fefc0fc000 	C:\Windows\system32\VERSION.dll
0x0000000077850000 - 0x0000000077857000 	C:\Windows\system32\PSAPI.DLL
0x0000000074a90000 - 0x0000000074a9f000 	C:\Program Files\Java\jdk1.8.0_91\jre\bin\verify.dll
0x0000000073df0000 - 0x0000000073e19000 	C:\Program Files\Java\jdk1.8.0_91\jre\bin\java.dll
0x0000000073dd0000 - 0x0000000073de6000 	C:\Program Files\Java\jdk1.8.0_91\jre\bin\zip.dll
0x000007fefd970000 - 0x000007fefe6f8000 	C:\Windows\system32\SHELL32.dll
0x000007fefea00000 - 0x000007fefec03000 	C:\Windows\system32\ole32.dll
0x000007fefd3d0000 - 0x000007fefd3df000 	C:\Windows\system32\profapi.dll

VM Arguments:
jvm_args: -Djava.awt.headless=true -Xmx1024M -Dfile.encoding=windows-1256 -Duser.country=US -Duser.language=en -Duser.variant 
java_command: com.android.dx.command.Main --dex --force-jumbo --output E:\User\AndroidStudioProjects\Sunshine-Version-2\app\build\intermediates\pre-dexed\debug\com.android.support-appcompat-v7-21.0.3_c62c1a7b3c1d7c37f76f30a9af26db376fcf9047.jar E:\User\AndroidStudioProjects\Sunshine-Version-2\app\build\intermediates\exploded-aar\com.android.support\appcompat-v7\21.0.3\jars\classes.jar
java_class_path (initial): E:\User\AppData\Local\Android\sdk\build-tools\21.1.2\lib\dx.jar
Launcher Type: SUN_STANDARD

Environment Variables:
PATH=C:\oracle\product\10.2.0\db_2\bin;C:\oracle\product\10.2.0\db_1\bin;C:\ProgramData\Oracle\Java\javapath;C:\Windows\System32;C:\Windows\SysWOW64;C:\opencv248\build\x86\vc10\bin;C:\Python27;C:\Program Files (x86)\CodeBlocks\MinGW\bin;E:\programs\Matlab\R2013a\bin;C:\Program Files\IVI Foundation\VISA\Win64\Bin\;C:\Program Files (x86)\IVI Foundation\VISA\WinNT\Bin\;C:\Program Files (x86)\IVI Foundation\VISA\WinNT\Bin;C:\Program Files (x86)\Tesseract-OCR;E:\User\AppData\Local\Android\sdk\tools\lib;E:\Program Files\Git\cmd;E:\User\AppData\Local\Android\sdk\platform-tools;C:\Program Files\Canopy\User;C:\Program Files\Canopy\User\Scripts
USERNAME=user
OS=Windows_NT
PROCESSOR_IDENTIFIER=Intel64 Family 6 Model 58 Stepping 9, GenuineIntel



---------------  S Y S T E M  ---------------

OS: Windows 7 , 64 bit Build 7601 (6.1.7601.23572)

CPU:total 4 (2 cores per cpu, 2 threads per core) family 6 model 58 stepping 9, cmov, cx8, fxsr, mmx, sse, sse2, sse3, ssse3, sse4.1, sse4.2, popcnt, avx, aes, clmul, erms, ht, tsc, tscinvbit, tscinv

Memory: 4k page, physical 4094316k(140140k free), swap 5628456k(4912k free)

vm_info: Java HotSpot(TM) 64-Bit Server VM (25.91-b15) for windows-amd64 JRE (1.8.0_91-b15), built on May 20 2016 17:43:15 by "java_re" with MS VC++ 10.0 (VS2010)

time: Sat Jun 17 22:34:00 2017
elapsed time: 4 seconds (0d 0h 0m 4s)

