#
# There is insufficient memory for the Java Runtime Environment to continue.
# Native memory allocation (malloc) failed to allocate 700976 bytes for Chunk::new
# Possible reasons:
#   The system is out of physical RAM or swap space
#   In 32 bit mode, the process size limit was hit
# Possible solutions:
#   Reduce memory load on the system
#   Increase physical memory or swap space
#   Check if swap backing store is full
#   Use 64 bit Java on a 64 bit OS
#   Decrease Java heap size (-Xmx/-Xms)
#   Decrease number of Java threads
#   Decrease Java thread stack sizes (-Xss)
#   Set larger code cache with -XX:ReservedCodeCacheSize=
# This output file may be truncated or incomplete.
#
#  Out of Memory Error (allocation.cpp:390), pid=4160, tid=3880
#
# JRE version: Java(TM) SE Runtime Environment (8.0_91-b15) (build 1.8.0_91-b15)
# Java VM: Java HotSpot(TM) 64-Bit Server VM (25.91-b15 mixed mode windows-amd64 compressed oops)
# Failed to write core dump. Minidumps are not enabled by default on client versions of Windows
#

---------------  T H R E A D  ---------------

Current thread (0x0000000056099800):  JavaThread "C2 CompilerThread1" daemon [_thread_in_native, id=3880, stack(0x0000000056ab0000,0x0000000056bb0000)]

Stack: [0x0000000056ab0000,0x0000000056bb0000]
[error occurred during error reporting (printing stack bounds), id 0xc0000005]

Native frames: (J=compiled Java code, j=interpreted, Vv=VM code, C=native code)


Current CompileTask:
C2:  10967 1755   !   4       com.android.dx.cf.code.BytecodeArray::parseInstruction (2764 bytes)


---------------  P R O C E S S  ---------------

Java Threads: ( => current thread )
  0x0000000054c8f000 JavaThread "Service Thread" daemon [_thread_blocked, id=3828, stack(0x0000000056d10000,0x0000000056e10000)]
  0x000000005609b800 JavaThread "C1 CompilerThread2" daemon [_thread_blocked, id=2704, stack(0x0000000055e50000,0x0000000055f50000)]
=>0x0000000056099800 JavaThread "C2 CompilerThread1" daemon [_thread_in_native, id=3880, stack(0x0000000056ab0000,0x0000000056bb0000)]
  0x0000000056097800 JavaThread "C2 CompilerThread0" daemon [_thread_in_native, id=2608, stack(0x0000000056970000,0x0000000056a70000)]
  0x0000000056092800 JavaThread "Attach Listener" daemon [_thread_blocked, id=5428, stack(0x0000000056730000,0x0000000056830000)]
  0x0000000054c7d800 JavaThread "Signal Dispatcher" daemon [_thread_blocked, id=2840, stack(0x0000000056520000,0x0000000056620000)]
  0x0000000054c69800 JavaThread "Finalizer" daemon [_thread_blocked, id=5808, stack(0x0000000055f90000,0x0000000056090000)]
  0x0000000054c22800 JavaThread "Reference Handler" daemon [_thread_blocked, id=2884, stack(0x0000000055d40000,0x0000000055e40000)]
  0x0000000001d28000 JavaThread "main" [_thread_in_vm, id=4892, stack(0x0000000002150000,0x0000000002250000)]

Other Threads:
  0x0000000054c1a800 VMThread [stack: 0x0000000055c40000,0x0000000055d40000] [id=1848]
  0x0000000056146800 WatcherThread [stack: 0x0000000056840000,0x0000000056940000] [id=5492]

VM state:not at safepoint (normal execution)

VM Mutex/Monitor currently owned by a thread:  ([mutex/lock_event])
[0x0000000001cece40] Heap_lock - owner thread: 0x0000000001d28000

Heap:
 PSYoungGen      total 68096K, used 68087K [0x00000000eab00000, 0x00000000f4600000, 0x0000000100000000)
  eden space 65536K, 100% used [0x00000000eab00000,0x00000000eeb00000,0x00000000eeb00000)
  from space 2560K, 99% used [0x00000000eeb00000,0x00000000eed7dec0,0x00000000eed80000)
  to   space 13824K, 0% used [0x00000000f3880000,0x00000000f3880000,0x00000000f4600000)
 ParOldGen       total 44032K, used 25339K [0x00000000c0000000, 0x00000000c2b00000, 0x00000000eab00000)
  object space 44032K, 57% used [0x00000000c0000000,0x00000000c18beed0,0x00000000c2b00000)
 Metaspace       used 6117K, capacity 7152K, committed 7296K, reserved 1056768K
  class space    used 586K, capacity 616K, committed 640K, reserved 1048576K

Card table byte_map: [0x00000000118e0000,0x0000000011af0000] byte_map_base: 0x00000000112e0000

Marking Bits: (ParMarkBitMap*) 0x00000000700b2f70
 Begin Bits: [0x0000000012090000, 0x0000000013090000)
 End Bits:   [0x0000000013090000, 0x0000000014090000)

Polling page: 0x0000000000220000

CodeCache: size=245760Kb used=8288Kb max_used=8288Kb free=237471Kb
 bounds [0x0000000002520000, 0x0000000002d40000, 0x0000000011520000]
 total_blobs=2030 nmethods=1766 adapters=176
 compilation: disabled (not enough contiguous free space left)

Compilation events (10 events):
Event: 10.708 Thread 0x000000005609b800 1815       2       com.android.dx.rop.cst.CstMemberRef::hashCode (19 bytes)
Event: 10.708 Thread 0x000000005609b800 nmethod 1815 0x0000000002d39690 code [0x0000000002d39820, 0x0000000002d39a48]
Event: 10.708 Thread 0x000000005609b800 1816       2       com.android.dx.rop.cst.CstNat::hashCode (19 bytes)
Event: 10.708 Thread 0x000000005609b800 nmethod 1816 0x0000000002d39d10 code [0x0000000002d39e80, 0x0000000002d3a058]
Event: 10.717 Thread 0x000000005609b800 1817       2       com.android.dx.cf.direct.StdAttributeFactory::sourceFile (94 bytes)
Event: 10.719 Thread 0x000000005609b800 nmethod 1817 0x0000000002d3a1d0 code [0x0000000002d3a4c0, 0x0000000002d3b408]
Event: 10.735 Thread 0x000000005609b800 1818       2       com.android.dx.dex.code.BlockAddresses::getStart (7 bytes)
Event: 10.735 Thread 0x000000005609b800 nmethod 1818 0x0000000002d3c990 code [0x0000000002d3cae0, 0x0000000002d3cc50]
Event: 10.745 Thread 0x000000005609b800 1820       2       java.util.HashMap::comparableClassFor (105 bytes)
Event: 10.746 Thread 0x000000005609b800 nmethod 1820 0x0000000002d3cd50 code [0x0000000002d3cf00, 0x0000000002d3d348]

GC Heap History (10 events):
Event: 2.038 GC heap before
{Heap before GC invocations=1 (full 0):
 PSYoungGen      total 18944K, used 16384K [0x00000000eab00000, 0x00000000ec000000, 0x0000000100000000)
  eden space 16384K, 100% used [0x00000000eab00000,0x00000000ebb00000,0x00000000ebb00000)
  from space 2560K, 0% used [0x00000000ebd80000,0x00000000ebd80000,0x00000000ec000000)
  to   space 2560K, 0% used [0x00000000ebb00000,0x00000000ebb00000,0x00000000ebd80000)
 ParOldGen       total 44032K, used 0K [0x00000000c0000000, 0x00000000c2b00000, 0x00000000eab00000)
  object space 44032K, 0% used [0x00000000c0000000,0x00000000c0000000,0x00000000c2b00000)
 Metaspace       used 5567K, capacity 6768K, committed 7040K, reserved 1056768K
  class space    used 559K, capacity 616K, committed 640K, reserved 1048576K
Event: 2.323 GC heap after
Heap after GC invocations=1 (full 0):
 PSYoungGen      total 18944K, used 2554K [0x00000000eab00000, 0x00000000ed000000, 0x0000000100000000)
  eden space 16384K, 0% used [0x00000000eab00000,0x00000000eab00000,0x00000000ebb00000)
  from space 2560K, 99% used [0x00000000ebb00000,0x00000000ebd7eab8,0x00000000ebd80000)
  to   space 2560K, 0% used [0x00000000ecd80000,0x00000000ecd80000,0x00000000ed000000)
 ParOldGen       total 44032K, used 1739K [0x00000000c0000000, 0x00000000c2b00000, 0x00000000eab00000)
  object space 44032K, 3% used [0x00000000c0000000,0x00000000c01b2fe0,0x00000000c2b00000)
 Metaspace       used 5567K, capacity 6768K, committed 7040K, reserved 1056768K
  class space    used 559K, capacity 616K, committed 640K, reserved 1048576K
}
Event: 3.489 GC heap before
{Heap before GC invocations=2 (full 0):
 PSYoungGen      total 18944K, used 18938K [0x00000000eab00000, 0x00000000ed000000, 0x0000000100000000)
  eden space 16384K, 100% used [0x00000000eab00000,0x00000000ebb00000,0x00000000ebb00000)
  from space 2560K, 99% used [0x00000000ebb00000,0x00000000ebd7eab8,0x00000000ebd80000)
  to   space 2560K, 0% used [0x00000000ecd80000,0x00000000ecd80000,0x00000000ed000000)
 ParOldGen       total 44032K, used 1739K [0x00000000c0000000, 0x00000000c2b00000, 0x00000000eab00000)
  object space 44032K, 3% used [0x00000000c0000000,0x00000000c01b2fe0,0x00000000c2b00000)
 Metaspace       used 5852K, capacity 7024K, committed 7296K, reserved 1056768K
  class space    used 563K, capacity 616K, committed 640K, reserved 1048576K
Event: 3.924 GC heap after
Heap after GC invocations=2 (full 0):
 PSYoungGen      total 35328K, used 2559K [0x00000000eab00000, 0x00000000ed000000, 0x0000000100000000)
  eden space 32768K, 0% used [0x00000000eab00000,0x00000000eab00000,0x00000000ecb00000)
  from space 2560K, 99% used [0x00000000ecd80000,0x00000000ecfffd20,0x00000000ed000000)
  to   space 2560K, 0% used [0x00000000ecb00000,0x00000000ecb00000,0x00000000ecd80000)
 ParOldGen       total 44032K, used 4099K [0x00000000c0000000, 0x00000000c2b00000, 0x00000000eab00000)
  object space 44032K, 9% used [0x00000000c0000000,0x00000000c0400c40,0x00000000c2b00000)
 Metaspace       used 5852K, capacity 7024K, committed 7296K, reserved 1056768K
  class space    used 563K, capacity 616K, committed 640K, reserved 1048576K
}
Event: 5.654 GC heap before
{Heap before GC invocations=3 (full 0):
 PSYoungGen      total 35328K, used 35327K [0x00000000eab00000, 0x00000000ed000000, 0x0000000100000000)
  eden space 32768K, 100% used [0x00000000eab00000,0x00000000ecb00000,0x00000000ecb00000)
  from space 2560K, 99% used [0x00000000ecd80000,0x00000000ecfffd20,0x00000000ed000000)
  to   space 2560K, 0% used [0x00000000ecb00000,0x00000000ecb00000,0x00000000ecd80000)
 ParOldGen       total 44032K, used 4099K [0x00000000c0000000, 0x00000000c2b00000, 0x00000000eab00000)
  object space 44032K, 9% used [0x00000000c0000000,0x00000000c0400c40,0x00000000c2b00000)
 Metaspace       used 6011K, capacity 7088K, committed 7296K, reserved 1056768K
  class space    used 584K, capacity 616K, committed 640K, reserved 1048576K
Event: 5.889 GC heap after
Heap after GC invocations=3 (full 0):
 PSYoungGen      total 35328K, used 2543K [0x00000000eab00000, 0x00000000ef000000, 0x0000000100000000)
  eden space 32768K, 0% used [0x00000000eab00000,0x00000000eab00000,0x00000000ecb00000)
  from space 2560K, 99% used [0x00000000ecb00000,0x00000000ecd7bd10,0x00000000ecd80000)
  to   space 2560K, 0% used [0x00000000eed80000,0x00000000eed80000,0x00000000ef000000)
 ParOldGen       total 44032K, used 8779K [0x00000000c0000000, 0x00000000c2b00000, 0x00000000eab00000)
  object space 44032K, 19% used [0x00000000c0000000,0x00000000c0892f90,0x00000000c2b00000)
 Metaspace       used 6011K, capacity 7088K, committed 7296K, reserved 1056768K
  class space    used 584K, capacity 616K, committed 640K, reserved 1048576K
}
Event: 7.748 GC heap before
{Heap before GC invocations=4 (full 0):
 PSYoungGen      total 35328K, used 35311K [0x00000000eab00000, 0x00000000ef000000, 0x0000000100000000)
  eden space 32768K, 100% used [0x00000000eab00000,0x00000000ecb00000,0x00000000ecb00000)
  from space 2560K, 99% used [0x00000000ecb00000,0x00000000ecd7bd10,0x00000000ecd80000)
  to   space 2560K, 0% used [0x00000000eed80000,0x00000000eed80000,0x00000000ef000000)
 ParOldGen       total 44032K, used 8779K [0x00000000c0000000, 0x00000000c2b00000, 0x00000000eab00000)
  object space 44032K, 19% used [0x00000000c0000000,0x00000000c0892f90,0x00000000c2b00000)
 Metaspace       used 6062K, capacity 7088K, committed 7296K, reserved 1056768K
  class space    used 585K, capacity 616K, committed 640K, reserved 1048576K
Event: 8.664 GC heap after
Heap after GC invocations=4 (full 0):
 PSYoungGen      total 68096K, used 2533K [0x00000000eab00000, 0x00000000ef000000, 0x0000000100000000)
  eden space 65536K, 0% used [0x00000000eab00000,0x00000000eab00000,0x00000000eeb00000)
  from space 2560K, 98% used [0x00000000eed80000,0x00000000eeff96c8,0x00000000ef000000)
  to   space 2560K, 0% used [0x00000000eeb00000,0x00000000eeb00000,0x00000000eed80000)
 ParOldGen       total 44032K, used 14195K [0x00000000c0000000, 0x00000000c2b00000, 0x00000000eab00000)
  object space 44032K, 32% used [0x00000000c0000000,0x00000000c0ddcd00,0x00000000c2b00000)
 Metaspace       used 6062K, capacity 7088K, committed 7296K, reserved 1056768K
  class space    used 585K, capacity 616K, committed 640K, reserved 1048576K
}
Event: 9.331 GC heap before
{Heap before GC invocations=5 (full 0):
 PSYoungGen      total 68096K, used 68069K [0x00000000eab00000, 0x00000000ef000000, 0x0000000100000000)
  eden space 65536K, 100% used [0x00000000eab00000,0x00000000eeb00000,0x00000000eeb00000)
  from space 2560K, 98% used [0x00000000eed80000,0x00000000eeff96c8,0x00000000ef000000)
  to   space 2560K, 0% used [0x00000000eeb00000,0x00000000eeb00000,0x00000000eed80000)
 ParOldGen       total 44032K, used 14195K [0x00000000c0000000, 0x00000000c2b00000, 0x00000000eab00000)
  object space 44032K, 32% used [0x00000000c0000000,0x00000000c0ddcd00,0x00000000c2b00000)
 Metaspace       used 6076K, capacity 7088K, committed 7296K, reserved 1056768K
  class space    used 585K, capacity 616K, committed 640K, reserved 1048576K
Event: 10.033 GC heap after
Heap after GC invocations=5 (full 0):
 PSYoungGen      total 68096K, used 2551K [0x00000000eab00000, 0x00000000f4600000, 0x0000000100000000)
  eden space 65536K, 0% used [0x00000000eab00000,0x00000000eab00000,0x00000000eeb00000)
  from space 2560K, 99% used [0x00000000eeb00000,0x00000000eed7dec0,0x00000000eed80000)
  to   space 13824K, 0% used [0x00000000f3880000,0x00000000f3880000,0x00000000f4600000)
 ParOldGen       total 44032K, used 25339K [0x00000000c0000000, 0x00000000c2b00000, 0x00000000eab00000)
  object space 44032K, 57% used [0x00000000c0000000,0x00000000c18beed0,0x00000000c2b00000)
 Metaspace       used 6076K, capacity 7088K, committed 7296K, reserved 1056768K
  class space    used 585K, capacity 616K, committed 640K, reserved 1048576K
}

Deoptimization events (10 events):
Event: 6.749 Thread 0x0000000001d28000 Uncommon trap: reason=class_check action=maybe_recompile pc=0x0000000002c0cf90 method=com.android.dx.cf.code.BytecodeArray.parseInstruction(ILcom/android/dx/cf/code/BytecodeArray$Visitor;)I @ 1672
Event: 6.756 Thread 0x0000000001d28000 Uncommon trap: reason=class_check action=maybe_recompile pc=0x0000000002c0cf90 method=com.android.dx.cf.code.BytecodeArray.parseInstruction(ILcom/android/dx/cf/code/BytecodeArray$Visitor;)I @ 1672
Event: 10.250 Thread 0x0000000001d28000 Uncommon trap: reason=class_check action=maybe_recompile pc=0x0000000002cd0d4c method=com.android.dx.cf.code.BytecodeArray.parseInstruction(ILcom/android/dx/cf/code/BytecodeArray$Visitor;)I @ 987
Event: 10.253 Thread 0x0000000001d28000 Uncommon trap: reason=class_check action=maybe_recompile pc=0x0000000002cd0d4c method=com.android.dx.cf.code.BytecodeArray.parseInstruction(ILcom/android/dx/cf/code/BytecodeArray$Visitor;)I @ 987
Event: 10.348 Thread 0x0000000001d28000 Uncommon trap: reason=unstable_if action=reinterpret pc=0x00000000029892ac method=com.android.dx.util.IntList.binarysearch(I)I @ 105
Event: 10.349 Thread 0x0000000001d28000 Uncommon trap: reason=unstable_if action=reinterpret pc=0x0000000002c67f24 method=com.android.dx.ssa.SsaBasicBlock.newFromRop(Lcom/android/dx/rop/code/RopMethod;ILcom/android/dx/ssa/SsaMethod;)Lcom/android/dx/ssa/SsaBasicBlock; @ 164
Event: 10.350 Thread 0x0000000001d28000 Uncommon trap: reason=unstable_if action=reinterpret pc=0x0000000002ba7718 method=com.android.dx.ssa.SsaMethod.blockIndexToRopLabel(I)I @ 1
Event: 10.652 Thread 0x0000000001d28000 Uncommon trap: reason=unstable_if action=reinterpret pc=0x0000000002acb86c method=com.android.dx.ssa.SCCP.simulateBranch(Lcom/android/dx/ssa/SsaInsn;)V @ 64
Event: 10.652 Thread 0x0000000001d28000 Uncommon trap: reason=unstable_if action=reinterpret pc=0x0000000002b78480 method=com.android.dx.ssa.LiteralOpUpgrader$1.visitNonMoveInsn(Lcom/android/dx/ssa/NormalSsaInsn;)V @ 55
Event: 10.653 Thread 0x0000000001d28000 Uncommon trap: reason=unstable_if action=reinterpret pc=0x0000000002948ccc method=com.android.dx.ssa.SsaMethod.updateOneDefinition(Lcom/android/dx/ssa/SsaInsn;Lcom/android/dx/rop/code/RegisterSpec;)V @ 4

Internal exceptions (6 events):
Event: 0.058 Thread 0x0000000001d28000 Exception <a 'java/lang/NoSuchMethodError': Method sun.misc.Unsafe.defineClass(Ljava/lang/String;[BII)Ljava/lang/Class; name or signature does not match> (0x00000000eab07cc0) thrown at [C:\re\workspace\8-2-build-windows-amd64-cygwin\jdk8u91\7017\hotspot\srìrÌ¿­?
Event: 0.058 Thread 0x0000000001d28000 Exception <a 'java/lang/NoSuchMethodError': Method sun.misc.Unsafe.prefetchRead(Ljava/lang/Object;J)V name or signature does not match> (0x00000000eab07fa8) thrown at [C:\re\workspace\8-2-build-windows-amd64-cygwin\jdk8u91\7017\hotspot\src\share\vm\prims\j†Þ†KÛ@
Event: 4.214 Thread 0x0000000001d28000 Implicit null exception at 0x0000000002a092e9 to 0x0000000002a0a045
Event: 4.695 Thread 0x0000000001d28000 Exception <a 'java/lang/ArrayIndexOutOfBoundsException': 18> (0x00000000eb941730) thrown at [C:\re\workspace\8-2-build-windows-amd64-cygwin\jdk8u91\7017\hotspot\src\share\vm\interpreter\interpreterRuntime.cpp, line 366]
Event: 4.695 Thread 0x0000000001d28000 Exception <a 'java/lang/ArrayIndexOutOfBoundsException': 145> (0x00000000eb9432b0) thrown at [C:\re\workspace\8-2-build-windows-amd64-cygwin\jdk8u91\7017\hotspot\src\share\vm\interpreter\interpreterRuntime.cpp, line 366]
Event: 4.696 Thread 0x0000000001d28000 Exception <a 'java/lang/ArrayIndexOutOfBoundsException'> (0x00000000eb944598) thrown at [C:\re\workspace\8-2-build-windows-amd64-cygwin\jdk8u91\7017\hotspot\src\share\vm\runtime\sharedRuntime.cpp, line 605]

Events (10 events):
Event: 10.652 Thread 0x0000000001d28000 DEOPT PACKING pc=0x0000000002acb86c sp=0x000000000224e310
Event: 10.652 Thread 0x0000000001d28000 DEOPT UNPACKING pc=0x000000000256582a sp=0x000000000224e2e0 mode 2
Event: 10.652 Thread 0x0000000001d28000 Uncommon trap: trap_request=0xffffff65 fr.pc=0x0000000002b78480
Event: 10.652 Thread 0x0000000001d28000 DEOPT PACKING pc=0x0000000002b78480 sp=0x000000000224e4c0
Event: 10.652 Thread 0x0000000001d28000 DEOPT UNPACKING pc=0x000000000256582a sp=0x000000000224e4b0 mode 2
Event: 10.652 loading class com/android/dx/rop/code/RegOps
Event: 10.652 loading class com/android/dx/rop/code/RegOps done
Event: 10.653 Thread 0x0000000001d28000 Uncommon trap: trap_request=0xffffff65 fr.pc=0x0000000002948ccc
Event: 10.653 Thread 0x0000000001d28000 DEOPT PACKING pc=0x0000000002948ccc sp=0x000000000224e310
Event: 10.653 Thread 0x0000000001d28000 DEOPT UNPACKING pc=0x000000000256582a sp=0x000000000224e2b8 mode 2


Dynamic libraries:
0x000000013fa30000 - 0x000000013fa67000 	C:\Program Files\Java\jdk1.8.0_91\bin\java.exe
0x0000000076ee0000 - 0x000000007708a000 	C:\Windows\SYSTEM32\ntdll.dll
0x0000000076cc0000 - 0x0000000076ddf000 	C:\Windows\system32\kernel32.dll
0x000007fefced0000 - 0x000007fefcf3a000 	C:\Windows\system32\KERNELBASE.dll
0x000007fefd410000 - 0x000007fefd4eb000 	C:\Windows\system32\ADVAPI32.dll
0x000007feff150000 - 0x000007feff1ef000 	C:\Windows\system32\msvcrt.dll
0x000007fefe7d0000 - 0x000007fefe7ef000 	C:\Windows\SYSTEM32\sechost.dll
0x000007fefec20000 - 0x000007fefed4d000 	C:\Windows\system32\RPCRT4.dll
0x0000000076de0000 - 0x0000000076eda000 	C:\Windows\system32\USER32.dll
0x000007fefd070000 - 0x000007fefd0d7000 	C:\Windows\system32\GDI32.dll
0x000007fefeee0000 - 0x000007fefeeee000 	C:\Windows\system32\LPK.dll
0x000007fefe820000 - 0x000007fefe8ea000 	C:\Windows\system32\USP10.dll
0x000007fefbcd0000 - 0x000007fefbec4000 	C:\Windows\WinSxS\amd64_microsoft.windows.common-controls_6595b64144ccf1df_6.0.7601.17514_none_fa396087175ac9ac\COMCTL32.dll
0x000007fefeef0000 - 0x000007fefef61000 	C:\Windows\system32\SHLWAPI.dll
0x000007fefe7f0000 - 0x000007fefe81e000 	C:\Windows\system32\IMM32.DLL
0x000007fefd2f0000 - 0x000007fefd3f9000 	C:\Windows\system32\MSCTF.dll
0x0000000072280000 - 0x0000000072352000 	C:\Program Files\Java\jdk1.8.0_91\jre\bin\msvcr100.dll
0x000000006f8a0000 - 0x0000000070133000 	C:\Program Files\Java\jdk1.8.0_91\jre\bin\server\jvm.dll
0x000007fef1c80000 - 0x000007fef1c89000 	C:\Windows\system32\WSOCK32.dll
0x000007fefe8f0000 - 0x000007fefe93d000 	C:\Windows\system32\WS2_32.dll
0x000007fefd400000 - 0x000007fefd408000 	C:\Windows\system32\NSI.dll
0x000007fefac10000 - 0x000007fefac4b000 	C:\Windows\system32\WINMM.dll
0x000007fefb970000 - 0x000007fefb97c000 	C:\Windows\system32\VERSION.dll
0x00000000770b0000 - 0x00000000770b7000 	C:\Windows\system32\PSAPI.DLL
0x00000000744f0000 - 0x00000000744ff000 	C:\Program Files\Java\jdk1.8.0_91\jre\bin\verify.dll
0x00000000744c0000 - 0x00000000744e9000 	C:\Program Files\Java\jdk1.8.0_91\jre\bin\java.dll
0x00000000744a0000 - 0x00000000744b6000 	C:\Program Files\Java\jdk1.8.0_91\jre\bin\zip.dll
0x000007fefd9e0000 - 0x000007fefe768000 	C:\Windows\system32\SHELL32.dll
0x000007fefd0e0000 - 0x000007fefd2e3000 	C:\Windows\system32\ole32.dll
0x000007fefcc20000 - 0x000007fefcc2f000 	C:\Windows\system32\profapi.dll

VM Arguments:
jvm_args: -Djava.awt.headless=true -Xmx1024M -Dfile.encoding=windows-1256 -Duser.country=US -Duser.language=en -Duser.variant 
java_command: com.android.dx.command.Main --dex --force-jumbo --output E:\User\AndroidStudioProjects\Sunshine-Version-2\app\build\intermediates\pre-dexed\debug\com.android.support-support-v4-21.0.3_3035d9c83d7289f90d6f43d640a8c8de139a0846.jar E:\User\AndroidStudioProjects\Sunshine-Version-2\app\build\intermediates\exploded-aar\com.android.support\support-v4\21.0.3\jars\classes.jar
java_class_path (initial): E:\User\AppData\Local\Android\sdk\build-tools\21.1.2\lib\dx.jar
Launcher Type: SUN_STANDARD

Environment Variables:
PATH=C:\oracle\product\10.2.0\db_2\bin;C:\oracle\product\10.2.0\db_1\bin;C:\ProgramData\Oracle\Java\javapath;C:\Windows\System32;C:\Windows\SysWOW64;C:\opencv248\build\x86\vc10\bin;C:\Python27;C:\Program Files (x86)\CodeBlocks\MinGW\bin;E:\programs\Matlab\R2013a\bin;C:\Program Files\IVI Foundation\VISA\Win64\Bin\;C:\Program Files (x86)\IVI Foundation\VISA\WinNT\Bin\;C:\Program Files (x86)\IVI Foundation\VISA\WinNT\Bin;C:\Program Files (x86)\Tesseract-OCR;E:\User\AppData\Local\Android\sdk\tools\lib;E:\Program Files\Git\cmd;E:\User\AppData\Local\Android\sdk\platform-tools;C:\Program Files\Canopy\User;C:\Program Files\Canopy\User\Scripts
USERNAME=user
OS=Windows_NT
PROCESSOR_IDENTIFIER=Intel64 Family 6 Model 58 Stepping 9, GenuineIntel



---------------  S Y S T E M  ---------------

OS: Windows 7 , 64 bit Build 7601 (6.1.7601.23572)

CPU:total 4 (2 cores per cpu, 2 threads per core) family 6 model 58 stepping 9, cmov, cx8, fxsr, mmx, sse, sse2, sse3, ssse3, sse4.1, sse4.2, popcnt, avx, aes, clmul, erms, ht, tsc, tscinvbit, tscinv

Memory: 4k page, physical 4094316k(257076k free), swap 5601120k(4884k free)

vm_info: Java HotSpot(TM) 64-Bit Server VM (25.91-b15) for windows-amd64 JRE (1.8.0_91-b15), built on May 20 2016 17:43:15 by "java_re" with MS VC++ 10.0 (VS2010)

time: Thu Jun 22 10:35:16 2017
elapsed time: 11 seconds (0d 0h 0m 11s)

