#
# There is insufficient memory for the Java Runtime Environment to continue.
# Native memory allocation (malloc) failed to allocate 1241216 bytes for Chunk::new
# Possible reasons:
#   The system is out of physical RAM or swap space
#   In 32 bit mode, the process size limit was hit
# Possible solutions:
#   Reduce memory load on the system
#   Increase physical memory or swap space
#   Check if swap backing store is full
#   Use 64 bit Java on a 64 bit OS
#   Decrease Java heap size (-Xmx/-Xms)
#   Decrease number of Java threads
#   Decrease Java thread stack sizes (-Xss)
#   Set larger code cache with -XX:ReservedCodeCacheSize=
# This output file may be truncated or incomplete.
#
#  Out of Memory Error (allocation.cpp:390), pid=6084, tid=6784
#
# JRE version: Java(TM) SE Runtime Environment (8.0_91-b15) (build 1.8.0_91-b15)
# Java VM: Java HotSpot(TM) 64-Bit Server VM (25.91-b15 mixed mode windows-amd64 compressed oops)
# Failed to write core dump. Minidumps are not enabled by default on client versions of Windows
#

---------------  T H R E A D  ---------------

Current thread (0x0000000054dfb800):  JavaThread "C2 CompilerThread1" daemon [_thread_in_native, id=6784, stack(0x0000000056740000,0x0000000056840000)]

Stack: [0x0000000056740000,0x0000000056840000]
[error occurred during error reporting (printing stack bounds), id 0xc0000005]

Native frames: (J=compiled Java code, j=interpreted, Vv=VM code, C=native code)


Current CompileTask:
C2:  23866 1431       4       com.android.dx.ssa.SsaRenamer$1::visitBlock (16 bytes)


---------------  P R O C E S S  ---------------

Java Threads: ( => current thread )
  0x00000000560e0800 JavaThread "Service Thread" daemon [_thread_blocked, id=6684, stack(0x0000000056af0000,0x0000000056bf0000)]
  0x000000005604d000 JavaThread "C1 CompilerThread2" daemon [_thread_blocked, id=5920, stack(0x00000000568f0000,0x00000000569f0000)]
=>0x0000000054dfb800 JavaThread "C2 CompilerThread1" daemon [_thread_in_native, id=6784, stack(0x0000000056740000,0x0000000056840000)]
  0x0000000056047800 JavaThread "C2 CompilerThread0" daemon [_thread_in_native, id=5256, stack(0x0000000056620000,0x0000000056720000)]
  0x0000000056042800 JavaThread "Attach Listener" daemon [_thread_blocked, id=2948, stack(0x0000000055df0000,0x0000000055ef0000)]
  0x0000000054ded800 JavaThread "Signal Dispatcher" daemon [_thread_blocked, id=6108, stack(0x0000000056500000,0x0000000056600000)]
  0x0000000054dd9800 JavaThread "Finalizer" daemon [_thread_blocked, id=6260, stack(0x0000000055f40000,0x0000000056040000)]
  0x0000000054d92800 JavaThread "Reference Handler" daemon [_thread_blocked, id=6448, stack(0x0000000055af0000,0x0000000055bf0000)]
  0x0000000001e18000 JavaThread "main" [_thread_in_Java, id=6856, stack(0x0000000001ef0000,0x0000000001ff0000)]

Other Threads:
  0x0000000054d8a800 VMThread [stack: 0x0000000055ca0000,0x0000000055da0000] [id=5432]
  0x00000000560fd000 WatcherThread [stack: 0x0000000056d30000,0x0000000056e30000] [id=4576]

VM state:not at safepoint (normal execution)

VM Mutex/Monitor currently owned by a thread: None

Heap:
 PSYoungGen      total 35328K, used 23706K [0x00000000eab00000, 0x00000000ed000000, 0x0000000100000000)
  eden space 32768K, 64% used [0x00000000eab00000,0x00000000ebfacbd0,0x00000000ecb00000)
  from space 2560K, 99% used [0x00000000ecd80000,0x00000000ecff9c78,0x00000000ed000000)
  to   space 2560K, 0% used [0x00000000ecb00000,0x00000000ecb00000,0x00000000ecd80000)
 ParOldGen       total 44032K, used 4132K [0x00000000c0000000, 0x00000000c2b00000, 0x00000000eab00000)
  object space 44032K, 9% used [0x00000000c0000000,0x00000000c0409018,0x00000000c2b00000)
 Metaspace       used 5900K, capacity 7024K, committed 7296K, reserved 1056768K
  class space    used 561K, capacity 616K, committed 640K, reserved 1048576K

Card table byte_map: [0x0000000011710000,0x0000000011920000] byte_map_base: 0x0000000011110000

Marking Bits: (ParMarkBitMap*) 0x00000000667f2f70
 Begin Bits: [0x0000000012200000, 0x0000000013200000)
 End Bits:   [0x0000000013200000, 0x0000000014200000)

Polling page: 0x0000000000210000

CodeCache: size=245760Kb used=6269Kb max_used=6269Kb free=239490Kb
 bounds [0x0000000002350000, 0x0000000002980000, 0x0000000011350000]
 total_blobs=1765 nmethods=1502 adapters=176
 compilation: enabled

Compilation events (10 events):
Event: 23.836 Thread 0x000000005604d000 1510       3       com.android.dx.ssa.ConstCollector$2::map (28 bytes)
Event: 23.836 Thread 0x000000005604d000 nmethod 1510 0x00000000029713d0 code [0x0000000002971540, 0x0000000002971968]
Event: 23.844 Thread 0x000000005604d000 1511       3       com.android.dx.rop.code.Rops::opGetField (97 bytes)
Event: 23.845 Thread 0x000000005604d000 nmethod 1511 0x0000000002971a90 code [0x0000000002971cc0, 0x00000000029728f8]
Event: 23.851 Thread 0x000000005604d000 1512  s    3       com.android.dx.dex.file.FieldIdsSection::intern (55 bytes)
Event: 23.852 Thread 0x000000005604d000 nmethod 1512 0x0000000002972e90 code [0x00000000029730c0, 0x0000000002973da8]
Event: 23.856 Thread 0x000000005604d000 1513       3       com.android.dx.cf.code.OneLocalsArray::set (10 bytes)
Event: 23.856 Thread 0x000000005604d000 nmethod 1513 0x00000000029744d0 code [0x0000000002974640, 0x0000000002974888]
Event: 23.856 Thread 0x000000005604d000 1514       3       com.android.dx.rop.code.RegisterSpec::getFrameType (10 bytes)
Event: 23.856 Thread 0x000000005604d000 nmethod 1514 0x0000000002974950 code [0x0000000002974ac0, 0x0000000002974ce8]

GC Heap History (4 events):
Event: 8.309 GC heap before
{Heap before GC invocations=1 (full 0):
 PSYoungGen      total 18944K, used 16384K [0x00000000eab00000, 0x00000000ec000000, 0x0000000100000000)
  eden space 16384K, 100% used [0x00000000eab00000,0x00000000ebb00000,0x00000000ebb00000)
  from space 2560K, 0% used [0x00000000ebd80000,0x00000000ebd80000,0x00000000ec000000)
  to   space 2560K, 0% used [0x00000000ebb00000,0x00000000ebb00000,0x00000000ebd80000)
 ParOldGen       total 44032K, used 0K [0x00000000c0000000, 0x00000000c2b00000, 0x00000000eab00000)
  object space 44032K, 0% used [0x00000000c0000000,0x00000000c0000000,0x00000000c2b00000)
 Metaspace       used 5592K, capacity 6832K, committed 7040K, reserved 1056768K
  class space    used 557K, capacity 616K, committed 640K, reserved 1048576K
Event: 10.896 GC heap after
Heap after GC invocations=1 (full 0):
 PSYoungGen      total 18944K, used 2551K [0x00000000eab00000, 0x00000000ed000000, 0x0000000100000000)
  eden space 16384K, 0% used [0x00000000eab00000,0x00000000eab00000,0x00000000ebb00000)
  from space 2560K, 99% used [0x00000000ebb00000,0x00000000ebd7dc98,0x00000000ebd80000)
  to   space 2560K, 0% used [0x00000000ecd80000,0x00000000ecd80000,0x00000000ed000000)
 ParOldGen       total 44032K, used 1609K [0x00000000c0000000, 0x00000000c2b00000, 0x00000000eab00000)
  object space 44032K, 3% used [0x00000000c0000000,0x00000000c0192738,0x00000000c2b00000)
 Metaspace       used 5592K, capacity 6832K, committed 7040K, reserved 1056768K
  class space    used 557K, capacity 616K, committed 640K, reserved 1048576K
}
Event: 11.482 GC heap before
{Heap before GC invocations=2 (full 0):
 PSYoungGen      total 18944K, used 18935K [0x00000000eab00000, 0x00000000ed000000, 0x0000000100000000)
  eden space 16384K, 100% used [0x00000000eab00000,0x00000000ebb00000,0x00000000ebb00000)
  from space 2560K, 99% used [0x00000000ebb00000,0x00000000ebd7dc98,0x00000000ebd80000)
  to   space 2560K, 0% used [0x00000000ecd80000,0x00000000ecd80000,0x00000000ed000000)
 ParOldGen       total 44032K, used 1609K [0x00000000c0000000, 0x00000000c2b00000, 0x00000000eab00000)
  object space 44032K, 3% used [0x00000000c0000000,0x00000000c0192738,0x00000000c2b00000)
 Metaspace       used 5830K, capacity 6960K, committed 7040K, reserved 1056768K
  class space    used 560K, capacity 616K, committed 640K, reserved 1048576K
Event: 23.403 GC heap after
Heap after GC invocations=2 (full 0):
 PSYoungGen      total 35328K, used 2535K [0x00000000eab00000, 0x00000000ed000000, 0x0000000100000000)
  eden space 32768K, 0% used [0x00000000eab00000,0x00000000eab00000,0x00000000ecb00000)
  from space 2560K, 99% used [0x00000000ecd80000,0x00000000ecff9c78,0x00000000ed000000)
  to   space 2560K, 0% used [0x00000000ecb00000,0x00000000ecb00000,0x00000000ecd80000)
 ParOldGen       total 44032K, used 4132K [0x00000000c0000000, 0x00000000c2b00000, 0x00000000eab00000)
  object space 44032K, 9% used [0x00000000c0000000,0x00000000c0409018,0x00000000c2b00000)
 Metaspace       used 5830K, capacity 6960K, committed 7040K, reserved 1056768K
  class space    used 560K, capacity 616K, committed 640K, reserved 1048576K
}

Deoptimization events (10 events):
Event: 11.126 Thread 0x0000000001e18000 Uncommon trap: reason=unstable_if action=reinterpret pc=0x000000000275cd1c method=com.android.dx.rop.code.RegisterSpecSet.put(Lcom/android/dx/rop/code/RegisterSpec;)V @ 77
Event: 11.126 Thread 0x0000000001e18000 Uncommon trap: reason=unstable_if action=reinterpret pc=0x0000000002775818 method=com.android.dx.rop.code.RegisterSpecSet.put(Lcom/android/dx/rop/code/RegisterSpec;)V @ 77
Event: 11.200 Thread 0x0000000001e18000 Uncommon trap: reason=unstable_if action=reinterpret pc=0x000000000275ad00 method=com.android.dx.ssa.SsaRenamer$BlockRenamer.addMapping(ILcom/android/dx/rop/code/RegisterSpec;)V @ 120
Event: 11.201 Thread 0x0000000001e18000 Uncommon trap: reason=unstable_if action=reinterpret pc=0x000000000288d5f8 method=com.android.dx.util.IntList.sort()V @ 8
Event: 11.381 Thread 0x0000000001e18000 Uncommon trap: reason=class_check action=maybe_recompile pc=0x00000000025f03d8 method=com.android.dx.rop.type.Type.equals(Ljava/lang/Object;)Z @ 8
Event: 11.423 Thread 0x0000000001e18000 Uncommon trap: reason=unstable_if action=reinterpret pc=0x00000000026cd004 method=com.android.dx.rop.cst.Constant.compareTo(Lcom/android/dx/rop/cst/Constant;)I @ 12
Event: 11.428 Thread 0x0000000001e18000 Uncommon trap: reason=class_check action=maybe_recompile pc=0x00000000025f03d8 method=com.android.dx.rop.type.Type.equals(Ljava/lang/Object;)Z @ 8
Event: 23.812 Thread 0x0000000001e18000 Uncommon trap: reason=unstable_if action=reinterpret pc=0x00000000028fcd18 method=com.android.dx.ssa.SCCP.simulateStmt(Lcom/android/dx/ssa/SsaInsn;)V @ 53
Event: 23.813 Thread 0x0000000001e18000 Uncommon trap: reason=unstable_if action=reinterpret pc=0x00000000029158c4 method=com.android.dx.ssa.SCCP.simulateBranch(Lcom/android/dx/ssa/SsaInsn;)V @ 64
Event: 23.820 Thread 0x0000000001e18000 Uncommon trap: reason=unstable_if action=reinterpret pc=0x00000000027722cc method=com.android.dx.ssa.SsaMethod.updateOneDefinition(Lcom/android/dx/ssa/SsaInsn;Lcom/android/dx/rop/code/RegisterSpec;)V @ 4

Internal exceptions (2 events):
Event: 0.034 Thread 0x0000000001e18000 Exception <a 'java/lang/NoSuchMethodError': Method sun.misc.Unsafe.defineClass(Ljava/lang/String;[BII)Ljava/lang/Class; name or signature does not match> (0x00000000eab07cc0) thrown at [C:\re\workspace\8-2-build-windows-amd64-cygwin\jdk8u91\7017\hotspot\srî\{i0‰¡?
Event: 0.034 Thread 0x0000000001e18000 Exception <a 'java/lang/NoSuchMethodError': Method sun.misc.Unsafe.prefetchRead(Ljava/lang/Object;J)V name or signature does not match> (0x00000000eab07fa8) thrown at [C:\re\workspace\8-2-build-windows-amd64-cygwin\jdk8u91\7017\hotspot\src\share\vm\prims\j

Events (10 events):
Event: 23.812 Thread 0x0000000001e18000 DEOPT PACKING pc=0x00000000028fcd18 sp=0x0000000001fee4b0
Event: 23.812 Thread 0x0000000001e18000 DEOPT UNPACKING pc=0x000000000239582a sp=0x0000000001fee498 mode 2
Event: 23.813 Thread 0x0000000001e18000 Uncommon trap: trap_request=0xffffff65 fr.pc=0x00000000029158c4
Event: 23.813 Thread 0x0000000001e18000 DEOPT PACKING pc=0x00000000029158c4 sp=0x0000000001fee400
Event: 23.813 Thread 0x0000000001e18000 DEOPT UNPACKING pc=0x000000000239582a sp=0x0000000001fee3d0 mode 2
Event: 23.819 loading class com/android/dx/rop/code/RegOps
Event: 23.819 loading class com/android/dx/rop/code/RegOps done
Event: 23.820 Thread 0x0000000001e18000 Uncommon trap: trap_request=0xffffff65 fr.pc=0x00000000027722cc
Event: 23.820 Thread 0x0000000001e18000 DEOPT PACKING pc=0x00000000027722cc sp=0x0000000001fee310
Event: 23.820 Thread 0x0000000001e18000 DEOPT UNPACKING pc=0x000000000239582a sp=0x0000000001fee2b8 mode 2


Dynamic libraries:
0x000000013f940000 - 0x000000013f977000 	C:\Program Files\Java\jdk1.8.0_91\bin\java.exe
0x0000000076f00000 - 0x00000000770a9000 	C:\Windows\SYSTEM32\ntdll.dll
0x0000000076ce0000 - 0x0000000076dff000 	C:\Windows\system32\kernel32.dll
0x000007fefcce0000 - 0x000007fefcd4b000 	C:\Windows\system32\KERNELBASE.dll
0x000007fefe710000 - 0x000007fefe7eb000 	C:\Windows\system32\ADVAPI32.dll
0x000007fefe3a0000 - 0x000007fefe43f000 	C:\Windows\system32\msvcrt.dll
0x000007fefe2e0000 - 0x000007fefe2ff000 	C:\Windows\SYSTEM32\sechost.dll
0x000007fefe560000 - 0x000007fefe68d000 	C:\Windows\system32\RPCRT4.dll
0x0000000076e00000 - 0x0000000076efa000 	C:\Windows\system32\USER32.dll
0x000007feff1a0000 - 0x000007feff207000 	C:\Windows\system32\GDI32.dll
0x000007fefe440000 - 0x000007fefe44e000 	C:\Windows\system32\LPK.dll
0x000007fefed80000 - 0x000007fefee49000 	C:\Windows\system32\USP10.dll
0x000007fefbd70000 - 0x000007fefbf64000 	C:\Windows\WinSxS\amd64_microsoft.windows.common-controls_6595b64144ccf1df_6.0.7601.17514_none_fa396087175ac9ac\COMCTL32.dll
0x000007fefe690000 - 0x000007fefe701000 	C:\Windows\system32\SHLWAPI.dll
0x000007fefee50000 - 0x000007fefee7e000 	C:\Windows\system32\IMM32.DLL
0x000007fefe450000 - 0x000007fefe559000 	C:\Windows\system32\MSCTF.dll
0x000000006a3a0000 - 0x000000006a472000 	C:\Program Files\Java\jdk1.8.0_91\jre\bin\msvcr100.dll
0x0000000065fe0000 - 0x0000000066873000 	C:\Program Files\Java\jdk1.8.0_91\jre\bin\server\jvm.dll
0x000007fef8760000 - 0x000007fef8769000 	C:\Windows\system32\WSOCK32.dll
0x000007fefe8d0000 - 0x000007fefe91d000 	C:\Windows\system32\WS2_32.dll
0x000007feff090000 - 0x000007feff098000 	C:\Windows\system32\NSI.dll
0x000007fefaaa0000 - 0x000007fefaadb000 	C:\Windows\system32\WINMM.dll
0x000007fefba10000 - 0x000007fefba1c000 	C:\Windows\system32\VERSION.dll
0x00000000770d0000 - 0x00000000770d7000 	C:\Windows\system32\PSAPI.DLL
0x000000006c190000 - 0x000000006c19f000 	C:\Program Files\Java\jdk1.8.0_91\jre\bin\verify.dll
0x000000006c160000 - 0x000000006c189000 	C:\Program Files\Java\jdk1.8.0_91\jre\bin\java.dll
0x000000006c140000 - 0x000000006c156000 	C:\Program Files\Java\jdk1.8.0_91\jre\bin\zip.dll
0x000007fefd550000 - 0x000007fefe2d8000 	C:\Windows\system32\SHELL32.dll
0x000007fefee80000 - 0x000007feff083000 	C:\Windows\system32\ole32.dll
0x000007fefccb0000 - 0x000007fefccbf000 	C:\Windows\system32\profapi.dll

VM Arguments:
jvm_args: -Djava.awt.headless=true -Xmx1024M -Dfile.encoding=windows-1256 -Duser.country=US -Duser.language=en -Duser.variant 
java_command: com.android.dx.command.Main --dex --force-jumbo --output E:\User\AndroidStudioProjects\Sunshine-Version-2\app\build\intermediates\pre-dexed\debug\internal_impl-21.0.3_b7ef93a3d117c3c33ccb191ab9191289961179ae.jar E:\User\AndroidStudioProjects\Sunshine-Version-2\app\build\intermediates\exploded-aar\com.android.support\support-v4\21.0.3\jars\libs\internal_impl-21.0.3.jar
java_class_path (initial): E:\User\AppData\Local\Android\sdk\build-tools\21.1.2\lib\dx.jar
Launcher Type: SUN_STANDARD

Environment Variables:
PATH=C:\oracle\product\10.2.0\db_2\bin;C:\oracle\product\10.2.0\db_1\bin;C:\ProgramData\Oracle\Java\javapath;C:\Windows\System32;C:\Windows\SysWOW64;C:\opencv248\build\x86\vc10\bin;C:\Python27;C:\Program Files (x86)\CodeBlocks\MinGW\bin;E:\programs\Matlab\R2013a\bin;C:\Program Files\IVI Foundation\VISA\Win64\Bin\;C:\Program Files (x86)\IVI Foundation\VISA\WinNT\Bin\;C:\Program Files (x86)\IVI Foundation\VISA\WinNT\Bin;C:\Program Files (x86)\Tesseract-OCR;E:\User\AppData\Local\Android\sdk\tools\lib;E:\Program Files\Git\cmd;E:\User\AppData\Local\Android\sdk\platform-tools;C:\Program Files\Canopy\User;C:\Program Files\Canopy\User\Scripts
USERNAME=user
OS=Windows_NT
PROCESSOR_IDENTIFIER=Intel64 Family 6 Model 58 Stepping 9, GenuineIntel



---------------  S Y S T E M  ---------------

OS: Windows 7 , 64 bit Build 7601 (6.1.7601.18015)

CPU:total 4 (2 cores per cpu, 2 threads per core) family 6 model 58 stepping 9, cmov, cx8, fxsr, mmx, sse, sse2, sse3, ssse3, sse4.1, sse4.2, popcnt, avx, aes, clmul, erms, ht, tsc, tscinvbit, tscinv

Memory: 4k page, physical 4094316k(286256k free), swap 5628452k(5392k free)

vm_info: Java HotSpot(TM) 64-Bit Server VM (25.91-b15) for windows-amd64 JRE (1.8.0_91-b15), built on May 20 2016 17:43:15 by "java_re" with MS VC++ 10.0 (VS2010)

time: Thu Aug 04 20:39:20 2016
elapsed time: 23 seconds (0d 0h 0m 23s)

