#
# There is insufficient memory for the Java Runtime Environment to continue.
# Native memory allocation (malloc) failed to allocate 32744 bytes for ChunkPool::allocate
# Possible reasons:
#   The system is out of physical RAM or swap space
#   In 32 bit mode, the process size limit was hit
# Possible solutions:
#   Reduce memory load on the system
#   Increase physical memory or swap space
#   Check if swap backing store is full
#   Use 64 bit Java on a 64 bit OS
#   Decrease Java heap size (-Xmx/-Xms)
#   Decrease number of Java threads
#   Decrease Java thread stack sizes (-Xss)
#   Set larger code cache with -XX:ReservedCodeCacheSize=
# This output file may be truncated or incomplete.
#
#  Out of Memory Error (allocation.cpp:273), pid=5424, tid=5312
#
# JRE version: Java(TM) SE Runtime Environment (8.0_91-b15) (build 1.8.0_91-b15)
# Java VM: Java HotSpot(TM) 64-Bit Server VM (25.91-b15 mixed mode windows-amd64 compressed oops)
# Failed to write core dump. Minidumps are not enabled by default on client versions of Windows
#

---------------  T H R E A D  ---------------

Current thread (0x000000005626a800):  JavaThread "C1 CompilerThread2" daemon [_thread_in_native, id=5312, stack(0x00000000567d0000,0x00000000568d0000)]

Stack: [0x00000000567d0000,0x00000000568d0000]
[error occurred during error reporting (printing stack bounds), id 0xc0000005]

Native frames: (J=compiled Java code, j=interpreted, Vv=VM code, C=native code)


Current CompileTask:
C1:   2878  235   !   3       java.net.URL::<init> (543 bytes)


---------------  P R O C E S S  ---------------

Java Threads: ( => current thread )
  0x0000000054c5e000 JavaThread "Service Thread" daemon [_thread_blocked, id=4688, stack(0x0000000056d30000,0x0000000056e30000)]
=>0x000000005626a800 JavaThread "C1 CompilerThread2" daemon [_thread_in_native, id=5312, stack(0x00000000567d0000,0x00000000568d0000)]
  0x0000000056269800 JavaThread "C2 CompilerThread1" daemon [_thread_blocked, id=5116, stack(0x0000000056ab0000,0x0000000056bb0000)]
  0x0000000056267800 JavaThread "C2 CompilerThread0" daemon [_thread_blocked, id=5124, stack(0x0000000056920000,0x0000000056a20000)]
  0x0000000056262800 JavaThread "Attach Listener" daemon [_thread_blocked, id=2164, stack(0x0000000055c70000,0x0000000055d70000)]
  0x0000000054c4d800 JavaThread "Signal Dispatcher" daemon [_thread_blocked, id=5364, stack(0x00000000566a0000,0x00000000567a0000)]
  0x0000000054c39800 JavaThread "Finalizer" daemon [_thread_blocked, id=3628, stack(0x0000000056160000,0x0000000056260000)]
  0x0000000054bf2000 JavaThread "Reference Handler" daemon [_thread_blocked, id=5308, stack(0x0000000055fa0000,0x00000000560a0000)]
  0x0000000001cf8000 JavaThread "main" [_thread_in_vm, id=5768, stack(0x00000000020c0000,0x00000000021c0000)]

Other Threads:
  0x0000000054bea800 VMThread [stack: 0x0000000055e30000,0x0000000055f30000] [id=4188]
  0x0000000056334000 WatcherThread [stack: 0x0000000056eb0000,0x0000000056fb0000] [id=6112]

VM state:not at safepoint (normal execution)

VM Mutex/Monitor currently owned by a thread: None

Heap:
 PSYoungGen      total 18944K, used 6038K [0x00000000eab00000, 0x00000000ec000000, 0x0000000100000000)
  eden space 16384K, 36% used [0x00000000eab00000,0x00000000eb0e5ab0,0x00000000ebb00000)
  from space 2560K, 0% used [0x00000000ebd80000,0x00000000ebd80000,0x00000000ec000000)
  to   space 2560K, 0% used [0x00000000ebb00000,0x00000000ebb00000,0x00000000ebd80000)
 ParOldGen       total 44032K, used 0K [0x00000000c0000000, 0x00000000c2b00000, 0x00000000eab00000)
  object space 44032K, 0% used [0x00000000c0000000,0x00000000c0000000,0x00000000c2b00000)
 Metaspace       used 4578K, capacity 5872K, committed 6016K, reserved 1056768K
  class space    used 504K, capacity 552K, committed 640K, reserved 1048576K

Card table byte_map: [0x0000000011850000,0x0000000011a60000] byte_map_base: 0x0000000011250000

Marking Bits: (ParMarkBitMap*) 0x00000000700b2f70
 Begin Bits: [0x0000000012060000, 0x0000000013060000)
 End Bits:   [0x0000000013060000, 0x0000000014060000)

Polling page: 0x0000000001b40000

CodeCache: size=245760Kb used=1526Kb max_used=1526Kb free=244234Kb
 bounds [0x0000000002490000, 0x0000000002700000, 0x0000000011490000]
 total_blobs=491 nmethods=233 adapters=171
 compilation: enabled

Compilation events (10 events):
Event: 2.623 Thread 0x000000005626a800 nmethod 229 0x000000000260bfd0 code [0x000000000260c140, 0x000000000260c368]
Event: 2.624 Thread 0x000000005626a800  230       3       java.security.CodeSource::hashCode (17 bytes)
Event: 2.625 Thread 0x000000005626a800 nmethod 230 0x000000000260c450 code [0x000000000260c5e0, 0x000000000260cb48]
Event: 2.625 Thread 0x000000005626a800  231  s    3       java.net.URL::hashCode (30 bytes)
Event: 2.625 Thread 0x000000005626a800 nmethod 231 0x000000000260ccd0 code [0x000000000260ce40, 0x000000000260d268]
Event: 2.625 Thread 0x000000005626a800  232       3       java.lang.ReflectiveOperationException::<init> (7 bytes)
Event: 2.625 Thread 0x000000005626a800 nmethod 232 0x000000000260d350 code [0x000000000260d4c0, 0x000000000260d6a8]
Event: 2.626 Thread 0x000000005626a800  233       3       java.lang.Exception::<init> (7 bytes)
Event: 2.626 Thread 0x000000005626a800 nmethod 233 0x000000000260d790 code [0x000000000260d900, 0x000000000260da88]
Event: 2.626 Thread 0x000000005626a800  235   !   3       java.net.URL::<init> (543 bytes)

GC Heap History (0 events):
No events

Deoptimization events (0 events):
No events

Internal exceptions (2 events):
Event: 0.054 Thread 0x0000000001cf8000 Exception <a 'java/lang/NoSuchMethodError': Method sun.misc.Unsafe.defineClass(Ljava/lang/String;[BII)Ljava/lang/Class; name or signature does not match> (0x00000000eab07cc0) thrown at [C:\re\workspace\8-2-build-windows-amd64-cygwin\jdk8u91\7017\hotspot\sr‰¾Ž¥¡²«?
Event: 0.054 Thread 0x0000000001cf8000 Exception <a 'java/lang/NoSuchMethodError': Method sun.misc.Unsafe.prefetchRead(Ljava/lang/Object;J)V name or signature does not match> (0x00000000eab07fa8) thrown at [C:\re\workspace\8-2-build-windows-amd64-cygwin\jdk8u91\7017\hotspot\src\share\vm\prims\j

Events (10 events):
Event: 2.597 loading class com/android/dx/ssa/BasicRegisterMapper
Event: 2.597 loading class com/android/dx/ssa/BasicRegisterMapper done
Event: 2.612 loading class com/android/dx/ssa/back/LivenessAnalyzer
Event: 2.612 loading class com/android/dx/ssa/back/LivenessAnalyzer done
Event: 2.622 loading class com/android/dx/ssa/back/InterferenceGraph
Event: 2.622 loading class com/android/dx/ssa/back/InterferenceGraph done
Event: 2.624 loading class com/android/dx/ssa/back/LivenessAnalyzer$NextFunction
Event: 2.624 loading class com/android/dx/ssa/back/LivenessAnalyzer$NextFunction done
Event: 2.625 loading class com/android/dx/ssa/back/LivenessAnalyzer$1
Event: 2.625 loading class com/android/dx/ssa/back/LivenessAnalyzer$1 done


Dynamic libraries:
0x000000013fa30000 - 0x000000013fa67000 	C:\Program Files\Java\jdk1.8.0_91\bin\java.exe
0x0000000076ee0000 - 0x000000007708a000 	C:\Windows\SYSTEM32\ntdll.dll
0x0000000076cc0000 - 0x0000000076ddf000 	C:\Windows\system32\kernel32.dll
0x000007fefced0000 - 0x000007fefcf3a000 	C:\Windows\system32\KERNELBASE.dll
0x000007fefd410000 - 0x000007fefd4eb000 	C:\Windows\system32\ADVAPI32.dll
0x000007feff150000 - 0x000007feff1ef000 	C:\Windows\system32\msvcrt.dll
0x000007fefe7d0000 - 0x000007fefe7ef000 	C:\Windows\SYSTEM32\sechost.dll
0x000007fefec20000 - 0x000007fefed4d000 	C:\Windows\system32\RPCRT4.dll
0x0000000076de0000 - 0x0000000076eda000 	C:\Windows\system32\USER32.dll
0x000007fefd070000 - 0x000007fefd0d7000 	C:\Windows\system32\GDI32.dll
0x000007fefeee0000 - 0x000007fefeeee000 	C:\Windows\system32\LPK.dll
0x000007fefe820000 - 0x000007fefe8ea000 	C:\Windows\system32\USP10.dll
0x000007fefbcd0000 - 0x000007fefbec4000 	C:\Windows\WinSxS\amd64_microsoft.windows.common-controls_6595b64144ccf1df_6.0.7601.17514_none_fa396087175ac9ac\COMCTL32.dll
0x000007fefeef0000 - 0x000007fefef61000 	C:\Windows\system32\SHLWAPI.dll
0x000007fefe7f0000 - 0x000007fefe81e000 	C:\Windows\system32\IMM32.DLL
0x000007fefd2f0000 - 0x000007fefd3f9000 	C:\Windows\system32\MSCTF.dll
0x0000000072280000 - 0x0000000072352000 	C:\Program Files\Java\jdk1.8.0_91\jre\bin\msvcr100.dll
0x000000006f8a0000 - 0x0000000070133000 	C:\Program Files\Java\jdk1.8.0_91\jre\bin\server\jvm.dll
0x000007fef1c80000 - 0x000007fef1c89000 	C:\Windows\system32\WSOCK32.dll
0x000007fefe8f0000 - 0x000007fefe93d000 	C:\Windows\system32\WS2_32.dll
0x000007fefd400000 - 0x000007fefd408000 	C:\Windows\system32\NSI.dll
0x000007fefac10000 - 0x000007fefac4b000 	C:\Windows\system32\WINMM.dll
0x000007fefb970000 - 0x000007fefb97c000 	C:\Windows\system32\VERSION.dll
0x00000000770b0000 - 0x00000000770b7000 	C:\Windows\system32\PSAPI.DLL
0x00000000744f0000 - 0x00000000744ff000 	C:\Program Files\Java\jdk1.8.0_91\jre\bin\verify.dll
0x00000000744c0000 - 0x00000000744e9000 	C:\Program Files\Java\jdk1.8.0_91\jre\bin\java.dll
0x00000000744a0000 - 0x00000000744b6000 	C:\Program Files\Java\jdk1.8.0_91\jre\bin\zip.dll
0x000007fefd9e0000 - 0x000007fefe768000 	C:\Windows\system32\SHELL32.dll
0x000007fefd0e0000 - 0x000007fefd2e3000 	C:\Windows\system32\ole32.dll
0x000007fefcc20000 - 0x000007fefcc2f000 	C:\Windows\system32\profapi.dll

VM Arguments:
jvm_args: -Djava.awt.headless=true -Xmx1024M -Dfile.encoding=windows-1256 -Duser.country=US -Duser.language=en -Duser.variant 
java_command: com.android.dx.command.Main --dex --force-jumbo --output E:\User\AndroidStudioProjects\Sunshine-Version-2\app\build\intermediates\pre-dexed\debug\instant-run_bdad2f8fe3a1ff2c2b373d24a9d7be698eab1c3f.jar E:\User\AndroidStudioProjects\Sunshine-Version-2\app\build\intermediates\incremental-runtime-classes\debug\instant-run.jar
java_class_path (initial): E:\User\AppData\Local\Android\sdk\build-tools\21.1.2\lib\dx.jar
Launcher Type: SUN_STANDARD

Environment Variables:
PATH=C:\oracle\product\10.2.0\db_2\bin;C:\oracle\product\10.2.0\db_1\bin;C:\ProgramData\Oracle\Java\javapath;C:\Windows\System32;C:\Windows\SysWOW64;C:\opencv248\build\x86\vc10\bin;C:\Python27;C:\Program Files (x86)\CodeBlocks\MinGW\bin;E:\programs\Matlab\R2013a\bin;C:\Program Files\IVI Foundation\VISA\Win64\Bin\;C:\Program Files (x86)\IVI Foundation\VISA\WinNT\Bin\;C:\Program Files (x86)\IVI Foundation\VISA\WinNT\Bin;C:\Program Files (x86)\Tesseract-OCR;E:\User\AppData\Local\Android\sdk\tools\lib;E:\Program Files\Git\cmd;E:\User\AppData\Local\Android\sdk\platform-tools;C:\Program Files\Canopy\User;C:\Program Files\Canopy\User\Scripts
USERNAME=user
OS=Windows_NT
PROCESSOR_IDENTIFIER=Intel64 Family 6 Model 58 Stepping 9, GenuineIntel



---------------  S Y S T E M  ---------------

OS: Windows 7 , 64 bit Build 7601 (6.1.7601.23572)

CPU:total 4 (2 cores per cpu, 2 threads per core) family 6 model 58 stepping 9, cmov, cx8, fxsr, mmx, sse, sse2, sse3, ssse3, sse4.1, sse4.2, popcnt, avx, aes, clmul, erms, ht, tsc, tscinvbit, tscinv

Memory: 4k page, physical 4094316k(82412k free), swap 5601120k(4764k free)

vm_info: Java HotSpot(TM) 64-Bit Server VM (25.91-b15) for windows-amd64 JRE (1.8.0_91-b15), built on May 20 2016 17:43:15 by "java_re" with MS VC++ 10.0 (VS2010)

time: Thu Jun 22 10:44:48 2017
elapsed time: 2 seconds (0d 0h 0m 2s)

