#
# There is insufficient memory for the Java Runtime Environment to continue.
# Native memory allocation (malloc) failed to allocate 1061104 bytes for Chunk::new
# Possible reasons:
#   The system is out of physical RAM or swap space
#   In 32 bit mode, the process size limit was hit
# Possible solutions:
#   Reduce memory load on the system
#   Increase physical memory or swap space
#   Check if swap backing store is full
#   Use 64 bit Java on a 64 bit OS
#   Decrease Java heap size (-Xmx/-Xms)
#   Decrease number of Java threads
#   Decrease Java thread stack sizes (-Xss)
#   Set larger code cache with -XX:ReservedCodeCacheSize=
# This output file may be truncated or incomplete.
#
#  Out of Memory Error (allocation.cpp:390), pid=5472, tid=6000
#
# JRE version: Java(TM) SE Runtime Environment (8.0_91-b15) (build 1.8.0_91-b15)
# Java VM: Java HotSpot(TM) 64-Bit Server VM (25.91-b15 mixed mode windows-amd64 compressed oops)
# Failed to write core dump. Minidumps are not enabled by default on client versions of Windows
#

---------------  T H R E A D  ---------------

Current thread (0x00000000561c4800):  JavaThread "C2 CompilerThread0" daemon [_thread_in_native, id=6000, stack(0x0000000056970000,0x0000000056a70000)]

Stack: [0x0000000056970000,0x0000000056a70000]
[error occurred during error reporting (printing stack bounds), id 0xc0000005]

Native frames: (J=compiled Java code, j=interpreted, Vv=VM code, C=native code)


Current CompileTask:
C2:  22465 1995   !   4       com.android.dx.cf.code.BytecodeArray::parseInstruction (2764 bytes)


---------------  P R O C E S S  ---------------

Java Threads: ( => current thread )
  0x0000000056240000 JavaThread "Service Thread" daemon [_thread_blocked, id=5424, stack(0x00000000565e0000,0x00000000566e0000)]
  0x00000000561cb000 JavaThread "C1 CompilerThread2" daemon [_thread_blocked, id=2688, stack(0x0000000056ca0000,0x0000000056da0000)]
  0x00000000561ca000 JavaThread "C2 CompilerThread1" daemon [_thread_in_native, id=4776, stack(0x0000000056b40000,0x0000000056c40000)]
=>0x00000000561c4800 JavaThread "C2 CompilerThread0" daemon [_thread_in_native, id=6000, stack(0x0000000056970000,0x0000000056a70000)]
  0x0000000054e20000 JavaThread "Attach Listener" daemon [_thread_blocked, id=2540, stack(0x0000000056720000,0x0000000056820000)]
  0x0000000054e2f000 JavaThread "Signal Dispatcher" daemon [_thread_blocked, id=5416, stack(0x0000000055fb0000,0x00000000560b0000)]
  0x0000000054e09800 JavaThread "Finalizer" daemon [_thread_blocked, id=6112, stack(0x00000000560c0000,0x00000000561c0000)]
  0x0000000054dc2000 JavaThread "Reference Handler" daemon [_thread_blocked, id=5820, stack(0x0000000055e40000,0x0000000055f40000)]
  0x0000000001da8000 JavaThread "main" [_thread_in_Java, id=5676, stack(0x0000000002140000,0x0000000002240000)]

Other Threads:
  0x0000000054dba800 VMThread [stack: 0x0000000055d30000,0x0000000055e30000] [id=4904]
  0x00000000561dd800 WatcherThread [stack: 0x0000000056820000,0x0000000056920000] [id=2584]

VM state:not at safepoint (normal execution)

VM Mutex/Monitor currently owned by a thread: None

Heap:
 PSYoungGen      total 68096K, used 30544K [0x00000000eab00000, 0x00000000ef000000, 0x0000000100000000)
  eden space 65536K, 46% used [0x00000000eab00000,0x00000000ec8d42d0,0x00000000eeb00000)
  from space 2560K, 0% used [0x00000000eed80000,0x00000000eed80000,0x00000000ef000000)
  to   space 2560K, 0% used [0x00000000eeb00000,0x00000000eeb00000,0x00000000eed80000)
 ParOldGen       total 44032K, used 43923K [0x00000000c0000000, 0x00000000c2b00000, 0x00000000eab00000)
  object space 44032K, 99% used [0x00000000c0000000,0x00000000c2ae4e88,0x00000000c2b00000)
 Metaspace       used 6464K, capacity 7408K, committed 7552K, reserved 1056768K
  class space    used 606K, capacity 616K, committed 640K, reserved 1048576K

Card table byte_map: [0x00000000118d0000,0x0000000011ae0000] byte_map_base: 0x00000000112d0000

Marking Bits: (ParMarkBitMap*) 0x000000006d392f70
 Begin Bits: [0x0000000012230000, 0x0000000013230000)
 End Bits:   [0x0000000013230000, 0x0000000014230000)

Polling page: 0x0000000000310000

CodeCache: size=245760Kb used=9318Kb max_used=9318Kb free=236441Kb
 bounds [0x0000000002510000, 0x0000000002e30000, 0x0000000011510000]
 total_blobs=2381 nmethods=2116 adapters=177
 compilation: disabled (not enough contiguous free space left)

Compilation events (10 events):
Event: 22.121 Thread 0x00000000561cb000 2138       2       java.lang.StringBuilder::<init> (6 bytes)
Event: 22.122 Thread 0x00000000561cb000 nmethod 2138 0x0000000002dfab10 code [0x0000000002dfac60, 0x0000000002dfae50]
Event: 22.122 Thread 0x00000000561cb000 2139       2       com.android.dx.dex.file.ProtoIdItem::makeShortForm (74 bytes)
Event: 22.123 Thread 0x00000000561cb000 nmethod 2139 0x0000000002dfaf10 code [0x0000000002dfb100, 0x0000000002dfb808]
Event: 22.123 Thread 0x00000000561cb000 2140       2       com.android.dx.dex.file.TypeListItem::<init> (21 bytes)
Event: 22.123 Thread 0x00000000561cb000 nmethod 2140 0x0000000002dfc210 code [0x0000000002dfc380, 0x0000000002dfc558]
Event: 22.123 Thread 0x00000000561cb000 2141       2       com.android.dx.dex.file.ProtoIdItem::<init> (60 bytes)
Event: 22.124 Thread 0x00000000561cb000 nmethod 2141 0x0000000002dfc610 code [0x0000000002dfc7a0, 0x0000000002dfcb28]
Event: 22.124 Thread 0x00000000561cb000 2142       3       com.android.dx.rop.cst.CstString::stringToUtf8Bytes (175 bytes)
Event: 22.125 Thread 0x00000000561cb000 nmethod 2142 0x0000000002dfcd10 code [0x0000000002dfcee0, 0x0000000002dfd758]

GC Heap History (10 events):
Event: 11.932 GC heap before
{Heap before GC invocations=5 (full 0):
 PSYoungGen      total 68096K, used 68072K [0x00000000eab00000, 0x00000000ef000000, 0x0000000100000000)
  eden space 65536K, 100% used [0x00000000eab00000,0x00000000eeb00000,0x00000000eeb00000)
  from space 2560K, 99% used [0x00000000eed80000,0x00000000eeffa200,0x00000000ef000000)
  to   space 2560K, 0% used [0x00000000eeb00000,0x00000000eeb00000,0x00000000eed80000)
 ParOldGen       total 44032K, used 14022K [0x00000000c0000000, 0x00000000c2b00000, 0x00000000eab00000)
  object space 44032K, 31% used [0x00000000c0000000,0x00000000c0db1b00,0x00000000c2b00000)
 Metaspace       used 6075K, capacity 7088K, committed 7296K, reserved 1056768K
  class space    used 585K, capacity 616K, committed 640K, reserved 1048576K
Event: 12.382 GC heap after
Heap after GC invocations=5 (full 0):
 PSYoungGen      total 68096K, used 2557K [0x00000000eab00000, 0x00000000ef000000, 0x0000000100000000)
  eden space 65536K, 0% used [0x00000000eab00000,0x00000000eab00000,0x00000000eeb00000)
  from space 2560K, 99% used [0x00000000eeb00000,0x00000000eed7f710,0x00000000eed80000)
  to   space 2560K, 0% used [0x00000000eed80000,0x00000000eed80000,0x00000000ef000000)
 ParOldGen       total 44032K, used 24719K [0x00000000c0000000, 0x00000000c2b00000, 0x00000000eab00000)
  object space 44032K, 56% used [0x00000000c0000000,0x00000000c1823ee8,0x00000000c2b00000)
 Metaspace       used 6075K, capacity 7088K, committed 7296K, reserved 1056768K
  class space    used 585K, capacity 616K, committed 640K, reserved 1048576K
}
Event: 13.295 GC heap before
{Heap before GC invocations=6 (full 0):
 PSYoungGen      total 68096K, used 68093K [0x00000000eab00000, 0x00000000ef000000, 0x0000000100000000)
  eden space 65536K, 100% used [0x00000000eab00000,0x00000000eeb00000,0x00000000eeb00000)
  from space 2560K, 99% used [0x00000000eeb00000,0x00000000eed7f710,0x00000000eed80000)
  to   space 2560K, 0% used [0x00000000eed80000,0x00000000eed80000,0x00000000ef000000)
 ParOldGen       total 44032K, used 24719K [0x00000000c0000000, 0x00000000c2b00000, 0x00000000eab00000)
  object space 44032K, 56% used [0x00000000c0000000,0x00000000c1823ee8,0x00000000c2b00000)
 Metaspace       used 6162K, capacity 7152K, committed 7296K, reserved 1056768K
  class space    used 586K, capacity 616K, committed 640K, reserved 1048576K
Event: 14.182 GC heap after
Heap after GC invocations=6 (full 0):
 PSYoungGen      total 68096K, used 2543K [0x00000000eab00000, 0x00000000ef000000, 0x0000000100000000)
  eden space 65536K, 0% used [0x00000000eab00000,0x00000000eab00000,0x00000000eeb00000)
  from space 2560K, 99% used [0x00000000eed80000,0x00000000eeffbde0,0x00000000ef000000)
  to   space 2560K, 0% used [0x00000000eeb00000,0x00000000eeb00000,0x00000000eed80000)
 ParOldGen       total 44032K, used 34908K [0x00000000c0000000, 0x00000000c2b00000, 0x00000000eab00000)
  object space 44032K, 79% used [0x00000000c0000000,0x00000000c2217200,0x00000000c2b00000)
 Metaspace       used 6162K, capacity 7152K, committed 7296K, reserved 1056768K
  class space    used 586K, capacity 616K, committed 640K, reserved 1048576K
}
Event: 14.182 GC heap before
{Heap before GC invocations=7 (full 1):
 PSYoungGen      total 68096K, used 2543K [0x00000000eab00000, 0x00000000ef000000, 0x0000000100000000)
  eden space 65536K, 0% used [0x00000000eab00000,0x00000000eab00000,0x00000000eeb00000)
  from space 2560K, 99% used [0x00000000eed80000,0x00000000eeffbde0,0x00000000ef000000)
  to   space 2560K, 0% used [0x00000000eeb00000,0x00000000eeb00000,0x00000000eed80000)
 ParOldGen       total 44032K, used 34908K [0x00000000c0000000, 0x00000000c2b00000, 0x00000000eab00000)
  object space 44032K, 79% used [0x00000000c0000000,0x00000000c2217200,0x00000000c2b00000)
 Metaspace       used 6162K, capacity 7152K, committed 7296K, reserved 1056768K
  class space    used 586K, capacity 616K, committed 640K, reserved 1048576K
Event: 18.457 GC heap after
Heap after GC invocations=7 (full 1):
 PSYoungGen      total 68096K, used 0K [0x00000000eab00000, 0x00000000ef000000, 0x0000000100000000)
  eden space 65536K, 0% used [0x00000000eab00000,0x00000000eab00000,0x00000000eeb00000)
  from space 2560K, 0% used [0x00000000eed80000,0x00000000eed80000,0x00000000ef000000)
  to   space 2560K, 0% used [0x00000000eeb00000,0x00000000eeb00000,0x00000000eed80000)
 ParOldGen       total 44032K, used 34273K [0x00000000c0000000, 0x00000000c2b00000, 0x00000000eab00000)
  object space 44032K, 77% used [0x00000000c0000000,0x00000000c2178428,0x00000000c2b00000)
 Metaspace       used 6162K, capacity 7152K, committed 7296K, reserved 1056768K
  class space    used 586K, capacity 616K, committed 640K, reserved 1048576K
}
Event: 19.915 GC heap before
{Heap before GC invocations=8 (full 2):
 PSYoungGen      total 68096K, used 65536K [0x00000000eab00000, 0x00000000ef000000, 0x0000000100000000)
  eden space 65536K, 100% used [0x00000000eab00000,0x00000000eeb00000,0x00000000eeb00000)
  from space 2560K, 0% used [0x00000000eed80000,0x00000000eed80000,0x00000000ef000000)
  to   space 2560K, 0% used [0x00000000eeb00000,0x00000000eeb00000,0x00000000eed80000)
 ParOldGen       total 44032K, used 34273K [0x00000000c0000000, 0x00000000c2b00000, 0x00000000eab00000)
  object space 44032K, 77% used [0x00000000c0000000,0x00000000c2178428,0x00000000c2b00000)
 Metaspace       used 6172K, capacity 7152K, committed 7296K, reserved 1056768K
  class space    used 586K, capacity 616K, committed 640K, reserved 1048576K
Event: 20.926 GC heap after
Heap after GC invocations=8 (full 2):
 PSYoungGen      total 68096K, used 0K [0x00000000eab00000, 0x00000000ef000000, 0x0000000100000000)
  eden space 65536K, 0% used [0x00000000eab00000,0x00000000eab00000,0x00000000eeb00000)
  from space 2560K, 0% used [0x00000000eed80000,0x00000000eed80000,0x00000000ef000000)
  to   space 2560K, 0% used [0x00000000eeb00000,0x00000000eeb00000,0x00000000eed80000)
 ParOldGen       total 44032K, used 42478K [0x00000000c0000000, 0x00000000c2b00000, 0x00000000eab00000)
  object space 44032K, 96% used [0x00000000c0000000,0x00000000c297b930,0x00000000c2b00000)
 Metaspace       used 6172K, capacity 7152K, committed 7296K, reserved 1056768K
  class space    used 586K, capacity 616K, committed 640K, reserved 1048576K
}
Event: 21.452 GC heap before
{Heap before GC invocations=9 (full 3):
 PSYoungGen      total 68096K, used 65536K [0x00000000eab00000, 0x00000000ef000000, 0x0000000100000000)
  eden space 65536K, 100% used [0x00000000eab00000,0x00000000eeb00000,0x00000000eeb00000)
  from space 2560K, 0% used [0x00000000eed80000,0x00000000eed80000,0x00000000ef000000)
  to   space 2560K, 0% used [0x00000000eeb00000,0x00000000eeb00000,0x00000000eed80000)
 ParOldGen       total 44032K, used 42478K [0x00000000c0000000, 0x00000000c2b00000, 0x00000000eab00000)
  object space 44032K, 96% used [0x00000000c0000000,0x00000000c297b930,0x00000000c2b00000)
 Metaspace       used 6176K, capacity 7152K, committed 7296K, reserved 1056768K
  class space    used 586K, capacity 616K, committed 640K, reserved 1048576K
Event: 21.914 GC heap after
Heap after GC invocations=9 (full 3):
 PSYoungGen      total 68096K, used 8249K [0x00000000eab00000, 0x00000000ef000000, 0x0000000100000000)
  eden space 65536K, 12% used [0x00000000eab00000,0x00000000eb30e458,0x00000000eeb00000)
  from space 2560K, 0% used [0x00000000eed80000,0x00000000eed80000,0x00000000ef000000)
  to   space 2560K, 0% used [0x00000000eeb00000,0x00000000eeb00000,0x00000000eed80000)
 ParOldGen       total 44032K, used 43923K [0x00000000c0000000, 0x00000000c2b00000, 0x00000000eab00000)
  object space 44032K, 99% used [0x00000000c0000000,0x00000000c2ae4e88,0x00000000c2b00000)
 Metaspace       used 6176K, capacity 7152K, committed 7296K, reserved 1056768K
  class space    used 586K, capacity 616K, committed 640K, reserved 1048576K
}

Deoptimization events (10 events):
Event: 19.748 Thread 0x0000000001da8000 Uncommon trap: reason=bimorphic action=maybe_recompile pc=0x0000000002bf53f8 method=com.android.dx.cf.code.BytecodeArray.parseInstruction(ILcom/android/dx/cf/code/BytecodeArray$Visitor;)I @ 1287
Event: 19.748 Thread 0x0000000001da8000 Uncommon trap: reason=bimorphic action=maybe_recompile pc=0x0000000002bf53f8 method=com.android.dx.cf.code.BytecodeArray.parseInstruction(ILcom/android/dx/cf/code/BytecodeArray$Visitor;)I @ 1287
Event: 21.272 Thread 0x0000000001da8000 Uncommon trap: reason=unstable_if action=reinterpret pc=0x0000000002abadf0 method=com.android.dx.ssa.MoveParamCombiner$1.visitNonMoveInsn(Lcom/android/dx/ssa/NormalSsaInsn;)V @ 27
Event: 21.274 Thread 0x0000000001da8000 Uncommon trap: reason=unstable_if action=reinterpret pc=0x0000000002c94234 method=com.android.dx.cf.code.Ropper.isSynchronized()Z @ 12
Event: 21.933 Thread 0x0000000001da8000 Uncommon trap: reason=class_check action=maybe_recompile pc=0x0000000002a480f8 method=java.util.Arrays.hashCode([Ljava/lang/Object;)I @ 43
Event: 21.933 Thread 0x0000000001da8000 Uncommon trap: reason=class_check action=maybe_recompile pc=0x0000000002a480f8 method=java.util.Arrays.hashCode([Ljava/lang/Object;)I @ 43
Event: 21.934 Thread 0x0000000001da8000 Uncommon trap: reason=class_check action=maybe_recompile pc=0x0000000002a480f8 method=java.util.Arrays.hashCode([Ljava/lang/Object;)I @ 43
Event: 21.934 Thread 0x0000000001da8000 Uncommon trap: reason=class_check action=maybe_recompile pc=0x0000000002a480f8 method=java.util.Arrays.hashCode([Ljava/lang/Object;)I @ 43
Event: 21.934 Thread 0x0000000001da8000 Uncommon trap: reason=class_check action=maybe_recompile pc=0x000000000299c1f4 method=java.util.Arrays.hashCode([Ljava/lang/Object;)I @ 43
Event: 21.972 Thread 0x0000000001da8000 Uncommon trap: reason=class_check action=maybe_recompile pc=0x00000000029e52b4 method=java.util.HashMap.putVal(ILjava/lang/Object;Ljava/lang/Object;ZZ)Ljava/lang/Object; @ 203

Internal exceptions (8 events):
Event: 0.056 Thread 0x0000000001da8000 Exception <a 'java/lang/NoSuchMethodError': Method sun.misc.Unsafe.defineClass(Ljava/lang/String;[BII)Ljava/lang/Class; name or signature does not match> (0x00000000eab07cc0) thrown at [C:\re\workspace\8-2-build-windows-amd64-cygwin\jdk8u91\7017\hotspot\sr•oµ(ü¬?
Event: 0.057 Thread 0x0000000001da8000 Exception <a 'java/lang/NoSuchMethodError': Method sun.misc.Unsafe.prefetchRead(Ljava/lang/Object;J)V name or signature does not match> (0x00000000eab07fa8) thrown at [C:\re\workspace\8-2-build-windows-amd64-cygwin\jdk8u91\7017\hotspot\src\share\vm\prims\j´ÌÉÀÂ@
Event: 4.940 Thread 0x0000000001da8000 Implicit null exception at 0x00000000029e8292 to 0x00000000029e8391
Event: 7.001 Thread 0x0000000001da8000 Exception <a 'java/lang/ArrayIndexOutOfBoundsException': 18> (0x00000000eb944528) thrown at [C:\re\workspace\8-2-build-windows-amd64-cygwin\jdk8u91\7017\hotspot\src\share\vm\interpreter\interpreterRuntime.cpp, line 366]
Event: 7.005 Thread 0x0000000001da8000 Exception <a 'java/lang/ArrayIndexOutOfBoundsException': 145> (0x00000000eb9460a8) thrown at [C:\re\workspace\8-2-build-windows-amd64-cygwin\jdk8u91\7017\hotspot\src\share\vm\interpreter\interpreterRuntime.cpp, line 366]
Event: 8.149 Thread 0x0000000001da8000 Exception <a 'java/lang/ArrayIndexOutOfBoundsException'> (0x00000000eb947390) thrown at [C:\re\workspace\8-2-build-windows-amd64-cygwin\jdk8u91\7017\hotspot\src\share\vm\runtime\sharedRuntime.cpp, line 605]
Event: 9.136 Thread 0x0000000001da8000 Implicit null exception at 0x0000000002af0824 to 0x0000000002af3cc5
Event: 13.129 Thread 0x0000000001da8000 Implicit null exception at 0x0000000002cdebe9 to 0x0000000002cdf4bd

Events (10 events):
Event: 22.005 Thread 0x0000000001da8000 DEOPT PACKING pc=0x0000000002de4ed2 sp=0x000000000223ef70
Event: 22.005 Thread 0x0000000001da8000 DEOPT UNPACKING pc=0x000000000255787f sp=0x000000000223ed00 mode 0
Event: 22.008 Thread 0x0000000001da8000 DEOPT PACKING pc=0x0000000002de3725 sp=0x000000000223eef0
Event: 22.008 Thread 0x0000000001da8000 DEOPT UNPACKING pc=0x000000000255787f sp=0x000000000223ec38 mode 0
Event: 22.033 Thread 0x0000000001da8000 DEOPT PACKING pc=0x0000000002de58fc sp=0x000000000223efa0
Event: 22.033 Thread 0x0000000001da8000 DEOPT UNPACKING pc=0x000000000255787f sp=0x000000000223ecf0 mode 0
Event: 22.052 Thread 0x0000000001da8000 DEOPT PACKING pc=0x0000000002de6530 sp=0x000000000223f030
Event: 22.052 Thread 0x0000000001da8000 DEOPT UNPACKING pc=0x000000000255787f sp=0x000000000223edb0 mode 0
Event: 22.116 loading class com/android/dx/dex/file/ProtoIdItem
Event: 22.116 loading class com/android/dx/dex/file/ProtoIdItem done


Dynamic libraries:
0x000000013f6c0000 - 0x000000013f6f7000 	C:\Program Files\Java\jdk1.8.0_91\bin\java.exe
0x0000000077a40000 - 0x0000000077bea000 	C:\Windows\SYSTEM32\ntdll.dll
0x0000000077920000 - 0x0000000077a3f000 	C:\Windows\system32\kernel32.dll
0x000007fefd7d0000 - 0x000007fefd83a000 	C:\Windows\system32\KERNELBASE.dll
0x000007fefebf0000 - 0x000007fefeccb000 	C:\Windows\system32\ADVAPI32.dll
0x000007fefeb50000 - 0x000007fefebef000 	C:\Windows\system32\msvcrt.dll
0x000007feff3c0000 - 0x000007feff3df000 	C:\Windows\SYSTEM32\sechost.dll
0x000007feff6c0000 - 0x000007feff7ed000 	C:\Windows\system32\RPCRT4.dll
0x0000000077820000 - 0x000000007791a000 	C:\Windows\system32\USER32.dll
0x000007fefea90000 - 0x000007fefeaf7000 	C:\Windows\system32\GDI32.dll
0x000007feff3b0000 - 0x000007feff3be000 	C:\Windows\system32\LPK.dll
0x000007fefe8c0000 - 0x000007fefe98a000 	C:\Windows\system32\USP10.dll
0x000007fefc7a0000 - 0x000007fefc994000 	C:\Windows\WinSxS\amd64_microsoft.windows.common-controls_6595b64144ccf1df_6.0.7601.17514_none_fa396087175ac9ac\COMCTL32.dll
0x000007feff090000 - 0x000007feff101000 	C:\Windows\system32\SHLWAPI.dll
0x000007feff870000 - 0x000007feff89e000 	C:\Windows\system32\IMM32.DLL
0x000007feff2a0000 - 0x000007feff3a9000 	C:\Windows\system32\MSCTF.dll
0x0000000073a40000 - 0x0000000073b12000 	C:\Program Files\Java\jdk1.8.0_91\jre\bin\msvcr100.dll
0x000000006cb80000 - 0x000000006d413000 	C:\Program Files\Java\jdk1.8.0_91\jre\bin\server\jvm.dll
0x000007fef36e0000 - 0x000007fef36e9000 	C:\Windows\system32\WSOCK32.dll
0x000007fefeb00000 - 0x000007fefeb4d000 	C:\Windows\system32\WS2_32.dll
0x000007feff080000 - 0x000007feff088000 	C:\Windows\system32\NSI.dll
0x000007fefb550000 - 0x000007fefb58b000 	C:\Windows\system32\WINMM.dll
0x000007fefc4a0000 - 0x000007fefc4ac000 	C:\Windows\system32\VERSION.dll
0x0000000077c00000 - 0x0000000077c07000 	C:\Windows\system32\PSAPI.DLL
0x0000000074930000 - 0x000000007493f000 	C:\Program Files\Java\jdk1.8.0_91\jre\bin\verify.dll
0x0000000074900000 - 0x0000000074929000 	C:\Program Files\Java\jdk1.8.0_91\jre\bin\java.dll
0x00000000748e0000 - 0x00000000748f6000 	C:\Program Files\Java\jdk1.8.0_91\jre\bin\zip.dll
0x000007fefdb30000 - 0x000007fefe8b8000 	C:\Windows\system32\SHELL32.dll
0x000007fefedd0000 - 0x000007fefefd3000 	C:\Windows\system32\ole32.dll
0x000007fefd780000 - 0x000007fefd78f000 	C:\Windows\system32\profapi.dll

VM Arguments:
jvm_args: -Djava.awt.headless=true -Xmx1024M -Dfile.encoding=windows-1256 -Duser.country=US -Duser.language=en -Duser.variant 
java_command: com.android.dx.command.Main --dex --force-jumbo --output E:\User\AndroidStudioProjects\Sunshine-Version-2\app\build\intermediates\pre-dexed\debug\com.android.support-support-v4-21.0.3_3035d9c83d7289f90d6f43d640a8c8de139a0846.jar E:\User\AndroidStudioProjects\Sunshine-Version-2\app\build\intermediates\exploded-aar\com.android.support\support-v4\21.0.3\jars\classes.jar
java_class_path (initial): E:\User\AppData\Local\Android\sdk\build-tools\21.1.2\lib\dx.jar
Launcher Type: SUN_STANDARD

Environment Variables:
PATH=C:\oracle\product\10.2.0\db_2\bin;C:\oracle\product\10.2.0\db_1\bin;C:\ProgramData\Oracle\Java\javapath;C:\Windows\System32;C:\Windows\SysWOW64;C:\opencv248\build\x86\vc10\bin;C:\Python27;C:\Program Files (x86)\CodeBlocks\MinGW\bin;E:\programs\Matlab\R2013a\bin;C:\Program Files\IVI Foundation\VISA\Win64\Bin\;C:\Program Files (x86)\IVI Foundation\VISA\WinNT\Bin\;C:\Program Files (x86)\IVI Foundation\VISA\WinNT\Bin;C:\Program Files (x86)\Tesseract-OCR;E:\User\AppData\Local\Android\sdk\tools\lib;E:\Program Files\Git\cmd;E:\User\AppData\Local\Android\sdk\platform-tools;C:\Program Files\Canopy\User;C:\Program Files\Canopy\User\Scripts
USERNAME=user
OS=Windows_NT
PROCESSOR_IDENTIFIER=Intel64 Family 6 Model 58 Stepping 9, GenuineIntel



---------------  S Y S T E M  ---------------

OS: Windows 7 , 64 bit Build 7601 (6.1.7601.23572)

CPU:total 4 (2 cores per cpu, 2 threads per core) family 6 model 58 stepping 9, cmov, cx8, fxsr, mmx, sse, sse2, sse3, ssse3, sse4.1, sse4.2, popcnt, avx, aes, clmul, erms, ht, tsc, tscinvbit, tscinv

Memory: 4k page, physical 4094316k(391928k free), swap 5386356k(622220k free)

vm_info: Java HotSpot(TM) 64-Bit Server VM (25.91-b15) for windows-amd64 JRE (1.8.0_91-b15), built on May 20 2016 17:43:15 by "java_re" with MS VC++ 10.0 (VS2010)

time: Wed Jun 07 06:25:58 2017
elapsed time: 23 seconds (0d 0h 0m 23s)

