#
# There is insufficient memory for the Java Runtime Environment to continue.
# Native memory allocation (malloc) failed to allocate 262160 bytes for Chunk::new
# Possible reasons:
#   The system is out of physical RAM or swap space
#   In 32 bit mode, the process size limit was hit
# Possible solutions:
#   Reduce memory load on the system
#   Increase physical memory or swap space
#   Check if swap backing store is full
#   Use 64 bit Java on a 64 bit OS
#   Decrease Java heap size (-Xmx/-Xms)
#   Decrease number of Java threads
#   Decrease Java thread stack sizes (-Xss)
#   Set larger code cache with -XX:ReservedCodeCacheSize=
# This output file may be truncated or incomplete.
#
#  Out of Memory Error (allocation.cpp:390), pid=12552, tid=11236
#
# JRE version: Java(TM) SE Runtime Environment (8.0_91-b15) (build 1.8.0_91-b15)
# Java VM: Java HotSpot(TM) 64-Bit Server VM (25.91-b15 mixed mode windows-amd64 compressed oops)
# Failed to write core dump. Minidumps are not enabled by default on client versions of Windows
#

---------------  T H R E A D  ---------------

Current thread (0x0000000056087000):  JavaThread "C2 CompilerThread1" daemon [_thread_in_native, id=11236, stack(0x0000000056990000,0x0000000056a90000)]

Stack: [0x0000000056990000,0x0000000056a90000]
[error occurred during error reporting (printing stack bounds), id 0xc0000005]

Native frames: (J=compiled Java code, j=interpreted, Vv=VM code, C=native code)


Current CompileTask:
C2:   4289 1498   !   4       com.android.dx.cf.code.BytecodeArray::parseInstruction (2764 bytes)


---------------  P R O C E S S  ---------------

Java Threads: ( => current thread )
  0x00000000560f2000 JavaThread "Service Thread" daemon [_thread_blocked, id=1164, stack(0x0000000056c50000,0x0000000056d50000)]
  0x0000000056088800 JavaThread "C1 CompilerThread2" daemon [_thread_blocked, id=10588, stack(0x0000000056610000,0x0000000056710000)]
=>0x0000000056087000 JavaThread "C2 CompilerThread1" daemon [_thread_in_native, id=11236, stack(0x0000000056990000,0x0000000056a90000)]
  0x0000000056085000 JavaThread "C2 CompilerThread0" daemon [_thread_in_native, id=1160, stack(0x0000000056880000,0x0000000056980000)]
  0x0000000056080800 JavaThread "Attach Listener" daemon [_thread_blocked, id=5696, stack(0x0000000056770000,0x0000000056870000)]
  0x0000000054e00800 JavaThread "Signal Dispatcher" daemon [_thread_blocked, id=7340, stack(0x0000000056500000,0x0000000056600000)]
  0x0000000054dec800 JavaThread "Finalizer" daemon [_thread_blocked, id=13236, stack(0x0000000001e60000,0x0000000001f60000)]
  0x0000000054da5800 JavaThread "Reference Handler" daemon [_thread_blocked, id=12624, stack(0x0000000055f80000,0x0000000056080000)]
  0x0000000001d98000 JavaThread "main" [_thread_blocked, id=12828, stack(0x0000000002170000,0x0000000002270000)]

Other Threads:
  0x0000000054d9e000 VMThread [stack: 0x0000000055df0000,0x0000000055ef0000] [id=7200]
  0x0000000056127000 WatcherThread [stack: 0x0000000056ad0000,0x0000000056bd0000] [id=800]

VM state:not at safepoint (normal execution)

VM Mutex/Monitor currently owned by a thread:  ([mutex/lock_event])
[0x0000000001d5ce40] Heap_lock - owner thread: 0x0000000001d98000

Heap:
 PSYoungGen      total 35328K, used 2550K [0x00000000eab00000, 0x00000000ed000000, 0x0000000100000000)
  eden space 32768K, 0% used [0x00000000eab00000,0x00000000eab00028,0x00000000ecb00000)
  from space 2560K, 99% used [0x00000000ecb00000,0x00000000ecd7da20,0x00000000ecd80000)
  to   space 2560K, 0% used [0x00000000ecd80000,0x00000000ecd80000,0x00000000ed000000)
 ParOldGen       total 44032K, used 8790K [0x00000000c0000000, 0x00000000c2b00000, 0x00000000eab00000)
  object space 44032K, 19% used [0x00000000c0000000,0x00000000c0895920,0x00000000c2b00000)
 Metaspace       used 6026K, capacity 7088K, committed 7296K, reserved 1056768K
  class space    used 584K, capacity 616K, committed 640K, reserved 1048576K

Card table byte_map: [0x0000000011900000,0x0000000011b10000] byte_map_base: 0x0000000011300000

Marking Bits: (ParMarkBitMap*) 0x0000000070332f70
 Begin Bits: [0x0000000012210000, 0x0000000013210000)
 End Bits:   [0x0000000013210000, 0x0000000014210000)

Polling page: 0x0000000000410000

CodeCache: size=245760Kb used=6400Kb max_used=6400Kb free=239359Kb
 bounds [0x0000000002540000, 0x0000000002b90000, 0x0000000011540000]
 total_blobs=1785 nmethods=1522 adapters=176
 compilation: enabled

Compilation events (10 events):
Event: 3.869 Thread 0x0000000056088800 1532       2       com.android.dx.rop.code.Rops::opPutField (97 bytes)
Event: 3.870 Thread 0x0000000056088800 nmethod 1532 0x0000000002b83f50 code [0x0000000002b84120, 0x0000000002b84678]
Event: 3.885 Thread 0x0000000056088800 1533       2       com.android.dx.cf.direct.FieldListParser::set (30 bytes)
Event: 3.886 Thread 0x0000000056088800 nmethod 1533 0x0000000002b84990 code [0x0000000002b84b40, 0x0000000002b85038]
Event: 3.887 Thread 0x0000000056088800 1534       2       com.android.dx.cf.iface.StdFieldList::get (9 bytes)
Event: 3.887 Thread 0x0000000056088800 nmethod 1534 0x0000000002b70890 code [0x0000000002b70a00, 0x0000000002b70bc8]
Event: 3.887 Thread 0x0000000056088800 1535       2       com.android.dx.dex.file.EncodedField::<init> (25 bytes)
Event: 3.888 Thread 0x0000000056088800 nmethod 1535 0x0000000002b70410 code [0x0000000002b70580, 0x0000000002b707a8]
Event: 3.888 Thread 0x0000000056088800 1536       2       com.android.dx.rop.cst.CstFieldRef::<init> (7 bytes)
Event: 3.888 Thread 0x0000000056088800 nmethod 1536 0x0000000002b856d0 code [0x0000000002b85840, 0x0000000002b859a8]

GC Heap History (6 events):
Event: 1.821 GC heap before
{Heap before GC invocations=1 (full 0):
 PSYoungGen      total 18944K, used 16384K [0x00000000eab00000, 0x00000000ec000000, 0x0000000100000000)
  eden space 16384K, 100% used [0x00000000eab00000,0x00000000ebb00000,0x00000000ebb00000)
  from space 2560K, 0% used [0x00000000ebd80000,0x00000000ebd80000,0x00000000ec000000)
  to   space 2560K, 0% used [0x00000000ebb00000,0x00000000ebb00000,0x00000000ebd80000)
 ParOldGen       total 44032K, used 0K [0x00000000c0000000, 0x00000000c2b00000, 0x00000000eab00000)
  object space 44032K, 0% used [0x00000000c0000000,0x00000000c0000000,0x00000000c2b00000)
 Metaspace       used 5562K, capacity 6768K, committed 7040K, reserved 1056768K
  class space    used 559K, capacity 616K, committed 640K, reserved 1048576K
Event: 2.075 GC heap after
Heap after GC invocations=1 (full 0):
 PSYoungGen      total 18944K, used 2554K [0x00000000eab00000, 0x00000000ed000000, 0x0000000100000000)
  eden space 16384K, 0% used [0x00000000eab00000,0x00000000eab00000,0x00000000ebb00000)
  from space 2560K, 99% used [0x00000000ebb00000,0x00000000ebd7eab8,0x00000000ebd80000)
  to   space 2560K, 0% used [0x00000000ecd80000,0x00000000ecd80000,0x00000000ed000000)
 ParOldGen       total 44032K, used 1787K [0x00000000c0000000, 0x00000000c2b00000, 0x00000000eab00000)
  object space 44032K, 4% used [0x00000000c0000000,0x00000000c01bed28,0x00000000c2b00000)
 Metaspace       used 5562K, capacity 6768K, committed 7040K, reserved 1056768K
  class space    used 559K, capacity 616K, committed 640K, reserved 1048576K
}
Event: 2.690 GC heap before
{Heap before GC invocations=2 (full 0):
 PSYoungGen      total 18944K, used 18938K [0x00000000eab00000, 0x00000000ed000000, 0x0000000100000000)
  eden space 16384K, 100% used [0x00000000eab00000,0x00000000ebb00000,0x00000000ebb00000)
  from space 2560K, 99% used [0x00000000ebb00000,0x00000000ebd7eab8,0x00000000ebd80000)
  to   space 2560K, 0% used [0x00000000ecd80000,0x00000000ecd80000,0x00000000ed000000)
 ParOldGen       total 44032K, used 1787K [0x00000000c0000000, 0x00000000c2b00000, 0x00000000eab00000)
  object space 44032K, 4% used [0x00000000c0000000,0x00000000c01bed28,0x00000000c2b00000)
 Metaspace       used 5862K, capacity 7024K, committed 7296K, reserved 1056768K
  class space    used 563K, capacity 616K, committed 640K, reserved 1048576K
Event: 2.936 GC heap after
Heap after GC invocations=2 (full 0):
 PSYoungGen      total 35328K, used 2544K [0x00000000eab00000, 0x00000000ed000000, 0x0000000100000000)
  eden space 32768K, 0% used [0x00000000eab00000,0x00000000eab00000,0x00000000ecb00000)
  from space 2560K, 99% used [0x00000000ecd80000,0x00000000ecffc038,0x00000000ed000000)
  to   space 2560K, 0% used [0x00000000ecb00000,0x00000000ecb00000,0x00000000ecd80000)
 ParOldGen       total 44032K, used 4130K [0x00000000c0000000, 0x00000000c2b00000, 0x00000000eab00000)
  object space 44032K, 9% used [0x00000000c0000000,0x00000000c04088d8,0x00000000c2b00000)
 Metaspace       used 5862K, capacity 7024K, committed 7296K, reserved 1056768K
  class space    used 563K, capacity 616K, committed 640K, reserved 1048576K
}
Event: 3.901 GC heap before
{Heap before GC invocations=3 (full 0):
 PSYoungGen      total 35328K, used 35312K [0x00000000eab00000, 0x00000000ed000000, 0x0000000100000000)
  eden space 32768K, 100% used [0x00000000eab00000,0x00000000ecb00000,0x00000000ecb00000)
  from space 2560K, 99% used [0x00000000ecd80000,0x00000000ecffc038,0x00000000ed000000)
  to   space 2560K, 0% used [0x00000000ecb00000,0x00000000ecb00000,0x00000000ecd80000)
 ParOldGen       total 44032K, used 4130K [0x00000000c0000000, 0x00000000c2b00000, 0x00000000eab00000)
  object space 44032K, 9% used [0x00000000c0000000,0x00000000c04088d8,0x00000000c2b00000)
 Metaspace       used 6026K, capacity 7088K, committed 7296K, reserved 1056768K
  class space    used 584K, capacity 616K, committed 640K, reserved 1048576K
Event: 4.280 GC heap after
Heap after GC invocations=3 (full 0):
 PSYoungGen      total 35328K, used 2550K [0x00000000eab00000, 0x00000000ed000000, 0x0000000100000000)
  eden space 32768K, 0% used [0x00000000eab00000,0x00000000eab00000,0x00000000ecb00000)
  from space 2560K, 99% used [0x00000000ecb00000,0x00000000ecd7da20,0x00000000ecd80000)
  to   space 2560K, 0% used [0x00000000ecd80000,0x00000000ecd80000,0x00000000ed000000)
 ParOldGen       total 44032K, used 8790K [0x00000000c0000000, 0x00000000c2b00000, 0x00000000eab00000)
  object space 44032K, 19% used [0x00000000c0000000,0x00000000c0895920,0x00000000c2b00000)
 Metaspace       used 6026K, capacity 7088K, committed 7296K, reserved 1056768K
  class space    used 584K, capacity 616K, committed 640K, reserved 1048576K
}

Deoptimization events (10 events):
Event: 2.978 Thread 0x0000000001d98000 Uncommon trap: reason=unstable_if action=reinterpret pc=0x0000000002ac5684 method=com.android.dx.util.LabeledList.set(ILcom/android/dx/util/LabeledItem;)V @ 16
Event: 2.988 Thread 0x0000000001d98000 Uncommon trap: reason=null_check action=make_not_entrant pc=0x0000000002869790 method=com.android.dx.ssa.SsaRenamer.getLocalForNewReg(I)Lcom/android/dx/rop/code/LocalItem; @ 19
Event: 3.665 Thread 0x0000000001d98000 Uncommon trap: reason=unstable_if action=reinterpret pc=0x00000000028b1cac method=java.util.HashMap.putVal(ILjava/lang/Object;Ljava/lang/Object;ZZ)Ljava/lang/Object; @ 162
Event: 3.669 Thread 0x0000000001d98000 Uncommon trap: reason=unstable_if action=reinterpret pc=0x0000000002ac9898 method=java.util.HashMap.getNode(ILjava/lang/Object;)Ljava/util/HashMap$Node; @ 84
Event: 3.701 Thread 0x0000000001d98000 Uncommon trap: reason=bimorphic action=maybe_recompile pc=0x0000000002b2c56c method=com.android.dx.cf.code.BytecodeArray.parseInstruction(ILcom/android/dx/cf/code/BytecodeArray$Visitor;)I @ 923
Event: 3.701 Thread 0x0000000001d98000 Uncommon trap: reason=bimorphic action=maybe_recompile pc=0x0000000002b2c4ec method=com.android.dx.cf.code.BytecodeArray.parseInstruction(ILcom/android/dx/cf/code/BytecodeArray$Visitor;)I @ 907
Event: 3.701 Thread 0x0000000001d98000 Uncommon trap: reason=bimorphic action=maybe_recompile pc=0x0000000002b2cc54 method=com.android.dx.cf.code.BytecodeArray.parseInstruction(ILcom/android/dx/cf/code/BytecodeArray$Visitor;)I @ 1224
Event: 3.701 Thread 0x0000000001d98000 Uncommon trap: reason=bimorphic action=maybe_recompile pc=0x0000000002b2c56c method=com.android.dx.cf.code.BytecodeArray.parseInstruction(ILcom/android/dx/cf/code/BytecodeArray$Visitor;)I @ 923
Event: 3.772 Thread 0x0000000001d98000 Uncommon trap: reason=class_check action=maybe_recompile pc=0x0000000002a3cf6c method=java.util.HashMap.putVal(ILjava/lang/Object;Ljava/lang/Object;ZZ)Ljava/lang/Object; @ 203
Event: 3.772 Thread 0x0000000001d98000 Uncommon trap: reason=class_check action=maybe_recompile pc=0x0000000002a3cf6c method=java.util.HashMap.putVal(ILjava/lang/Object;Ljava/lang/Object;ZZ)Ljava/lang/Object; @ 203

Internal exceptions (6 events):
Event: 0.130 Thread 0x0000000001d98000 Exception <a 'java/lang/NoSuchMethodError': Method sun.misc.Unsafe.defineClass(Ljava/lang/String;[BII)Ljava/lang/Class; name or signature does not match> (0x00000000eab07cc0) thrown at [C:\re\workspace\8-2-build-windows-amd64-cygwin\jdk8u91\7017\hotspot\srQíYe™À?
Event: 0.130 Thread 0x0000000001d98000 Exception <a 'java/lang/NoSuchMethodError': Method sun.misc.Unsafe.prefetchRead(Ljava/lang/Object;J)V name or signature does not match> (0x00000000eab07fa8) thrown at [C:\re\workspace\8-2-build-windows-amd64-cygwin\jdk8u91\7017\hotspot\src\share\vm\prims\j‰ŽÅÉ*ç@
Event: 2.988 Thread 0x0000000001d98000 Implicit null exception at 0x000000000286801f to 0x0000000002869745
Event: 3.667 Thread 0x0000000001d98000 Exception <a 'java/lang/ArrayIndexOutOfBoundsException': 18> (0x00000000eb951cb0) thrown at [C:\re\workspace\8-2-build-windows-amd64-cygwin\jdk8u91\7017\hotspot\src\share\vm\interpreter\interpreterRuntime.cpp, line 366]
Event: 3.668 Thread 0x0000000001d98000 Exception <a 'java/lang/ArrayIndexOutOfBoundsException'> (0x00000000eb953830) thrown at [C:\re\workspace\8-2-build-windows-amd64-cygwin\jdk8u91\7017\hotspot\src\share\vm\runtime\sharedRuntime.cpp, line 605]
Event: 3.669 Thread 0x0000000001d98000 Exception <a 'java/lang/ArrayIndexOutOfBoundsException'> (0x00000000eb954b18) thrown at [C:\re\workspace\8-2-build-windows-amd64-cygwin\jdk8u91\7017\hotspot\src\share\vm\runtime\sharedRuntime.cpp, line 605]

Events (10 events):
Event: 3.701 Thread 0x0000000001d98000 DEOPT PACKING pc=0x0000000002b2c56c sp=0x000000000226e210
Event: 3.701 Thread 0x0000000001d98000 DEOPT UNPACKING pc=0x000000000258582a sp=0x000000000226e1a8 mode 2
Event: 3.772 Thread 0x0000000001d98000 Uncommon trap: trap_request=0xffffffde fr.pc=0x0000000002a3cf6c
Event: 3.772 Thread 0x0000000001d98000 DEOPT PACKING pc=0x0000000002a3cf6c sp=0x000000000226e290
Event: 3.772 Thread 0x0000000001d98000 DEOPT UNPACKING pc=0x000000000258582a sp=0x000000000226e218 mode 2
Event: 3.772 Thread 0x0000000001d98000 Uncommon trap: trap_request=0xffffffde fr.pc=0x0000000002a3cf6c
Event: 3.772 Thread 0x0000000001d98000 DEOPT PACKING pc=0x0000000002a3cf6c sp=0x000000000226e290
Event: 3.772 Thread 0x0000000001d98000 DEOPT UNPACKING pc=0x000000000258582a sp=0x000000000226e218 mode 2
Event: 3.901 Executing VM operation: ParallelGCFailedAllocation
Event: 4.281 Executing VM operation: ParallelGCFailedAllocation done


Dynamic libraries:
0x000000013f6a0000 - 0x000000013f6d7000 	C:\Program Files\Java\jdk1.8.0_91\bin\java.exe
0x0000000077610000 - 0x00000000777ba000 	C:\Windows\SYSTEM32\ntdll.dll
0x00000000773f0000 - 0x000000007750f000 	C:\Windows\system32\kernel32.dll
0x000007fefd360000 - 0x000007fefd3ca000 	C:\Windows\system32\KERNELBASE.dll
0x000007fefebc0000 - 0x000007fefec9b000 	C:\Windows\system32\ADVAPI32.dll
0x000007feff510000 - 0x000007feff5af000 	C:\Windows\system32\msvcrt.dll
0x000007fefeba0000 - 0x000007fefebbf000 	C:\Windows\SYSTEM32\sechost.dll
0x000007fefdb70000 - 0x000007fefdc9d000 	C:\Windows\system32\RPCRT4.dll
0x0000000077510000 - 0x000000007760a000 	C:\Windows\system32\USER32.dll
0x000007feff7e0000 - 0x000007feff847000 	C:\Windows\system32\GDI32.dll
0x000007feff7d0000 - 0x000007feff7de000 	C:\Windows\system32\LPK.dll
0x000007feff850000 - 0x000007feff91a000 	C:\Windows\system32\USP10.dll
0x000007fefc400000 - 0x000007fefc5f4000 	C:\Windows\WinSxS\amd64_microsoft.windows.common-controls_6595b64144ccf1df_6.0.7601.17514_none_fa396087175ac9ac\COMCTL32.dll
0x000007fefda30000 - 0x000007fefdaa1000 	C:\Windows\system32\SHLWAPI.dll
0x000007feff610000 - 0x000007feff63e000 	C:\Windows\system32\IMM32.DLL
0x000007feff400000 - 0x000007feff509000 	C:\Windows\system32\MSCTF.dll
0x00000000748f0000 - 0x00000000749c2000 	C:\Program Files\Java\jdk1.8.0_91\jre\bin\msvcr100.dll
0x000000006fb20000 - 0x00000000703b3000 	C:\Program Files\Java\jdk1.8.0_91\jre\bin\server\jvm.dll
0x000007fef2c30000 - 0x000007fef2c39000 	C:\Windows\system32\WSOCK32.dll
0x000007fefd700000 - 0x000007fefd74d000 	C:\Windows\system32\WS2_32.dll
0x000007fefdd80000 - 0x000007fefdd88000 	C:\Windows\system32\NSI.dll
0x000007fefb1f0000 - 0x000007fefb22b000 	C:\Windows\system32\WINMM.dll
0x000007fefc0a0000 - 0x000007fefc0ac000 	C:\Windows\system32\VERSION.dll
0x00000000777e0000 - 0x00000000777e7000 	C:\Windows\system32\PSAPI.DLL
0x0000000074ee0000 - 0x0000000074eef000 	C:\Program Files\Java\jdk1.8.0_91\jre\bin\verify.dll
0x0000000074dd0000 - 0x0000000074df9000 	C:\Program Files\Java\jdk1.8.0_91\jre\bin\java.dll
0x0000000074ec0000 - 0x0000000074ed6000 	C:\Program Files\Java\jdk1.8.0_91\jre\bin\zip.dll
0x000007fefdd90000 - 0x000007fefeb18000 	C:\Windows\system32\SHELL32.dll
0x000007feff010000 - 0x000007feff213000 	C:\Windows\system32\ole32.dll
0x000007fefd340000 - 0x000007fefd34f000 	C:\Windows\system32\profapi.dll

VM Arguments:
jvm_args: -Djava.awt.headless=true -Xmx1024M -Dfile.encoding=windows-1256 -Duser.country=US -Duser.language=en -Duser.variant 
java_command: com.android.dx.command.Main --dex --force-jumbo --output E:\User\AndroidStudioProjects\Sunshine-Version-2\app\build\intermediates\pre-dexed\debug\com.android.support-support-v4-21.0.3_3035d9c83d7289f90d6f43d640a8c8de139a0846.jar E:\User\AndroidStudioProjects\Sunshine-Version-2\app\build\intermediates\exploded-aar\com.android.support\support-v4\21.0.3\jars\classes.jar
java_class_path (initial): E:\User\AppData\Local\Android\sdk\build-tools\21.1.2\lib\dx.jar
Launcher Type: SUN_STANDARD

Environment Variables:
PATH=C:\oracle\product\10.2.0\db_2\bin;C:\oracle\product\10.2.0\db_1\bin;C:\ProgramData\Oracle\Java\javapath;C:\Windows\System32;C:\Windows\SysWOW64;C:\opencv248\build\x86\vc10\bin;C:\Python27;C:\Program Files (x86)\CodeBlocks\MinGW\bin;E:\programs\Matlab\R2013a\bin;C:\Program Files\IVI Foundation\VISA\Win64\Bin\;C:\Program Files (x86)\IVI Foundation\VISA\WinNT\Bin\;C:\Program Files (x86)\IVI Foundation\VISA\WinNT\Bin;C:\Program Files (x86)\Tesseract-OCR;E:\User\AppData\Local\Android\sdk\tools\lib;E:\Program Files\Git\cmd;E:\User\AppData\Local\Android\sdk\platform-tools;C:\Program Files\Canopy\User;C:\Program Files\Canopy\User\Scripts
USERNAME=user
OS=Windows_NT
PROCESSOR_IDENTIFIER=Intel64 Family 6 Model 58 Stepping 9, GenuineIntel



---------------  S Y S T E M  ---------------

OS: Windows 7 , 64 bit Build 7601 (6.1.7601.23572)

CPU:total 4 (2 cores per cpu, 2 threads per core) family 6 model 58 stepping 9, cmov, cx8, fxsr, mmx, sse, sse2, sse3, ssse3, sse4.1, sse4.2, popcnt, avx, aes, clmul, erms, ht, tsc, tscinvbit, tscinv

Memory: 4k page, physical 4094316k(554824k free), swap 5197556k(182476k free)

vm_info: Java HotSpot(TM) 64-Bit Server VM (25.91-b15) for windows-amd64 JRE (1.8.0_91-b15), built on May 20 2016 17:43:15 by "java_re" with MS VC++ 10.0 (VS2010)

time: Thu Jun 22 01:15:43 2017
elapsed time: 4 seconds (0d 0h 0m 4s)

