#
# There is insufficient memory for the Java Runtime Environment to continue.
# Native memory allocation (malloc) failed to allocate 744016 bytes for Chunk::new
# Possible reasons:
#   The system is out of physical RAM or swap space
#   In 32 bit mode, the process size limit was hit
# Possible solutions:
#   Reduce memory load on the system
#   Increase physical memory or swap space
#   Check if swap backing store is full
#   Use 64 bit Java on a 64 bit OS
#   Decrease Java heap size (-Xmx/-Xms)
#   Decrease number of Java threads
#   Decrease Java thread stack sizes (-Xss)
#   Set larger code cache with -XX:ReservedCodeCacheSize=
# This output file may be truncated or incomplete.
#
#  Out of Memory Error (allocation.cpp:390), pid=2608, tid=5996
#
# JRE version: Java(TM) SE Runtime Environment (8.0_91-b15) (build 1.8.0_91-b15)
# Java VM: Java HotSpot(TM) 64-Bit Server VM (25.91-b15 mixed mode windows-amd64 compressed oops)
# Failed to write core dump. Minidumps are not enabled by default on client versions of Windows
#

---------------  T H R E A D  ---------------

Current thread (0x0000000056154800):  JavaThread "C2 CompilerThread0" daemon [_thread_in_native, id=5996, stack(0x0000000056980000,0x0000000056a80000)]

Stack: [0x0000000056980000,0x0000000056a80000]
[error occurred during error reporting (printing stack bounds), id 0xc0000005]

Native frames: (J=compiled Java code, j=interpreted, Vv=VM code, C=native code)


Current CompileTask:
C2:   4639 1400       4       com.android.dx.ssa.LocalVariableExtractor::processBlock (383 bytes)


---------------  P R O C E S S  ---------------

Java Threads: ( => current thread )
  0x00000000561c5800 JavaThread "Service Thread" daemon [_thread_blocked, id=5420, stack(0x0000000056ab0000,0x0000000056bb0000)]
  0x00000000561a9800 JavaThread "C1 CompilerThread2" daemon [_thread_in_native, id=5704, stack(0x0000000056c40000,0x0000000056d40000)]
  0x0000000056156800 JavaThread "C2 CompilerThread1" daemon [_thread_in_native, id=4012, stack(0x0000000056710000,0x0000000056810000)]
=>0x0000000056154800 JavaThread "C2 CompilerThread0" daemon [_thread_in_native, id=5996, stack(0x0000000056980000,0x0000000056a80000)]
  0x0000000054cee000 JavaThread "Attach Listener" daemon [_thread_blocked, id=4236, stack(0x0000000056870000,0x0000000056970000)]
  0x0000000054cff000 JavaThread "Signal Dispatcher" daemon [_thread_blocked, id=5600, stack(0x00000000565f0000,0x00000000566f0000)]
  0x0000000054cd9800 JavaThread "Finalizer" daemon [_thread_blocked, id=4480, stack(0x0000000056050000,0x0000000056150000)]
  0x0000000054c92000 JavaThread "Reference Handler" daemon [_thread_blocked, id=3688, stack(0x0000000055e90000,0x0000000055f90000)]
  0x0000000001da8000 JavaThread "main" [_thread_in_vm, id=3796, stack(0x00000000021a0000,0x00000000022a0000)]

Other Threads:
  0x0000000054c8a800 VMThread [stack: 0x0000000055d50000,0x0000000055e50000] [id=5572]
  0x000000005620f000 WatcherThread [stack: 0x0000000056e00000,0x0000000056f00000] [id=5848]

VM state:not at safepoint (normal execution)

VM Mutex/Monitor currently owned by a thread: None

Heap:
 PSYoungGen      total 18944K, used 6587K [0x00000000eab00000, 0x00000000ec000000, 0x0000000100000000)
  eden space 16384K, 24% used [0x00000000eab00000,0x00000000eaef1098,0x00000000ebb00000)
  from space 2560K, 99% used [0x00000000ebd80000,0x00000000ebffdc88,0x00000000ec000000)
  to   space 2560K, 0% used [0x00000000ebb00000,0x00000000ebb00000,0x00000000ebd80000)
 ParOldGen       total 44032K, used 4143K [0x00000000c0000000, 0x00000000c2b00000, 0x00000000eab00000)
  object space 44032K, 9% used [0x00000000c0000000,0x00000000c040bce8,0x00000000c2b00000)
 Metaspace       used 5833K, capacity 7024K, committed 7296K, reserved 1056768K
  class space    used 560K, capacity 616K, committed 640K, reserved 1048576K

Card table byte_map: [0x0000000011930000,0x0000000011b40000] byte_map_base: 0x0000000011330000

Marking Bits: (ParMarkBitMap*) 0x00000000700b2f70
 Begin Bits: [0x0000000012100000, 0x0000000013100000)
 End Bits:   [0x0000000013100000, 0x0000000014100000)

Polling page: 0x0000000000110000

CodeCache: size=245760Kb used=5877Kb max_used=5877Kb free=239882Kb
 bounds [0x0000000002570000, 0x0000000002b40000, 0x0000000011570000]
 total_blobs=1674 nmethods=1411 adapters=176
 compilation: enabled

Compilation events (10 events):
Event: 4.620 Thread 0x00000000561a9800 nmethod 1412 0x0000000002b194d0 code [0x0000000002b19a80, 0x0000000002b1d798]
Event: 4.620 Thread 0x00000000561a9800 1413       3       com.android.dx.ssa.back.FirstFitLocalCombiningAllocator::handlePhiInsns (36 bytes)
Event: 4.621 Thread 0x00000000561a9800 nmethod 1413 0x0000000002b203d0 code [0x0000000002b205a0, 0x0000000002b20bd8]
Event: 4.622 Thread 0x00000000561a9800 1414       3       com.android.dx.ssa.ConstCollector::run (236 bytes)
Event: 4.626 Thread 0x00000000561a9800 nmethod 1414 0x0000000002b20f10 code [0x0000000002b214c0, 0x0000000002b24a38]
Event: 4.628 Thread 0x00000000561a9800 1415       3       com.android.dx.cf.code.LocalVariableList::concat (97 bytes)
Event: 4.630 Thread 0x00000000561a9800 nmethod 1415 0x0000000002b279d0 code [0x0000000002b27d00, 0x0000000002b299c8]
Event: 4.630 Thread 0x00000000561a9800 1416       3       com.android.dx.cf.code.Ropper::addReturnBlock (228 bytes)
Event: 4.634 Thread 0x00000000561a9800 nmethod 1416 0x0000000002b2aed0 code [0x0000000002b2b400, 0x0000000002b2eb68]
Event: 4.634 Thread 0x00000000561a9800 1417       3       com.android.dx.cf.code.Ropper::addSynchExceptionHandlerBlock (206 bytes)

GC Heap History (4 events):
Event: 3.409 GC heap before
{Heap before GC invocations=1 (full 0):
 PSYoungGen      total 18944K, used 16384K [0x00000000eab00000, 0x00000000ec000000, 0x0000000100000000)
  eden space 16384K, 100% used [0x00000000eab00000,0x00000000ebb00000,0x00000000ebb00000)
  from space 2560K, 0% used [0x00000000ebd80000,0x00000000ebd80000,0x00000000ec000000)
  to   space 2560K, 0% used [0x00000000ebb00000,0x00000000ebb00000,0x00000000ebd80000)
 ParOldGen       total 44032K, used 0K [0x00000000c0000000, 0x00000000c2b00000, 0x00000000eab00000)
  object space 44032K, 0% used [0x00000000c0000000,0x00000000c0000000,0x00000000c2b00000)
 Metaspace       used 5543K, capacity 6768K, committed 7040K, reserved 1056768K
  class space    used 557K, capacity 616K, committed 640K, reserved 1048576K
Event: 3.681 GC heap after
Heap after GC invocations=1 (full 0):
 PSYoungGen      total 18944K, used 2551K [0x00000000eab00000, 0x00000000ec000000, 0x0000000100000000)
  eden space 16384K, 0% used [0x00000000eab00000,0x00000000eab00000,0x00000000ebb00000)
  from space 2560K, 99% used [0x00000000ebb00000,0x00000000ebd7dc98,0x00000000ebd80000)
  to   space 2560K, 0% used [0x00000000ebd80000,0x00000000ebd80000,0x00000000ec000000)
 ParOldGen       total 44032K, used 1608K [0x00000000c0000000, 0x00000000c2b00000, 0x00000000eab00000)
  object space 44032K, 3% used [0x00000000c0000000,0x00000000c0192348,0x00000000c2b00000)
 Metaspace       used 5543K, capacity 6768K, committed 7040K, reserved 1056768K
  class space    used 557K, capacity 616K, committed 640K, reserved 1048576K
}
Event: 4.343 GC heap before
{Heap before GC invocations=2 (full 0):
 PSYoungGen      total 18944K, used 18935K [0x00000000eab00000, 0x00000000ec000000, 0x0000000100000000)
  eden space 16384K, 100% used [0x00000000eab00000,0x00000000ebb00000,0x00000000ebb00000)
  from space 2560K, 99% used [0x00000000ebb00000,0x00000000ebd7dc98,0x00000000ebd80000)
  to   space 2560K, 0% used [0x00000000ebd80000,0x00000000ebd80000,0x00000000ec000000)
 ParOldGen       total 44032K, used 1608K [0x00000000c0000000, 0x00000000c2b00000, 0x00000000eab00000)
  object space 44032K, 3% used [0x00000000c0000000,0x00000000c0192348,0x00000000c2b00000)
 Metaspace       used 5820K, capacity 6960K, committed 7040K, reserved 1056768K
  class space    used 560K, capacity 616K, committed 640K, reserved 1048576K
Event: 4.514 GC heap after
Heap after GC invocations=2 (full 0):
 PSYoungGen      total 18944K, used 2551K [0x00000000eab00000, 0x00000000ec000000, 0x0000000100000000)
  eden space 16384K, 0% used [0x00000000eab00000,0x00000000eab00000,0x00000000ebb00000)
  from space 2560K, 99% used [0x00000000ebd80000,0x00000000ebffdc88,0x00000000ec000000)
  to   space 2560K, 0% used [0x00000000ebb00000,0x00000000ebb00000,0x00000000ebd80000)
 ParOldGen       total 44032K, used 4143K [0x00000000c0000000, 0x00000000c2b00000, 0x00000000eab00000)
  object space 44032K, 9% used [0x00000000c0000000,0x00000000c040bce8,0x00000000c2b00000)
 Metaspace       used 5820K, capacity 6960K, committed 7040K, reserved 1056768K
  class space    used 560K, capacity 616K, committed 640K, reserved 1048576K
}

Deoptimization events (10 events):
Event: 3.736 Thread 0x0000000001da8000 Uncommon trap: reason=unstable_if action=reinterpret pc=0x0000000002950b24 method=com.android.dx.rop.code.LocalItem.hashCode()I @ 25
Event: 3.739 Thread 0x0000000001da8000 Uncommon trap: reason=unstable_if action=reinterpret pc=0x000000000292f9ac method=com.android.dx.rop.code.LocalItem.hashCode()I @ 25
Event: 3.739 Thread 0x0000000001da8000 Uncommon trap: reason=unstable_if action=reinterpret pc=0x0000000002948454 method=com.android.dx.rop.code.LocalItem.hashCode()I @ 25
Event: 3.740 Thread 0x0000000001da8000 Uncommon trap: reason=unstable_if action=reinterpret pc=0x0000000002898a54 method=com.android.dx.rop.code.LocalItem.hashCode()I @ 25
Event: 3.740 Thread 0x0000000001da8000 Uncommon trap: reason=unstable_if action=reinterpret pc=0x0000000002940698 method=com.android.dx.rop.code.LocalItem.hashCode()I @ 25
Event: 3.943 Thread 0x0000000001da8000 Uncommon trap: reason=unstable_if action=reinterpret pc=0x000000000293445c method=com.android.dx.rop.code.RegisterSpecSet.put(Lcom/android/dx/rop/code/RegisterSpec;)V @ 77
Event: 3.943 Thread 0x0000000001da8000 Uncommon trap: reason=unstable_if action=reinterpret pc=0x0000000002a12b18 method=com.android.dx.rop.code.RegisterSpecSet.put(Lcom/android/dx/rop/code/RegisterSpec;)V @ 77
Event: 4.049 Thread 0x0000000001da8000 Uncommon trap: reason=unstable_if action=reinterpret pc=0x000000000294ef40 method=com.android.dx.ssa.SsaRenamer$BlockRenamer.addMapping(ILcom/android/dx/rop/code/RegisterSpec;)V @ 120
Event: 4.050 Thread 0x0000000001da8000 Uncommon trap: reason=unstable_if action=reinterpret pc=0x0000000002a72238 method=com.android.dx.util.IntList.sort()V @ 8
Event: 4.283 Thread 0x0000000001da8000 Uncommon trap: reason=unstable_if action=reinterpret pc=0x000000000286d484 method=com.android.dx.rop.cst.Constant.compareTo(Lcom/android/dx/rop/cst/Constant;)I @ 12

Internal exceptions (2 events):
Event: 0.089 Thread 0x0000000001da8000 Exception <a 'java/lang/NoSuchMethodError': Method sun.misc.Unsafe.defineClass(Ljava/lang/String;[BII)Ljava/lang/Class; name or signature does not match> (0x00000000eab07cc0) thrown at [C:\re\workspace\8-2-build-windows-amd64-cygwin\jdk8u91\7017\hotspot\sr∆Ô∂^DÁ∂?
Event: 0.089 Thread 0x0000000001da8000 Exception <a 'java/lang/NoSuchMethodError': Method sun.misc.Unsafe.prefetchRead(Ljava/lang/Object;J)V name or signature does not match> (0x00000000eab07fa8) thrown at [C:\re\workspace\8-2-build-windows-amd64-cygwin\jdk8u91\7017\hotspot\src\share\vm\prims\j

Events (10 events):
Event: 4.050 Thread 0x0000000001da8000 DEOPT UNPACKING pc=0x00000000025b582a sp=0x000000000229e568 mode 2
Event: 4.050 loading class java/util/DualPivotQuicksort
Event: 4.050 loading class java/util/DualPivotQuicksort done
Event: 4.227 loading class com/android/dx/cf/attrib/AttExceptions
Event: 4.227 loading class com/android/dx/cf/attrib/AttExceptions done
Event: 4.283 Thread 0x0000000001da8000 Uncommon trap: trap_request=0xffffff65 fr.pc=0x000000000286d484
Event: 4.283 Thread 0x0000000001da8000 DEOPT PACKING pc=0x000000000286d484 sp=0x000000000229e1e0
Event: 4.283 Thread 0x0000000001da8000 DEOPT UNPACKING pc=0x00000000025b582a sp=0x000000000229e180 mode 2
Event: 4.343 Executing VM operation: ParallelGCFailedAllocation
Event: 4.514 Executing VM operation: ParallelGCFailedAllocation done


Dynamic libraries:
0x000000013fa30000 - 0x000000013fa67000 	C:\Program Files\Java\jdk1.8.0_91\bin\java.exe
0x0000000076ee0000 - 0x000000007708a000 	C:\Windows\SYSTEM32\ntdll.dll
0x0000000076cc0000 - 0x0000000076ddf000 	C:\Windows\system32\kernel32.dll
0x000007fefced0000 - 0x000007fefcf3a000 	C:\Windows\system32\KERNELBASE.dll
0x000007fefd410000 - 0x000007fefd4eb000 	C:\Windows\system32\ADVAPI32.dll
0x000007feff150000 - 0x000007feff1ef000 	C:\Windows\system32\msvcrt.dll
0x000007fefe7d0000 - 0x000007fefe7ef000 	C:\Windows\SYSTEM32\sechost.dll
0x000007fefec20000 - 0x000007fefed4d000 	C:\Windows\system32\RPCRT4.dll
0x0000000076de0000 - 0x0000000076eda000 	C:\Windows\system32\USER32.dll
0x000007fefd070000 - 0x000007fefd0d7000 	C:\Windows\system32\GDI32.dll
0x000007fefeee0000 - 0x000007fefeeee000 	C:\Windows\system32\LPK.dll
0x000007fefe820000 - 0x000007fefe8ea000 	C:\Windows\system32\USP10.dll
0x000007fefbcd0000 - 0x000007fefbec4000 	C:\Windows\WinSxS\amd64_microsoft.windows.common-controls_6595b64144ccf1df_6.0.7601.17514_none_fa396087175ac9ac\COMCTL32.dll
0x000007fefeef0000 - 0x000007fefef61000 	C:\Windows\system32\SHLWAPI.dll
0x000007fefe7f0000 - 0x000007fefe81e000 	C:\Windows\system32\IMM32.DLL
0x000007fefd2f0000 - 0x000007fefd3f9000 	C:\Windows\system32\MSCTF.dll
0x0000000072280000 - 0x0000000072352000 	C:\Program Files\Java\jdk1.8.0_91\jre\bin\msvcr100.dll
0x000000006f8a0000 - 0x0000000070133000 	C:\Program Files\Java\jdk1.8.0_91\jre\bin\server\jvm.dll
0x000007fef1c80000 - 0x000007fef1c89000 	C:\Windows\system32\WSOCK32.dll
0x000007fefe8f0000 - 0x000007fefe93d000 	C:\Windows\system32\WS2_32.dll
0x000007fefd400000 - 0x000007fefd408000 	C:\Windows\system32\NSI.dll
0x000007fefac10000 - 0x000007fefac4b000 	C:\Windows\system32\WINMM.dll
0x000007fefb970000 - 0x000007fefb97c000 	C:\Windows\system32\VERSION.dll
0x00000000770b0000 - 0x00000000770b7000 	C:\Windows\system32\PSAPI.DLL
0x00000000744f0000 - 0x00000000744ff000 	C:\Program Files\Java\jdk1.8.0_91\jre\bin\verify.dll
0x00000000744c0000 - 0x00000000744e9000 	C:\Program Files\Java\jdk1.8.0_91\jre\bin\java.dll
0x00000000744a0000 - 0x00000000744b6000 	C:\Program Files\Java\jdk1.8.0_91\jre\bin\zip.dll
0x000007fefd9e0000 - 0x000007fefe768000 	C:\Windows\system32\SHELL32.dll
0x000007fefd0e0000 - 0x000007fefd2e3000 	C:\Windows\system32\ole32.dll
0x000007fefcc20000 - 0x000007fefcc2f000 	C:\Windows\system32\profapi.dll

VM Arguments:
jvm_args: -Djava.awt.headless=true -Xmx1024M -Dfile.encoding=windows-1256 -Duser.country=US -Duser.language=en -Duser.variant 
java_command: com.android.dx.command.Main --dex --force-jumbo --output E:\User\AndroidStudioProjects\Sunshine-Version-2\app\build\intermediates\pre-dexed\debug\internal_impl-21.0.3_b7ef93a3d117c3c33ccb191ab9191289961179ae.jar E:\User\AndroidStudioProjects\Sunshine-Version-2\app\build\intermediates\exploded-aar\com.android.support\support-v4\21.0.3\jars\libs\internal_impl-21.0.3.jar
java_class_path (initial): E:\User\AppData\Local\Android\sdk\build-tools\21.1.2\lib\dx.jar
Launcher Type: SUN_STANDARD

Environment Variables:
PATH=C:\oracle\product\10.2.0\db_2\bin;C:\oracle\product\10.2.0\db_1\bin;C:\ProgramData\Oracle\Java\javapath;C:\Windows\System32;C:\Windows\SysWOW64;C:\opencv248\build\x86\vc10\bin;C:\Python27;C:\Program Files (x86)\CodeBlocks\MinGW\bin;E:\programs\Matlab\R2013a\bin;C:\Program Files\IVI Foundation\VISA\Win64\Bin\;C:\Program Files (x86)\IVI Foundation\VISA\WinNT\Bin\;C:\Program Files (x86)\IVI Foundation\VISA\WinNT\Bin;C:\Program Files (x86)\Tesseract-OCR;E:\User\AppData\Local\Android\sdk\tools\lib;E:\Program Files\Git\cmd;E:\User\AppData\Local\Android\sdk\platform-tools;C:\Program Files\Canopy\User;C:\Program Files\Canopy\User\Scripts
USERNAME=user
OS=Windows_NT
PROCESSOR_IDENTIFIER=Intel64 Family 6 Model 58 Stepping 9, GenuineIntel



---------------  S Y S T E M  ---------------

OS: Windows 7 , 64 bit Build 7601 (6.1.7601.23572)

CPU:total 4 (2 cores per cpu, 2 threads per core) family 6 model 58 stepping 9, cmov, cx8, fxsr, mmx, sse, sse2, sse3, ssse3, sse4.1, sse4.2, popcnt, avx, aes, clmul, erms, ht, tsc, tscinvbit, tscinv

Memory: 4k page, physical 4094316k(53352k free), swap 5601120k(5348k free)

vm_info: Java HotSpot(TM) 64-Bit Server VM (25.91-b15) for windows-amd64 JRE (1.8.0_91-b15), built on May 20 2016 17:43:15 by "java_re" with MS VC++ 10.0 (VS2010)

time: Thu Jun 22 10:45:47 2017
elapsed time: 4 seconds (0d 0h 0m 4s)

