#
# There is insufficient memory for the Java Runtime Environment to continue.
# Native memory allocation (malloc) failed to allocate 1930176 bytes for Chunk::new
# Possible reasons:
#   The system is out of physical RAM or swap space
#   In 32 bit mode, the process size limit was hit
# Possible solutions:
#   Reduce memory load on the system
#   Increase physical memory or swap space
#   Check if swap backing store is full
#   Use 64 bit Java on a 64 bit OS
#   Decrease Java heap size (-Xmx/-Xms)
#   Decrease number of Java threads
#   Decrease Java thread stack sizes (-Xss)
#   Set larger code cache with -XX:ReservedCodeCacheSize=
# This output file may be truncated or incomplete.
#
#  Out of Memory Error (allocation.cpp:390), pid=6948, tid=5808
#
# JRE version: Java(TM) SE Runtime Environment (8.0_91-b15) (build 1.8.0_91-b15)
# Java VM: Java HotSpot(TM) 64-Bit Server VM (25.91-b15 mixed mode windows-amd64 compressed oops)
# Failed to write core dump. Minidumps are not enabled by default on client versions of Windows
#

---------------  T H R E A D  ---------------

Current thread (0x00000000562a6800):  JavaThread "C2 CompilerThread1" daemon [_thread_in_native, id=5808, stack(0x0000000056a60000,0x0000000056b60000)]

Stack: [0x0000000056a60000,0x0000000056b60000]
[error occurred during error reporting (printing stack bounds), id 0xc0000005]

Native frames: (J=compiled Java code, j=interpreted, Vv=VM code, C=native code)


Current CompileTask:
C2:   4695 1647   !   4       com.android.dx.cf.cst.ConstantPoolParser::parse0 (731 bytes)


---------------  P R O C E S S  ---------------

Java Threads: ( => current thread )
  0x00000000562ac800 JavaThread "Service Thread" daemon [_thread_blocked, id=6152, stack(0x0000000056e90000,0x0000000056f90000)]
  0x00000000562a7800 JavaThread "C1 CompilerThread2" daemon [_thread_blocked, id=6892, stack(0x0000000056bf0000,0x0000000056cf0000)]
=>0x00000000562a6800 JavaThread "C2 CompilerThread1" daemon [_thread_in_native, id=5808, stack(0x0000000056a60000,0x0000000056b60000)]
  0x00000000562a4800 JavaThread "C2 CompilerThread0" daemon [_thread_in_native, id=5232, stack(0x0000000056080000,0x0000000056180000)]
  0x0000000054e4e000 JavaThread "Attach Listener" daemon [_thread_blocked, id=6756, stack(0x00000000568c0000,0x00000000569c0000)]
  0x0000000054e5f000 JavaThread "Signal Dispatcher" daemon [_thread_blocked, id=6520, stack(0x0000000056720000,0x0000000056820000)]
  0x0000000054e39800 JavaThread "Finalizer" daemon [_thread_blocked, id=6604, stack(0x00000000561a0000,0x00000000562a0000)]
  0x0000000054df2800 JavaThread "Reference Handler" daemon [_thread_blocked, id=6712, stack(0x0000000055f30000,0x0000000056030000)]
  0x0000000001e08000 JavaThread "main" [_thread_in_Java, id=6524, stack(0x00000000021c0000,0x00000000022c0000)]

Other Threads:
  0x0000000054dea800 VMThread [stack: 0x0000000055db0000,0x0000000055eb0000] [id=6560]
  0x000000005635c000 WatcherThread [stack: 0x0000000057070000,0x0000000057170000] [id=4628]

VM state:not at safepoint (normal execution)

VM Mutex/Monitor currently owned by a thread: None

Heap:
 PSYoungGen      total 72192K, used 10225K [0x00000000eab00000, 0x00000000efc00000, 0x0000000100000000)
  eden space 64512K, 3% used [0x00000000eab00000,0x00000000ead83bb8,0x00000000eea00000)
  from space 7680K, 99% used [0x00000000ef280000,0x00000000ef9f8b90,0x00000000efa00000)
  to   space 8704K, 0% used [0x00000000eea00000,0x00000000eea00000,0x00000000ef280000)
 ParOldGen       total 44032K, used 14161K [0x00000000c0000000, 0x00000000c2b00000, 0x00000000eab00000)
  object space 44032K, 32% used [0x00000000c0000000,0x00000000c0dd45b0,0x00000000c2b00000)
 Metaspace       used 6061K, capacity 7088K, committed 7296K, reserved 1056768K
  class space    used 585K, capacity 616K, committed 640K, reserved 1048576K

Card table byte_map: [0x0000000011950000,0x0000000011b60000] byte_map_base: 0x0000000011350000

Marking Bits: (ParMarkBitMap*) 0x000000006ad92f70
 Begin Bits: [0x0000000012260000, 0x0000000013260000)
 End Bits:   [0x0000000013260000, 0x0000000014260000)

Polling page: 0x0000000000220000

CodeCache: size=245760Kb used=6956Kb max_used=6960Kb free=238803Kb
 bounds [0x0000000002590000, 0x0000000002c70000, 0x0000000011590000]
 total_blobs=1901 nmethods=1638 adapters=176
 compilation: enabled

Compilation events (10 events):
Event: 4.292 Thread 0x00000000562a7800 1700       2       com.android.dx.dex.file.AnnotationItem::addContents (27 bytes)
Event: 4.540 Thread 0x00000000562a7800 nmethod 1700 0x0000000002c4ee10 code [0x0000000002c4ef80, 0x0000000002c4f158]
Event: 4.546 Thread 0x00000000562a7800 1701       2       com.android.dx.cf.code.LocalVariableList::get (9 bytes)
Event: 4.546 Thread 0x00000000562a7800 nmethod 1701 0x0000000002c592d0 code [0x0000000002c59440, 0x0000000002c595e8]
Event: 4.546 Thread 0x00000000562a7800 1702       2       com.android.dx.cf.code.LocalVariableList::set (21 bytes)
Event: 4.547 Thread 0x00000000562a7800 nmethod 1702 0x0000000002c58750 code [0x0000000002c58900, 0x0000000002c58dd8]
Event: 4.549 Thread 0x00000000562a7800 1703       2       com.android.dx.ssa.SsaMethod::makeNewSsaReg (26 bytes)
Event: 4.549 Thread 0x00000000562a7800 nmethod 1703 0x0000000002c4ea90 code [0x0000000002c4ebe0, 0x0000000002c4ed70]
Event: 4.567 Thread 0x00000000562a7800 1705       1       com.android.dx.cf.attrib.AttInnerClasses::getInnerClasses (5 bytes)
Event: 4.567 Thread 0x00000000562a7800 nmethod 1705 0x0000000002c58490 code [0x0000000002c585e0, 0x0000000002c586f0]

GC Heap History (10 events):
Event: 1.611 GC heap before
{Heap before GC invocations=2 (full 0):
 PSYoungGen      total 18944K, used 18940K [0x00000000eab00000, 0x00000000ec000000, 0x0000000100000000)
  eden space 16384K, 100% used [0x00000000eab00000,0x00000000ebb00000,0x00000000ebb00000)
  from space 2560K, 99% used [0x00000000ebb00000,0x00000000ebd7f0d0,0x00000000ebd80000)
  to   space 2560K, 0% used [0x00000000ebd80000,0x00000000ebd80000,0x00000000ec000000)
 ParOldGen       total 44032K, used 1599K [0x00000000c0000000, 0x00000000c2b00000, 0x00000000eab00000)
  object space 44032K, 3% used [0x00000000c0000000,0x00000000c018fc50,0x00000000c2b00000)
 Metaspace       used 5839K, capacity 7024K, committed 7296K, reserved 1056768K
  class space    used 562K, capacity 616K, committed 640K, reserved 1048576K
Event: 1.622 GC heap after
Heap after GC invocations=2 (full 0):
 PSYoungGen      total 18944K, used 2535K [0x00000000eab00000, 0x00000000ed000000, 0x0000000100000000)
  eden space 16384K, 0% used [0x00000000eab00000,0x00000000eab00000,0x00000000ebb00000)
  from space 2560K, 99% used [0x00000000ebd80000,0x00000000ebff9c98,0x00000000ec000000)
  to   space 2560K, 0% used [0x00000000ebb00000,0x00000000ebb00000,0x00000000ebd80000)
 ParOldGen       total 44032K, used 4006K [0x00000000c0000000, 0x00000000c2b00000, 0x00000000eab00000)
  object space 44032K, 9% used [0x00000000c0000000,0x00000000c03e98a0,0x00000000c2b00000)
 Metaspace       used 5839K, capacity 7024K, committed 7296K, reserved 1056768K
  class space    used 562K, capacity 616K, committed 640K, reserved 1048576K
}
Event: 2.267 GC heap before
{Heap before GC invocations=3 (full 0):
 PSYoungGen      total 18944K, used 18919K [0x00000000eab00000, 0x00000000ed000000, 0x0000000100000000)
  eden space 16384K, 100% used [0x00000000eab00000,0x00000000ebb00000,0x00000000ebb00000)
  from space 2560K, 99% used [0x00000000ebd80000,0x00000000ebff9c98,0x00000000ec000000)
  to   space 2560K, 0% used [0x00000000ebb00000,0x00000000ebb00000,0x00000000ebd80000)
 ParOldGen       total 44032K, used 4006K [0x00000000c0000000, 0x00000000c2b00000, 0x00000000eab00000)
  object space 44032K, 9% used [0x00000000c0000000,0x00000000c03e98a0,0x00000000c2b00000)
 Metaspace       used 5995K, capacity 7088K, committed 7296K, reserved 1056768K
  class space    used 584K, capacity 616K, committed 640K, reserved 1048576K
Event: 2.315 GC heap after
Heap after GC invocations=3 (full 0):
 PSYoungGen      total 18944K, used 2545K [0x00000000eab00000, 0x00000000ed000000, 0x0000000100000000)
  eden space 16384K, 0% used [0x00000000eab00000,0x00000000eab00000,0x00000000ebb00000)
  from space 2560K, 99% used [0x00000000ebb00000,0x00000000ebd7c480,0x00000000ebd80000)
  to   space 2560K, 0% used [0x00000000ecd80000,0x00000000ecd80000,0x00000000ed000000)
 ParOldGen       total 44032K, used 6403K [0x00000000c0000000, 0x00000000c2b00000, 0x00000000eab00000)
  object space 44032K, 14% used [0x00000000c0000000,0x00000000c0640c50,0x00000000c2b00000)
 Metaspace       used 5995K, capacity 7088K, committed 7296K, reserved 1056768K
  class space    used 584K, capacity 616K, committed 640K, reserved 1048576K
}
Event: 2.548 GC heap before
{Heap before GC invocations=4 (full 0):
 PSYoungGen      total 18944K, used 18929K [0x00000000eab00000, 0x00000000ed000000, 0x0000000100000000)
  eden space 16384K, 100% used [0x00000000eab00000,0x00000000ebb00000,0x00000000ebb00000)
  from space 2560K, 99% used [0x00000000ebb00000,0x00000000ebd7c480,0x00000000ebd80000)
  to   space 2560K, 0% used [0x00000000ecd80000,0x00000000ecd80000,0x00000000ed000000)
 ParOldGen       total 44032K, used 6403K [0x00000000c0000000, 0x00000000c2b00000, 0x00000000eab00000)
  object space 44032K, 14% used [0x00000000c0000000,0x00000000c0640c50,0x00000000c2b00000)
 Metaspace       used 6019K, capacity 7088K, committed 7296K, reserved 1056768K
  class space    used 585K, capacity 616K, committed 640K, reserved 1048576K
Event: 2.700 GC heap after
Heap after GC invocations=4 (full 0):
 PSYoungGen      total 35328K, used 2545K [0x00000000eab00000, 0x00000000ed000000, 0x0000000100000000)
  eden space 32768K, 0% used [0x00000000eab00000,0x00000000eab00000,0x00000000ecb00000)
  from space 2560K, 99% used [0x00000000ecd80000,0x00000000ecffc7d8,0x00000000ed000000)
  to   space 2560K, 0% used [0x00000000ecb00000,0x00000000ecb00000,0x00000000ecd80000)
 ParOldGen       total 44032K, used 9031K [0x00000000c0000000, 0x00000000c2b00000, 0x00000000eab00000)
  object space 44032K, 20% used [0x00000000c0000000,0x00000000c08d1d38,0x00000000c2b00000)
 Metaspace       used 6019K, capacity 7088K, committed 7296K, reserved 1056768K
  class space    used 585K, capacity 616K, committed 640K, reserved 1048576K
}
Event: 3.295 GC heap before
{Heap before GC invocations=5 (full 0):
 PSYoungGen      total 35328K, used 35313K [0x00000000eab00000, 0x00000000ed000000, 0x0000000100000000)
  eden space 32768K, 100% used [0x00000000eab00000,0x00000000ecb00000,0x00000000ecb00000)
  from space 2560K, 99% used [0x00000000ecd80000,0x00000000ecffc7d8,0x00000000ed000000)
  to   space 2560K, 0% used [0x00000000ecb00000,0x00000000ecb00000,0x00000000ecd80000)
 ParOldGen       total 44032K, used 9031K [0x00000000c0000000, 0x00000000c2b00000, 0x00000000eab00000)
  object space 44032K, 20% used [0x00000000c0000000,0x00000000c08d1d38,0x00000000c2b00000)
 Metaspace       used 6034K, capacity 7088K, committed 7296K, reserved 1056768K
  class space    used 585K, capacity 616K, committed 640K, reserved 1048576K
Event: 3.422 GC heap after
Heap after GC invocations=5 (full 0):
 PSYoungGen      total 35328K, used 2545K [0x00000000eab00000, 0x00000000efa00000, 0x0000000100000000)
  eden space 32768K, 0% used [0x00000000eab00000,0x00000000eab00000,0x00000000ecb00000)
  from space 2560K, 99% used [0x00000000ecb00000,0x00000000ecd7c480,0x00000000ecd80000)
  to   space 7680K, 0% used [0x00000000ef280000,0x00000000ef280000,0x00000000efa00000)
 ParOldGen       total 44032K, used 13926K [0x00000000c0000000, 0x00000000c2b00000, 0x00000000eab00000)
  object space 44032K, 31% used [0x00000000c0000000,0x00000000c0d99a50,0x00000000c2b00000)
 Metaspace       used 6034K, capacity 7088K, committed 7296K, reserved 1056768K
  class space    used 585K, capacity 616K, committed 640K, reserved 1048576K
}
Event: 4.292 GC heap before
{Heap before GC invocations=6 (full 0):
 PSYoungGen      total 35328K, used 35313K [0x00000000eab00000, 0x00000000efa00000, 0x0000000100000000)
  eden space 32768K, 100% used [0x00000000eab00000,0x00000000ecb00000,0x00000000ecb00000)
  from space 2560K, 99% used [0x00000000ecb00000,0x00000000ecd7c480,0x00000000ecd80000)
  to   space 7680K, 0% used [0x00000000ef280000,0x00000000ef280000,0x00000000efa00000)
 ParOldGen       total 44032K, used 13926K [0x00000000c0000000, 0x00000000c2b00000, 0x00000000eab00000)
  object space 44032K, 31% used [0x00000000c0000000,0x00000000c0d99a50,0x00000000c2b00000)
 Metaspace       used 6061K, capacity 7088K, committed 7296K, reserved 1056768K
  class space    used 585K, capacity 616K, committed 640K, reserved 1048576K
Event: 4.537 GC heap after
Heap after GC invocations=6 (full 0):
 PSYoungGen      total 72192K, used 7650K [0x00000000eab00000, 0x00000000efc00000, 0x0000000100000000)
  eden space 64512K, 0% used [0x00000000eab00000,0x00000000eab00000,0x00000000eea00000)
  from space 7680K, 99% used [0x00000000ef280000,0x00000000ef9f8b90,0x00000000efa00000)
  to   space 8704K, 0% used [0x00000000eea00000,0x00000000eea00000,0x00000000ef280000)
 ParOldGen       total 44032K, used 14161K [0x00000000c0000000, 0x00000000c2b00000, 0x00000000eab00000)
  object space 44032K, 32% used [0x00000000c0000000,0x00000000c0dd45b0,0x00000000c2b00000)
 Metaspace       used 6061K, capacity 7088K, committed 7296K, reserved 1056768K
  class space    used 585K, capacity 616K, committed 640K, reserved 1048576K
}

Deoptimization events (10 events):
Event: 1.521 Thread 0x0000000001e08000 Uncommon trap: reason=unstable_if action=reinterpret pc=0x0000000002923b04 method=com.android.dx.rop.cst.Constant.compareTo(Lcom/android/dx/rop/cst/Constant;)I @ 12
Event: 1.831 Thread 0x0000000001e08000 Uncommon trap: reason=unstable_if action=reinterpret pc=0x00000000029a9d40 method=java.util.HashMap.putVal(ILjava/lang/Object;Ljava/lang/Object;ZZ)Ljava/lang/Object; @ 162
Event: 1.997 Thread 0x0000000001e08000 Uncommon trap: reason=unstable_if action=reinterpret pc=0x0000000002ac1530 method=java.util.HashMap.getNode(ILjava/lang/Object;)Ljava/util/HashMap$Node; @ 84
Event: 2.099 Thread 0x0000000001e08000 Uncommon trap: reason=unstable_if action=reinterpret pc=0x0000000002a560d4 method=java.util.HashMap.putVal(ILjava/lang/Object;Ljava/lang/Object;ZZ)Ljava/lang/Object; @ 162
Event: 2.103 Thread 0x0000000001e08000 Uncommon trap: reason=unstable_if action=reinterpret pc=0x000000000291e2cc method=com.android.dx.ssa.SsaMethod.updateOneDefinition(Lcom/android/dx/ssa/SsaInsn;Lcom/android/dx/rop/code/RegisterSpec;)V @ 4
Event: 2.130 Thread 0x0000000001e08000 Uncommon trap: reason=unstable_if action=reinterpret pc=0x0000000002a26928 method=java.util.HashMap.putVal(ILjava/lang/Object;Ljava/lang/Object;ZZ)Ljava/lang/Object; @ 162
Event: 2.192 Thread 0x0000000001e08000 Uncommon trap: reason=null_check action=make_not_entrant pc=0x000000000286c1c0 method=com.android.dx.ssa.SsaRenamer.getLocalForNewReg(I)Lcom/android/dx/rop/code/LocalItem; @ 19
Event: 2.264 Thread 0x0000000001e08000 Uncommon trap: reason=unstable_if action=reinterpret pc=0x00000000029b432c method=com.android.dx.util.IntList.binarysearch(I)I @ 105
Event: 2.372 Thread 0x0000000001e08000 Uncommon trap: reason=unstable_if action=reinterpret pc=0x0000000002a9e564 method=com.android.dx.ssa.SCCP.simulateStmt(Lcom/android/dx/ssa/SsaInsn;)V @ 53
Event: 2.736 Thread 0x0000000001e08000 Uncommon trap: reason=unstable_if action=reinterpret pc=0x0000000002bc8344 method=java.util.HashMap.putVal(ILjava/lang/Object;Ljava/lang/Object;ZZ)Ljava/lang/Object; @ 109

Internal exceptions (8 events):
Event: 0.084 Thread 0x0000000001e08000 Exception <a 'java/lang/NoSuchMethodError': Method sun.misc.Unsafe.defineClass(Ljava/lang/String;[BII)Ljava/lang/Class; name or signature does not match> (0x00000000eab07cc0) thrown at [C:\re\workspace\8-2-build-windows-amd64-cygwin\jdk8u91\7017\hotspot\srlÒúÖ’Œµ?
Event: 0.084 Thread 0x0000000001e08000 Exception <a 'java/lang/NoSuchMethodError': Method sun.misc.Unsafe.prefetchRead(Ljava/lang/Object;J)V name or signature does not match> (0x00000000eab07fa8) thrown at [C:\re\workspace\8-2-build-windows-amd64-cygwin\jdk8u91\7017\hotspot\src\share\vm\prims\jý‹Èiwºõ?
Event: 1.358 Thread 0x0000000001e08000 Implicit null exception at 0x0000000002883612 to 0x0000000002883711
Event: 1.461 Thread 0x0000000001e08000 Implicit null exception at 0x000000000289ccc4 to 0x000000000289e1d9
Event: 1.981 Thread 0x0000000001e08000 Exception <a 'java/lang/ArrayIndexOutOfBoundsException': 18> (0x00000000eb07b2d8) thrown at [C:\re\workspace\8-2-build-windows-amd64-cygwin\jdk8u91\7017\hotspot\src\share\vm\interpreter\interpreterRuntime.cpp, line 366]
Event: 1.982 Thread 0x0000000001e08000 Exception <a 'java/lang/ArrayIndexOutOfBoundsException'> (0x00000000eb07ce58) thrown at [C:\re\workspace\8-2-build-windows-amd64-cygwin\jdk8u91\7017\hotspot\src\share\vm\runtime\sharedRuntime.cpp, line 605]
Event: 1.995 Thread 0x0000000001e08000 Exception <a 'java/lang/ArrayIndexOutOfBoundsException'> (0x00000000eb07e140) thrown at [C:\re\workspace\8-2-build-windows-amd64-cygwin\jdk8u91\7017\hotspot\src\share\vm\runtime\sharedRuntime.cpp, line 605]
Event: 2.192 Thread 0x0000000001e08000 Implicit null exception at 0x000000000286ac46 to 0x000000000286c1a1

Events (10 events):
Event: 2.700 Executing VM operation: ParallelGCFailedAllocation done
Event: 2.736 Thread 0x0000000001e08000 Uncommon trap: trap_request=0xffffff65 fr.pc=0x0000000002bc8344
Event: 2.736 Thread 0x0000000001e08000 DEOPT PACKING pc=0x0000000002bc8344 sp=0x00000000022be430
Event: 2.736 Thread 0x0000000001e08000 DEOPT UNPACKING pc=0x00000000025d582a sp=0x00000000022be2d8 mode 2
Event: 3.295 Executing VM operation: ParallelGCFailedAllocation
Event: 3.422 Executing VM operation: ParallelGCFailedAllocation done
Event: 4.275 Executing VM operation: EnableBiasedLocking
Event: 4.288 Executing VM operation: EnableBiasedLocking done
Event: 4.292 Executing VM operation: ParallelGCFailedAllocation
Event: 4.537 Executing VM operation: ParallelGCFailedAllocation done


Dynamic libraries:
0x000000013fd80000 - 0x000000013fdb7000 	C:\Program Files\Java\jdk1.8.0_91\bin\java.exe
0x0000000077470000 - 0x0000000077619000 	C:\Windows\SYSTEM32\ntdll.dll
0x0000000077350000 - 0x000000007746f000 	C:\Windows\system32\kernel32.dll
0x000007fefd570000 - 0x000007fefd5db000 	C:\Windows\system32\KERNELBASE.dll
0x000007fefdb20000 - 0x000007fefdbfb000 	C:\Windows\system32\ADVAPI32.dll
0x000007fefda80000 - 0x000007fefdb1f000 	C:\Windows\system32\msvcrt.dll
0x000007fefd5e0000 - 0x000007fefd5ff000 	C:\Windows\SYSTEM32\sechost.dll
0x000007fefe1b0000 - 0x000007fefe2dd000 	C:\Windows\system32\RPCRT4.dll
0x0000000077250000 - 0x000000007734a000 	C:\Windows\system32\USER32.dll
0x000007fefdc00000 - 0x000007fefdc67000 	C:\Windows\system32\GDI32.dll
0x000007fefe0b0000 - 0x000007fefe0be000 	C:\Windows\system32\LPK.dll
0x000007fefdfe0000 - 0x000007fefe0a9000 	C:\Windows\system32\USP10.dll
0x000007fefc2e0000 - 0x000007fefc4d4000 	C:\Windows\WinSxS\amd64_microsoft.windows.common-controls_6595b64144ccf1df_6.0.7601.17514_none_fa396087175ac9ac\COMCTL32.dll
0x000007fefe130000 - 0x000007fefe1a1000 	C:\Windows\system32\SHLWAPI.dll
0x000007feff750000 - 0x000007feff77e000 	C:\Windows\system32\IMM32.DLL
0x000007fefe8b0000 - 0x000007fefe9b9000 	C:\Windows\system32\MSCTF.dll
0x0000000063ba0000 - 0x0000000063c72000 	C:\Program Files\Java\jdk1.8.0_91\jre\bin\msvcr100.dll
0x000000006a580000 - 0x000000006ae13000 	C:\Program Files\Java\jdk1.8.0_91\jre\bin\server\jvm.dll
0x000007fef8da0000 - 0x000007fef8da9000 	C:\Windows\system32\WSOCK32.dll
0x000007fefe0e0000 - 0x000007fefe12d000 	C:\Windows\system32\WS2_32.dll
0x000007fefd600000 - 0x000007fefd608000 	C:\Windows\system32\NSI.dll
0x000007fefb1a0000 - 0x000007fefb1db000 	C:\Windows\system32\WINMM.dll
0x000007fefbf80000 - 0x000007fefbf8c000 	C:\Windows\system32\VERSION.dll
0x0000000077640000 - 0x0000000077647000 	C:\Windows\system32\PSAPI.DLL
0x00000000747c0000 - 0x00000000747cf000 	C:\Program Files\Java\jdk1.8.0_91\jre\bin\verify.dll
0x0000000074790000 - 0x00000000747b9000 	C:\Program Files\Java\jdk1.8.0_91\jre\bin\java.dll
0x0000000074770000 - 0x0000000074786000 	C:\Program Files\Java\jdk1.8.0_91\jre\bin\zip.dll
0x000007fefe9c0000 - 0x000007feff748000 	C:\Windows\system32\SHELL32.dll
0x000007fefd690000 - 0x000007fefd893000 	C:\Windows\system32\ole32.dll
0x000007fefd230000 - 0x000007fefd23f000 	C:\Windows\system32\profapi.dll

VM Arguments:
jvm_args: -Djava.awt.headless=true -Xmx1024M -Dfile.encoding=windows-1256 -Duser.country=US -Duser.language=en -Duser.variant 
java_command: com.android.dx.command.Main --dex --force-jumbo --output E:\User\AndroidStudioProjects\Sunshine-Version-2\app\build\intermediates\pre-dexed\debug\com.android.support-appcompat-v7-21.0.3_c62c1a7b3c1d7c37f76f30a9af26db376fcf9047.jar E:\User\AndroidStudioProjects\Sunshine-Version-2\app\build\intermediates\exploded-aar\com.android.support\appcompat-v7\21.0.3\jars\classes.jar
java_class_path (initial): E:\User\AppData\Local\Android\sdk\build-tools\21.1.2\lib\dx.jar
Launcher Type: SUN_STANDARD

Environment Variables:
PATH=C:\oracle\product\10.2.0\db_2\bin;C:\oracle\product\10.2.0\db_1\bin;C:\ProgramData\Oracle\Java\javapath;C:\Windows\System32;C:\Windows\SysWOW64;C:\opencv248\build\x86\vc10\bin;C:\Python27;C:\Program Files (x86)\CodeBlocks\MinGW\bin;E:\programs\Matlab\R2013a\bin;C:\Program Files\IVI Foundation\VISA\Win64\Bin\;C:\Program Files (x86)\IVI Foundation\VISA\WinNT\Bin\;C:\Program Files (x86)\IVI Foundation\VISA\WinNT\Bin;C:\Program Files (x86)\Tesseract-OCR;E:\User\AppData\Local\Android\sdk\tools\lib;E:\Program Files\Git\cmd;E:\User\AppData\Local\Android\sdk\platform-tools;C:\Program Files\Canopy\User;C:\Program Files\Canopy\User\Scripts
USERNAME=user
OS=Windows_NT
PROCESSOR_IDENTIFIER=Intel64 Family 6 Model 58 Stepping 9, GenuineIntel



---------------  S Y S T E M  ---------------

OS: Windows 7 , 64 bit Build 7601 (6.1.7601.18015)

CPU:total 4 (2 cores per cpu, 2 threads per core) family 6 model 58 stepping 9, cmov, cx8, fxsr, mmx, sse, sse2, sse3, ssse3, sse4.1, sse4.2, popcnt, avx, aes, clmul, erms, ht, tsc, tscinvbit, tscinv

Memory: 4k page, physical 4094316k(304660k free), swap 5367192k(5428k free)

vm_info: Java HotSpot(TM) 64-Bit Server VM (25.91-b15) for windows-amd64 JRE (1.8.0_91-b15), built on May 20 2016 17:43:15 by "java_re" with MS VC++ 10.0 (VS2010)

time: Tue Aug 02 22:24:27 2016
elapsed time: 4 seconds (0d 0h 0m 4s)

