#
# There is insufficient memory for the Java Runtime Environment to continue.
# Native memory allocation (malloc) failed to allocate 332544 bytes for Chunk::new
# Possible reasons:
#   The system is out of physical RAM or swap space
#   In 32 bit mode, the process size limit was hit
# Possible solutions:
#   Reduce memory load on the system
#   Increase physical memory or swap space
#   Check if swap backing store is full
#   Use 64 bit Java on a 64 bit OS
#   Decrease Java heap size (-Xmx/-Xms)
#   Decrease number of Java threads
#   Decrease Java thread stack sizes (-Xss)
#   Set larger code cache with -XX:ReservedCodeCacheSize=
# This output file may be truncated or incomplete.
#
#  Out of Memory Error (allocation.cpp:390), pid=12616, tid=11040
#
# JRE version: Java(TM) SE Runtime Environment (8.0_91-b15) (build 1.8.0_91-b15)
# Java VM: Java HotSpot(TM) 64-Bit Server VM (25.91-b15 mixed mode windows-amd64 compressed oops)
# Failed to write core dump. Minidumps are not enabled by default on client versions of Windows
#

---------------  T H R E A D  ---------------

Current thread (0x0000000056219800):  JavaThread "C2 CompilerThread1" daemon [_thread_in_native, id=11040, stack(0x0000000056b00000,0x0000000056c00000)]

Stack: [0x0000000056b00000,0x0000000056c00000]
[error occurred during error reporting (printing stack bounds), id 0xc0000005]

Native frames: (J=compiled Java code, j=interpreted, Vv=VM code, C=native code)


Current CompileTask:
C2:   4242 1324       4       com.android.dx.ssa.SCCP::simulateStmt (481 bytes)


---------------  P R O C E S S  ---------------

Java Threads: ( => current thread )
  0x000000005629f800 JavaThread "Service Thread" daemon [_thread_blocked, id=7388, stack(0x0000000056a00000,0x0000000056b00000)]
  0x000000005621d800 JavaThread "C1 CompilerThread2" daemon [_thread_blocked, id=9608, stack(0x0000000056c10000,0x0000000056d10000)]
=>0x0000000056219800 JavaThread "C2 CompilerThread1" daemon [_thread_in_native, id=11040, stack(0x0000000056b00000,0x0000000056c00000)]
  0x0000000056217800 JavaThread "C2 CompilerThread0" daemon [_thread_in_native, id=4260, stack(0x00000000568c0000,0x00000000569c0000)]
  0x0000000056212800 JavaThread "Attach Listener" daemon [_thread_blocked, id=7992, stack(0x00000000566f0000,0x00000000567f0000)]
  0x0000000054e5d800 JavaThread "Signal Dispatcher" daemon [_thread_blocked, id=5412, stack(0x0000000056010000,0x0000000056110000)]
  0x0000000054e49800 JavaThread "Finalizer" daemon [_thread_blocked, id=12400, stack(0x0000000056110000,0x0000000056210000)]
  0x0000000054e02000 JavaThread "Reference Handler" daemon [_thread_blocked, id=12856, stack(0x0000000055f00000,0x0000000056000000)]
  0x0000000001e08000 JavaThread "main" [_thread_in_native, id=12904, stack(0x0000000001f10000,0x0000000002010000)]

Other Threads:
  0x0000000054dfa800 VMThread [stack: 0x0000000055d40000,0x0000000055e40000] [id=12768]
  0x00000000562e6800 WatcherThread [stack: 0x0000000056e50000,0x0000000056f50000] [id=8940]

VM state:not at safepoint (normal execution)

VM Mutex/Monitor currently owned by a thread: None

Heap:
 PSYoungGen      total 35328K, used 25677K [0x00000000eab00000, 0x00000000ed000000, 0x0000000100000000)
  eden space 32768K, 70% used [0x00000000eab00000,0x00000000ec1937b0,0x00000000ecb00000)
  from space 2560K, 99% used [0x00000000ecd80000,0x00000000ecfffde8,0x00000000ed000000)
  to   space 2560K, 0% used [0x00000000ecb00000,0x00000000ecb00000,0x00000000ecd80000)
 ParOldGen       total 44032K, used 2949K [0x00000000c0000000, 0x00000000c2b00000, 0x00000000eab00000)
  object space 44032K, 6% used [0x00000000c0000000,0x00000000c02e1450,0x00000000c2b00000)
 Metaspace       used 5862K, capacity 6960K, committed 7040K, reserved 1056768K
  class space    used 570K, capacity 616K, committed 640K, reserved 1048576K

Card table byte_map: [0x0000000011770000,0x0000000011980000] byte_map_base: 0x0000000011170000

Marking Bits: (ParMarkBitMap*) 0x0000000070332f70
 Begin Bits: [0x0000000012270000, 0x0000000013270000)
 End Bits:   [0x0000000013270000, 0x0000000014270000)

Polling page: 0x0000000000220000

CodeCache: size=245760Kb used=5553Kb max_used=5553Kb free=240206Kb
 bounds [0x00000000023b0000, 0x0000000002930000, 0x00000000113b0000]
 total_blobs=1657 nmethods=1393 adapters=176
 compilation: enabled

Compilation events (10 events):
Event: 4.045 Thread 0x000000005621d800 1420       1       com.android.dx.dex.file.DexFile::getTypeLists (5 bytes)
Event: 4.045 Thread 0x000000005621d800 nmethod 1420 0x000000000291f0d0 code [0x000000000291f220, 0x000000000291f330]
Event: 4.045 Thread 0x000000005621d800 1422       2       java.util.HashMap::getNode (148 bytes)
Event: 4.046 Thread 0x000000005621d800 nmethod 1422 0x000000000291f390 code [0x000000000291f520, 0x000000000291f8e8]
Event: 4.046 Thread 0x000000005621d800 1424       2       com.android.dx.dex.file.TypeIdsSection::intern (62 bytes)
Event: 4.046 Thread 0x000000005621d800 nmethod 1424 0x000000000291fb50 code [0x000000000291fd00, 0x0000000002920188]
Event: 4.046 Thread 0x000000005621d800 1425       1       com.android.dx.dex.file.IdItem::getDefiningClass (5 bytes)
Event: 4.046 Thread 0x000000005621d800 nmethod 1425 0x0000000002920450 code [0x00000000029205a0, 0x00000000029206b0]
Event: 4.046 Thread 0x000000005621d800 1423       2       com.android.dx.dex.file.MixedItemSection::intern (39 bytes)
Event: 4.047 Thread 0x000000005621d800 nmethod 1423 0x0000000002920710 code [0x00000000029208a0, 0x0000000002920b78]

GC Heap History (4 events):
Event: 1.926 GC heap before
{Heap before GC invocations=1 (full 0):
 PSYoungGen      total 18944K, used 16384K [0x00000000eab00000, 0x00000000ec000000, 0x0000000100000000)
  eden space 16384K, 100% used [0x00000000eab00000,0x00000000ebb00000,0x00000000ebb00000)
  from space 2560K, 0% used [0x00000000ebd80000,0x00000000ebd80000,0x00000000ec000000)
  to   space 2560K, 0% used [0x00000000ebb00000,0x00000000ebb00000,0x00000000ebd80000)
 ParOldGen       total 44032K, used 0K [0x00000000c0000000, 0x00000000c2b00000, 0x00000000eab00000)
  object space 44032K, 0% used [0x00000000c0000000,0x00000000c0000000,0x00000000c2b00000)
 Metaspace       used 5522K, capacity 6704K, committed 6784K, reserved 1056768K
  class space    used 558K, capacity 616K, committed 640K, reserved 1048576K
Event: 2.343 GC heap after
Heap after GC invocations=1 (full 0):
 PSYoungGen      total 18944K, used 2554K [0x00000000eab00000, 0x00000000ed000000, 0x0000000100000000)
  eden space 16384K, 0% used [0x00000000eab00000,0x00000000eab00000,0x00000000ebb00000)
  from space 2560K, 99% used [0x00000000ebb00000,0x00000000ebd7ea98,0x00000000ebd80000)
  to   space 2560K, 0% used [0x00000000ecd80000,0x00000000ecd80000,0x00000000ed000000)
 ParOldGen       total 44032K, used 1553K [0x00000000c0000000, 0x00000000c2b00000, 0x00000000eab00000)
  object space 44032K, 3% used [0x00000000c0000000,0x00000000c0184558,0x00000000c2b00000)
 Metaspace       used 5522K, capacity 6704K, committed 6784K, reserved 1056768K
  class space    used 558K, capacity 616K, committed 640K, reserved 1048576K
}
Event: 2.914 GC heap before
{Heap before GC invocations=2 (full 0):
 PSYoungGen      total 18944K, used 18938K [0x00000000eab00000, 0x00000000ed000000, 0x0000000100000000)
  eden space 16384K, 100% used [0x00000000eab00000,0x00000000ebb00000,0x00000000ebb00000)
  from space 2560K, 99% used [0x00000000ebb00000,0x00000000ebd7ea98,0x00000000ebd80000)
  to   space 2560K, 0% used [0x00000000ecd80000,0x00000000ecd80000,0x00000000ed000000)
 ParOldGen       total 44032K, used 1553K [0x00000000c0000000, 0x00000000c2b00000, 0x00000000eab00000)
  object space 44032K, 3% used [0x00000000c0000000,0x00000000c0184558,0x00000000c2b00000)
 Metaspace       used 5633K, capacity 6832K, committed 7040K, reserved 1056768K
  class space    used 558K, capacity 616K, committed 640K, reserved 1048576K
Event: 2.985 GC heap after
Heap after GC invocations=2 (full 0):
 PSYoungGen      total 35328K, used 2559K [0x00000000eab00000, 0x00000000ed000000, 0x0000000100000000)
  eden space 32768K, 0% used [0x00000000eab00000,0x00000000eab00000,0x00000000ecb00000)
  from space 2560K, 99% used [0x00000000ecd80000,0x00000000ecfffde8,0x00000000ed000000)
  to   space 2560K, 0% used [0x00000000ecb00000,0x00000000ecb00000,0x00000000ecd80000)
 ParOldGen       total 44032K, used 2949K [0x00000000c0000000, 0x00000000c2b00000, 0x00000000eab00000)
  object space 44032K, 6% used [0x00000000c0000000,0x00000000c02e1450,0x00000000c2b00000)
 Metaspace       used 5633K, capacity 6832K, committed 7040K, reserved 1056768K
  class space    used 558K, capacity 616K, committed 640K, reserved 1048576K
}

Deoptimization events (10 events):
Event: 3.988 Thread 0x0000000001e08000 Uncommon trap: reason=class_check action=maybe_recompile pc=0x000000000286b434 method=java.util.Arrays.hashCode([Ljava/lang/Object;)I @ 43
Event: 3.988 Thread 0x0000000001e08000 Uncommon trap: reason=class_check action=maybe_recompile pc=0x000000000286b434 method=java.util.Arrays.hashCode([Ljava/lang/Object;)I @ 43
Event: 3.988 Thread 0x0000000001e08000 Uncommon trap: reason=class_check action=maybe_recompile pc=0x000000000286b434 method=java.util.Arrays.hashCode([Ljava/lang/Object;)I @ 43
Event: 4.010 Thread 0x0000000001e08000 Uncommon trap: reason=bimorphic action=maybe_recompile pc=0x0000000002683d38 method=java.util.HashMap.getNode(ILjava/lang/Object;)Ljava/util/HashMap$Node; @ 126
Event: 4.010 Thread 0x0000000001e08000 Uncommon trap: reason=class_check action=maybe_recompile pc=0x0000000002789a64 method=java.util.HashMap.putVal(ILjava/lang/Object;Ljava/lang/Object;ZZ)Ljava/lang/Object; @ 203
Event: 4.012 Thread 0x0000000001e08000 Uncommon trap: reason=unstable_if action=reinterpret pc=0x0000000002789a38 method=java.util.HashMap.putVal(ILjava/lang/Object;Ljava/lang/Object;ZZ)Ljava/lang/Object; @ 94
Event: 4.012 Thread 0x0000000001e08000 Uncommon trap: reason=unstable_if action=reinterpret pc=0x00000000027869b4 method=java.util.HashMap.putVal(ILjava/lang/Object;Ljava/lang/Object;ZZ)Ljava/lang/Object; @ 94
Event: 4.038 Thread 0x0000000001e08000 Uncommon trap: reason=bimorphic action=maybe_recompile pc=0x0000000002683d38 method=java.util.HashMap.getNode(ILjava/lang/Object;)Ljava/util/HashMap$Node; @ 126
Event: 4.045 Thread 0x0000000001e08000 Uncommon trap: reason=bimorphic action=maybe_recompile pc=0x0000000002683d38 method=java.util.HashMap.getNode(ILjava/lang/Object;)Ljava/util/HashMap$Node; @ 126
Event: 4.045 Thread 0x0000000001e08000 Uncommon trap: reason=bimorphic action=maybe_recompile pc=0x00000000025b8808 method=java.util.HashMap.getNode(ILjava/lang/Object;)Ljava/util/HashMap$Node; @ 126

Internal exceptions (4 events):
Event: 0.082 Thread 0x0000000001e08000 Exception <a 'java/lang/NoSuchMethodError': Method sun.misc.Unsafe.defineClass(Ljava/lang/String;[BII)Ljava/lang/Class; name or signature does not match> (0x00000000eab07cc0) thrown at [C:\re\workspace\8-2-build-windows-amd64-cygwin\jdk8u91\7017\hotspot\sr-Ç N
Event: 0.082 Thread 0x0000000001e08000 Exception <a 'java/lang/NoSuchMethodError': Method sun.misc.Unsafe.prefetchRead(Ljava/lang/Object;J)V name or signature does not match> (0x00000000eab07fa8) thrown at [C:\re\workspace\8-2-build-windows-amd64-cygwin\jdk8u91\7017\hotspot\src\share\vm\prims\j±°¥>_Ëþ?
Event: 1.925 Thread 0x0000000001e08000 Implicit null exception at 0x00000000027499c1 to 0x000000000274c05d
Event: 2.387 Thread 0x0000000001e08000 Implicit null exception at 0x000000000275e3fe to 0x00000000027604fd

Events (10 events):
Event: 4.039 loading class com/android/dx/dex/file/ProtoIdItem
Event: 4.039 loading class com/android/dx/dex/file/ProtoIdItem done
Event: 4.045 Thread 0x0000000001e08000 Uncommon trap: trap_request=0xffffffc6 fr.pc=0x0000000002683d38
Event: 4.045 Thread 0x0000000001e08000 DEOPT PACKING pc=0x0000000002683d38 sp=0x000000000200ef70
Event: 4.045 Thread 0x0000000001e08000 DEOPT UNPACKING pc=0x00000000023f582a sp=0x000000000200ee98 mode 2
Event: 4.045 Thread 0x0000000001e08000 Uncommon trap: trap_request=0xffffffc6 fr.pc=0x00000000025b8808
Event: 4.045 Thread 0x0000000001e08000 DEOPT PACKING pc=0x00000000025b8808 sp=0x000000000200ef10
Event: 4.045 Thread 0x0000000001e08000 DEOPT UNPACKING pc=0x00000000023f582a sp=0x000000000200ee98 mode 2
Event: 4.047 loading class com/android/dex/Leb128
Event: 4.047 loading class com/android/dex/Leb128 done


Dynamic libraries:
0x000000013f6a0000 - 0x000000013f6d7000 	C:\Program Files\Java\jdk1.8.0_91\bin\java.exe
0x0000000077610000 - 0x00000000777ba000 	C:\Windows\SYSTEM32\ntdll.dll
0x00000000773f0000 - 0x000000007750f000 	C:\Windows\system32\kernel32.dll
0x000007fefd360000 - 0x000007fefd3ca000 	C:\Windows\system32\KERNELBASE.dll
0x000007fefebc0000 - 0x000007fefec9b000 	C:\Windows\system32\ADVAPI32.dll
0x000007feff510000 - 0x000007feff5af000 	C:\Windows\system32\msvcrt.dll
0x000007fefeba0000 - 0x000007fefebbf000 	C:\Windows\SYSTEM32\sechost.dll
0x000007fefdb70000 - 0x000007fefdc9d000 	C:\Windows\system32\RPCRT4.dll
0x0000000077510000 - 0x000000007760a000 	C:\Windows\system32\USER32.dll
0x000007feff7e0000 - 0x000007feff847000 	C:\Windows\system32\GDI32.dll
0x000007feff7d0000 - 0x000007feff7de000 	C:\Windows\system32\LPK.dll
0x000007feff850000 - 0x000007feff91a000 	C:\Windows\system32\USP10.dll
0x000007fefc400000 - 0x000007fefc5f4000 	C:\Windows\WinSxS\amd64_microsoft.windows.common-controls_6595b64144ccf1df_6.0.7601.17514_none_fa396087175ac9ac\COMCTL32.dll
0x000007fefda30000 - 0x000007fefdaa1000 	C:\Windows\system32\SHLWAPI.dll
0x000007feff610000 - 0x000007feff63e000 	C:\Windows\system32\IMM32.DLL
0x000007feff400000 - 0x000007feff509000 	C:\Windows\system32\MSCTF.dll
0x00000000748f0000 - 0x00000000749c2000 	C:\Program Files\Java\jdk1.8.0_91\jre\bin\msvcr100.dll
0x000000006fb20000 - 0x00000000703b3000 	C:\Program Files\Java\jdk1.8.0_91\jre\bin\server\jvm.dll
0x000007fef2c30000 - 0x000007fef2c39000 	C:\Windows\system32\WSOCK32.dll
0x000007fefd700000 - 0x000007fefd74d000 	C:\Windows\system32\WS2_32.dll
0x000007fefdd80000 - 0x000007fefdd88000 	C:\Windows\system32\NSI.dll
0x000007fefb1f0000 - 0x000007fefb22b000 	C:\Windows\system32\WINMM.dll
0x000007fefc0a0000 - 0x000007fefc0ac000 	C:\Windows\system32\VERSION.dll
0x00000000777e0000 - 0x00000000777e7000 	C:\Windows\system32\PSAPI.DLL
0x0000000074ee0000 - 0x0000000074eef000 	C:\Program Files\Java\jdk1.8.0_91\jre\bin\verify.dll
0x0000000074dd0000 - 0x0000000074df9000 	C:\Program Files\Java\jdk1.8.0_91\jre\bin\java.dll
0x0000000074ec0000 - 0x0000000074ed6000 	C:\Program Files\Java\jdk1.8.0_91\jre\bin\zip.dll
0x000007fefdd90000 - 0x000007fefeb18000 	C:\Windows\system32\SHELL32.dll
0x000007feff010000 - 0x000007feff213000 	C:\Windows\system32\ole32.dll
0x000007fefd340000 - 0x000007fefd34f000 	C:\Windows\system32\profapi.dll

VM Arguments:
jvm_args: -Djava.awt.headless=true -Xmx1024M -Dfile.encoding=windows-1256 -Duser.country=US -Duser.language=en -Duser.variant 
java_command: com.android.dx.command.Main --dex --force-jumbo --output E:\User\AndroidStudioProjects\Sunshine-Version-2\app\build\intermediates\pre-dexed\debug\instant-run_bdad2f8fe3a1ff2c2b373d24a9d7be698eab1c3f.jar E:\User\AndroidStudioProjects\Sunshine-Version-2\app\build\intermediates\incremental-runtime-classes\debug\instant-run.jar
java_class_path (initial): E:\User\AppData\Local\Android\sdk\build-tools\21.1.2\lib\dx.jar
Launcher Type: SUN_STANDARD

Environment Variables:
PATH=C:\oracle\product\10.2.0\db_2\bin;C:\oracle\product\10.2.0\db_1\bin;C:\ProgramData\Oracle\Java\javapath;C:\Windows\System32;C:\Windows\SysWOW64;C:\opencv248\build\x86\vc10\bin;C:\Python27;C:\Program Files (x86)\CodeBlocks\MinGW\bin;E:\programs\Matlab\R2013a\bin;C:\Program Files\IVI Foundation\VISA\Win64\Bin\;C:\Program Files (x86)\IVI Foundation\VISA\WinNT\Bin\;C:\Program Files (x86)\IVI Foundation\VISA\WinNT\Bin;C:\Program Files (x86)\Tesseract-OCR;E:\User\AppData\Local\Android\sdk\tools\lib;E:\Program Files\Git\cmd;E:\User\AppData\Local\Android\sdk\platform-tools;C:\Program Files\Canopy\User;C:\Program Files\Canopy\User\Scripts
USERNAME=user
OS=Windows_NT
PROCESSOR_IDENTIFIER=Intel64 Family 6 Model 58 Stepping 9, GenuineIntel



---------------  S Y S T E M  ---------------

OS: Windows 7 , 64 bit Build 7601 (6.1.7601.23572)

CPU:total 4 (2 cores per cpu, 2 threads per core) family 6 model 58 stepping 9, cmov, cx8, fxsr, mmx, sse, sse2, sse3, ssse3, sse4.1, sse4.2, popcnt, avx, aes, clmul, erms, ht, tsc, tscinvbit, tscinv

Memory: 4k page, physical 4094316k(456044k free), swap 5197556k(5120k free)

vm_info: Java HotSpot(TM) 64-Bit Server VM (25.91-b15) for windows-amd64 JRE (1.8.0_91-b15), built on May 20 2016 17:43:15 by "java_re" with MS VC++ 10.0 (VS2010)

time: Thu Jun 22 01:15:43 2017
elapsed time: 4 seconds (0d 0h 0m 4s)

