#
# There is insufficient memory for the Java Runtime Environment to continue.
# Native memory allocation (malloc) failed to allocate 53664 bytes for Chunk::new
# Possible reasons:
#   The system is out of physical RAM or swap space
#   In 32 bit mode, the process size limit was hit
# Possible solutions:
#   Reduce memory load on the system
#   Increase physical memory or swap space
#   Check if swap backing store is full
#   Use 64 bit Java on a 64 bit OS
#   Decrease Java heap size (-Xmx/-Xms)
#   Decrease number of Java threads
#   Decrease Java thread stack sizes (-Xss)
#   Set larger code cache with -XX:ReservedCodeCacheSize=
# This output file may be truncated or incomplete.
#
#  Out of Memory Error (allocation.cpp:390), pid=1300, tid=5140
#
# JRE version: Java(TM) SE Runtime Environment (8.0_91-b15) (build 1.8.0_91-b15)
# Java VM: Java HotSpot(TM) 64-Bit Server VM (25.91-b15 mixed mode windows-amd64 compressed oops)
# Failed to write core dump. Minidumps are not enabled by default on client versions of Windows
#

---------------  T H R E A D  ---------------

Current thread (0x0000000056199800):  JavaThread "C2 CompilerThread1" daemon [_thread_in_native, id=5140, stack(0x00000000569b0000,0x0000000056ab0000)]

Stack: [0x00000000569b0000,0x0000000056ab0000]
[error occurred during error reporting (printing stack bounds), id 0xc0000005]

Native frames: (J=compiled Java code, j=interpreted, Vv=VM code, C=native code)


Current CompileTask:
C2:  10913 2051       4       java.util.HashMap::put (13 bytes)


---------------  P R O C E S S  ---------------

Java Threads: ( => current thread )
  0x0000000054c0e000 JavaThread "Service Thread" daemon [_thread_blocked, id=5596, stack(0x0000000056cd0000,0x0000000056dd0000)]
  0x000000005619a800 JavaThread "C1 CompilerThread2" daemon [_thread_blocked, id=5060, stack(0x0000000056bc0000,0x0000000056cc0000)]
=>0x0000000056199800 JavaThread "C2 CompilerThread1" daemon [_thread_in_native, id=5140, stack(0x00000000569b0000,0x0000000056ab0000)]
  0x0000000056197800 JavaThread "C2 CompilerThread0" daemon [_thread_in_native, id=5768, stack(0x0000000055d50000,0x0000000055e50000)]
  0x0000000056192800 JavaThread "Attach Listener" daemon [_thread_blocked, id=4732, stack(0x0000000056820000,0x0000000056920000)]
  0x0000000054bfd800 JavaThread "Signal Dispatcher" daemon [_thread_blocked, id=3956, stack(0x00000000566c0000,0x00000000567c0000)]
  0x0000000054be3800 JavaThread "Finalizer" daemon [_thread_blocked, id=5152, stack(0x0000000056090000,0x0000000056190000)]
  0x0000000054ba2800 JavaThread "Reference Handler" daemon [_thread_blocked, id=5504, stack(0x0000000055e80000,0x0000000055f80000)]
  0x0000000001d58000 JavaThread "main" [_thread_in_vm, id=3592, stack(0x00000000020d0000,0x00000000021d0000)]

Other Threads:
  0x0000000054b9a800 VMThread [stack: 0x0000000055c10000,0x0000000055d10000] [id=5420]
  0x0000000056250000 WatcherThread [stack: 0x00000000565a0000,0x00000000566a0000] [id=5300]

VM state:not at safepoint (normal execution)

VM Mutex/Monitor currently owned by a thread: None

Heap:
 PSYoungGen      total 35328K, used 19038K [0x00000000eab00000, 0x00000000ef000000, 0x0000000100000000)
  eden space 32768K, 50% used [0x00000000eab00000,0x00000000ebb179e0,0x00000000ecb00000)
  from space 2560K, 100% used [0x00000000ecb00000,0x00000000ecd80000,0x00000000ecd80000)
  to   space 2560K, 0% used [0x00000000eed80000,0x00000000eed80000,0x00000000ef000000)
 ParOldGen       total 44032K, used 9189K [0x00000000c0000000, 0x00000000c2b00000, 0x00000000eab00000)
  object space 44032K, 20% used [0x00000000c0000000,0x00000000c08f96e0,0x00000000c2b00000)
 Metaspace       used 6573K, capacity 7410K, committed 7552K, reserved 1056768K
  class space    used 612K, capacity 618K, committed 640K, reserved 1048576K

Card table byte_map: [0x0000000011860000,0x0000000011a70000] byte_map_base: 0x0000000011260000

Marking Bits: (ParMarkBitMap*) 0x00000000700b2f70
 Begin Bits: [0x0000000012010000, 0x0000000013010000)
 End Bits:   [0x0000000013010000, 0x0000000014010000)

Polling page: 0x0000000000210000

CodeCache: size=245760Kb used=8568Kb max_used=8570Kb free=237191Kb
 bounds [0x00000000024a0000, 0x0000000002d10000, 0x00000000114a0000]
 total_blobs=2318 nmethods=2048 adapters=183
 compilation: enabled

Compilation events (10 events):
Event: 10.905 Thread 0x000000005619a800 nmethod 2061 0x0000000002cea890 code [0x0000000002ceaa40, 0x0000000002ceb090]
Event: 10.905 Thread 0x000000005619a800 2055       3       java.lang.CharacterDataLatin1::toUpperCaseEx (71 bytes)
Event: 10.905 Thread 0x000000005619a800 nmethod 2055 0x0000000002cea310 code [0x0000000002cea480, 0x0000000002cea730]
Event: 10.905 Thread 0x000000005619a800 2059       1       java.util.LinkedHashMap::removeEldestEntry (2 bytes)
Event: 10.905 Thread 0x000000005619a800 nmethod 2059 0x0000000002ce7750 code [0x0000000002ce78a0, 0x0000000002ce79b0]
Event: 10.905 Thread 0x000000005619a800 2058       1       sun.util.locale.BaseLocale::getLanguage (5 bytes)
Event: 10.905 Thread 0x000000005619a800 nmethod 2058 0x0000000002cea050 code [0x0000000002cea1a0, 0x0000000002cea2b0]
Event: 10.906 Thread 0x000000005619a800 2063       3       java.lang.Integer::reverseBytes (26 bytes)
Event: 10.906 Thread 0x000000005619a800 nmethod 2063 0x0000000002ce9990 code [0x0000000002ce9ae0, 0x0000000002ce9c30]
Event: 10.907 Thread 0x000000005619a800 2065       3       sun.security.provider.SHA::implCompress (491 bytes)

GC Heap History (6 events):
Event: 2.382 GC heap before
{Heap before GC invocations=1 (full 0):
 PSYoungGen      total 18944K, used 16384K [0x00000000eab00000, 0x00000000ec000000, 0x0000000100000000)
  eden space 16384K, 100% used [0x00000000eab00000,0x00000000ebb00000,0x00000000ebb00000)
  from space 2560K, 0% used [0x00000000ebd80000,0x00000000ebd80000,0x00000000ec000000)
  to   space 2560K, 0% used [0x00000000ebb00000,0x00000000ebb00000,0x00000000ebd80000)
 ParOldGen       total 44032K, used 0K [0x00000000c0000000, 0x00000000c2b00000, 0x00000000eab00000)
  object space 44032K, 0% used [0x00000000c0000000,0x00000000c0000000,0x00000000c2b00000)
 Metaspace       used 5549K, capacity 6768K, committed 7040K, reserved 1056768K
  class space    used 557K, capacity 616K, committed 640K, reserved 1048576K
Event: 2.859 GC heap after
Heap after GC invocations=1 (full 0):
 PSYoungGen      total 18944K, used 2535K [0x00000000eab00000, 0x00000000ed000000, 0x0000000100000000)
  eden space 16384K, 0% used [0x00000000eab00000,0x00000000eab00000,0x00000000ebb00000)
  from space 2560K, 99% used [0x00000000ebb00000,0x00000000ebd79c88,0x00000000ebd80000)
  to   space 2560K, 0% used [0x00000000ecd80000,0x00000000ecd80000,0x00000000ed000000)
 ParOldGen       total 44032K, used 1665K [0x00000000c0000000, 0x00000000c2b00000, 0x00000000eab00000)
  object space 44032K, 3% used [0x00000000c0000000,0x00000000c01a0780,0x00000000c2b00000)
 Metaspace       used 5549K, capacity 6768K, committed 7040K, reserved 1056768K
  class space    used 557K, capacity 616K, committed 640K, reserved 1048576K
}
Event: 4.419 GC heap before
{Heap before GC invocations=2 (full 0):
 PSYoungGen      total 18944K, used 18919K [0x00000000eab00000, 0x00000000ed000000, 0x0000000100000000)
  eden space 16384K, 100% used [0x00000000eab00000,0x00000000ebb00000,0x00000000ebb00000)
  from space 2560K, 99% used [0x00000000ebb00000,0x00000000ebd79c88,0x00000000ebd80000)
  to   space 2560K, 0% used [0x00000000ecd80000,0x00000000ecd80000,0x00000000ed000000)
 ParOldGen       total 44032K, used 1665K [0x00000000c0000000, 0x00000000c2b00000, 0x00000000eab00000)
  object space 44032K, 3% used [0x00000000c0000000,0x00000000c01a0780,0x00000000c2b00000)
 Metaspace       used 5757K, capacity 6960K, committed 7040K, reserved 1056768K
  class space    used 560K, capacity 616K, committed 640K, reserved 1048576K
Event: 5.598 GC heap after
Heap after GC invocations=2 (full 0):
 PSYoungGen      total 35328K, used 2544K [0x00000000eab00000, 0x00000000ed000000, 0x0000000100000000)
  eden space 32768K, 0% used [0x00000000eab00000,0x00000000eab00000,0x00000000ecb00000)
  from space 2560K, 99% used [0x00000000ecd80000,0x00000000ecffc038,0x00000000ed000000)
  to   space 2560K, 0% used [0x00000000ecb00000,0x00000000ecb00000,0x00000000ecd80000)
 ParOldGen       total 44032K, used 4126K [0x00000000c0000000, 0x00000000c2b00000, 0x00000000eab00000)
  object space 44032K, 9% used [0x00000000c0000000,0x00000000c0407bf8,0x00000000c2b00000)
 Metaspace       used 5757K, capacity 6960K, committed 7040K, reserved 1056768K
  class space    used 560K, capacity 616K, committed 640K, reserved 1048576K
}
Event: 7.482 GC heap before
{Heap before GC invocations=3 (full 0):
 PSYoungGen      total 35328K, used 35312K [0x00000000eab00000, 0x00000000ed000000, 0x0000000100000000)
  eden space 32768K, 100% used [0x00000000eab00000,0x00000000ecb00000,0x00000000ecb00000)
  from space 2560K, 99% used [0x00000000ecd80000,0x00000000ecffc038,0x00000000ed000000)
  to   space 2560K, 0% used [0x00000000ecb00000,0x00000000ecb00000,0x00000000ecd80000)
 ParOldGen       total 44032K, used 4126K [0x00000000c0000000, 0x00000000c2b00000, 0x00000000eab00000)
  object space 44032K, 9% used [0x00000000c0000000,0x00000000c0407bf8,0x00000000c2b00000)
 Metaspace       used 5896K, capacity 7024K, committed 7296K, reserved 1056768K
  class space    used 561K, capacity 616K, committed 640K, reserved 1048576K
Event: 7.893 GC heap after
Heap after GC invocations=3 (full 0):
 PSYoungGen      total 35328K, used 2560K [0x00000000eab00000, 0x00000000ef000000, 0x0000000100000000)
  eden space 32768K, 0% used [0x00000000eab00000,0x00000000eab00000,0x00000000ecb00000)
  from space 2560K, 100% used [0x00000000ecb00000,0x00000000ecd80000,0x00000000ecd80000)
  to   space 2560K, 0% used [0x00000000eed80000,0x00000000eed80000,0x00000000ef000000)
 ParOldGen       total 44032K, used 9189K [0x00000000c0000000, 0x00000000c2b00000, 0x00000000eab00000)
  object space 44032K, 20% used [0x00000000c0000000,0x00000000c08f96e0,0x00000000c2b00000)
 Metaspace       used 5896K, capacity 7024K, committed 7296K, reserved 1056768K
  class space    used 561K, capacity 616K, committed 640K, reserved 1048576K
}

Deoptimization events (10 events):
Event: 10.096 Thread 0x0000000001d58000 Uncommon trap: reason=unstable_if action=reinterpret pc=0x0000000002c8d2ec method=com.android.dx.util.ByteArrayAnnotatedOutput.writeUleb128(I)I @ 4
Event: 10.096 Thread 0x0000000001d58000 Uncommon trap: reason=unstable_if action=reinterpret pc=0x0000000002c85f8c method=com.android.dx.util.ByteArrayAnnotatedOutput.writeByte(I)V @ 13
Event: 10.896 Thread 0x0000000001d58000 Uncommon trap: reason=unstable_if action=reinterpret pc=0x0000000002ca305c method=java.lang.String.indexOf([CII[CIII)I @ 3
Event: 10.896 Thread 0x0000000001d58000 Uncommon trap: reason=unstable_if action=reinterpret pc=0x00000000027d9c2c method=java.util.Arrays.copyOf([Ljava/lang/Object;ILjava/lang/Class;)[Ljava/lang/Object; @ 3
Event: 10.898 Thread 0x0000000001d58000 Uncommon trap: reason=speculate_class_check action=maybe_recompile pc=0x0000000002b984f0 method=java.util.HashMap.putVal(ILjava/lang/Object;Ljava/lang/Object;ZZ)Ljava/lang/Object; @ 56
Event: 10.898 Thread 0x0000000001d58000 Uncommon trap: reason=speculate_class_check action=maybe_recompile pc=0x0000000002b98550 method=java.util.HashMap.putVal(ILjava/lang/Object;Ljava/lang/Object;ZZ)Ljava/lang/Object; @ 152
Event: 10.898 Thread 0x0000000001d58000 Uncommon trap: reason=speculate_class_check action=maybe_recompile pc=0x0000000002b984f0 method=java.util.HashMap.putVal(ILjava/lang/Object;Ljava/lang/Object;ZZ)Ljava/lang/Object; @ 56
Event: 10.898 Thread 0x0000000001d58000 Uncommon trap: reason=speculate_class_check action=maybe_recompile pc=0x0000000002b984f0 method=java.util.HashMap.putVal(ILjava/lang/Object;Ljava/lang/Object;ZZ)Ljava/lang/Object; @ 56
Event: 10.899 Thread 0x0000000001d58000 Uncommon trap: reason=class_check action=maybe_recompile pc=0x0000000002b955e0 method=java.util.HashMap.putVal(ILjava/lang/Object;Ljava/lang/Object;ZZ)Ljava/lang/Object; @ 56
Event: 10.899 Thread 0x0000000001d58000 Uncommon trap: reason=class_check action=maybe_recompile pc=0x0000000002b955e0 method=java.util.HashMap.putVal(ILjava/lang/Object;Ljava/lang/Object;ZZ)Ljava/lang/Object; @ 56

Internal exceptions (2 events):
Event: 0.059 Thread 0x0000000001d58000 Exception <a 'java/lang/NoSuchMethodError': Method sun.misc.Unsafe.defineClass(Ljava/lang/String;[BII)Ljava/lang/Class; name or signature does not match> (0x00000000eab07cc0) thrown at [C:\re\workspace\8-2-build-windows-amd64-cygwin\jdk8u91\7017\hotspot\srAã=®Æx®?
Event: 0.060 Thread 0x0000000001d58000 Exception <a 'java/lang/NoSuchMethodError': Method sun.misc.Unsafe.prefetchRead(Ljava/lang/Object;J)V name or signature does not match> (0x00000000eab07fa8) thrown at [C:\re\workspace\8-2-build-windows-amd64-cygwin\jdk8u91\7017\hotspot\src\share\vm\prims\j

Events (10 events):
Event: 10.904 loading class sun/security/provider/SHA
Event: 10.904 loading class sun/security/provider/DigestBase
Event: 10.904 loading class sun/security/provider/DigestBase done
Event: 10.904 loading class sun/security/provider/SHA done
Event: 10.905 loading class sun/security/jca/GetInstance$Instance
Event: 10.905 loading class sun/security/jca/GetInstance$Instance done
Event: 10.905 loading class java/security/MessageDigest$Delegate
Event: 10.905 loading class java/security/MessageDigest$Delegate done
Event: 10.905 loading class sun/security/provider/ByteArrayAccess
Event: 10.905 loading class sun/security/provider/ByteArrayAccess done


Dynamic libraries:
0x000000013fa30000 - 0x000000013fa67000 	C:\Program Files\Java\jdk1.8.0_91\bin\java.exe
0x0000000076ee0000 - 0x000000007708a000 	C:\Windows\SYSTEM32\ntdll.dll
0x0000000076cc0000 - 0x0000000076ddf000 	C:\Windows\system32\kernel32.dll
0x000007fefced0000 - 0x000007fefcf3a000 	C:\Windows\system32\KERNELBASE.dll
0x000007fefd410000 - 0x000007fefd4eb000 	C:\Windows\system32\ADVAPI32.dll
0x000007feff150000 - 0x000007feff1ef000 	C:\Windows\system32\msvcrt.dll
0x000007fefe7d0000 - 0x000007fefe7ef000 	C:\Windows\SYSTEM32\sechost.dll
0x000007fefec20000 - 0x000007fefed4d000 	C:\Windows\system32\RPCRT4.dll
0x0000000076de0000 - 0x0000000076eda000 	C:\Windows\system32\USER32.dll
0x000007fefd070000 - 0x000007fefd0d7000 	C:\Windows\system32\GDI32.dll
0x000007fefeee0000 - 0x000007fefeeee000 	C:\Windows\system32\LPK.dll
0x000007fefe820000 - 0x000007fefe8ea000 	C:\Windows\system32\USP10.dll
0x000007fefbcd0000 - 0x000007fefbec4000 	C:\Windows\WinSxS\amd64_microsoft.windows.common-controls_6595b64144ccf1df_6.0.7601.17514_none_fa396087175ac9ac\COMCTL32.dll
0x000007fefeef0000 - 0x000007fefef61000 	C:\Windows\system32\SHLWAPI.dll
0x000007fefe7f0000 - 0x000007fefe81e000 	C:\Windows\system32\IMM32.DLL
0x000007fefd2f0000 - 0x000007fefd3f9000 	C:\Windows\system32\MSCTF.dll
0x0000000072280000 - 0x0000000072352000 	C:\Program Files\Java\jdk1.8.0_91\jre\bin\msvcr100.dll
0x000000006f8a0000 - 0x0000000070133000 	C:\Program Files\Java\jdk1.8.0_91\jre\bin\server\jvm.dll
0x000007fef1c80000 - 0x000007fef1c89000 	C:\Windows\system32\WSOCK32.dll
0x000007fefe8f0000 - 0x000007fefe93d000 	C:\Windows\system32\WS2_32.dll
0x000007fefd400000 - 0x000007fefd408000 	C:\Windows\system32\NSI.dll
0x000007fefac10000 - 0x000007fefac4b000 	C:\Windows\system32\WINMM.dll
0x000007fefb970000 - 0x000007fefb97c000 	C:\Windows\system32\VERSION.dll
0x00000000770b0000 - 0x00000000770b7000 	C:\Windows\system32\PSAPI.DLL
0x00000000744f0000 - 0x00000000744ff000 	C:\Program Files\Java\jdk1.8.0_91\jre\bin\verify.dll
0x00000000744c0000 - 0x00000000744e9000 	C:\Program Files\Java\jdk1.8.0_91\jre\bin\java.dll
0x00000000744a0000 - 0x00000000744b6000 	C:\Program Files\Java\jdk1.8.0_91\jre\bin\zip.dll
0x000007fefd9e0000 - 0x000007fefe768000 	C:\Windows\system32\SHELL32.dll
0x000007fefd0e0000 - 0x000007fefd2e3000 	C:\Windows\system32\ole32.dll
0x000007fefcc20000 - 0x000007fefcc2f000 	C:\Windows\system32\profapi.dll

VM Arguments:
jvm_args: -Djava.awt.headless=true -Xmx1024M -Dfile.encoding=windows-1256 -Duser.country=US -Duser.language=en -Duser.variant 
java_command: com.android.dx.command.Main --dex --force-jumbo --output E:\User\AndroidStudioProjects\Sunshine-Version-2\app\build\intermediates\pre-dexed\debug\internal_impl-21.0.3_b7ef93a3d117c3c33ccb191ab9191289961179ae.jar E:\User\AndroidStudioProjects\Sunshine-Version-2\app\build\intermediates\exploded-aar\com.android.support\support-v4\21.0.3\jars\libs\internal_impl-21.0.3.jar
java_class_path (initial): E:\User\AppData\Local\Android\sdk\build-tools\21.1.2\lib\dx.jar
Launcher Type: SUN_STANDARD

Environment Variables:
PATH=C:\oracle\product\10.2.0\db_2\bin;C:\oracle\product\10.2.0\db_1\bin;C:\ProgramData\Oracle\Java\javapath;C:\Windows\System32;C:\Windows\SysWOW64;C:\opencv248\build\x86\vc10\bin;C:\Python27;C:\Program Files (x86)\CodeBlocks\MinGW\bin;E:\programs\Matlab\R2013a\bin;C:\Program Files\IVI Foundation\VISA\Win64\Bin\;C:\Program Files (x86)\IVI Foundation\VISA\WinNT\Bin\;C:\Program Files (x86)\IVI Foundation\VISA\WinNT\Bin;C:\Program Files (x86)\Tesseract-OCR;E:\User\AppData\Local\Android\sdk\tools\lib;E:\Program Files\Git\cmd;E:\User\AppData\Local\Android\sdk\platform-tools;C:\Program Files\Canopy\User;C:\Program Files\Canopy\User\Scripts
USERNAME=user
OS=Windows_NT
PROCESSOR_IDENTIFIER=Intel64 Family 6 Model 58 Stepping 9, GenuineIntel



---------------  S Y S T E M  ---------------

OS: Windows 7 , 64 bit Build 7601 (6.1.7601.23572)

CPU:total 4 (2 cores per cpu, 2 threads per core) family 6 model 58 stepping 9, cmov, cx8, fxsr, mmx, sse, sse2, sse3, ssse3, sse4.1, sse4.2, popcnt, avx, aes, clmul, erms, ht, tsc, tscinvbit, tscinv

Memory: 4k page, physical 4094316k(256880k free), swap 5601120k(4904k free)

vm_info: Java HotSpot(TM) 64-Bit Server VM (25.91-b15) for windows-amd64 JRE (1.8.0_91-b15), built on May 20 2016 17:43:15 by "java_re" with MS VC++ 10.0 (VS2010)

time: Thu Jun 22 10:35:16 2017
elapsed time: 11 seconds (0d 0h 0m 11s)

