#
# There is insufficient memory for the Java Runtime Environment to continue.
# Native memory allocation (malloc) failed to allocate 81936 bytes for Chunk::new
# Possible reasons:
#   The system is out of physical RAM or swap space
#   In 32 bit mode, the process size limit was hit
# Possible solutions:
#   Reduce memory load on the system
#   Increase physical memory or swap space
#   Check if swap backing store is full
#   Use 64 bit Java on a 64 bit OS
#   Decrease Java heap size (-Xmx/-Xms)
#   Decrease number of Java threads
#   Decrease Java thread stack sizes (-Xss)
#   Set larger code cache with -XX:ReservedCodeCacheSize=
# This output file may be truncated or incomplete.
#
#  Out of Memory Error (allocation.cpp:390), pid=2392, tid=3196
#
# JRE version: Java(TM) SE Runtime Environment (8.0_91-b15) (build 1.8.0_91-b15)
# Java VM: Java HotSpot(TM) 64-Bit Server VM (25.91-b15 mixed mode windows-amd64 compressed oops)
# Failed to write core dump. Minidumps are not enabled by default on client versions of Windows
#

---------------  T H R E A D  ---------------

Current thread (0x000000005620a800):  JavaThread "C1 CompilerThread2" daemon [_thread_in_native, id=3196, stack(0x0000000056cd0000,0x0000000056dd0000)]

Stack: [0x0000000056cd0000,0x0000000056dd0000]
[error occurred during error reporting (printing stack bounds), id 0xc0000005]

Native frames: (J=compiled Java code, j=interpreted, Vv=VM code, C=native code)


Current CompileTask:
C1:   5132  650   !   3       com.android.dx.cf.code.RopperMachine::run (1550 bytes)


---------------  P R O C E S S  ---------------

Java Threads: ( => current thread )
  0x0000000054dce000 JavaThread "Service Thread" daemon [_thread_blocked, id=6872, stack(0x0000000056e60000,0x0000000056f60000)]
=>0x000000005620a800 JavaThread "C1 CompilerThread2" daemon [_thread_in_native, id=3196, stack(0x0000000056cd0000,0x0000000056dd0000)]
  0x0000000056209800 JavaThread "C2 CompilerThread1" daemon [_thread_in_vm, id=6428, stack(0x0000000056ba0000,0x0000000056ca0000)]
  0x0000000056207800 JavaThread "C2 CompilerThread0" daemon [_thread_in_native, id=1292, stack(0x0000000056aa0000,0x0000000056ba0000)]
  0x0000000056202800 JavaThread "Attach Listener" daemon [_thread_blocked, id=5144, stack(0x00000000567c0000,0x00000000568c0000)]
  0x0000000054db7800 JavaThread "Signal Dispatcher" daemon [_thread_blocked, id=6892, stack(0x0000000056680000,0x0000000056780000)]
  0x0000000054da3800 JavaThread "Finalizer" daemon [_thread_blocked, id=6636, stack(0x0000000056100000,0x0000000056200000)]
  0x0000000054d62800 JavaThread "Reference Handler" daemon [_thread_blocked, id=6628, stack(0x0000000055ff0000,0x00000000560f0000)]
  0x0000000001e08000 JavaThread "main" [_thread_blocked, id=4456, stack(0x00000000021b0000,0x00000000022b0000)]

Other Threads:
  0x0000000054d5a800 VMThread [stack: 0x0000000055e60000,0x0000000055f60000] [id=6164]
  0x000000005629c000 WatcherThread [stack: 0x0000000056920000,0x0000000056a20000] [id=7024]

VM state:synchronizing (normal execution)

VM Mutex/Monitor currently owned by a thread:  ([mutex/lock_event])
[0x0000000001edc8c0] Threads_lock - owner thread: 0x0000000054d5a800
[0x0000000001edcf40] CompiledIC_lock - owner thread: 0x0000000001e08000

Heap:
 PSYoungGen      total 18944K, used 15772K [0x00000000eab00000, 0x00000000ec000000, 0x0000000100000000)
  eden space 16384K, 96% used [0x00000000eab00000,0x00000000eba67108,0x00000000ebb00000)
  from space 2560K, 0% used [0x00000000ebd80000,0x00000000ebd80000,0x00000000ec000000)
  to   space 2560K, 0% used [0x00000000ebb00000,0x00000000ebb00000,0x00000000ebd80000)
 ParOldGen       total 44032K, used 0K [0x00000000c0000000, 0x00000000c2b00000, 0x00000000eab00000)
  object space 44032K, 0% used [0x00000000c0000000,0x00000000c0000000,0x00000000c2b00000)
 Metaspace       used 5303K, capacity 6640K, committed 6784K, reserved 1056768K
  class space    used 540K, capacity 616K, committed 640K, reserved 1048576K

Card table byte_map: [0x0000000011940000,0x0000000011b50000] byte_map_base: 0x0000000011340000

Marking Bits: (ParMarkBitMap*) 0x000000006db72f70
 Begin Bits: [0x00000000121d0000, 0x00000000131d0000)
 End Bits:   [0x00000000131d0000, 0x00000000141d0000)

Polling page: 0x00000000001a0000

CodeCache: size=245760Kb used=2628Kb max_used=2638Kb free=243131Kb
 bounds [0x0000000002580000, 0x0000000002820000, 0x0000000011580000]
 total_blobs=910 nmethods=653 adapters=170
 compilation: enabled

Compilation events (10 events):
Event: 4.603 Thread 0x0000000056207800 nmethod 659 0x00000000028019d0 code [0x0000000002801b00, 0x0000000002801c58]
Event: 4.606 Thread 0x0000000056209800  661       4       java.util.ArrayList::iterator (10 bytes)
Event: 4.606 Thread 0x0000000056207800  663       4       com.android.dx.ssa.NormalSsaInsn::isNormalMoveInsn (20 bytes)
Event: 4.607 Thread 0x0000000056209800 nmethod 661 0x00000000027f2fd0 code [0x00000000027f3120, 0x00000000027f3208]
Event: 4.607 Thread 0x0000000056207800 nmethod 663 0x00000000028048d0 code [0x0000000002804a00, 0x0000000002804a78]
Event: 4.608 Thread 0x0000000056209800  664       4       java.util.ArrayList::isEmpty (13 bytes)
Event: 4.608 Thread 0x0000000056207800  665       4       com.android.dx.ssa.SsaBasicBlock::forEachInsn (37 bytes)
Event: 4.608 Thread 0x0000000056209800 nmethod 664 0x00000000027bd690 code [0x00000000027bd7c0, 0x00000000027bd818]
Event: 4.609 Thread 0x0000000056209800  667       4       com.android.dx.ssa.NormalSsaInsn::getSources (8 bytes)
Event: 4.610 Thread 0x0000000056209800 nmethod 667 0x00000000028154d0 code [0x0000000002815600, 0x0000000002815678]

GC Heap History (0 events):
No events

Deoptimization events (0 events):
No events

Internal exceptions (2 events):
Event: 1.800 Thread 0x0000000001e08000 Exception <a 'java/lang/NoSuchMethodError': Method sun.misc.Unsafe.defineClass(Ljava/lang/String;[BII)Ljava/lang/Class; name or signature does not match> (0x00000000eab07cc0) thrown at [C:\re\workspace\8-2-build-windows-amd64-cygwin\jdk8u91\7017\hotspot\srð8‚åÌü?
Event: 1.800 Thread 0x0000000001e08000 Exception <a 'java/lang/NoSuchMethodError': Method sun.misc.Unsafe.prefetchRead(Ljava/lang/Object;J)V name or signature does not match> (0x00000000eab07fa8) thrown at [C:\re\workspace\8-2-build-windows-amd64-cygwin\jdk8u91\7017\hotspot\src\share\vm\prims\j

Events (10 events):
Event: 4.430 loading class com/android/dx/rop/annotation/AnnotationsList
Event: 4.430 loading class com/android/dx/rop/annotation/AnnotationsList done
Event: 4.430 loading class com/android/dx/dex/file/MethodIdItem
Event: 4.430 loading class com/android/dx/dex/file/MethodIdItem done
Event: 4.430 loading class com/android/dx/cf/code/SwitchList
Event: 4.430 loading class com/android/dx/cf/code/SwitchList done
Event: 4.450 loading class com/android/dx/ssa/back/FirstFitLocalCombiningAllocator$Multiset
Event: 4.450 loading class com/android/dx/ssa/back/FirstFitLocalCombiningAllocator$Multiset done
Event: 4.454 loading class java/util/DualPivotQuicksort
Event: 4.454 loading class java/util/DualPivotQuicksort done


Dynamic libraries:
0x000000013fa40000 - 0x000000013fa77000 	C:\Program Files\Java\jdk1.8.0_91\bin\java.exe
0x0000000077a80000 - 0x0000000077c29000 	C:\Windows\SYSTEM32\ntdll.dll
0x0000000077860000 - 0x000000007797f000 	C:\Windows\system32\kernel32.dll
0x000007fefd990000 - 0x000007fefd9fb000 	C:\Windows\system32\KERNELBASE.dll
0x000007fefdfc0000 - 0x000007fefe09b000 	C:\Windows\system32\ADVAPI32.dll
0x000007feff5e0000 - 0x000007feff67f000 	C:\Windows\system32\msvcrt.dll
0x000007fefe0a0000 - 0x000007fefe0bf000 	C:\Windows\SYSTEM32\sechost.dll
0x000007fefe390000 - 0x000007fefe4bd000 	C:\Windows\system32\RPCRT4.dll
0x0000000077980000 - 0x0000000077a7a000 	C:\Windows\system32\USER32.dll
0x000007feffaf0000 - 0x000007feffb57000 	C:\Windows\system32\GDI32.dll
0x000007fefdc10000 - 0x000007fefdc1e000 	C:\Windows\system32\LPK.dll
0x000007fefdc20000 - 0x000007fefdce9000 	C:\Windows\system32\USP10.dll
0x000007fefc8f0000 - 0x000007fefcae4000 	C:\Windows\WinSxS\amd64_microsoft.windows.common-controls_6595b64144ccf1df_6.0.7601.17514_none_fa396087175ac9ac\COMCTL32.dll
0x000007feff560000 - 0x000007feff5d1000 	C:\Windows\system32\SHLWAPI.dll
0x000007fefdf90000 - 0x000007fefdfbe000 	C:\Windows\system32\IMM32.DLL
0x000007fefdcf0000 - 0x000007fefddf9000 	C:\Windows\system32\MSCTF.dll
0x000000006c370000 - 0x000000006c442000 	C:\Program Files\Java\jdk1.8.0_91\jre\bin\msvcr100.dll
0x000000006d360000 - 0x000000006dbf3000 	C:\Program Files\Java\jdk1.8.0_91\jre\bin\server\jvm.dll
0x000007fef3fc0000 - 0x000007fef3fc9000 	C:\Windows\system32\WSOCK32.dll
0x000007feffce0000 - 0x000007feffd2d000 	C:\Windows\system32\WS2_32.dll
0x000007feff4b0000 - 0x000007feff4b8000 	C:\Windows\system32\NSI.dll
0x000007fefb2b0000 - 0x000007fefb2eb000 	C:\Windows\system32\WINMM.dll
0x000007fefc590000 - 0x000007fefc59c000 	C:\Windows\system32\VERSION.dll
0x0000000077c50000 - 0x0000000077c57000 	C:\Windows\system32\PSAPI.DLL
0x0000000071b80000 - 0x0000000071b8f000 	C:\Program Files\Java\jdk1.8.0_91\jre\bin\verify.dll
0x0000000071b30000 - 0x0000000071b59000 	C:\Program Files\Java\jdk1.8.0_91\jre\bin\java.dll
0x0000000071b10000 - 0x0000000071b26000 	C:\Program Files\Java\jdk1.8.0_91\jre\bin\zip.dll
0x000007fefe4c0000 - 0x000007feff248000 	C:\Windows\system32\SHELL32.dll
0x000007feff8e0000 - 0x000007feffae3000 	C:\Windows\system32\ole32.dll
0x000007fefd840000 - 0x000007fefd84f000 	C:\Windows\system32\profapi.dll

VM Arguments:
jvm_args: -Djava.awt.headless=true -Xmx1024M -Dfile.encoding=windows-1256 -Duser.country=US -Duser.language=en -Duser.variant 
java_command: com.android.dx.command.Main --dex --force-jumbo --output E:\User\AndroidStudioProjects\Sunshine-Version-2\app\build\intermediates\pre-dexed\debug\main_ce6091204da083106fd240fc667f6564108714f7.jar E:\User\AndroidStudioProjects\Sunshine-Version-2\app\build\intermediates\transforms\instantRun\debug\folders\1\5\main
java_class_path (initial): E:\User\AppData\Local\Android\sdk\build-tools\21.1.2\lib\dx.jar
Launcher Type: SUN_STANDARD

Environment Variables:
PATH=C:\oracle\product\10.2.0\db_2\bin;C:\oracle\product\10.2.0\db_1\bin;C:\ProgramData\Oracle\Java\javapath;C:\Windows\System32;C:\Windows\SysWOW64;C:\opencv248\build\x86\vc10\bin;C:\Python27;C:\Program Files (x86)\CodeBlocks\MinGW\bin;E:\programs\Matlab\R2013a\bin;C:\Program Files\IVI Foundation\VISA\Win64\Bin\;C:\Program Files (x86)\IVI Foundation\VISA\WinNT\Bin\;C:\Program Files (x86)\IVI Foundation\VISA\WinNT\Bin;C:\Program Files (x86)\Tesseract-OCR;E:\User\AppData\Local\Android\sdk\tools\lib;E:\Program Files\Git\cmd;E:\User\AppData\Local\Android\sdk\platform-tools;C:\Program Files\Canopy\User;C:\Program Files\Canopy\User\Scripts
USERNAME=user
OS=Windows_NT
PROCESSOR_IDENTIFIER=Intel64 Family 6 Model 58 Stepping 9, GenuineIntel



---------------  S Y S T E M  ---------------

OS: Windows 7 , 64 bit Build 7601 (6.1.7601.18015)

CPU:total 4 (2 cores per cpu, 2 threads per core) family 6 model 58 stepping 9, cmov, cx8, fxsr, mmx, sse, sse2, sse3, ssse3, sse4.1, sse4.2, popcnt, avx, aes, clmul, erms, ht, tsc, tscinvbit, tscinv

Memory: 4k page, physical 4094316k(104596k free), swap 5628452k(4960k free)

vm_info: Java HotSpot(TM) 64-Bit Server VM (25.91-b15) for windows-amd64 JRE (1.8.0_91-b15), built on May 20 2016 17:43:15 by "java_re" with MS VC++ 10.0 (VS2010)

time: Sun Aug 07 19:29:22 2016
elapsed time: 5 seconds (0d 0h 0m 5s)

