#
# There is insufficient memory for the Java Runtime Environment to continue.
# Native memory allocation (malloc) failed to allocate 470576 bytes for Chunk::new
# Possible reasons:
#   The system is out of physical RAM or swap space
#   In 32 bit mode, the process size limit was hit
# Possible solutions:
#   Reduce memory load on the system
#   Increase physical memory or swap space
#   Check if swap backing store is full
#   Use 64 bit Java on a 64 bit OS
#   Decrease Java heap size (-Xmx/-Xms)
#   Decrease number of Java threads
#   Decrease Java thread stack sizes (-Xss)
#   Set larger code cache with -XX:ReservedCodeCacheSize=
# This output file may be truncated or incomplete.
#
#  Out of Memory Error (allocation.cpp:390), pid=51284, tid=50840
#
# JRE version: Java(TM) SE Runtime Environment (8.0_91-b15) (build 1.8.0_91-b15)
# Java VM: Java HotSpot(TM) 64-Bit Server VM (25.91-b15 mixed mode windows-amd64 compressed oops)
# Failed to write core dump. Minidumps are not enabled by default on client versions of Windows
#

---------------  T H R E A D  ---------------

Current thread (0x0000000056187800):  JavaThread "C2 CompilerThread0" daemon [_thread_in_native, id=50840, stack(0x0000000056a40000,0x0000000056b40000)]

Stack: [0x0000000056a40000,0x0000000056b40000]
[error occurred during error reporting (printing stack bounds), id 0xc0000005]

Native frames: (J=compiled Java code, j=interpreted, Vv=VM code, C=native code)


Current CompileTask:
C2:   6748 1103       4       com.android.dx.ssa.SsaMethod::forEachInsn (36 bytes)


---------------  P R O C E S S  ---------------

Java Threads: ( => current thread )
  0x000000005618d000 JavaThread "Service Thread" daemon [_thread_blocked, id=52592, stack(0x0000000056d00000,0x0000000056e00000)]
  0x000000005618a800 JavaThread "C1 CompilerThread2" daemon [_thread_in_native, id=26912, stack(0x0000000056bd0000,0x0000000056cd0000)]
  0x0000000056189800 JavaThread "C2 CompilerThread1" daemon [_thread_in_native, id=4252, stack(0x00000000567d0000,0x00000000568d0000)]
=>0x0000000056187800 JavaThread "C2 CompilerThread0" daemon [_thread_in_native, id=50840, stack(0x0000000056a40000,0x0000000056b40000)]
  0x0000000056182800 JavaThread "Attach Listener" daemon [_thread_blocked, id=53232, stack(0x00000000568d0000,0x00000000569d0000)]
  0x0000000054ded800 JavaThread "Signal Dispatcher" daemon [_thread_blocked, id=52656, stack(0x0000000056620000,0x0000000056720000)]
  0x0000000054dd9800 JavaThread "Finalizer" daemon [_thread_blocked, id=53216, stack(0x0000000056080000,0x0000000056180000)]
  0x0000000054d92800 JavaThread "Reference Handler" daemon [_thread_blocked, id=52760, stack(0x0000000055ee0000,0x0000000055fe0000)]
  0x0000000001df8000 JavaThread "main" [_thread_in_Java, id=28208, stack(0x0000000002220000,0x0000000002320000)]

Other Threads:
  0x0000000054d8a800 VMThread [stack: 0x0000000055de0000,0x0000000055ee0000] [id=52768]
  0x000000005624e000 WatcherThread [stack: 0x0000000056fa0000,0x00000000570a0000] [id=36296]

VM state:not at safepoint (normal execution)

VM Mutex/Monitor currently owned by a thread: None

Heap:
 PSYoungGen      total 18944K, used 6303K [0x00000000eab00000, 0x00000000ed000000, 0x0000000100000000)
  eden space 16384K, 23% used [0x00000000eab00000,0x00000000eaeae350,0x00000000ebb00000)
  from space 2560K, 99% used [0x00000000ebb00000,0x00000000ebd79c88,0x00000000ebd80000)
  to   space 2560K, 0% used [0x00000000ecd80000,0x00000000ecd80000,0x00000000ed000000)
 ParOldGen       total 44032K, used 1651K [0x00000000c0000000, 0x00000000c2b00000, 0x00000000eab00000)
  object space 44032K, 3% used [0x00000000c0000000,0x00000000c019cf10,0x00000000c2b00000)
 Metaspace       used 5629K, capacity 6832K, committed 7040K, reserved 1056768K
  class space    used 559K, capacity 616K, committed 640K, reserved 1048576K

Card table byte_map: [0x00000000119b0000,0x0000000011bc0000] byte_map_base: 0x00000000113b0000

Marking Bits: (ParMarkBitMap*) 0x0000000070572f70
 Begin Bits: [0x0000000012200000, 0x0000000013200000)
 End Bits:   [0x0000000013200000, 0x0000000014200000)

Polling page: 0x00000000000a0000

CodeCache: size=245760Kb used=4531Kb max_used=4531Kb free=241228Kb
 bounds [0x00000000025f0000, 0x0000000002a70000, 0x00000000115f0000]
 total_blobs=1374 nmethods=1109 adapters=176
 compilation: enabled

Compilation events (10 events):
Event: 6.733 Thread 0x000000005618a800 nmethod 1110 0x0000000002a5c050 code [0x0000000002a5c2c0, 0x0000000002a5d128]
Event: 6.733 Thread 0x000000005618a800 1111       3       com.android.dx.ssa.DeadCodeRemover$NoSideEffectVisitor::visitPhiInsn (22 bytes)
Event: 6.733 Thread 0x000000005618a800 nmethod 1111 0x0000000002a51a10 code [0x0000000002a51bc0, 0x0000000002a52328]
Event: 6.736 Thread 0x000000005618a800 1113       1       com.android.dx.rop.code.Insn$BaseVisitor::visitPlainInsn (1 bytes)
Event: 6.736 Thread 0x000000005618a800 nmethod 1113 0x0000000002a51750 code [0x0000000002a518a0, 0x0000000002a519b0]
Event: 6.736 Thread 0x000000005618a800 1112       3       com.android.dx.util.MutabilityControl::<init> (10 bytes)
Event: 6.737 Thread 0x000000005618a800 nmethod 1112 0x0000000002a51390 code [0x0000000002a514e0, 0x0000000002a51690]
Event: 6.737 Thread 0x000000005618a800 1114       3       com.android.dx.rop.annotation.Annotations::size (8 bytes)
Event: 6.737 Thread 0x000000005618a800 nmethod 1114 0x0000000002a5dbd0 code [0x0000000002a5dd20, 0x0000000002a5deb0]
Event: 6.740 Thread 0x000000005618a800 1116       3       com.android.dx.ssa.ConstCollector::getConstsSortedByCountUse (386 bytes)

GC Heap History (2 events):
Event: 5.907 GC heap before
{Heap before GC invocations=1 (full 0):
 PSYoungGen      total 18944K, used 16384K [0x00000000eab00000, 0x00000000ec000000, 0x0000000100000000)
  eden space 16384K, 100% used [0x00000000eab00000,0x00000000ebb00000,0x00000000ebb00000)
  from space 2560K, 0% used [0x00000000ebd80000,0x00000000ebd80000,0x00000000ec000000)
  to   space 2560K, 0% used [0x00000000ebb00000,0x00000000ebb00000,0x00000000ebd80000)
 ParOldGen       total 44032K, used 0K [0x00000000c0000000, 0x00000000c2b00000, 0x00000000eab00000)
  object space 44032K, 0% used [0x00000000c0000000,0x00000000c0000000,0x00000000c2b00000)
 Metaspace       used 5560K, capacity 6768K, committed 7040K, reserved 1056768K
  class space    used 557K, capacity 616K, committed 640K, reserved 1048576K
Event: 6.502 GC heap after
Heap after GC invocations=1 (full 0):
 PSYoungGen      total 18944K, used 2535K [0x00000000eab00000, 0x00000000ed000000, 0x0000000100000000)
  eden space 16384K, 0% used [0x00000000eab00000,0x00000000eab00000,0x00000000ebb00000)
  from space 2560K, 99% used [0x00000000ebb00000,0x00000000ebd79c88,0x00000000ebd80000)
  to   space 2560K, 0% used [0x00000000ecd80000,0x00000000ecd80000,0x00000000ed000000)
 ParOldGen       total 44032K, used 1651K [0x00000000c0000000, 0x00000000c2b00000, 0x00000000eab00000)
  object space 44032K, 3% used [0x00000000c0000000,0x00000000c019cf10,0x00000000c2b00000)
 Metaspace       used 5560K, capacity 6768K, committed 7040K, reserved 1056768K
  class space    used 557K, capacity 616K, committed 640K, reserved 1048576K
}

Deoptimization events (9 events):
Event: 2.956 Thread 0x0000000001df8000 Uncommon trap: reason=unstable_if action=reinterpret pc=0x000000000281eaa8 method=java.util.HashMap.getNode(ILjava/lang/Object;)Ljava/util/HashMap$Node; @ 62
Event: 3.721 Thread 0x0000000001df8000 Uncommon trap: reason=unstable_if action=reinterpret pc=0x000000000282da60 method=java.util.BitSet.nextSetBit(I)I @ 87
Event: 4.094 Thread 0x0000000001df8000 Uncommon trap: reason=unstable_if action=reinterpret pc=0x00000000028d5958 method=java.lang.String.<init>([CII)V @ 18
Event: 4.702 Thread 0x0000000001df8000 Uncommon trap: reason=class_check action=maybe_recompile pc=0x00000000028c3a20 method=com.android.dx.rop.type.Type.equals(Ljava/lang/Object;)Z @ 8
Event: 4.702 Thread 0x0000000001df8000 Uncommon trap: reason=class_check action=maybe_recompile pc=0x00000000028c3a20 method=com.android.dx.rop.type.Type.equals(Ljava/lang/Object;)Z @ 8
Event: 4.703 Thread 0x0000000001df8000 Uncommon trap: reason=unstable_if action=reinterpret pc=0x00000000028ca4a4 method=java.util.BitSet.ensureCapacity(I)V @ 6
Event: 6.579 Thread 0x0000000001df8000 Uncommon trap: reason=unstable_if action=reinterpret pc=0x000000000294dfdc method=com.android.dx.rop.code.LocalItem.hashCode()I @ 25
Event: 6.579 Thread 0x0000000001df8000 Uncommon trap: reason=unstable_if action=reinterpret pc=0x000000000295213c method=com.android.dx.rop.code.LocalItem.hashCode()I @ 25
Event: 6.579 Thread 0x0000000001df8000 Uncommon trap: reason=unstable_if action=reinterpret pc=0x000000000294d614 method=com.android.dx.rop.code.LocalItem.hashCode()I @ 25

Internal exceptions (2 events):
Event: 0.059 Thread 0x0000000001df8000 Exception <a 'java/lang/NoSuchMethodError': Method sun.misc.Unsafe.defineClass(Ljava/lang/String;[BII)Ljava/lang/Class; name or signature does not match> (0x00000000eab07cc0) thrown at [C:\re\workspace\8-2-build-windows-amd64-cygwin\jdk8u91\7017\hotspot\srÙJO’4®?
Event: 0.059 Thread 0x0000000001df8000 Exception <a 'java/lang/NoSuchMethodError': Method sun.misc.Unsafe.prefetchRead(Ljava/lang/Object;J)V name or signature does not match> (0x00000000eab07fa8) thrown at [C:\re\workspace\8-2-build-windows-amd64-cygwin\jdk8u91\7017\hotspot\src\share\vm\prims\j

Events (10 events):
Event: 6.579 Thread 0x0000000001df8000 Uncommon trap: trap_request=0xffffff65 fr.pc=0x000000000295213c
Event: 6.579 Thread 0x0000000001df8000 DEOPT PACKING pc=0x000000000295213c sp=0x000000000231e810
Event: 6.579 Thread 0x0000000001df8000 DEOPT UNPACKING pc=0x000000000263582a sp=0x000000000231e5e0 mode 2
Event: 6.579 Thread 0x0000000001df8000 Uncommon trap: trap_request=0xffffff65 fr.pc=0x000000000294d614
Event: 6.579 Thread 0x0000000001df8000 DEOPT PACKING pc=0x000000000294d614 sp=0x000000000231e6a0
Event: 6.579 Thread 0x0000000001df8000 DEOPT UNPACKING pc=0x000000000263582a sp=0x000000000231e5f0 mode 2
Event: 6.580 loading class com/android/dx/dex/file/MethodAnnotationStruct
Event: 6.580 loading class com/android/dx/dex/file/MethodAnnotationStruct done
Event: 6.594 loading class com/android/dx/dex/file/FieldAnnotationStruct
Event: 6.594 loading class com/android/dx/dex/file/FieldAnnotationStruct done


Dynamic libraries:
0x000000013f7a0000 - 0x000000013f7d7000 	C:\Program Files\Java\jdk1.8.0_91\bin\java.exe
0x0000000077340000 - 0x00000000774ea000 	C:\Windows\SYSTEM32\ntdll.dll
0x0000000077220000 - 0x000000007733f000 	C:\Windows\system32\kernel32.dll
0x000007fefd090000 - 0x000007fefd0fa000 	C:\Windows\system32\KERNELBASE.dll
0x000007fefead0000 - 0x000007fefebab000 	C:\Windows\system32\ADVAPI32.dll
0x000007feff5b0000 - 0x000007feff64f000 	C:\Windows\system32\msvcrt.dll
0x000007fefe860000 - 0x000007fefe87f000 	C:\Windows\SYSTEM32\sechost.dll
0x000007fefed20000 - 0x000007fefee4d000 	C:\Windows\system32\RPCRT4.dll
0x0000000077120000 - 0x000000007721a000 	C:\Windows\system32\USER32.dll
0x000007fefea60000 - 0x000007fefeac7000 	C:\Windows\system32\GDI32.dll
0x000007fefd6f0000 - 0x000007fefd6fe000 	C:\Windows\system32\LPK.dll
0x000007fefd620000 - 0x000007fefd6ea000 	C:\Windows\system32\USP10.dll
0x000007fefc130000 - 0x000007fefc324000 	C:\Windows\WinSxS\amd64_microsoft.windows.common-controls_6595b64144ccf1df_6.0.7601.17514_none_fa396087175ac9ac\COMCTL32.dll
0x000007fefe5d0000 - 0x000007fefe641000 	C:\Windows\system32\SHLWAPI.dll
0x000007fefe880000 - 0x000007fefe8ae000 	C:\Windows\system32\IMM32.DLL
0x000007feff120000 - 0x000007feff229000 	C:\Windows\system32\MSCTF.dll
0x0000000073a40000 - 0x0000000073b12000 	C:\Program Files\Java\jdk1.8.0_91\jre\bin\msvcr100.dll
0x000000006fd60000 - 0x00000000705f3000 	C:\Program Files\Java\jdk1.8.0_91\jre\bin\server\jvm.dll
0x000007fef57c0000 - 0x000007fef57c9000 	C:\Windows\system32\WSOCK32.dll
0x000007fefecd0000 - 0x000007fefed1d000 	C:\Windows\system32\WS2_32.dll
0x000007fefd610000 - 0x000007fefd618000 	C:\Windows\system32\NSI.dll
0x000007feface0000 - 0x000007fefad1b000 	C:\Windows\system32\WINMM.dll
0x000007fefbdd0000 - 0x000007fefbddc000 	C:\Windows\system32\VERSION.dll
0x0000000077510000 - 0x0000000077517000 	C:\Windows\system32\PSAPI.DLL
0x00000000749c0000 - 0x00000000749cf000 	C:\Program Files\Java\jdk1.8.0_91\jre\bin\verify.dll
0x00000000747d0000 - 0x00000000747f9000 	C:\Program Files\Java\jdk1.8.0_91\jre\bin\java.dll
0x0000000074980000 - 0x0000000074996000 	C:\Program Files\Java\jdk1.8.0_91\jre\bin\zip.dll
0x000007fefd700000 - 0x000007fefe488000 	C:\Windows\system32\SHELL32.dll
0x000007fefe650000 - 0x000007fefe853000 	C:\Windows\system32\ole32.dll
0x000007fefd070000 - 0x000007fefd07f000 	C:\Windows\system32\profapi.dll

VM Arguments:
jvm_args: -Djava.awt.headless=true -Xmx1024M -Dfile.encoding=windows-1256 -Duser.country=US -Duser.language=en -Duser.variant 
java_command: com.android.dx.command.Main --dex --force-jumbo --output E:\User\AndroidStudioProjects\Sunshine-Version-2\app\build\intermediates\pre-dexed\debug\internal_impl-21.0.3_b7ef93a3d117c3c33ccb191ab9191289961179ae.jar E:\User\AndroidStudioProjects\Sunshine-Version-2\app\build\intermediates\exploded-aar\com.android.support\support-v4\21.0.3\jars\libs\internal_impl-21.0.3.jar
java_class_path (initial): E:\User\AppData\Local\Android\sdk\build-tools\21.1.2\lib\dx.jar
Launcher Type: SUN_STANDARD

Environment Variables:
PATH=C:\oracle\product\10.2.0\db_2\bin;C:\oracle\product\10.2.0\db_1\bin;C:\ProgramData\Oracle\Java\javapath;C:\Windows\System32;C:\Windows\SysWOW64;C:\opencv248\build\x86\vc10\bin;C:\Python27;C:\Program Files (x86)\CodeBlocks\MinGW\bin;E:\programs\Matlab\R2013a\bin;C:\Program Files\IVI Foundation\VISA\Win64\Bin\;C:\Program Files (x86)\IVI Foundation\VISA\WinNT\Bin\;C:\Program Files (x86)\IVI Foundation\VISA\WinNT\Bin;C:\Program Files (x86)\Tesseract-OCR;E:\User\AppData\Local\Android\sdk\tools\lib;E:\Program Files\Git\cmd;E:\User\AppData\Local\Android\sdk\platform-tools;C:\Program Files\Canopy\User;C:\Program Files\Canopy\User\Scripts
USERNAME=user
OS=Windows_NT
PROCESSOR_IDENTIFIER=Intel64 Family 6 Model 58 Stepping 9, GenuineIntel



---------------  S Y S T E M  ---------------

OS: Windows 7 , 64 bit Build 7601 (6.1.7601.23572)

CPU:total 4 (2 cores per cpu, 2 threads per core) family 6 model 58 stepping 9, cmov, cx8, fxsr, mmx, sse, sse2, sse3, ssse3, sse4.1, sse4.2, popcnt, avx, aes, clmul, erms, ht, tsc, tscinvbit, tscinv

Memory: 4k page, physical 4094316k(146172k free), swap 5628456k(5272k free)

vm_info: Java HotSpot(TM) 64-Bit Server VM (25.91-b15) for windows-amd64 JRE (1.8.0_91-b15), built on May 20 2016 17:43:15 by "java_re" with MS VC++ 10.0 (VS2010)

time: Tue Jul 04 01:24:44 2017
elapsed time: 6 seconds (0d 0h 0m 6s)

