#
# There is insufficient memory for the Java Runtime Environment to continue.
# Native memory allocation (malloc) failed to allocate 32744 bytes for ChunkPool::allocate
# Possible reasons:
#   The system is out of physical RAM or swap space
#   In 32 bit mode, the process size limit was hit
# Possible solutions:
#   Reduce memory load on the system
#   Increase physical memory or swap space
#   Check if swap backing store is full
#   Use 64 bit Java on a 64 bit OS
#   Decrease Java heap size (-Xmx/-Xms)
#   Decrease number of Java threads
#   Decrease Java thread stack sizes (-Xss)
#   Set larger code cache with -XX:ReservedCodeCacheSize=
# This output file may be truncated or incomplete.
#
#  Out of Memory Error (allocation.cpp:273), pid=4500, tid=6300
#
# JRE version: Java(TM) SE Runtime Environment (8.0_91-b15) (build 1.8.0_91-b15)
# Java VM: Java HotSpot(TM) 64-Bit Server VM (25.91-b15 mixed mode windows-amd64 compressed oops)
# Failed to write core dump. Minidumps are not enabled by default on client versions of Windows
#

---------------  T H R E A D  ---------------

Current thread (0x0000000054c9f800):  JavaThread "C2 CompilerThread0" daemon [_thread_in_native, id=6300, stack(0x0000000056390000,0x0000000056490000)]

Stack: [0x0000000056390000,0x0000000056490000]
[error occurred during error reporting (printing stack bounds), id 0xc0000005]

Native frames: (J=compiled Java code, j=interpreted, Vv=VM code, C=native code)


Current CompileTask:
C2:  15459 1772   !   4       com.android.dx.cf.code.Ropper::processBlock (1101 bytes)


---------------  P R O C E S S  ---------------

Java Threads: ( => current thread )
  0x000000005600f800 JavaThread "Service Thread" daemon [_thread_blocked, id=6500, stack(0x0000000056c00000,0x0000000056d00000)]
  0x0000000055f8d000 JavaThread "C1 CompilerThread2" daemon [_thread_blocked, id=6480, stack(0x0000000056aa0000,0x0000000056ba0000)]
  0x0000000055f88800 JavaThread "C2 CompilerThread1" daemon [_thread_in_native, id=6748, stack(0x00000000567e0000,0x00000000568e0000)]
=>0x0000000054c9f800 JavaThread "C2 CompilerThread0" daemon [_thread_in_native, id=6300, stack(0x0000000056390000,0x0000000056490000)]
  0x0000000054c90000 JavaThread "Attach Listener" daemon [_thread_blocked, id=4828, stack(0x00000000566b0000,0x00000000567b0000)]
  0x0000000055f8c000 JavaThread "Signal Dispatcher" daemon [_thread_blocked, id=4568, stack(0x0000000056550000,0x0000000056650000)]
  0x0000000054c79800 JavaThread "Finalizer" daemon [_thread_blocked, id=3304, stack(0x0000000055d20000,0x0000000055e20000)]
  0x0000000054c32800 JavaThread "Reference Handler" daemon [_thread_blocked, id=6236, stack(0x0000000055e80000,0x0000000055f80000)]
  0x0000000001de8000 JavaThread "main" [_thread_in_Java, id=6912, stack(0x0000000002210000,0x0000000002310000)]

Other Threads:
  0x0000000054c2a800 VMThread [stack: 0x0000000055be0000,0x0000000055ce0000] [id=3728]
  0x0000000056037000 WatcherThread [stack: 0x0000000056e20000,0x0000000056f20000] [id=660]

VM state:not at safepoint (normal execution)

VM Mutex/Monitor currently owned by a thread: None

Heap:
 PSYoungGen      total 114176K, used 18276K [0x00000000eab00000, 0x00000000f2b80000, 0x0000000100000000)
  eden space 99328K, 5% used [0x00000000eab00000,0x00000000eb0d0940,0x00000000f0c00000)
  from space 14848K, 82% used [0x00000000f1b80000,0x00000000f2788998,0x00000000f2a00000)
  to   space 15872K, 0% used [0x00000000f0c00000,0x00000000f0c00000,0x00000000f1b80000)
 ParOldGen       total 70656K, used 40602K [0x00000000c0000000, 0x00000000c4500000, 0x00000000eab00000)
  object space 70656K, 57% used [0x00000000c0000000,0x00000000c27a6988,0x00000000c4500000)
 Metaspace       used 6178K, capacity 7152K, committed 7296K, reserved 1056768K
  class space    used 586K, capacity 616K, committed 640K, reserved 1048576K

Card table byte_map: [0x00000000119a0000,0x0000000011bb0000] byte_map_base: 0x00000000113a0000

Marking Bits: (ParMarkBitMap*) 0x000000006db72f70
 Begin Bits: [0x00000000120a0000, 0x00000000130a0000)
 End Bits:   [0x00000000130a0000, 0x00000000140a0000)

Polling page: 0x0000000000310000

CodeCache: size=245760Kb used=8779Kb max_used=8797Kb free=236980Kb
 bounds [0x00000000025e0000, 0x0000000002e90000, 0x00000000115e0000]
 total_blobs=2144 nmethods=1881 adapters=176
 compilation: enabled

Compilation events (10 events):
Event: 14.245 Thread 0x0000000055f88800 nmethod 1783 0x0000000002e35ed0 code [0x0000000002e36040, 0x0000000002e36418]
Event: 14.245 Thread 0x0000000055f88800 1791       4       com.android.dx.ssa.SsaConverter::needsNewSuccessor (53 bytes)
Event: 14.249 Thread 0x0000000055f88800 nmethod 1791 0x0000000002e35810 code [0x0000000002e35960, 0x0000000002e35b58]
Event: 14.249 Thread 0x0000000055f88800 1788       4       com.android.dx.ssa.SsaBasicBlock::<init> (109 bytes)
Event: 14.258 Thread 0x0000000055f88800 nmethod 1788 0x0000000002e4a1d0 code [0x0000000002e4a360, 0x0000000002e4a9d8]
Event: 14.258 Thread 0x0000000055f88800 1796       4       com.android.dx.cf.code.BaseMachine::getLocalTarget (151 bytes)
Event: 14.275 Thread 0x0000000055f88800 nmethod 1796 0x0000000002e6a950 code [0x0000000002e6ab40, 0x0000000002e6b3f0]
Event: 14.275 Thread 0x0000000055f88800 1907       4       com.android.dx.ssa.LiteralOpUpgrader::tryReplacingWithConstant (161 bytes)
Event: 14.433 Thread 0x0000000055f88800 nmethod 1907 0x0000000002e7e690 code [0x0000000002e7e9a0, 0x0000000002e80620]
Event: 14.433 Thread 0x0000000055f88800 1786   !   4       com.android.dx.cf.cst.ConstantPoolParser::parse0 (731 bytes)

GC Heap History (10 events):
Event: 5.360 GC heap before
{Heap before GC invocations=5 (full 0):
 PSYoungGen      total 68096K, used 68075K [0x00000000eab00000, 0x00000000ef000000, 0x0000000100000000)
  eden space 65536K, 100% used [0x00000000eab00000,0x00000000eeb00000,0x00000000eeb00000)
  from space 2560K, 99% used [0x00000000eed80000,0x00000000eeffac88,0x00000000ef000000)
  to   space 2560K, 0% used [0x00000000eeb00000,0x00000000eeb00000,0x00000000eed80000)
 ParOldGen       total 44032K, used 13797K [0x00000000c0000000, 0x00000000c2b00000, 0x00000000eab00000)
  object space 44032K, 31% used [0x00000000c0000000,0x00000000c0d79770,0x00000000c2b00000)
 Metaspace       used 6077K, capacity 7088K, committed 7296K, reserved 1056768K
  class space    used 585K, capacity 616K, committed 640K, reserved 1048576K
Event: 6.221 GC heap after
Heap after GC invocations=5 (full 0):
 PSYoungGen      total 68096K, used 2529K [0x00000000eab00000, 0x00000000ef000000, 0x0000000100000000)
  eden space 65536K, 0% used [0x00000000eab00000,0x00000000eab00000,0x00000000eeb00000)
  from space 2560K, 98% used [0x00000000eeb00000,0x00000000eed78498,0x00000000eed80000)
  to   space 2560K, 0% used [0x00000000eed80000,0x00000000eed80000,0x00000000ef000000)
 ParOldGen       total 44032K, used 24796K [0x00000000c0000000, 0x00000000c2b00000, 0x00000000eab00000)
  object space 44032K, 56% used [0x00000000c0000000,0x00000000c18370a8,0x00000000c2b00000)
 Metaspace       used 6077K, capacity 7088K, committed 7296K, reserved 1056768K
  class space    used 585K, capacity 616K, committed 640K, reserved 1048576K
}
Event: 8.147 GC heap before
{Heap before GC invocations=6 (full 0):
 PSYoungGen      total 68096K, used 68065K [0x00000000eab00000, 0x00000000ef000000, 0x0000000100000000)
  eden space 65536K, 100% used [0x00000000eab00000,0x00000000eeb00000,0x00000000eeb00000)
  from space 2560K, 98% used [0x00000000eeb00000,0x00000000eed78498,0x00000000eed80000)
  to   space 2560K, 0% used [0x00000000eed80000,0x00000000eed80000,0x00000000ef000000)
 ParOldGen       total 44032K, used 24796K [0x00000000c0000000, 0x00000000c2b00000, 0x00000000eab00000)
  object space 44032K, 56% used [0x00000000c0000000,0x00000000c18370a8,0x00000000c2b00000)
 Metaspace       used 6163K, capacity 7152K, committed 7296K, reserved 1056768K
  class space    used 586K, capacity 616K, committed 640K, reserved 1048576K
Event: 8.875 GC heap after
Heap after GC invocations=6 (full 0):
 PSYoungGen      total 68096K, used 2546K [0x00000000eab00000, 0x00000000ef000000, 0x0000000100000000)
  eden space 65536K, 0% used [0x00000000eab00000,0x00000000eab00000,0x00000000eeb00000)
  from space 2560K, 99% used [0x00000000eed80000,0x00000000eeffcb68,0x00000000ef000000)
  to   space 2560K, 0% used [0x00000000eeb00000,0x00000000eeb00000,0x00000000eed80000)
 ParOldGen       total 44032K, used 34932K [0x00000000c0000000, 0x00000000c2b00000, 0x00000000eab00000)
  object space 44032K, 79% used [0x00000000c0000000,0x00000000c221d160,0x00000000c2b00000)
 Metaspace       used 6163K, capacity 7152K, committed 7296K, reserved 1056768K
  class space    used 586K, capacity 616K, committed 640K, reserved 1048576K
}
Event: 8.875 GC heap before
{Heap before GC invocations=7 (full 1):
 PSYoungGen      total 68096K, used 2546K [0x00000000eab00000, 0x00000000ef000000, 0x0000000100000000)
  eden space 65536K, 0% used [0x00000000eab00000,0x00000000eab00000,0x00000000eeb00000)
  from space 2560K, 99% used [0x00000000eed80000,0x00000000eeffcb68,0x00000000ef000000)
  to   space 2560K, 0% used [0x00000000eeb00000,0x00000000eeb00000,0x00000000eed80000)
 ParOldGen       total 44032K, used 34932K [0x00000000c0000000, 0x00000000c2b00000, 0x00000000eab00000)
  object space 44032K, 79% used [0x00000000c0000000,0x00000000c221d160,0x00000000c2b00000)
 Metaspace       used 6163K, capacity 7152K, committed 7296K, reserved 1056768K
  class space    used 586K, capacity 616K, committed 640K, reserved 1048576K
Event: 11.623 GC heap after
Heap after GC invocations=7 (full 1):
 PSYoungGen      total 68096K, used 0K [0x00000000eab00000, 0x00000000ef000000, 0x0000000100000000)
  eden space 65536K, 0% used [0x00000000eab00000,0x00000000eab00000,0x00000000eeb00000)
  from space 2560K, 0% used [0x00000000eed80000,0x00000000eed80000,0x00000000ef000000)
  to   space 2560K, 0% used [0x00000000eeb00000,0x00000000eeb00000,0x00000000eed80000)
 ParOldGen       total 70656K, used 34180K [0x00000000c0000000, 0x00000000c4500000, 0x00000000eab00000)
  object space 70656K, 48% used [0x00000000c0000000,0x00000000c21612e0,0x00000000c4500000)
 Metaspace       used 6163K, capacity 7152K, committed 7296K, reserved 1056768K
  class space    used 586K, capacity 616K, committed 640K, reserved 1048576K
}
Event: 12.098 GC heap before
{Heap before GC invocations=8 (full 1):
 PSYoungGen      total 68096K, used 65536K [0x00000000eab00000, 0x00000000ef000000, 0x0000000100000000)
  eden space 65536K, 100% used [0x00000000eab00000,0x00000000eeb00000,0x00000000eeb00000)
  from space 2560K, 0% used [0x00000000eed80000,0x00000000eed80000,0x00000000ef000000)
  to   space 2560K, 0% used [0x00000000eeb00000,0x00000000eeb00000,0x00000000eed80000)
 ParOldGen       total 70656K, used 34180K [0x00000000c0000000, 0x00000000c4500000, 0x00000000eab00000)
  object space 70656K, 48% used [0x00000000c0000000,0x00000000c21612e0,0x00000000c4500000)
 Metaspace       used 6173K, capacity 7152K, committed 7296K, reserved 1056768K
  class space    used 586K, capacity 616K, committed 640K, reserved 1048576K
Event: 12.198 GC heap after
Heap after GC invocations=8 (full 1):
 PSYoungGen      total 68096K, used 2529K [0x00000000eab00000, 0x00000000f2a00000, 0x0000000100000000)
  eden space 65536K, 0% used [0x00000000eab00000,0x00000000eab00000,0x00000000eeb00000)
  from space 2560K, 98% used [0x00000000eeb00000,0x00000000eed78560,0x00000000eed80000)
  to   space 14848K, 0% used [0x00000000f1b80000,0x00000000f1b80000,0x00000000f2a00000)
 ParOldGen       total 70656K, used 40602K [0x00000000c0000000, 0x00000000c4500000, 0x00000000eab00000)
  object space 70656K, 57% used [0x00000000c0000000,0x00000000c27a6988,0x00000000c4500000)
 Metaspace       used 6173K, capacity 7152K, committed 7296K, reserved 1056768K
  class space    used 586K, capacity 616K, committed 640K, reserved 1048576K
}
Event: 12.829 GC heap before
{Heap before GC invocations=9 (full 1):
 PSYoungGen      total 68096K, used 68065K [0x00000000eab00000, 0x00000000f2a00000, 0x0000000100000000)
  eden space 65536K, 100% used [0x00000000eab00000,0x00000000eeb00000,0x00000000eeb00000)
  from space 2560K, 98% used [0x00000000eeb00000,0x00000000eed78560,0x00000000eed80000)
  to   space 14848K, 0% used [0x00000000f1b80000,0x00000000f1b80000,0x00000000f2a00000)
 ParOldGen       total 70656K, used 40602K [0x00000000c0000000, 0x00000000c4500000, 0x00000000eab00000)
  object space 70656K, 57% used [0x00000000c0000000,0x00000000c27a6988,0x00000000c4500000)
 Metaspace       used 6177K, capacity 7152K, committed 7296K, reserved 1056768K
  class space    used 586K, capacity 616K, committed 640K, reserved 1048576K
Event: 13.012 GC heap after
Heap after GC invocations=9 (full 1):
 PSYoungGen      total 114176K, used 12322K [0x00000000eab00000, 0x00000000f2b80000, 0x0000000100000000)
  eden space 99328K, 0% used [0x00000000eab00000,0x00000000eab00000,0x00000000f0c00000)
  from space 14848K, 82% used [0x00000000f1b80000,0x00000000f2788998,0x00000000f2a00000)
  to   space 15872K, 0% used [0x00000000f0c00000,0x00000000f0c00000,0x00000000f1b80000)
 ParOldGen       total 70656K, used 40602K [0x00000000c0000000, 0x00000000c4500000, 0x00000000eab00000)
  object space 70656K, 57% used [0x00000000c0000000,0x00000000c27a6988,0x00000000c4500000)
 Metaspace       used 6177K, capacity 7152K, committed 7296K, reserved 1056768K
  class space    used 586K, capacity 616K, committed 640K, reserved 1048576K
}

Deoptimization events (10 events):
Event: 6.314 Thread 0x0000000001de8000 Uncommon trap: reason=unstable_if action=reinterpret pc=0x0000000002d005bc method=com.android.dx.ssa.SsaBasicBlock.newFromRop(Lcom/android/dx/rop/code/RopMethod;ILcom/android/dx/ssa/SsaMethod;)Lcom/android/dx/ssa/SsaBasicBlock; @ 164
Event: 7.563 Thread 0x0000000001de8000 Uncommon trap: reason=unstable_if action=reinterpret pc=0x0000000002bd2d0c method=com.android.dx.ssa.SCCP.simulateBranch(Lcom/android/dx/ssa/SsaInsn;)V @ 64
Event: 7.563 Thread 0x0000000001de8000 Uncommon trap: reason=unstable_if action=reinterpret pc=0x0000000002c3d8c8 method=com.android.dx.ssa.LiteralOpUpgrader$1.visitNonMoveInsn(Lcom/android/dx/ssa/NormalSsaInsn;)V @ 55
Event: 7.564 Thread 0x0000000001de8000 Uncommon trap: reason=unstable_if action=reinterpret pc=0x0000000002a3e80c method=com.android.dx.ssa.SsaMethod.updateOneDefinition(Lcom/android/dx/ssa/SsaInsn;Lcom/android/dx/rop/code/RegisterSpec;)V @ 4
Event: 8.125 Thread 0x0000000001de8000 Uncommon trap: reason=unstable_if action=reinterpret pc=0x0000000002d92058 method=java.util.HashMap.putVal(ILjava/lang/Object;Ljava/lang/Object;ZZ)Ljava/lang/Object; @ 109
Event: 12.081 Thread 0x0000000001de8000 Uncommon trap: reason=bimorphic action=maybe_recompile pc=0x0000000002c9fd88 method=com.android.dx.cf.code.BytecodeArray.parseInstruction(ILcom/android/dx/cf/code/BytecodeArray$Visitor;)I @ 1287
Event: 12.081 Thread 0x0000000001de8000 Uncommon trap: reason=bimorphic action=maybe_recompile pc=0x0000000002c9fd88 method=com.android.dx.cf.code.BytecodeArray.parseInstruction(ILcom/android/dx/cf/code/BytecodeArray$Visitor;)I @ 1287
Event: 12.374 Thread 0x0000000001de8000 Uncommon trap: reason=bimorphic action=maybe_recompile pc=0x0000000002c9fef8 method=com.android.dx.cf.code.BytecodeArray.parseInstruction(ILcom/android/dx/cf/code/BytecodeArray$Visitor;)I @ 1357
Event: 12.375 Thread 0x0000000001de8000 Uncommon trap: reason=bimorphic action=maybe_recompile pc=0x0000000002c9fef8 method=com.android.dx.cf.code.BytecodeArray.parseInstruction(ILcom/android/dx/cf/code/BytecodeArray$Visitor;)I @ 1357
Event: 12.519 Thread 0x0000000001de8000 Uncommon trap: reason=unstable_if action=reinterpret pc=0x0000000002c072f0 method=com.android.dx.ssa.MoveParamCombiner$1.visitNonMoveInsn(Lcom/android/dx/ssa/NormalSsaInsn;)V @ 27

Internal exceptions (7 events):
Event: 0.070 Thread 0x0000000001de8000 Exception <a 'java/lang/NoSuchMethodError': Method sun.misc.Unsafe.defineClass(Ljava/lang/String;[BII)Ljava/lang/Class; name or signature does not match> (0x00000000eab07cc0) thrown at [C:\re\workspace\8-2-build-windows-amd64-cygwin\jdk8u91\7017\hotspot\sr∏Ï÷´€
≤?
Event: 0.070 Thread 0x0000000001de8000 Exception <a 'java/lang/NoSuchMethodError': Method sun.misc.Unsafe.prefetchRead(Ljava/lang/Object;J)V name or signature does not match> (0x00000000eab07fa8) thrown at [C:\re\workspace\8-2-build-windows-amd64-cygwin\jdk8u91\7017\hotspot\src\share\vm\prims\j/ç‡ë€c
Event: 2.049 Thread 0x0000000001de8000 Implicit null exception at 0x00000000029568d2 to 0x00000000029569d1
Event: 2.364 Thread 0x0000000001de8000 Implicit null exception at 0x0000000002932fc4 to 0x0000000002934485
Event: 2.611 Thread 0x0000000001de8000 Exception <a 'java/lang/ArrayIndexOutOfBoundsException': 18> (0x00000000eb961040) thrown at [C:\re\workspace\8-2-build-windows-amd64-cygwin\jdk8u91\7017\hotspot\src\share\vm\interpreter\interpreterRuntime.cpp, line 366]
Event: 2.612 Thread 0x0000000001de8000 Exception <a 'java/lang/ArrayIndexOutOfBoundsException'> (0x00000000eb962bc0) thrown at [C:\re\workspace\8-2-build-windows-amd64-cygwin\jdk8u91\7017\hotspot\src\share\vm\runtime\sharedRuntime.cpp, line 605]
Event: 2.612 Thread 0x0000000001de8000 Exception <a 'java/lang/ArrayIndexOutOfBoundsException'> (0x00000000eb963ea8) thrown at [C:\re\workspace\8-2-build-windows-amd64-cygwin\jdk8u91\7017\hotspot\src\share\vm\runtime\sharedRuntime.cpp, line 605]

Events (10 events):
Event: 12.375 Thread 0x0000000001de8000 DEOPT UNPACKING pc=0x000000000262582a sp=0x000000000230e130 mode 2
Event: 12.413 Thread 0x0000000001de8000 DEOPT PACKING pc=0x000000000298fe39 sp=0x000000000230e500
Event: 12.413 Thread 0x0000000001de8000 DEOPT UNPACKING pc=0x000000000262787f sp=0x000000000230e330 mode 0
Event: 12.465 Thread 0x0000000001de8000 DEOPT PACKING pc=0x00000000029b5039 sp=0x000000000230e5c0
Event: 12.465 Thread 0x0000000001de8000 DEOPT UNPACKING pc=0x000000000262787f sp=0x000000000230e350 mode 0
Event: 12.519 Thread 0x0000000001de8000 Uncommon trap: trap_request=0xffffff65 fr.pc=0x0000000002c072f0
Event: 12.519 Thread 0x0000000001de8000 DEOPT PACKING pc=0x0000000002c072f0 sp=0x000000000230e4c0
Event: 12.519 Thread 0x0000000001de8000 DEOPT UNPACKING pc=0x000000000262582a sp=0x000000000230e418 mode 2
Event: 12.829 Executing VM operation: ParallelGCFailedAllocation
Event: 13.012 Executing VM operation: ParallelGCFailedAllocation done


Dynamic libraries:
0x000000013fa40000 - 0x000000013fa77000 	C:\Program Files\Java\jdk1.8.0_91\bin\java.exe
0x0000000077a80000 - 0x0000000077c29000 	C:\Windows\SYSTEM32\ntdll.dll
0x0000000077860000 - 0x000000007797f000 	C:\Windows\system32\kernel32.dll
0x000007fefd990000 - 0x000007fefd9fb000 	C:\Windows\system32\KERNELBASE.dll
0x000007fefdfc0000 - 0x000007fefe09b000 	C:\Windows\system32\ADVAPI32.dll
0x000007feff5e0000 - 0x000007feff67f000 	C:\Windows\system32\msvcrt.dll
0x000007fefe0a0000 - 0x000007fefe0bf000 	C:\Windows\SYSTEM32\sechost.dll
0x000007fefe390000 - 0x000007fefe4bd000 	C:\Windows\system32\RPCRT4.dll
0x0000000077980000 - 0x0000000077a7a000 	C:\Windows\system32\USER32.dll
0x000007feffaf0000 - 0x000007feffb57000 	C:\Windows\system32\GDI32.dll
0x000007fefdc10000 - 0x000007fefdc1e000 	C:\Windows\system32\LPK.dll
0x000007fefdc20000 - 0x000007fefdce9000 	C:\Windows\system32\USP10.dll
0x000007fefc8f0000 - 0x000007fefcae4000 	C:\Windows\WinSxS\amd64_microsoft.windows.common-controls_6595b64144ccf1df_6.0.7601.17514_none_fa396087175ac9ac\COMCTL32.dll
0x000007feff560000 - 0x000007feff5d1000 	C:\Windows\system32\SHLWAPI.dll
0x000007fefdf90000 - 0x000007fefdfbe000 	C:\Windows\system32\IMM32.DLL
0x000007fefdcf0000 - 0x000007fefddf9000 	C:\Windows\system32\MSCTF.dll
0x000000006c370000 - 0x000000006c442000 	C:\Program Files\Java\jdk1.8.0_91\jre\bin\msvcr100.dll
0x000000006d360000 - 0x000000006dbf3000 	C:\Program Files\Java\jdk1.8.0_91\jre\bin\server\jvm.dll
0x000007fef3fc0000 - 0x000007fef3fc9000 	C:\Windows\system32\WSOCK32.dll
0x000007feffce0000 - 0x000007feffd2d000 	C:\Windows\system32\WS2_32.dll
0x000007feff4b0000 - 0x000007feff4b8000 	C:\Windows\system32\NSI.dll
0x000007fefb2b0000 - 0x000007fefb2eb000 	C:\Windows\system32\WINMM.dll
0x000007fefc590000 - 0x000007fefc59c000 	C:\Windows\system32\VERSION.dll
0x0000000077c50000 - 0x0000000077c57000 	C:\Windows\system32\PSAPI.DLL
0x0000000071b80000 - 0x0000000071b8f000 	C:\Program Files\Java\jdk1.8.0_91\jre\bin\verify.dll
0x0000000071b30000 - 0x0000000071b59000 	C:\Program Files\Java\jdk1.8.0_91\jre\bin\java.dll
0x0000000071b10000 - 0x0000000071b26000 	C:\Program Files\Java\jdk1.8.0_91\jre\bin\zip.dll
0x000007fefe4c0000 - 0x000007feff248000 	C:\Windows\system32\SHELL32.dll
0x000007feff8e0000 - 0x000007feffae3000 	C:\Windows\system32\ole32.dll
0x000007fefd840000 - 0x000007fefd84f000 	C:\Windows\system32\profapi.dll

VM Arguments:
jvm_args: -Djava.awt.headless=true -Xmx1024M -Dfile.encoding=windows-1256 -Duser.country=US -Duser.language=en -Duser.variant 
java_command: com.android.dx.command.Main --dex --force-jumbo --output E:\User\AndroidStudioProjects\Sunshine-Version-2\app\build\intermediates\pre-dexed\debug\com.android.support-support-v4-21.0.3_3035d9c83d7289f90d6f43d640a8c8de139a0846.jar E:\User\AndroidStudioProjects\Sunshine-Version-2\app\build\intermediates\exploded-aar\com.android.support\support-v4\21.0.3\jars\classes.jar
java_class_path (initial): E:\User\AppData\Local\Android\sdk\build-tools\21.1.2\lib\dx.jar
Launcher Type: SUN_STANDARD

Environment Variables:
PATH=C:\oracle\product\10.2.0\db_2\bin;C:\oracle\product\10.2.0\db_1\bin;C:\ProgramData\Oracle\Java\javapath;C:\Windows\System32;C:\Windows\SysWOW64;C:\opencv248\build\x86\vc10\bin;C:\Python27;C:\Program Files (x86)\CodeBlocks\MinGW\bin;E:\programs\Matlab\R2013a\bin;C:\Program Files\IVI Foundation\VISA\Win64\Bin\;C:\Program Files (x86)\IVI Foundation\VISA\WinNT\Bin\;C:\Program Files (x86)\IVI Foundation\VISA\WinNT\Bin;C:\Program Files (x86)\Tesseract-OCR;E:\User\AppData\Local\Android\sdk\tools\lib;E:\Program Files\Git\cmd;E:\User\AppData\Local\Android\sdk\platform-tools;C:\Program Files\Canopy\User;C:\Program Files\Canopy\User\Scripts
USERNAME=user
OS=Windows_NT
PROCESSOR_IDENTIFIER=Intel64 Family 6 Model 58 Stepping 9, GenuineIntel



---------------  S Y S T E M  ---------------

OS: Windows 7 , 64 bit Build 7601 (6.1.7601.18015)

CPU:total 4 (2 cores per cpu, 2 threads per core) family 6 model 58 stepping 9, cmov, cx8, fxsr, mmx, sse, sse2, sse3, ssse3, sse4.1, sse4.2, popcnt, avx, aes, clmul, erms, ht, tsc, tscinvbit, tscinv

Memory: 4k page, physical 4094316k(157028k free), swap 5628452k(17568k free)

vm_info: Java HotSpot(TM) 64-Bit Server VM (25.91-b15) for windows-amd64 JRE (1.8.0_91-b15), built on May 20 2016 17:43:15 by "java_re" with MS VC++ 10.0 (VS2010)

time: Sun Aug 07 19:38:29 2016
elapsed time: 15 seconds (0d 0h 0m 15s)

