#
# There is insufficient memory for the Java Runtime Environment to continue.
# Native memory allocation (malloc) failed to allocate 91184 bytes for Chunk::new
# Possible reasons:
#   The system is out of physical RAM or swap space
#   In 32 bit mode, the process size limit was hit
# Possible solutions:
#   Reduce memory load on the system
#   Increase physical memory or swap space
#   Check if swap backing store is full
#   Use 64 bit Java on a 64 bit OS
#   Decrease Java heap size (-Xmx/-Xms)
#   Decrease number of Java threads
#   Decrease Java thread stack sizes (-Xss)
#   Set larger code cache with -XX:ReservedCodeCacheSize=
# This output file may be truncated or incomplete.
#
#  Out of Memory Error (allocation.cpp:390), pid=6708, tid=7084
#
# JRE version: Java(TM) SE Runtime Environment (8.0_91-b15) (build 1.8.0_91-b15)
# Java VM: Java HotSpot(TM) 64-Bit Server VM (25.91-b15 mixed mode windows-amd64 compressed oops)
# Failed to write core dump. Minidumps are not enabled by default on client versions of Windows
#

---------------  T H R E A D  ---------------

Current thread (0x00000000562aa000):  JavaThread "C2 CompilerThread1" daemon [_thread_in_native, id=7084, stack(0x00000000569e0000,0x0000000056ae0000)]

Stack: [0x00000000569e0000,0x0000000056ae0000]
[error occurred during error reporting (printing stack bounds), id 0xc0000005]

Native frames: (J=compiled Java code, j=interpreted, Vv=VM code, C=native code)


Current CompileTask:
C2:   4605 1072       4       com.android.dx.ssa.SCCP::simulateStmt (481 bytes)


---------------  P R O C E S S  ---------------

Java Threads: ( => current thread )
  0x0000000056324000 JavaThread "Service Thread" daemon [_thread_blocked, id=7096, stack(0x0000000056eb0000,0x0000000056fb0000)]
  0x00000000562b3000 JavaThread "C1 CompilerThread2" daemon [_thread_blocked, id=6984, stack(0x0000000056c10000,0x0000000056d10000)]
=>0x00000000562aa000 JavaThread "C2 CompilerThread1" daemon [_thread_in_native, id=7084, stack(0x00000000569e0000,0x0000000056ae0000)]
  0x00000000562a7800 JavaThread "C2 CompilerThread0" daemon [_thread_blocked, id=7100, stack(0x0000000056710000,0x0000000056810000)]
  0x00000000562a2800 JavaThread "Attach Listener" daemon [_thread_blocked, id=7004, stack(0x0000000056870000,0x0000000056970000)]
  0x0000000054e0d800 JavaThread "Signal Dispatcher" daemon [_thread_blocked, id=7072, stack(0x00000000560a0000,0x00000000561a0000)]
  0x0000000054df9800 JavaThread "Finalizer" daemon [_thread_blocked, id=6812, stack(0x00000000561a0000,0x00000000562a0000)]
  0x0000000054db2000 JavaThread "Reference Handler" daemon [_thread_blocked, id=6788, stack(0x0000000055db0000,0x0000000055eb0000)]
  0x0000000001d48000 JavaThread "main" [_thread_in_Java, id=6888, stack(0x0000000002000000,0x0000000002100000)]

Other Threads:
  0x0000000054daa800 VMThread [stack: 0x0000000055ec0000,0x0000000055fc0000] [id=6928]
  0x000000005635d000 WatcherThread [stack: 0x0000000056fc0000,0x00000000570c0000] [id=7040]

VM state:not at safepoint (normal execution)

VM Mutex/Monitor currently owned by a thread: None

Heap:
 PSYoungGen      total 18944K, used 5787K [0x00000000eab00000, 0x00000000ed000000, 0x0000000100000000)
  eden space 16384K, 19% used [0x00000000eab00000,0x00000000eae2bb30,0x00000000ebb00000)
  from space 2560K, 99% used [0x00000000ebd80000,0x00000000ebffb410,0x00000000ec000000)
  to   space 2560K, 0% used [0x00000000ebb00000,0x00000000ebb00000,0x00000000ebd80000)
 ParOldGen       total 44032K, used 2973K [0x00000000c0000000, 0x00000000c2b00000, 0x00000000eab00000)
  object space 44032K, 6% used [0x00000000c0000000,0x00000000c02e7578,0x00000000c2b00000)
 Metaspace       used 5611K, capacity 6832K, committed 7040K, reserved 1056768K
  class space    used 559K, capacity 616K, committed 640K, reserved 1048576K

Card table byte_map: [0x0000000011790000,0x00000000119a0000] byte_map_base: 0x0000000011190000

Marking Bits: (ParMarkBitMap*) 0x000000006ad92f70
 Begin Bits: [0x0000000012220000, 0x0000000013220000)
 End Bits:   [0x0000000013220000, 0x0000000014220000)

Polling page: 0x0000000000210000

CodeCache: size=245760Kb used=4554Kb max_used=4573Kb free=241205Kb
 bounds [0x00000000023d0000, 0x0000000002850000, 0x00000000113d0000]
 total_blobs=1380 nmethods=1116 adapters=176
 compilation: disabled (not enough contiguous free space left)

Compilation events (10 events):
Event: 3.788 Thread 0x00000000562b3000 1121       3       com.android.dx.ssa.NormalSsaInsn::isMoveException (20 bytes)
Event: 3.788 Thread 0x00000000562b3000 nmethod 1121 0x000000000283c410 code [0x000000000283c580, 0x000000000283c870]
Event: 3.792 Thread 0x00000000562b3000 1124       3       com.android.dx.cf.code.BasicBlocker::visitBranch (98 bytes)
Event: 3.793 Thread 0x00000000562b3000 nmethod 1124 0x000000000283d390 code [0x000000000283d680, 0x000000000283ec18]
Event: 3.794 Thread 0x00000000562b3000 1125       3       com.android.dx.cf.code.Simulator$SimVisitor::visitBranch (341 bytes)
Event: 3.795 Thread 0x00000000562b3000 nmethod 1125 0x0000000002843cd0 code [0x0000000002843f60, 0x0000000002845008]
Event: 3.799 Thread 0x00000000562b3000 1127       3       com.android.dx.rop.type.Type::<init> (84 bytes)
Event: 3.800 Thread 0x00000000562b3000 nmethod 1127 0x0000000002845910 code [0x0000000002845ac0, 0x0000000002845fe8]
Event: 3.800 Thread 0x00000000562b3000 1128   !   3       com.android.dx.rop.type.Type::putIntern (50 bytes)
Event: 3.801 Thread 0x00000000562b3000 nmethod 1128 0x00000000028461d0 code [0x00000000028463c0, 0x0000000002846e78]

GC Heap History (4 events):
Event: 2.405 GC heap before
{Heap before GC invocations=1 (full 0):
 PSYoungGen      total 18944K, used 16384K [0x00000000eab00000, 0x00000000ec000000, 0x0000000100000000)
  eden space 16384K, 100% used [0x00000000eab00000,0x00000000ebb00000,0x00000000ebb00000)
  from space 2560K, 0% used [0x00000000ebd80000,0x00000000ebd80000,0x00000000ec000000)
  to   space 2560K, 0% used [0x00000000ebb00000,0x00000000ebb00000,0x00000000ebd80000)
 ParOldGen       total 44032K, used 0K [0x00000000c0000000, 0x00000000c2b00000, 0x00000000eab00000)
  object space 44032K, 0% used [0x00000000c0000000,0x00000000c0000000,0x00000000c2b00000)
 Metaspace       used 5498K, capacity 6704K, committed 6784K, reserved 1056768K
  class space    used 558K, capacity 616K, committed 640K, reserved 1048576K
Event: 3.107 GC heap after
Heap after GC invocations=1 (full 0):
 PSYoungGen      total 18944K, used 2538K [0x00000000eab00000, 0x00000000ec000000, 0x0000000100000000)
  eden space 16384K, 0% used [0x00000000eab00000,0x00000000eab00000,0x00000000ebb00000)
  from space 2560K, 99% used [0x00000000ebb00000,0x00000000ebd7aaa8,0x00000000ebd80000)
  to   space 2560K, 0% used [0x00000000ebd80000,0x00000000ebd80000,0x00000000ec000000)
 ParOldGen       total 44032K, used 1530K [0x00000000c0000000, 0x00000000c2b00000, 0x00000000eab00000)
  object space 44032K, 3% used [0x00000000c0000000,0x00000000c017eac8,0x00000000c2b00000)
 Metaspace       used 5498K, capacity 6704K, committed 6784K, reserved 1056768K
  class space    used 558K, capacity 616K, committed 640K, reserved 1048576K
}
Event: 3.807 GC heap before
{Heap before GC invocations=2 (full 0):
 PSYoungGen      total 18944K, used 18922K [0x00000000eab00000, 0x00000000ec000000, 0x0000000100000000)
  eden space 16384K, 100% used [0x00000000eab00000,0x00000000ebb00000,0x00000000ebb00000)
  from space 2560K, 99% used [0x00000000ebb00000,0x00000000ebd7aaa8,0x00000000ebd80000)
  to   space 2560K, 0% used [0x00000000ebd80000,0x00000000ebd80000,0x00000000ec000000)
 ParOldGen       total 44032K, used 1530K [0x00000000c0000000, 0x00000000c2b00000, 0x00000000eab00000)
  object space 44032K, 3% used [0x00000000c0000000,0x00000000c017eac8,0x00000000c2b00000)
 Metaspace       used 5606K, capacity 6832K, committed 7040K, reserved 1056768K
  class space    used 558K, capacity 616K, committed 640K, reserved 1048576K
Event: 4.519 GC heap after
Heap after GC invocations=2 (full 0):
 PSYoungGen      total 18944K, used 2541K [0x00000000eab00000, 0x00000000ed000000, 0x0000000100000000)
  eden space 16384K, 0% used [0x00000000eab00000,0x00000000eab00000,0x00000000ebb00000)
  from space 2560K, 99% used [0x00000000ebd80000,0x00000000ebffb410,0x00000000ec000000)
  to   space 2560K, 0% used [0x00000000ebb00000,0x00000000ebb00000,0x00000000ebd80000)
 ParOldGen       total 44032K, used 2973K [0x00000000c0000000, 0x00000000c2b00000, 0x00000000eab00000)
  object space 44032K, 6% used [0x00000000c0000000,0x00000000c02e7578,0x00000000c2b00000)
 Metaspace       used 5606K, capacity 6832K, committed 7040K, reserved 1056768K
  class space    used 558K, capacity 616K, committed 640K, reserved 1048576K
}

Deoptimization events (10 events):
Event: 2.232 Thread 0x0000000001d48000 Uncommon trap: reason=class_check action=maybe_recompile pc=0x0000000002677cdc method=com.android.dx.ssa.NormalSsaInsn.accept(Lcom/android/dx/ssa/SsaInsn$Visitor;)V @ 9
Event: 2.232 Thread 0x0000000001d48000 Uncommon trap: reason=class_check action=maybe_recompile pc=0x0000000002677cdc method=com.android.dx.ssa.NormalSsaInsn.accept(Lcom/android/dx/ssa/SsaInsn$Visitor;)V @ 9
Event: 2.239 Thread 0x0000000001d48000 Uncommon trap: reason=class_check action=maybe_recompile pc=0x0000000002677cdc method=com.android.dx.ssa.NormalSsaInsn.accept(Lcom/android/dx/ssa/SsaInsn$Visitor;)V @ 9
Event: 2.243 Thread 0x0000000001d48000 Uncommon trap: reason=class_check action=maybe_recompile pc=0x00000000025d8be0 method=com.android.dx.ssa.NormalSsaInsn.accept(Lcom/android/dx/ssa/SsaInsn$Visitor;)V @ 9
Event: 2.404 Thread 0x0000000001d48000 Uncommon trap: reason=null_check action=make_not_entrant pc=0x000000000275ae2c method=com.android.dx.ssa.SsaRenamer.getLocalForNewReg(I)Lcom/android/dx/rop/code/LocalItem; @ 19
Event: 3.178 Thread 0x0000000001d48000 Uncommon trap: reason=null_check action=make_not_entrant pc=0x0000000002761fe8 method=com.android.dx.ssa.SsaRenamer.getLocalForNewReg(I)Lcom/android/dx/rop/code/LocalItem; @ 19
Event: 3.582 Thread 0x0000000001d48000 Uncommon trap: reason=bimorphic action=maybe_recompile pc=0x00000000027daf78 method=com.android.dx.cf.code.Merger.mergeType(Lcom/android/dx/rop/type/TypeBearer;Lcom/android/dx/rop/type/TypeBearer;)Lcom/android/dx/rop/type/TypeBearer; @ 21
Event: 3.738 Thread 0x0000000001d48000 Uncommon trap: reason=bimorphic action=maybe_recompile pc=0x00000000027daf78 method=com.android.dx.cf.code.Merger.mergeType(Lcom/android/dx/rop/type/TypeBearer;Lcom/android/dx/rop/type/TypeBearer;)Lcom/android/dx/rop/type/TypeBearer; @ 21
Event: 3.740 Thread 0x0000000001d48000 Uncommon trap: reason=bimorphic action=maybe_recompile pc=0x00000000027daf78 method=com.android.dx.cf.code.Merger.mergeType(Lcom/android/dx/rop/type/TypeBearer;Lcom/android/dx/rop/type/TypeBearer;)Lcom/android/dx/rop/type/TypeBearer; @ 21
Event: 3.805 Thread 0x0000000001d48000 Uncommon trap: reason=bimorphic action=maybe_recompile pc=0x00000000027daf78 method=com.android.dx.cf.code.Merger.mergeType(Lcom/android/dx/rop/type/TypeBearer;Lcom/android/dx/rop/type/TypeBearer;)Lcom/android/dx/rop/type/TypeBearer; @ 21

Internal exceptions (4 events):
Event: 0.159 Thread 0x0000000001d48000 Exception <a 'java/lang/NoSuchMethodError': Method sun.misc.Unsafe.defineClass(Ljava/lang/String;[BII)Ljava/lang/Class; name or signature does not match> (0x00000000eab07cc0) thrown at [C:\re\workspace\8-2-build-windows-amd64-cygwin\jdk8u91\7017\hotspot\srçÚ¬â[ƒ?
Event: 0.159 Thread 0x0000000001d48000 Exception <a 'java/lang/NoSuchMethodError': Method sun.misc.Unsafe.prefetchRead(Ljava/lang/Object;J)V name or signature does not match> (0x00000000eab07fa8) thrown at [C:\re\workspace\8-2-build-windows-amd64-cygwin\jdk8u91\7017\hotspot\src\share\vm\prims\jŒ¨l∫;@
Event: 2.404 Thread 0x0000000001d48000 Implicit null exception at 0x000000000275a2e4 to 0x000000000275ade1
Event: 3.178 Thread 0x0000000001d48000 Implicit null exception at 0x00000000027616d5 to 0x0000000002761fc5

Events (10 events):
Event: 3.738 Thread 0x0000000001d48000 DEOPT PACKING pc=0x00000000027daf78 sp=0x00000000020fe360
Event: 3.738 Thread 0x0000000001d48000 DEOPT UNPACKING pc=0x000000000241582a sp=0x00000000020fe2f0 mode 2
Event: 3.740 Thread 0x0000000001d48000 Uncommon trap: trap_request=0xffffffc6 fr.pc=0x00000000027daf78
Event: 3.740 Thread 0x0000000001d48000 DEOPT PACKING pc=0x00000000027daf78 sp=0x00000000020fe360
Event: 3.740 Thread 0x0000000001d48000 DEOPT UNPACKING pc=0x000000000241582a sp=0x00000000020fe2f0 mode 2
Event: 3.805 Thread 0x0000000001d48000 Uncommon trap: trap_request=0xffffffc6 fr.pc=0x00000000027daf78
Event: 3.805 Thread 0x0000000001d48000 DEOPT PACKING pc=0x00000000027daf78 sp=0x00000000020fe360
Event: 3.805 Thread 0x0000000001d48000 DEOPT UNPACKING pc=0x000000000241582a sp=0x00000000020fe2f0 mode 2
Event: 3.807 Executing VM operation: ParallelGCFailedAllocation
Event: 4.519 Executing VM operation: ParallelGCFailedAllocation done


Dynamic libraries:
0x000000013fd80000 - 0x000000013fdb7000 	C:\Program Files\Java\jdk1.8.0_91\bin\java.exe
0x0000000077470000 - 0x0000000077619000 	C:\Windows\SYSTEM32\ntdll.dll
0x0000000077350000 - 0x000000007746f000 	C:\Windows\system32\kernel32.dll
0x000007fefd570000 - 0x000007fefd5db000 	C:\Windows\system32\KERNELBASE.dll
0x000007fefdb20000 - 0x000007fefdbfb000 	C:\Windows\system32\ADVAPI32.dll
0x000007fefda80000 - 0x000007fefdb1f000 	C:\Windows\system32\msvcrt.dll
0x000007fefd5e0000 - 0x000007fefd5ff000 	C:\Windows\SYSTEM32\sechost.dll
0x000007fefe1b0000 - 0x000007fefe2dd000 	C:\Windows\system32\RPCRT4.dll
0x0000000077250000 - 0x000000007734a000 	C:\Windows\system32\USER32.dll
0x000007fefdc00000 - 0x000007fefdc67000 	C:\Windows\system32\GDI32.dll
0x000007fefe0b0000 - 0x000007fefe0be000 	C:\Windows\system32\LPK.dll
0x000007fefdfe0000 - 0x000007fefe0a9000 	C:\Windows\system32\USP10.dll
0x000007fefc2e0000 - 0x000007fefc4d4000 	C:\Windows\WinSxS\amd64_microsoft.windows.common-controls_6595b64144ccf1df_6.0.7601.17514_none_fa396087175ac9ac\COMCTL32.dll
0x000007fefe130000 - 0x000007fefe1a1000 	C:\Windows\system32\SHLWAPI.dll
0x000007feff750000 - 0x000007feff77e000 	C:\Windows\system32\IMM32.DLL
0x000007fefe8b0000 - 0x000007fefe9b9000 	C:\Windows\system32\MSCTF.dll
0x0000000063ba0000 - 0x0000000063c72000 	C:\Program Files\Java\jdk1.8.0_91\jre\bin\msvcr100.dll
0x000000006a580000 - 0x000000006ae13000 	C:\Program Files\Java\jdk1.8.0_91\jre\bin\server\jvm.dll
0x000007fef8da0000 - 0x000007fef8da9000 	C:\Windows\system32\WSOCK32.dll
0x000007fefe0e0000 - 0x000007fefe12d000 	C:\Windows\system32\WS2_32.dll
0x000007fefd600000 - 0x000007fefd608000 	C:\Windows\system32\NSI.dll
0x000007fefb1a0000 - 0x000007fefb1db000 	C:\Windows\system32\WINMM.dll
0x000007fefbf80000 - 0x000007fefbf8c000 	C:\Windows\system32\VERSION.dll
0x0000000077640000 - 0x0000000077647000 	C:\Windows\system32\PSAPI.DLL
0x00000000747c0000 - 0x00000000747cf000 	C:\Program Files\Java\jdk1.8.0_91\jre\bin\verify.dll
0x0000000074790000 - 0x00000000747b9000 	C:\Program Files\Java\jdk1.8.0_91\jre\bin\java.dll
0x0000000074770000 - 0x0000000074786000 	C:\Program Files\Java\jdk1.8.0_91\jre\bin\zip.dll
0x000007fefe9c0000 - 0x000007feff748000 	C:\Windows\system32\SHELL32.dll
0x000007fefd690000 - 0x000007fefd893000 	C:\Windows\system32\ole32.dll
0x000007fefd230000 - 0x000007fefd23f000 	C:\Windows\system32\profapi.dll

VM Arguments:
jvm_args: -Djava.awt.headless=true -Xmx1024M -Dfile.encoding=windows-1256 -Duser.country=US -Duser.language=en -Duser.variant 
java_command: com.android.dx.command.Main --dex --force-jumbo --output E:\User\AndroidStudioProjects\Sunshine-Version-2\app\build\intermediates\pre-dexed\debug\instant-run_bdad2f8fe3a1ff2c2b373d24a9d7be698eab1c3f.jar E:\User\AndroidStudioProjects\Sunshine-Version-2\app\build\intermediates\incremental-runtime-classes\debug\instant-run.jar
java_class_path (initial): E:\User\AppData\Local\Android\sdk\build-tools\21.1.2\lib\dx.jar
Launcher Type: SUN_STANDARD

Environment Variables:
PATH=C:\oracle\product\10.2.0\db_2\bin;C:\oracle\product\10.2.0\db_1\bin;C:\ProgramData\Oracle\Java\javapath;C:\Windows\System32;C:\Windows\SysWOW64;C:\opencv248\build\x86\vc10\bin;C:\Python27;C:\Program Files (x86)\CodeBlocks\MinGW\bin;E:\programs\Matlab\R2013a\bin;C:\Program Files\IVI Foundation\VISA\Win64\Bin\;C:\Program Files (x86)\IVI Foundation\VISA\WinNT\Bin\;C:\Program Files (x86)\IVI Foundation\VISA\WinNT\Bin;C:\Program Files (x86)\Tesseract-OCR;E:\User\AppData\Local\Android\sdk\tools\lib;E:\Program Files\Git\cmd;E:\User\AppData\Local\Android\sdk\platform-tools;C:\Program Files\Canopy\User;C:\Program Files\Canopy\User\Scripts
USERNAME=user
OS=Windows_NT
PROCESSOR_IDENTIFIER=Intel64 Family 6 Model 58 Stepping 9, GenuineIntel



---------------  S Y S T E M  ---------------

OS: Windows 7 , 64 bit Build 7601 (6.1.7601.18015)

CPU:total 4 (2 cores per cpu, 2 threads per core) family 6 model 58 stepping 9, cmov, cx8, fxsr, mmx, sse, sse2, sse3, ssse3, sse4.1, sse4.2, popcnt, avx, aes, clmul, erms, ht, tsc, tscinvbit, tscinv

Memory: 4k page, physical 4094316k(205864k free), swap 5367192k(11368k free)

vm_info: Java HotSpot(TM) 64-Bit Server VM (25.91-b15) for windows-amd64 JRE (1.8.0_91-b15), built on May 20 2016 17:43:15 by "java_re" with MS VC++ 10.0 (VS2010)

time: Tue Aug 02 22:23:33 2016
elapsed time: 5 seconds (0d 0h 0m 5s)

