#
# There is insufficient memory for the Java Runtime Environment to continue.
# Native memory allocation (malloc) failed to allocate 1693856 bytes for Chunk::new
# Possible reasons:
#   The system is out of physical RAM or swap space
#   In 32 bit mode, the process size limit was hit
# Possible solutions:
#   Reduce memory load on the system
#   Increase physical memory or swap space
#   Check if swap backing store is full
#   Use 64 bit Java on a 64 bit OS
#   Decrease Java heap size (-Xmx/-Xms)
#   Decrease number of Java threads
#   Decrease Java thread stack sizes (-Xss)
#   Set larger code cache with -XX:ReservedCodeCacheSize=
# This output file may be truncated or incomplete.
#
#  Out of Memory Error (allocation.cpp:390), pid=9812, tid=9612
#
# JRE version: Java(TM) SE Runtime Environment (8.0_91-b15) (build 1.8.0_91-b15)
# Java VM: Java HotSpot(TM) 64-Bit Server VM (25.91-b15 mixed mode windows-amd64 compressed oops)
# Failed to write core dump. Minidumps are not enabled by default on client versions of Windows
#

---------------  T H R E A D  ---------------

Current thread (0x0000000055fe6800):  JavaThread "C2 CompilerThread0" daemon [_thread_in_native, id=9612, stack(0x0000000056720000,0x0000000056820000)]

Stack: [0x0000000056720000,0x0000000056820000]
[error occurred during error reporting (printing stack bounds), id 0xc0000005]

Native frames: (J=compiled Java code, j=interpreted, Vv=VM code, C=native code)


Current CompileTask:
C2:   6892 1192   !   4       com.android.dx.cf.code.BytecodeArray::parseInstruction (2764 bytes)


---------------  P R O C E S S  ---------------

Java Threads: ( => current thread )
  0x0000000054bed800 JavaThread "Service Thread" daemon [_thread_blocked, id=10420, stack(0x0000000056c30000,0x0000000056d30000)]
  0x0000000055fe9800 JavaThread "C1 CompilerThread2" daemon [_thread_blocked, id=10100, stack(0x0000000056a70000,0x0000000056b70000)]
  0x0000000055fe8800 JavaThread "C2 CompilerThread1" daemon [_thread_in_native, id=11244, stack(0x0000000056880000,0x0000000056980000)]
=>0x0000000055fe6800 JavaThread "C2 CompilerThread0" daemon [_thread_in_native, id=9612, stack(0x0000000056720000,0x0000000056820000)]
  0x0000000054bd8000 JavaThread "Attach Listener" daemon [_thread_blocked, id=1040, stack(0x00000000563e0000,0x00000000564e0000)]
  0x0000000055fec000 JavaThread "Signal Dispatcher" daemon [_thread_blocked, id=9364, stack(0x00000000565d0000,0x00000000566d0000)]
  0x0000000054bc3800 JavaThread "Finalizer" daemon [_thread_blocked, id=10184, stack(0x0000000055dd0000,0x0000000055ed0000)]
  0x0000000054b82000 JavaThread "Reference Handler" daemon [_thread_blocked, id=10988, stack(0x0000000055ee0000,0x0000000055fe0000)]
  0x0000000001eb8000 JavaThread "main" [_thread_in_Java, id=10848, stack(0x00000000020b0000,0x00000000021b0000)]

Other Threads:
  0x0000000054b7a800 VMThread [stack: 0x0000000055c90000,0x0000000055d90000] [id=9688]
  0x0000000056095800 WatcherThread [stack: 0x0000000056e90000,0x0000000056f90000] [id=10292]

VM state:not at safepoint (normal execution)

VM Mutex/Monitor currently owned by a thread:  ([mutex/lock_event])
[0x0000000001e7d2c0] Compile_lock - owner thread: 0x0000000000000000

Heap:
 PSYoungGen      total 68096K, used 6463K [0x00000000eab00000, 0x00000000ef000000, 0x0000000100000000)
  eden space 65536K, 5% used [0x00000000eab00000,0x00000000eaed6420,0x00000000eeb00000)
  from space 2560K, 98% used [0x00000000eed80000,0x00000000eeff98a0,0x00000000ef000000)
  to   space 2560K, 0% used [0x00000000eeb00000,0x00000000eeb00000,0x00000000eed80000)
 ParOldGen       total 44032K, used 24022K [0x00000000c0000000, 0x00000000c2b00000, 0x00000000eab00000)
  object space 44032K, 54% used [0x00000000c0000000,0x00000000c1775be0,0x00000000c2b00000)
 Metaspace       used 5651K, capacity 6960K, committed 7040K, reserved 1056768K
  class space    used 551K, capacity 616K, committed 640K, reserved 1048576K

Card table byte_map: [0x0000000011840000,0x0000000011a50000] byte_map_base: 0x0000000011240000

Marking Bits: (ParMarkBitMap*) 0x000000006ec22f70
 Begin Bits: [0x0000000011ff0000, 0x0000000012ff0000)
 End Bits:   [0x0000000012ff0000, 0x0000000013ff0000)

Polling page: 0x00000000000a0000

CodeCache: size=245760Kb used=5781Kb max_used=5781Kb free=239978Kb
 bounds [0x0000000002480000, 0x0000000002a30000, 0x0000000011480000]
 total_blobs=1651 nmethods=1393 adapters=171
 compilation: enabled

Compilation events (10 events):
Event: 5.832 Thread 0x0000000055fe9800 1198       2       com.android.dx.rop.code.Rops::opAget (97 bytes)
Event: 5.833 Thread 0x0000000055fe9800 nmethod 1198 0x0000000002931310 code [0x00000000029314e0, 0x0000000002931a38]
Event: 5.920 Thread 0x0000000055fe9800 1199       1       com.android.dx.rop.cst.TypedConstant::getFrameType (2 bytes)
Event: 5.920 Thread 0x0000000055fe9800 nmethod 1199 0x0000000002903a90 code [0x0000000002903be0, 0x0000000002903cf0]
Event: 5.922 Thread 0x0000000055fe6800 nmethod 1172 0x0000000002937950 code [0x0000000002937d60, 0x000000000293abf0]
Event: 5.923 Thread 0x0000000055fe6800 1171       4       com.android.dx.rop.type.Type::equals (31 bytes)
Event: 5.924 Thread 0x0000000055fe6800 nmethod 1171 0x00000000029064d0 code [0x0000000002906620, 0x0000000002906798]
Event: 5.924 Thread 0x0000000055fe6800 1192   !   4       com.android.dx.cf.code.BytecodeArray::parseInstruction (2764 bytes)
Event: 5.958 Thread 0x0000000055fe8800 nmethod 1143 0x00000000029445d0 code [0x0000000002944a00, 0x0000000002947960]
Event: 5.958 Thread 0x0000000055fe8800 1200   !   4       com.android.dx.rop.code.RegisterSpec::intern (70 bytes)

GC Heap History (2 events):
Event: 3.324 GC heap before
{Heap before GC invocations=1 (full 0):
 PSYoungGen      total 18944K, used 16384K [0x00000000eab00000, 0x00000000ec000000, 0x0000000100000000)
  eden space 16384K, 100% used [0x00000000eab00000,0x00000000ebb00000,0x00000000ebb00000)
  from space 2560K, 0% used [0x00000000ebd80000,0x00000000ebd80000,0x00000000ec000000)
  to   space 2560K, 0% used [0x00000000ebb00000,0x00000000ebb00000,0x00000000ebd80000)
 ParOldGen       total 44032K, used 0K [0x00000000c0000000, 0x00000000c2b00000, 0x00000000eab00000)
  object space 44032K, 0% used [0x00000000c0000000,0x00000000c0000000,0x00000000c2b00000)
 Metaspace       used 5432K, capacity 6768K, committed 7040K, reserved 1056768K
  class space    used 540K, capacity 616K, committed 640K, reserved 1048576K
Event: 5.425 GC heap after
Heap after GC invocations=1 (full 0):
 PSYoungGen      total 18944K, used 2544K [0x00000000eab00000, 0x00000000ed000000, 0x0000000100000000)
  eden space 16384K, 0% used [0x00000000eab00000,0x00000000eab00000,0x00000000ebb00000)
  from space 2560K, 99% used [0x00000000ebb00000,0x00000000ebd7c028,0x00000000ebd80000)
  to   space 2560K, 0% used [0x00000000ecd80000,0x00000000ecd80000,0x00000000ed000000)
 ParOldGen       total 44032K, used 1679K [0x00000000c0000000, 0x00000000c2b00000, 0x00000000eab00000)
  object space 44032K, 3% used [0x00000000c0000000,0x00000000c01a3ca0,0x00000000c2b00000)
 Metaspace       used 5432K, capacity 6768K, committed 7040K, reserved 1056768K
  class space    used 540K, capacity 616K, committed 640K, reserved 1048576K
}

Deoptimization events (10 events):
Event: 5.623 Thread 0x0000000001eb8000 Uncommon trap: reason=unstable_if action=reinterpret pc=0x0000000002890850 method=com.android.dx.util.IntList.binarysearch(I)I @ 26
Event: 5.662 Thread 0x0000000001eb8000 Uncommon trap: reason=class_check action=maybe_recompile pc=0x0000000002812ee0 method=com.android.dx.rop.type.Type.equals(Ljava/lang/Object;)Z @ 8
Event: 5.662 Thread 0x0000000001eb8000 Uncommon trap: reason=class_check action=maybe_recompile pc=0x0000000002812ee0 method=com.android.dx.rop.type.Type.equals(Ljava/lang/Object;)Z @ 8
Event: 5.662 Thread 0x0000000001eb8000 Uncommon trap: reason=class_check action=maybe_recompile pc=0x0000000002812ee0 method=com.android.dx.rop.type.Type.equals(Ljava/lang/Object;)Z @ 8
Event: 5.662 Thread 0x0000000001eb8000 Uncommon trap: reason=class_check action=maybe_recompile pc=0x0000000002812ee0 method=com.android.dx.rop.type.Type.equals(Ljava/lang/Object;)Z @ 8
Event: 5.663 Thread 0x0000000001eb8000 Uncommon trap: reason=unstable_if action=reinterpret pc=0x0000000002891228 method=com.android.dx.cf.code.Ropper.labelToResultIndex(I)I @ 34
Event: 5.791 Thread 0x0000000001eb8000 Uncommon trap: reason=class_check action=maybe_recompile pc=0x00000000029105a8 method=com.android.dx.cf.code.BytecodeArray.parseInstruction(ILcom/android/dx/cf/code/BytecodeArray$Visitor;)I @ 987
Event: 5.791 Thread 0x0000000001eb8000 Uncommon trap: reason=class_check action=maybe_recompile pc=0x00000000029105a8 method=com.android.dx.cf.code.BytecodeArray.parseInstruction(ILcom/android/dx/cf/code/BytecodeArray$Visitor;)I @ 987
Event: 5.791 Thread 0x0000000001eb8000 Uncommon trap: reason=class_check action=maybe_recompile pc=0x00000000029105a8 method=com.android.dx.cf.code.BytecodeArray.parseInstruction(ILcom/android/dx/cf/code/BytecodeArray$Visitor;)I @ 987
Event: 5.791 Thread 0x0000000001eb8000 Uncommon trap: reason=class_check action=maybe_recompile pc=0x00000000029105a8 method=com.android.dx.cf.code.BytecodeArray.parseInstruction(ILcom/android/dx/cf/code/BytecodeArray$Visitor;)I @ 987

Internal exceptions (2 events):
Event: 0.199 Thread 0x0000000001eb8000 Exception <a 'java/lang/NoSuchMethodError': Method sun.misc.Unsafe.defineClass(Ljava/lang/String;[BII)Ljava/lang/Class; name or signature does not match> (0x00000000eab07cc0) thrown at [C:\re\workspace\8-2-build-windows-amd64-cygwin\jdk8u91\7017\hotspot\srÊB›à€n…?
Event: 0.199 Thread 0x0000000001eb8000 Exception <a 'java/lang/NoSuchMethodError': Method sun.misc.Unsafe.prefetchRead(Ljava/lang/Object;J)V name or signature does not match> (0x00000000eab07fa8) thrown at [C:\re\workspace\8-2-build-windows-amd64-cygwin\jdk8u91\7017\hotspot\src\share\vm\prims\j

Events (10 events):
Event: 5.791 Thread 0x0000000001eb8000 DEOPT UNPACKING pc=0x00000000024c582a sp=0x00000000021ae778 mode 2
Event: 5.791 Thread 0x0000000001eb8000 Uncommon trap: trap_request=0xffffffde fr.pc=0x00000000029105a8
Event: 5.791 Thread 0x0000000001eb8000 DEOPT PACKING pc=0x00000000029105a8 sp=0x00000000021ae800
Event: 5.791 Thread 0x0000000001eb8000 DEOPT UNPACKING pc=0x00000000024c582a sp=0x00000000021ae778 mode 2
Event: 5.791 Thread 0x0000000001eb8000 Uncommon trap: trap_request=0xffffffde fr.pc=0x00000000029105a8
Event: 5.791 Thread 0x0000000001eb8000 DEOPT PACKING pc=0x00000000029105a8 sp=0x00000000021ae800
Event: 5.791 Thread 0x0000000001eb8000 DEOPT UNPACKING pc=0x00000000024c582a sp=0x00000000021ae778 mode 2
Event: 5.791 Thread 0x0000000001eb8000 Uncommon trap: trap_request=0xffffffde fr.pc=0x00000000029105a8
Event: 5.791 Thread 0x0000000001eb8000 DEOPT PACKING pc=0x00000000029105a8 sp=0x00000000021ae800
Event: 5.791 Thread 0x0000000001eb8000 DEOPT UNPACKING pc=0x00000000024c582a sp=0x00000000021ae778 mode 2


Dynamic libraries:
0x000000013fb40000 - 0x000000013fb77000 	C:\Program Files\Java\jdk1.8.0_91\bin\java.exe
0x00000000776b0000 - 0x000000007785a000 	C:\Windows\SYSTEM32\ntdll.dll
0x0000000077490000 - 0x00000000775af000 	C:\Windows\system32\kernel32.dll
0x000007fefd4f0000 - 0x000007fefd55a000 	C:\Windows\system32\KERNELBASE.dll
0x000007feff3a0000 - 0x000007feff47b000 	C:\Windows\system32\ADVAPI32.dll
0x000007fefeda0000 - 0x000007fefee3f000 	C:\Windows\system32\msvcrt.dll
0x000007feff570000 - 0x000007feff58f000 	C:\Windows\SYSTEM32\sechost.dll
0x000007fefea20000 - 0x000007fefeb4d000 	C:\Windows\system32\RPCRT4.dll
0x00000000775b0000 - 0x00000000776aa000 	C:\Windows\system32\USER32.dll
0x000007fefe600000 - 0x000007fefe667000 	C:\Windows\system32\GDI32.dll
0x000007feff640000 - 0x000007feff64e000 	C:\Windows\system32\LPK.dll
0x000007fefe950000 - 0x000007fefea1a000 	C:\Windows\system32\USP10.dll
0x000007fefc450000 - 0x000007fefc644000 	C:\Windows\WinSxS\amd64_microsoft.windows.common-controls_6595b64144ccf1df_6.0.7601.17514_none_fa396087175ac9ac\COMCTL32.dll
0x000007feff050000 - 0x000007feff0c1000 	C:\Windows\system32\SHLWAPI.dll
0x000007fefe5d0000 - 0x000007fefe5fe000 	C:\Windows\system32\IMM32.DLL
0x000007feff650000 - 0x000007feff759000 	C:\Windows\system32\MSCTF.dll
0x00000000740b0000 - 0x0000000074182000 	C:\Program Files\Java\jdk1.8.0_91\jre\bin\msvcr100.dll
0x000000006e410000 - 0x000000006eca3000 	C:\Program Files\Java\jdk1.8.0_91\jre\bin\server\jvm.dll
0x000007fef0d10000 - 0x000007fef0d19000 	C:\Windows\system32\WSOCK32.dll
0x000007feff590000 - 0x000007feff5dd000 	C:\Windows\system32\WS2_32.dll
0x000007feff560000 - 0x000007feff568000 	C:\Windows\system32\NSI.dll
0x000007fefb220000 - 0x000007fefb25b000 	C:\Windows\system32\WINMM.dll
0x000007fefc140000 - 0x000007fefc14c000 	C:\Windows\system32\VERSION.dll
0x0000000077880000 - 0x0000000077887000 	C:\Windows\system32\PSAPI.DLL
0x0000000074d10000 - 0x0000000074d1f000 	C:\Program Files\Java\jdk1.8.0_91\jre\bin\verify.dll
0x0000000074b20000 - 0x0000000074b49000 	C:\Program Files\Java\jdk1.8.0_91\jre\bin\java.dll
0x0000000074b60000 - 0x0000000074b76000 	C:\Program Files\Java\jdk1.8.0_91\jre\bin\zip.dll
0x000007fefd7a0000 - 0x000007fefe528000 	C:\Windows\system32\SHELL32.dll
0x000007fefee40000 - 0x000007feff043000 	C:\Windows\system32\ole32.dll
0x000007fefd3f0000 - 0x000007fefd3ff000 	C:\Windows\system32\profapi.dll

VM Arguments:
jvm_args: -Djava.awt.headless=true -Xmx1024M -Dfile.encoding=windows-1256 -Duser.country=US -Duser.language=en -Duser.variant 
java_command: com.android.dx.command.Main --dex --force-jumbo --output E:\User\AndroidStudioProjects\Sunshine-Version-2\app\build\intermediates\pre-dexed\debug\main_ce6091204da083106fd240fc667f6564108714f7.jar E:\User\AndroidStudioProjects\Sunshine-Version-2\app\build\intermediates\transforms\instantRun\debug\folders\1\5\main
java_class_path (initial): E:\User\AppData\Local\Android\sdk\build-tools\21.1.2\lib\dx.jar
Launcher Type: SUN_STANDARD

Environment Variables:
PATH=C:\oracle\product\10.2.0\db_2\bin;C:\oracle\product\10.2.0\db_1\bin;C:\ProgramData\Oracle\Java\javapath;C:\Windows\System32;C:\Windows\SysWOW64;C:\opencv248\build\x86\vc10\bin;C:\Python27;C:\Program Files (x86)\CodeBlocks\MinGW\bin;E:\programs\Matlab\R2013a\bin;C:\Program Files\IVI Foundation\VISA\Win64\Bin\;C:\Program Files (x86)\IVI Foundation\VISA\WinNT\Bin\;C:\Program Files (x86)\IVI Foundation\VISA\WinNT\Bin;C:\Program Files (x86)\Tesseract-OCR;E:\User\AppData\Local\Android\sdk\tools\lib;E:\Program Files\Git\cmd;E:\User\AppData\Local\Android\sdk\platform-tools;C:\Program Files\Canopy\User;C:\Program Files\Canopy\User\Scripts
USERNAME=user
OS=Windows_NT
PROCESSOR_IDENTIFIER=Intel64 Family 6 Model 58 Stepping 9, GenuineIntel



---------------  S Y S T E M  ---------------

OS: Windows 7 , 64 bit Build 7601 (6.1.7601.23572)

CPU:total 4 (2 cores per cpu, 2 threads per core) family 6 model 58 stepping 9, cmov, cx8, fxsr, mmx, sse, sse2, sse3, ssse3, sse4.1, sse4.2, popcnt, avx, aes, clmul, erms, ht, tsc, tscinvbit, tscinv

Memory: 4k page, physical 4094316k(268920k free), swap 5628456k(598852k free)

vm_info: Java HotSpot(TM) 64-Bit Server VM (25.91-b15) for windows-amd64 JRE (1.8.0_91-b15), built on May 20 2016 17:43:15 by "java_re" with MS VC++ 10.0 (VS2010)

time: Wed Jun 21 01:31:33 2017
elapsed time: 6 seconds (0d 0h 0m 6s)

