#
# There is insufficient memory for the Java Runtime Environment to continue.
# Native memory allocation (malloc) failed to allocate 59712 bytes for Chunk::new
# Possible reasons:
#   The system is out of physical RAM or swap space
#   In 32 bit mode, the process size limit was hit
# Possible solutions:
#   Reduce memory load on the system
#   Increase physical memory or swap space
#   Check if swap backing store is full
#   Use 64 bit Java on a 64 bit OS
#   Decrease Java heap size (-Xmx/-Xms)
#   Decrease number of Java threads
#   Decrease Java thread stack sizes (-Xss)
#   Set larger code cache with -XX:ReservedCodeCacheSize=
# This output file may be truncated or incomplete.
#
#  Out of Memory Error (allocation.cpp:390), pid=5208, tid=4800
#
# JRE version: Java(TM) SE Runtime Environment (8.0_91-b15) (build 1.8.0_91-b15)
# Java VM: Java HotSpot(TM) 64-Bit Server VM (25.91-b15 mixed mode windows-amd64 compressed oops)
# Failed to write core dump. Minidumps are not enabled by default on client versions of Windows
#

---------------  T H R E A D  ---------------

Current thread (0x00000000562b9800):  JavaThread "C2 CompilerThread1" daemon [_thread_in_native, id=4800, stack(0x0000000056ba0000,0x0000000056ca0000)]

Stack: [0x0000000056ba0000,0x0000000056ca0000]
[error occurred during error reporting (printing stack bounds), id 0xc0000005]

Native frames: (J=compiled Java code, j=interpreted, Vv=VM code, C=native code)


Current CompileTask:
C2:   3065 1258   !   4       com.android.dx.rop.code.RegisterSpec::intern (70 bytes)


---------------  P R O C E S S  ---------------

Java Threads: ( => current thread )
  0x00000000562bd000 JavaThread "Service Thread" daemon [_thread_blocked, id=2704, stack(0x0000000056960000,0x0000000056a60000)]
  0x00000000562ba800 JavaThread "C1 CompilerThread2" daemon [_thread_blocked, id=6084, stack(0x0000000056d50000,0x0000000056e50000)]
=>0x00000000562b9800 JavaThread "C2 CompilerThread1" daemon [_thread_in_native, id=4800, stack(0x0000000056ba0000,0x0000000056ca0000)]
  0x00000000562b7800 JavaThread "C2 CompilerThread0" daemon [_thread_blocked, id=2608, stack(0x0000000056a70000,0x0000000056b70000)]
  0x00000000562b2800 JavaThread "Attach Listener" daemon [_thread_blocked, id=5568, stack(0x0000000055d80000,0x0000000055e80000)]
  0x0000000054f3d800 JavaThread "Signal Dispatcher" daemon [_thread_blocked, id=4076, stack(0x0000000056780000,0x0000000056880000)]
  0x0000000054f29800 JavaThread "Finalizer" daemon [_thread_blocked, id=5880, stack(0x00000000561b0000,0x00000000562b0000)]
  0x0000000054ee2800 JavaThread "Reference Handler" daemon [_thread_blocked, id=4460, stack(0x0000000056020000,0x0000000056120000)]
  0x0000000001dc8000 JavaThread "main" [_thread_in_Java, id=5604, stack(0x0000000002210000,0x0000000002310000)]

Other Threads:
  0x0000000054eda800 VMThread [stack: 0x0000000055ec0000,0x0000000055fc0000] [id=5908]
  0x0000000056331000 WatcherThread [stack: 0x0000000056f20000,0x0000000057020000] [id=5696]

VM state:not at safepoint (normal execution)

VM Mutex/Monitor currently owned by a thread: None

Heap:
 PSYoungGen      total 35328K, used 14344K [0x00000000eab00000, 0x00000000ed000000, 0x0000000100000000)
  eden space 32768K, 35% used [0x00000000eab00000,0x00000000eb6843e8,0x00000000ecb00000)
  from space 2560K, 99% used [0x00000000ecd80000,0x00000000ecffdc88,0x00000000ed000000)
  to   space 2560K, 0% used [0x00000000ecb00000,0x00000000ecb00000,0x00000000ecd80000)
 ParOldGen       total 44032K, used 4134K [0x00000000c0000000, 0x00000000c2b00000, 0x00000000eab00000)
  object space 44032K, 9% used [0x00000000c0000000,0x00000000c04098e8,0x00000000c2b00000)
 Metaspace       used 5814K, capacity 6960K, committed 7040K, reserved 1056768K
  class space    used 560K, capacity 616K, committed 640K, reserved 1048576K

Card table byte_map: [0x00000000119a0000,0x0000000011bb0000] byte_map_base: 0x00000000113a0000

Marking Bits: (ParMarkBitMap*) 0x00000000700b2f70
 Begin Bits: [0x0000000012350000, 0x0000000013350000)
 End Bits:   [0x0000000013350000, 0x0000000014350000)

Polling page: 0x0000000000110000

CodeCache: size=245760Kb used=5345Kb max_used=5358Kb free=240414Kb
 bounds [0x00000000025e0000, 0x0000000002b20000, 0x00000000115e0000]
 total_blobs=1534 nmethods=1270 adapters=176
 compilation: disabled (not enough contiguous free space left)

Compilation events (10 events):
Event: 2.680 Thread 0x00000000562b9800 1236       4       java.lang.Object::equals (11 bytes)
Event: 2.681 Thread 0x00000000562b9800 nmethod 1236 0x000000000299aa90 code [0x000000000299abc0, 0x000000000299ac18]
Event: 2.681 Thread 0x00000000562b9800 1258   !   4       com.android.dx.rop.code.RegisterSpec::intern (70 bytes)
Event: 2.685 Thread 0x00000000562ba800 1260       3       com.android.dx.rop.type.Type::getInitializedType (42 bytes)
Event: 2.686 Thread 0x00000000562ba800 nmethod 1260 0x0000000002b00110 code [0x0000000002b002e0, 0x0000000002b00ad8]
Event: 2.688 Thread 0x00000000562ba800 1261       1       com.android.dx.rop.code.LocalItem::getName (5 bytes)
Event: 2.688 Thread 0x00000000562ba800 nmethod 1261 0x0000000002af5d90 code [0x0000000002af5ee0, 0x0000000002af5ff0]
Event: 2.694 Thread 0x00000000562ba800 1264       3       java.util.TreeMap::containsKey (14 bytes)
Event: 2.694 Thread 0x00000000562ba800 nmethod 1264 0x0000000002affc90 code [0x0000000002affe00, 0x0000000002b00068]
Event: 2.697 Thread 0x00000000562ba800 1265       3       com.android.dx.cf.direct.StdAttributeFactory::code (613 bytes)

GC Heap History (2 events):
Event: 2.076 GC heap before
{Heap before GC invocations=1 (full 0):
 PSYoungGen      total 18944K, used 16384K [0x00000000eab00000, 0x00000000ec000000, 0x0000000100000000)
  eden space 16384K, 100% used [0x00000000eab00000,0x00000000ebb00000,0x00000000ebb00000)
  from space 2560K, 0% used [0x00000000ebd80000,0x00000000ebd80000,0x00000000ec000000)
  to   space 2560K, 0% used [0x00000000ebb00000,0x00000000ebb00000,0x00000000ebd80000)
 ParOldGen       total 44032K, used 0K [0x00000000c0000000, 0x00000000c2b00000, 0x00000000eab00000)
  object space 44032K, 0% used [0x00000000c0000000,0x00000000c0000000,0x00000000c2b00000)
 Metaspace       used 5571K, capacity 6768K, committed 7040K, reserved 1056768K
  class space    used 557K, capacity 616K, committed 640K, reserved 1048576K
Event: 2.365 GC heap after
Heap after GC invocations=1 (full 0):
 PSYoungGen      total 18944K, used 2535K [0x00000000eab00000, 0x00000000ed000000, 0x0000000100000000)
  eden space 16384K, 0% used [0x00000000eab00000,0x00000000eab00000,0x00000000ebb00000)
  from space 2560K, 99% used [0x00000000ebb00000,0x00000000ebd79c88,0x00000000ebd80000)
  to   space 2560K, 0% used [0x00000000ecd80000,0x00000000ecd80000,0x00000000ed000000)
 ParOldGen       total 44032K, used 1636K [0x00000000c0000000, 0x00000000c2b00000, 0x00000000eab00000)
  object space 44032K, 3% used [0x00000000c0000000,0x00000000c0199008,0x00000000c2b00000)
 Metaspace       used 5571K, capacity 6768K, committed 7040K, reserved 1056768K
  class space    used 557K, capacity 616K, committed 640K, reserved 1048576K
}

Deoptimization events (9 events):
Event: 1.029 Thread 0x0000000001dc8000 Uncommon trap: reason=unstable_if action=reinterpret pc=0x00000000027d7428 method=java.util.HashMap.getNode(ILjava/lang/Object;)Ljava/util/HashMap$Node; @ 62
Event: 1.437 Thread 0x0000000001dc8000 Uncommon trap: reason=unstable_if action=reinterpret pc=0x00000000027e3320 method=java.util.BitSet.nextSetBit(I)I @ 87
Event: 1.898 Thread 0x0000000001dc8000 Uncommon trap: reason=unstable_if action=reinterpret pc=0x000000000289d5e4 method=java.util.BitSet.ensureCapacity(I)V @ 6
Event: 2.398 Thread 0x0000000001dc8000 Uncommon trap: reason=unstable_if action=reinterpret pc=0x000000000299c91c method=com.android.dx.rop.code.LocalItem.hashCode()I @ 25
Event: 2.398 Thread 0x0000000001dc8000 Uncommon trap: reason=unstable_if action=reinterpret pc=0x00000000029906dc method=com.android.dx.rop.code.LocalItem.hashCode()I @ 25
Event: 2.398 Thread 0x0000000001dc8000 Uncommon trap: reason=unstable_if action=reinterpret pc=0x000000000292321c method=com.android.dx.rop.code.LocalItem.hashCode()I @ 25
Event: 2.609 Thread 0x0000000001dc8000 Uncommon trap: reason=unstable_if action=reinterpret pc=0x000000000299a5dc method=com.android.dx.rop.code.RegisterSpecSet.put(Lcom/android/dx/rop/code/RegisterSpec;)V @ 77
Event: 2.609 Thread 0x0000000001dc8000 Uncommon trap: reason=unstable_if action=reinterpret pc=0x00000000029d4d58 method=com.android.dx.rop.code.RegisterSpecSet.put(Lcom/android/dx/rop/code/RegisterSpec;)V @ 77
Event: 2.672 Thread 0x0000000001dc8000 Uncommon trap: reason=unstable_if action=reinterpret pc=0x0000000002abb300 method=com.android.dx.ssa.SsaRenamer$BlockRenamer.addMapping(ILcom/android/dx/rop/code/RegisterSpec;)V @ 120

Internal exceptions (2 events):
Event: 0.064 Thread 0x0000000001dc8000 Exception <a 'java/lang/NoSuchMethodError': Method sun.misc.Unsafe.defineClass(Ljava/lang/String;[BII)Ljava/lang/Class; name or signature does not match> (0x00000000eab07cc0) thrown at [C:\re\workspace\8-2-build-windows-amd64-cygwin\jdk8u91\7017\hotspot\srL[yPU°?
Event: 0.064 Thread 0x0000000001dc8000 Exception <a 'java/lang/NoSuchMethodError': Method sun.misc.Unsafe.prefetchRead(Ljava/lang/Object;J)V name or signature does not match> (0x00000000eab07fa8) thrown at [C:\re\workspace\8-2-build-windows-amd64-cygwin\jdk8u91\7017\hotspot\src\share\vm\prims\j

Events (10 events):
Event: 2.609 Thread 0x0000000001dc8000 DEOPT PACKING pc=0x000000000299a5dc sp=0x000000000230e5a0
Event: 2.609 Thread 0x0000000001dc8000 DEOPT UNPACKING pc=0x000000000262582a sp=0x000000000230e528 mode 2
Event: 2.609 Thread 0x0000000001dc8000 Uncommon trap: trap_request=0xffffff65 fr.pc=0x00000000029d4d58
Event: 2.609 Thread 0x0000000001dc8000 DEOPT PACKING pc=0x00000000029d4d58 sp=0x000000000230e590
Event: 2.609 Thread 0x0000000001dc8000 DEOPT UNPACKING pc=0x000000000262582a sp=0x000000000230e4b0 mode 2
Event: 2.672 Thread 0x0000000001dc8000 Uncommon trap: trap_request=0xffffff65 fr.pc=0x0000000002abb300
Event: 2.672 Thread 0x0000000001dc8000 DEOPT PACKING pc=0x0000000002abb300 sp=0x000000000230e340
Event: 2.672 Thread 0x0000000001dc8000 DEOPT UNPACKING pc=0x000000000262582a sp=0x000000000230e2d0 mode 2
Event: 2.674 loading class java/util/DualPivotQuicksort
Event: 2.674 loading class java/util/DualPivotQuicksort done


Dynamic libraries:
0x000000013fa30000 - 0x000000013fa67000 	C:\Program Files\Java\jdk1.8.0_91\bin\java.exe
0x0000000076ee0000 - 0x000000007708a000 	C:\Windows\SYSTEM32\ntdll.dll
0x0000000076cc0000 - 0x0000000076ddf000 	C:\Windows\system32\kernel32.dll
0x000007fefced0000 - 0x000007fefcf3a000 	C:\Windows\system32\KERNELBASE.dll
0x000007fefd410000 - 0x000007fefd4eb000 	C:\Windows\system32\ADVAPI32.dll
0x000007feff150000 - 0x000007feff1ef000 	C:\Windows\system32\msvcrt.dll
0x000007fefe7d0000 - 0x000007fefe7ef000 	C:\Windows\SYSTEM32\sechost.dll
0x000007fefec20000 - 0x000007fefed4d000 	C:\Windows\system32\RPCRT4.dll
0x0000000076de0000 - 0x0000000076eda000 	C:\Windows\system32\USER32.dll
0x000007fefd070000 - 0x000007fefd0d7000 	C:\Windows\system32\GDI32.dll
0x000007fefeee0000 - 0x000007fefeeee000 	C:\Windows\system32\LPK.dll
0x000007fefe820000 - 0x000007fefe8ea000 	C:\Windows\system32\USP10.dll
0x000007fefbcd0000 - 0x000007fefbec4000 	C:\Windows\WinSxS\amd64_microsoft.windows.common-controls_6595b64144ccf1df_6.0.7601.17514_none_fa396087175ac9ac\COMCTL32.dll
0x000007fefeef0000 - 0x000007fefef61000 	C:\Windows\system32\SHLWAPI.dll
0x000007fefe7f0000 - 0x000007fefe81e000 	C:\Windows\system32\IMM32.DLL
0x000007fefd2f0000 - 0x000007fefd3f9000 	C:\Windows\system32\MSCTF.dll
0x0000000072280000 - 0x0000000072352000 	C:\Program Files\Java\jdk1.8.0_91\jre\bin\msvcr100.dll
0x000000006f8a0000 - 0x0000000070133000 	C:\Program Files\Java\jdk1.8.0_91\jre\bin\server\jvm.dll
0x000007fef1c80000 - 0x000007fef1c89000 	C:\Windows\system32\WSOCK32.dll
0x000007fefe8f0000 - 0x000007fefe93d000 	C:\Windows\system32\WS2_32.dll
0x000007fefd400000 - 0x000007fefd408000 	C:\Windows\system32\NSI.dll
0x000007fefac10000 - 0x000007fefac4b000 	C:\Windows\system32\WINMM.dll
0x000007fefb970000 - 0x000007fefb97c000 	C:\Windows\system32\VERSION.dll
0x00000000770b0000 - 0x00000000770b7000 	C:\Windows\system32\PSAPI.DLL
0x00000000744f0000 - 0x00000000744ff000 	C:\Program Files\Java\jdk1.8.0_91\jre\bin\verify.dll
0x00000000744c0000 - 0x00000000744e9000 	C:\Program Files\Java\jdk1.8.0_91\jre\bin\java.dll
0x00000000744a0000 - 0x00000000744b6000 	C:\Program Files\Java\jdk1.8.0_91\jre\bin\zip.dll
0x000007fefd9e0000 - 0x000007fefe768000 	C:\Windows\system32\SHELL32.dll
0x000007fefd0e0000 - 0x000007fefd2e3000 	C:\Windows\system32\ole32.dll
0x000007fefcc20000 - 0x000007fefcc2f000 	C:\Windows\system32\profapi.dll

VM Arguments:
jvm_args: -Djava.awt.headless=true -Xmx1024M -Dfile.encoding=windows-1256 -Duser.country=US -Duser.language=en -Duser.variant 
java_command: com.android.dx.command.Main --dex --force-jumbo --output E:\User\AndroidStudioProjects\Sunshine-Version-2\app\build\intermediates\pre-dexed\debug\internal_impl-21.0.3_b7ef93a3d117c3c33ccb191ab9191289961179ae.jar E:\User\AndroidStudioProjects\Sunshine-Version-2\app\build\intermediates\exploded-aar\com.android.support\support-v4\21.0.3\jars\libs\internal_impl-21.0.3.jar
java_class_path (initial): E:\User\AppData\Local\Android\sdk\build-tools\21.1.2\lib\dx.jar
Launcher Type: SUN_STANDARD

Environment Variables:
PATH=C:\oracle\product\10.2.0\db_2\bin;C:\oracle\product\10.2.0\db_1\bin;C:\ProgramData\Oracle\Java\javapath;C:\Windows\System32;C:\Windows\SysWOW64;C:\opencv248\build\x86\vc10\bin;C:\Python27;C:\Program Files (x86)\CodeBlocks\MinGW\bin;E:\programs\Matlab\R2013a\bin;C:\Program Files\IVI Foundation\VISA\Win64\Bin\;C:\Program Files (x86)\IVI Foundation\VISA\WinNT\Bin\;C:\Program Files (x86)\IVI Foundation\VISA\WinNT\Bin;C:\Program Files (x86)\Tesseract-OCR;E:\User\AppData\Local\Android\sdk\tools\lib;E:\Program Files\Git\cmd;E:\User\AppData\Local\Android\sdk\platform-tools;C:\Program Files\Canopy\User;C:\Program Files\Canopy\User\Scripts
USERNAME=user
OS=Windows_NT
PROCESSOR_IDENTIFIER=Intel64 Family 6 Model 58 Stepping 9, GenuineIntel



---------------  S Y S T E M  ---------------

OS: Windows 7 , 64 bit Build 7601 (6.1.7601.23572)

CPU:total 4 (2 cores per cpu, 2 threads per core) family 6 model 58 stepping 9, cmov, cx8, fxsr, mmx, sse, sse2, sse3, ssse3, sse4.1, sse4.2, popcnt, avx, aes, clmul, erms, ht, tsc, tscinvbit, tscinv

Memory: 4k page, physical 4094316k(82396k free), swap 5601120k(4748k free)

vm_info: Java HotSpot(TM) 64-Bit Server VM (25.91-b15) for windows-amd64 JRE (1.8.0_91-b15), built on May 20 2016 17:43:15 by "java_re" with MS VC++ 10.0 (VS2010)

time: Thu Jun 22 10:44:48 2017
elapsed time: 3 seconds (0d 0h 0m 3s)

