#
# There is insufficient memory for the Java Runtime Environment to continue.
# Native memory allocation (malloc) failed to allocate 262160 bytes for Chunk::new
# Possible reasons:
#   The system is out of physical RAM or swap space
#   In 32 bit mode, the process size limit was hit
# Possible solutions:
#   Reduce memory load on the system
#   Increase physical memory or swap space
#   Check if swap backing store is full
#   Use 64 bit Java on a 64 bit OS
#   Decrease Java heap size (-Xmx/-Xms)
#   Decrease number of Java threads
#   Decrease Java thread stack sizes (-Xss)
#   Set larger code cache with -XX:ReservedCodeCacheSize=
# This output file may be truncated or incomplete.
#
#  Out of Memory Error (allocation.cpp:390), pid=6944, tid=160
#
# JRE version: Java(TM) SE Runtime Environment (8.0_91-b15) (build 1.8.0_91-b15)
# Java VM: Java HotSpot(TM) 64-Bit Server VM (25.91-b15 mixed mode windows-amd64 compressed oops)
# Failed to write core dump. Minidumps are not enabled by default on client versions of Windows
#

---------------  T H R E A D  ---------------

Current thread (0x00000000561a7800):  JavaThread "C2 CompilerThread0" daemon [_thread_in_native, id=160, stack(0x0000000056af0000,0x0000000056bf0000)]

Stack: [0x0000000056af0000,0x0000000056bf0000]
[error occurred during error reporting (printing stack bounds), id 0xc0000005]

Native frames: (J=compiled Java code, j=interpreted, Vv=VM code, C=native code)


Current CompileTask:
C2:  24011 1774   !   4       com.android.dx.cf.code.Ropper::processBlock (1101 bytes)


---------------  P R O C E S S  ---------------

Java Threads: ( => current thread )
  0x000000005623d800 JavaThread "Service Thread" daemon [_thread_blocked, id=272, stack(0x0000000057010000,0x0000000057110000)]
  0x00000000561aa800 JavaThread "C1 CompilerThread2" daemon [_thread_blocked, id=4348, stack(0x0000000056e60000,0x0000000056f60000)]
  0x00000000561a9800 JavaThread "C2 CompilerThread1" daemon [_thread_in_native, id=6608, stack(0x0000000056d00000,0x0000000056e00000)]
=>0x00000000561a7800 JavaThread "C2 CompilerThread0" daemon [_thread_in_native, id=160, stack(0x0000000056af0000,0x0000000056bf0000)]
  0x00000000561a2800 JavaThread "Attach Listener" daemon [_thread_blocked, id=4952, stack(0x00000000568f0000,0x00000000569f0000)]
  0x0000000054edd800 JavaThread "Signal Dispatcher" daemon [_thread_blocked, id=4156, stack(0x0000000056670000,0x0000000056770000)]
  0x0000000054ec9800 JavaThread "Finalizer" daemon [_thread_blocked, id=6548, stack(0x0000000011c10000,0x0000000011d10000)]
  0x0000000054e82800 JavaThread "Reference Handler" daemon [_thread_blocked, id=4628, stack(0x00000000560a0000,0x00000000561a0000)]
  0x0000000001ea8000 JavaThread "main" [_thread_blocked, id=3412, stack(0x0000000002050000,0x0000000002150000)]

Other Threads:
  0x0000000054e7a800 VMThread [stack: 0x0000000055e70000,0x0000000055f70000] [id=3688]
  0x0000000056293000 WatcherThread [stack: 0x00000000571e0000,0x00000000572e0000] [id=1344]

VM state:not at safepoint (normal execution)

VM Mutex/Monitor currently owned by a thread:  ([mutex/lock_event])
[0x0000000001fcce40] Heap_lock - owner thread: 0x0000000001ea8000

Heap:
 PSYoungGen      total 78848K, used 12407K [0x00000000eab00000, 0x00000000f4500000, 0x0000000100000000)
  eden space 65536K, 0% used [0x00000000eab00000,0x00000000eab00020,0x00000000eeb00000)
  from space 13312K, 93% used [0x00000000f3800000,0x00000000f441dd80,0x00000000f4500000)
  to   space 2560K, 0% used [0x00000000eeb00000,0x00000000eeb00000,0x00000000eed80000)
 ParOldGen       total 44032K, used 24418K [0x00000000c0000000, 0x00000000c2b00000, 0x00000000eab00000)
  object space 44032K, 55% used [0x00000000c0000000,0x00000000c17d89b8,0x00000000c2b00000)
 Metaspace       used 6192K, capacity 7152K, committed 7296K, reserved 1056768K
  class space    used 586K, capacity 616K, committed 640K, reserved 1048576K

Card table byte_map: [0x00000000118a0000,0x0000000011ab0000] byte_map_base: 0x00000000112a0000

Marking Bits: (ParMarkBitMap*) 0x00000000667f2f70
 Begin Bits: [0x00000000122f0000, 0x00000000132f0000)
 End Bits:   [0x00000000132f0000, 0x00000000142f0000)

Polling page: 0x0000000000310000

CodeCache: size=245760Kb used=8072Kb max_used=8072Kb free=237687Kb
 bounds [0x00000000024e0000, 0x0000000002cd0000, 0x00000000114e0000]
 total_blobs=2068 nmethods=1804 adapters=176
 compilation: enabled

Compilation events (10 events):
Event: 12.838 Thread 0x00000000561aa800 1869 %     3       com.android.dx.ssa.SsaBasicBlock::newFromRop @ 58 (183 bytes)
Event: 12.840 Thread 0x00000000561aa800 nmethod 1869% 0x0000000002c8ff10 code [0x0000000002c90220, 0x0000000002c92088]
Event: 12.840 Thread 0x00000000561aa800 1870       3       com.android.dx.ssa.SsaBasicBlock::newFromRop (183 bytes)
Event: 12.842 Thread 0x00000000561aa800 nmethod 1870 0x0000000002cbbc10 code [0x0000000002cbbee0, 0x0000000002cbda98]
Event: 12.864 Thread 0x00000000561aa800 1871       2       com.android.dx.cf.direct.StdAttributeFactory::innerClasses (383 bytes)
Event: 12.869 Thread 0x00000000561aa800 nmethod 1871 0x0000000002cbe7d0 code [0x0000000002cbee00, 0x0000000002cc1708]
Event: 12.892 Thread 0x00000000561aa800 1872   !   2       com.android.dx.rop.cst.CstType::intern (48 bytes)
Event: 12.893 Thread 0x00000000561aa800 nmethod 1872 0x0000000002cc6190 code [0x0000000002cc6340, 0x0000000002cc6828]
Event: 12.911 Thread 0x00000000561aa800 1874       2       java.util.HashMap$TreeNode::getTreeNode (22 bytes)
Event: 12.911 Thread 0x00000000561aa800 nmethod 1874 0x0000000002cc6d50 code [0x0000000002cc6ec0, 0x0000000002cc70a8]

GC Heap History (10 events):
Event: 5.342 GC heap before
{Heap before GC invocations=2 (full 0):
 PSYoungGen      total 18944K, used 18935K [0x00000000eab00000, 0x00000000ed000000, 0x0000000100000000)
  eden space 16384K, 100% used [0x00000000eab00000,0x00000000ebb00000,0x00000000ebb00000)
  from space 2560K, 99% used [0x00000000ebb00000,0x00000000ebd7dc60,0x00000000ebd80000)
  to   space 2560K, 0% used [0x00000000ecd80000,0x00000000ecd80000,0x00000000ed000000)
 ParOldGen       total 44032K, used 1819K [0x00000000c0000000, 0x00000000c2b00000, 0x00000000eab00000)
  object space 44032K, 4% used [0x00000000c0000000,0x00000000c01c6c30,0x00000000c2b00000)
 Metaspace       used 5888K, capacity 7024K, committed 7296K, reserved 1056768K
  class space    used 563K, capacity 616K, committed 640K, reserved 1048576K
Event: 6.658 GC heap after
Heap after GC invocations=2 (full 0):
 PSYoungGen      total 35328K, used 2543K [0x00000000eab00000, 0x00000000ed000000, 0x0000000100000000)
  eden space 32768K, 0% used [0x00000000eab00000,0x00000000eab00000,0x00000000ecb00000)
  from space 2560K, 99% used [0x00000000ecd80000,0x00000000ecffbd18,0x00000000ed000000)
  to   space 2560K, 0% used [0x00000000ecb00000,0x00000000ecb00000,0x00000000ecd80000)
 ParOldGen       total 44032K, used 4026K [0x00000000c0000000, 0x00000000c2b00000, 0x00000000eab00000)
  object space 44032K, 9% used [0x00000000c0000000,0x00000000c03ee890,0x00000000c2b00000)
 Metaspace       used 5888K, capacity 7024K, committed 7296K, reserved 1056768K
  class space    used 563K, capacity 616K, committed 640K, reserved 1048576K
}
Event: 7.401 GC heap before
{Heap before GC invocations=3 (full 0):
 PSYoungGen      total 35328K, used 35311K [0x00000000eab00000, 0x00000000ed000000, 0x0000000100000000)
  eden space 32768K, 100% used [0x00000000eab00000,0x00000000ecb00000,0x00000000ecb00000)
  from space 2560K, 99% used [0x00000000ecd80000,0x00000000ecffbd18,0x00000000ed000000)
  to   space 2560K, 0% used [0x00000000ecb00000,0x00000000ecb00000,0x00000000ecd80000)
 ParOldGen       total 44032K, used 4026K [0x00000000c0000000, 0x00000000c2b00000, 0x00000000eab00000)
  object space 44032K, 9% used [0x00000000c0000000,0x00000000c03ee890,0x00000000c2b00000)
 Metaspace       used 6043K, capacity 7088K, committed 7296K, reserved 1056768K
  class space    used 584K, capacity 616K, committed 640K, reserved 1048576K
Event: 7.772 GC heap after
Heap after GC invocations=3 (full 0):
 PSYoungGen      total 35328K, used 2539K [0x00000000eab00000, 0x00000000ef000000, 0x0000000100000000)
  eden space 32768K, 0% used [0x00000000eab00000,0x00000000eab00000,0x00000000ecb00000)
  from space 2560K, 99% used [0x00000000ecb00000,0x00000000ecd7ac98,0x00000000ecd80000)
  to   space 2560K, 0% used [0x00000000eed80000,0x00000000eed80000,0x00000000ef000000)
 ParOldGen       total 44032K, used 8331K [0x00000000c0000000, 0x00000000c2b00000, 0x00000000eab00000)
  object space 44032K, 18% used [0x00000000c0000000,0x00000000c0822e18,0x00000000c2b00000)
 Metaspace       used 6043K, capacity 7088K, committed 7296K, reserved 1056768K
  class space    used 584K, capacity 616K, committed 640K, reserved 1048576K
}
Event: 8.187 GC heap before
{Heap before GC invocations=4 (full 0):
 PSYoungGen      total 35328K, used 35307K [0x00000000eab00000, 0x00000000ef000000, 0x0000000100000000)
  eden space 32768K, 100% used [0x00000000eab00000,0x00000000ecb00000,0x00000000ecb00000)
  from space 2560K, 99% used [0x00000000ecb00000,0x00000000ecd7ac98,0x00000000ecd80000)
  to   space 2560K, 0% used [0x00000000eed80000,0x00000000eed80000,0x00000000ef000000)
 ParOldGen       total 44032K, used 8331K [0x00000000c0000000, 0x00000000c2b00000, 0x00000000eab00000)
  object space 44032K, 18% used [0x00000000c0000000,0x00000000c0822e18,0x00000000c2b00000)
 Metaspace       used 6093K, capacity 7088K, committed 7296K, reserved 1056768K
  class space    used 585K, capacity 616K, committed 640K, reserved 1048576K
Event: 8.490 GC heap after
Heap after GC invocations=4 (full 0):
 PSYoungGen      total 68096K, used 2528K [0x00000000eab00000, 0x00000000ef000000, 0x0000000100000000)
  eden space 65536K, 0% used [0x00000000eab00000,0x00000000eab00000,0x00000000eeb00000)
  from space 2560K, 98% used [0x00000000eed80000,0x00000000eeff8180,0x00000000ef000000)
  to   space 2560K, 0% used [0x00000000eeb00000,0x00000000eeb00000,0x00000000eed80000)
 ParOldGen       total 44032K, used 13766K [0x00000000c0000000, 0x00000000c2b00000, 0x00000000eab00000)
  object space 44032K, 31% used [0x00000000c0000000,0x00000000c0d71aa0,0x00000000c2b00000)
 Metaspace       used 6093K, capacity 7088K, committed 7296K, reserved 1056768K
  class space    used 585K, capacity 616K, committed 640K, reserved 1048576K
}
Event: 10.509 GC heap before
{Heap before GC invocations=5 (full 0):
 PSYoungGen      total 68096K, used 68064K [0x00000000eab00000, 0x00000000ef000000, 0x0000000100000000)
  eden space 65536K, 100% used [0x00000000eab00000,0x00000000eeb00000,0x00000000eeb00000)
  from space 2560K, 98% used [0x00000000eed80000,0x00000000eeff8180,0x00000000ef000000)
  to   space 2560K, 0% used [0x00000000eeb00000,0x00000000eeb00000,0x00000000eed80000)
 ParOldGen       total 44032K, used 13766K [0x00000000c0000000, 0x00000000c2b00000, 0x00000000eab00000)
  object space 44032K, 31% used [0x00000000c0000000,0x00000000c0d71aa0,0x00000000c2b00000)
 Metaspace       used 6105K, capacity 7088K, committed 7296K, reserved 1056768K
  class space    used 585K, capacity 616K, committed 640K, reserved 1048576K
Event: 11.682 GC heap after
Heap after GC invocations=5 (full 0):
 PSYoungGen      total 68096K, used 2533K [0x00000000eab00000, 0x00000000f4500000, 0x0000000100000000)
  eden space 65536K, 0% used [0x00000000eab00000,0x00000000eab00000,0x00000000eeb00000)
  from space 2560K, 98% used [0x00000000eeb00000,0x00000000eed796a0,0x00000000eed80000)
  to   space 13312K, 0% used [0x00000000f3800000,0x00000000f3800000,0x00000000f4500000)
 ParOldGen       total 44032K, used 24418K [0x00000000c0000000, 0x00000000c2b00000, 0x00000000eab00000)
  object space 44032K, 55% used [0x00000000c0000000,0x00000000c17d89b8,0x00000000c2b00000)
 Metaspace       used 6105K, capacity 7088K, committed 7296K, reserved 1056768K
  class space    used 585K, capacity 616K, committed 640K, reserved 1048576K
}
Event: 12.917 GC heap before
{Heap before GC invocations=6 (full 0):
 PSYoungGen      total 68096K, used 68069K [0x00000000eab00000, 0x00000000f4500000, 0x0000000100000000)
  eden space 65536K, 100% used [0x00000000eab00000,0x00000000eeb00000,0x00000000eeb00000)
  from space 2560K, 98% used [0x00000000eeb00000,0x00000000eed796a0,0x00000000eed80000)
  to   space 13312K, 0% used [0x00000000f3800000,0x00000000f3800000,0x00000000f4500000)
 ParOldGen       total 44032K, used 24418K [0x00000000c0000000, 0x00000000c2b00000, 0x00000000eab00000)
  object space 44032K, 55% used [0x00000000c0000000,0x00000000c17d89b8,0x00000000c2b00000)
 Metaspace       used 6192K, capacity 7152K, committed 7296K, reserved 1056768K
  class space    used 586K, capacity 616K, committed 640K, reserved 1048576K
Event: 24.001 GC heap after
Heap after GC invocations=6 (full 0):
 PSYoungGen      total 78848K, used 12407K [0x00000000eab00000, 0x00000000f4500000, 0x0000000100000000)
  eden space 65536K, 0% used [0x00000000eab00000,0x00000000eab00000,0x00000000eeb00000)
  from space 13312K, 93% used [0x00000000f3800000,0x00000000f441dd80,0x00000000f4500000)
  to   space 2560K, 0% used [0x00000000eeb00000,0x00000000eeb00000,0x00000000eed80000)
 ParOldGen       total 44032K, used 24418K [0x00000000c0000000, 0x00000000c2b00000, 0x00000000eab00000)
  object space 44032K, 55% used [0x00000000c0000000,0x00000000c17d89b8,0x00000000c2b00000)
 Metaspace       used 6192K, capacity 7152K, committed 7296K, reserved 1056768K
  class space    used 586K, capacity 616K, committed 640K, reserved 1048576K
}

Deoptimization events (10 events):
Event: 7.905 Thread 0x0000000001ea8000 Uncommon trap: reason=unstable_if action=reinterpret pc=0x0000000002b3a884 method=com.android.dx.rop.code.LocalItem.hashCode()I @ 25
Event: 7.905 Thread 0x0000000001ea8000 Uncommon trap: reason=unstable_if action=reinterpret pc=0x00000000027dbb1c method=com.android.dx.rop.code.LocalItem.hashCode()I @ 25
Event: 7.905 Thread 0x0000000001ea8000 Uncommon trap: reason=unstable_if action=reinterpret pc=0x00000000028029a8 method=com.android.dx.rop.code.LocalItem.hashCode()I @ 25
Event: 8.659 Thread 0x0000000001ea8000 Uncommon trap: reason=class_check action=maybe_recompile pc=0x0000000002b4bfe0 method=com.android.dx.cf.code.BytecodeArray.parseInstruction(ILcom/android/dx/cf/code/BytecodeArray$Visitor;)I @ 955
Event: 8.659 Thread 0x0000000001ea8000 Uncommon trap: reason=class_check action=maybe_recompile pc=0x0000000002b4bfe0 method=com.android.dx.cf.code.BytecodeArray.parseInstruction(ILcom/android/dx/cf/code/BytecodeArray$Visitor;)I @ 955
Event: 11.830 Thread 0x0000000001ea8000 Uncommon trap: reason=unstable_if action=reinterpret pc=0x00000000029a0d6c method=com.android.dx.util.IntList.binarysearch(I)I @ 105
Event: 11.830 Thread 0x0000000001ea8000 Uncommon trap: reason=unstable_if action=reinterpret pc=0x0000000002bb208c method=com.android.dx.ssa.SsaBasicBlock.newFromRop(Lcom/android/dx/rop/code/RopMethod;ILcom/android/dx/ssa/SsaMethod;)Lcom/android/dx/ssa/SsaBasicBlock; @ 164
Event: 12.067 Thread 0x0000000001ea8000 Uncommon trap: reason=unstable_if action=reinterpret pc=0x0000000002b28298 method=com.android.dx.ssa.SCCP.simulateBranch(Lcom/android/dx/ssa/SsaInsn;)V @ 64
Event: 12.067 Thread 0x0000000001ea8000 Uncommon trap: reason=unstable_if action=reinterpret pc=0x0000000002b9f168 method=com.android.dx.ssa.LiteralOpUpgrader$1.visitNonMoveInsn(Lcom/android/dx/ssa/NormalSsaInsn;)V @ 55
Event: 12.067 Thread 0x0000000001ea8000 Uncommon trap: reason=unstable_if action=reinterpret pc=0x00000000028600cc method=com.android.dx.ssa.SsaMethod.updateOneDefinition(Lcom/android/dx/ssa/SsaInsn;Lcom/android/dx/rop/code/RegisterSpec;)V @ 4

Internal exceptions (6 events):
Event: 0.025 Thread 0x0000000001ea8000 Exception <a 'java/lang/NoSuchMethodError': Method sun.misc.Unsafe.defineClass(Ljava/lang/String;[BII)Ljava/lang/Class; name or signature does not match> (0x00000000eab07cc0) thrown at [C:\re\workspace\8-2-build-windows-amd64-cygwin\jdk8u91\7017\hotspot\sr²¼—,(š?
Event: 0.026 Thread 0x0000000001ea8000 Exception <a 'java/lang/NoSuchMethodError': Method sun.misc.Unsafe.prefetchRead(Ljava/lang/Object;J)V name or signature does not match> (0x00000000eab07fa8) thrown at [C:\re\workspace\8-2-build-windows-amd64-cygwin\jdk8u91\7017\hotspot\src\share\vm\prims\j4}þ~S@
Event: 5.331 Thread 0x0000000001ea8000 Implicit null exception at 0x0000000002a07fd2 to 0x0000000002a080d1
Event: 7.136 Thread 0x0000000001ea8000 Exception <a 'java/lang/ArrayIndexOutOfBoundsException': 18> (0x00000000eb952d48) thrown at [C:\re\workspace\8-2-build-windows-amd64-cygwin\jdk8u91\7017\hotspot\src\share\vm\interpreter\interpreterRuntime.cpp, line 366]
Event: 7.136 Thread 0x0000000001ea8000 Exception <a 'java/lang/ArrayIndexOutOfBoundsException'> (0x00000000eb9548c8) thrown at [C:\re\workspace\8-2-build-windows-amd64-cygwin\jdk8u91\7017\hotspot\src\share\vm\runtime\sharedRuntime.cpp, line 605]
Event: 7.137 Thread 0x0000000001ea8000 Exception <a 'java/lang/ArrayIndexOutOfBoundsException'> (0x00000000eb955bb0) thrown at [C:\re\workspace\8-2-build-windows-amd64-cygwin\jdk8u91\7017\hotspot\src\share\vm\runtime\sharedRuntime.cpp, line 605]

Events (10 events):
Event: 12.842 Thread 0x0000000001ea8000 DEOPT PACKING pc=0x0000000002c54e1e sp=0x000000000214e7b0
Event: 12.842 Thread 0x0000000001ea8000 DEOPT UNPACKING pc=0x000000000252787f sp=0x000000000214e568 mode 0
Event: 12.847 Thread 0x0000000001ea8000 DEOPT PACKING pc=0x00000000026c56e1 sp=0x000000000214e870
Event: 12.847 Thread 0x0000000001ea8000 DEOPT UNPACKING pc=0x000000000252787f sp=0x000000000214e5a0 mode 0
Event: 12.907 Thread 0x0000000001ea8000 DEOPT PACKING pc=0x00000000026c56e1 sp=0x000000000214e890
Event: 12.907 Thread 0x0000000001ea8000 DEOPT UNPACKING pc=0x000000000252787f sp=0x000000000214e5c0 mode 0
Event: 12.910 Thread 0x0000000001ea8000 DEOPT PACKING pc=0x0000000002bfba62 sp=0x000000000214e920
Event: 12.910 Thread 0x0000000001ea8000 DEOPT UNPACKING pc=0x000000000252787f sp=0x000000000214e640 mode 0
Event: 12.917 Executing VM operation: ParallelGCFailedAllocation
Event: 24.001 Executing VM operation: ParallelGCFailedAllocation done


Dynamic libraries:
0x000000013f940000 - 0x000000013f977000 	C:\Program Files\Java\jdk1.8.0_91\bin\java.exe
0x0000000076f00000 - 0x00000000770a9000 	C:\Windows\SYSTEM32\ntdll.dll
0x0000000076ce0000 - 0x0000000076dff000 	C:\Windows\system32\kernel32.dll
0x000007fefcce0000 - 0x000007fefcd4b000 	C:\Windows\system32\KERNELBASE.dll
0x000007fefe710000 - 0x000007fefe7eb000 	C:\Windows\system32\ADVAPI32.dll
0x000007fefe3a0000 - 0x000007fefe43f000 	C:\Windows\system32\msvcrt.dll
0x000007fefe2e0000 - 0x000007fefe2ff000 	C:\Windows\SYSTEM32\sechost.dll
0x000007fefe560000 - 0x000007fefe68d000 	C:\Windows\system32\RPCRT4.dll
0x0000000076e00000 - 0x0000000076efa000 	C:\Windows\system32\USER32.dll
0x000007feff1a0000 - 0x000007feff207000 	C:\Windows\system32\GDI32.dll
0x000007fefe440000 - 0x000007fefe44e000 	C:\Windows\system32\LPK.dll
0x000007fefed80000 - 0x000007fefee49000 	C:\Windows\system32\USP10.dll
0x000007fefbd70000 - 0x000007fefbf64000 	C:\Windows\WinSxS\amd64_microsoft.windows.common-controls_6595b64144ccf1df_6.0.7601.17514_none_fa396087175ac9ac\COMCTL32.dll
0x000007fefe690000 - 0x000007fefe701000 	C:\Windows\system32\SHLWAPI.dll
0x000007fefee50000 - 0x000007fefee7e000 	C:\Windows\system32\IMM32.DLL
0x000007fefe450000 - 0x000007fefe559000 	C:\Windows\system32\MSCTF.dll
0x000000006a3a0000 - 0x000000006a472000 	C:\Program Files\Java\jdk1.8.0_91\jre\bin\msvcr100.dll
0x0000000065fe0000 - 0x0000000066873000 	C:\Program Files\Java\jdk1.8.0_91\jre\bin\server\jvm.dll
0x000007fef8760000 - 0x000007fef8769000 	C:\Windows\system32\WSOCK32.dll
0x000007fefe8d0000 - 0x000007fefe91d000 	C:\Windows\system32\WS2_32.dll
0x000007feff090000 - 0x000007feff098000 	C:\Windows\system32\NSI.dll
0x000007fefaaa0000 - 0x000007fefaadb000 	C:\Windows\system32\WINMM.dll
0x000007fefba10000 - 0x000007fefba1c000 	C:\Windows\system32\VERSION.dll
0x00000000770d0000 - 0x00000000770d7000 	C:\Windows\system32\PSAPI.DLL
0x000000006c190000 - 0x000000006c19f000 	C:\Program Files\Java\jdk1.8.0_91\jre\bin\verify.dll
0x000000006c160000 - 0x000000006c189000 	C:\Program Files\Java\jdk1.8.0_91\jre\bin\java.dll
0x000000006c140000 - 0x000000006c156000 	C:\Program Files\Java\jdk1.8.0_91\jre\bin\zip.dll
0x000007fefd550000 - 0x000007fefe2d8000 	C:\Windows\system32\SHELL32.dll
0x000007fefee80000 - 0x000007feff083000 	C:\Windows\system32\ole32.dll
0x000007fefccb0000 - 0x000007fefccbf000 	C:\Windows\system32\profapi.dll

VM Arguments:
jvm_args: -Djava.awt.headless=true -Xmx1024M -Dfile.encoding=windows-1256 -Duser.country=US -Duser.language=en -Duser.variant 
java_command: com.android.dx.command.Main --dex --force-jumbo --output E:\User\AndroidStudioProjects\Sunshine-Version-2\app\build\intermediates\pre-dexed\debug\com.android.support-support-v4-21.0.3_3035d9c83d7289f90d6f43d640a8c8de139a0846.jar E:\User\AndroidStudioProjects\Sunshine-Version-2\app\build\intermediates\exploded-aar\com.android.support\support-v4\21.0.3\jars\classes.jar
java_class_path (initial): E:\User\AppData\Local\Android\sdk\build-tools\21.1.2\lib\dx.jar
Launcher Type: SUN_STANDARD

Environment Variables:
PATH=C:\oracle\product\10.2.0\db_2\bin;C:\oracle\product\10.2.0\db_1\bin;C:\ProgramData\Oracle\Java\javapath;C:\Windows\System32;C:\Windows\SysWOW64;C:\opencv248\build\x86\vc10\bin;C:\Python27;C:\Program Files (x86)\CodeBlocks\MinGW\bin;E:\programs\Matlab\R2013a\bin;C:\Program Files\IVI Foundation\VISA\Win64\Bin\;C:\Program Files (x86)\IVI Foundation\VISA\WinNT\Bin\;C:\Program Files (x86)\IVI Foundation\VISA\WinNT\Bin;C:\Program Files (x86)\Tesseract-OCR;E:\User\AppData\Local\Android\sdk\tools\lib;E:\Program Files\Git\cmd;E:\User\AppData\Local\Android\sdk\platform-tools;C:\Program Files\Canopy\User;C:\Program Files\Canopy\User\Scripts
USERNAME=user
OS=Windows_NT
PROCESSOR_IDENTIFIER=Intel64 Family 6 Model 58 Stepping 9, GenuineIntel



---------------  S Y S T E M  ---------------

OS: Windows 7 , 64 bit Build 7601 (6.1.7601.18015)

CPU:total 4 (2 cores per cpu, 2 threads per core) family 6 model 58 stepping 9, cmov, cx8, fxsr, mmx, sse, sse2, sse3, ssse3, sse4.1, sse4.2, popcnt, avx, aes, clmul, erms, ht, tsc, tscinvbit, tscinv

Memory: 4k page, physical 4094316k(284000k free), swap 5628452k(5104k free)

vm_info: Java HotSpot(TM) 64-Bit Server VM (25.91-b15) for windows-amd64 JRE (1.8.0_91-b15), built on May 20 2016 17:43:15 by "java_re" with MS VC++ 10.0 (VS2010)

time: Thu Aug 04 20:39:20 2016
elapsed time: 24 seconds (0d 0h 0m 24s)

