#
# There is insufficient memory for the Java Runtime Environment to continue.
# Native memory allocation (malloc) failed to allocate 1688256 bytes for Chunk::new
# Possible reasons:
#   The system is out of physical RAM or swap space
#   In 32 bit mode, the process size limit was hit
# Possible solutions:
#   Reduce memory load on the system
#   Increase physical memory or swap space
#   Check if swap backing store is full
#   Use 64 bit Java on a 64 bit OS
#   Decrease Java heap size (-Xmx/-Xms)
#   Decrease number of Java threads
#   Decrease Java thread stack sizes (-Xss)
#   Set larger code cache with -XX:ReservedCodeCacheSize=
# This output file may be truncated or incomplete.
#
#  Out of Memory Error (allocation.cpp:390), pid=5144, tid=5788
#
# JRE version: Java(TM) SE Runtime Environment (8.0_91-b15) (build 1.8.0_91-b15)
# Java VM: Java HotSpot(TM) 64-Bit Server VM (25.91-b15 mixed mode windows-amd64 compressed oops)
# Failed to write core dump. Minidumps are not enabled by default on client versions of Windows
#

---------------  T H R E A D  ---------------

Current thread (0x00000000560b7800):  JavaThread "C2 CompilerThread0" daemon [_thread_in_native, id=5788, stack(0x0000000055e50000,0x0000000055f50000)]

Stack: [0x0000000055e50000,0x0000000055f50000]
[error occurred during error reporting (printing stack bounds), id 0xc0000005]

Native frames: (J=compiled Java code, j=interpreted, Vv=VM code, C=native code)


Current CompileTask:
C2:   9291 1476   !   4       com.android.dx.cf.code.BytecodeArray::parseInstruction (2764 bytes)


---------------  P R O C E S S  ---------------

Java Threads: ( => current thread )
  0x0000000056118000 JavaThread "Service Thread" daemon [_thread_blocked, id=3832, stack(0x0000000056c20000,0x0000000056d20000)]
  0x0000000056109000 JavaThread "C1 CompilerThread2" daemon [_thread_blocked, id=2844, stack(0x00000000564f0000,0x00000000565f0000)]
  0x0000000056108800 JavaThread "C2 CompilerThread1" daemon [_thread_in_native, id=5948, stack(0x00000000569e0000,0x0000000056ae0000)]
=>0x00000000560b7800 JavaThread "C2 CompilerThread0" daemon [_thread_in_native, id=5788, stack(0x0000000055e50000,0x0000000055f50000)]
  0x00000000560b2800 JavaThread "Attach Listener" daemon [_thread_blocked, id=5244, stack(0x00000000567e0000,0x00000000568e0000)]
  0x0000000054c8d800 JavaThread "Signal Dispatcher" daemon [_thread_blocked, id=4536, stack(0x0000000056620000,0x0000000056720000)]
  0x0000000054c79800 JavaThread "Finalizer" daemon [_thread_blocked, id=2572, stack(0x0000000055fb0000,0x00000000560b0000)]
  0x0000000054c32800 JavaThread "Reference Handler" daemon [_thread_blocked, id=5196, stack(0x0000000055c40000,0x0000000055d40000)]
  0x0000000001e68000 JavaThread "main" [_thread_in_Java, id=5952, stack(0x0000000001f90000,0x0000000002090000)]

Other Threads:
  0x0000000054c2a800 VMThread [stack: 0x0000000055d50000,0x0000000055e50000] [id=4656]
  0x000000005617a000 WatcherThread [stack: 0x0000000056d60000,0x0000000056e60000] [id=2824]

VM state:not at safepoint (normal execution)

VM Mutex/Monitor currently owned by a thread: None

Heap:
 PSYoungGen      total 35328K, used 16295K [0x00000000eab00000, 0x00000000ef000000, 0x0000000100000000)
  eden space 32768K, 41% used [0x00000000eab00000,0x00000000eb8704b0,0x00000000ecb00000)
  from space 2560K, 98% used [0x00000000ecb00000,0x00000000ecd798e8,0x00000000ecd80000)
  to   space 2560K, 0% used [0x00000000eed80000,0x00000000eed80000,0x00000000ef000000)
 ParOldGen       total 44032K, used 8609K [0x00000000c0000000, 0x00000000c2b00000, 0x00000000eab00000)
  object space 44032K, 19% used [0x00000000c0000000,0x00000000c08684c8,0x00000000c2b00000)
 Metaspace       used 6030K, capacity 7088K, committed 7296K, reserved 1056768K
  class space    used 585K, capacity 616K, committed 640K, reserved 1048576K

Card table byte_map: [0x00000000117f0000,0x0000000011a00000] byte_map_base: 0x00000000111f0000

Marking Bits: (ParMarkBitMap*) 0x000000006d392f70
 Begin Bits: [0x00000000120a0000, 0x00000000130a0000)
 End Bits:   [0x00000000130a0000, 0x00000000140a0000)

Polling page: 0x0000000000110000

CodeCache: size=245760Kb used=6569Kb max_used=6570Kb free=239190Kb
 bounds [0x0000000002430000, 0x0000000002ab0000, 0x0000000011430000]
 total_blobs=1814 nmethods=1551 adapters=176
 compilation: enabled

Compilation events (10 events):
Event: 9.230 Thread 0x0000000056109000 1581       2       com.android.dx.cf.attrib.RawAttribute::<init> (17 bytes)
Event: 9.231 Thread 0x0000000056109000 nmethod 1581 0x0000000002a7f2d0 code [0x0000000002a7f460, 0x0000000002a7f7c8]
Event: 9.231 Thread 0x0000000056109000 1582       2       com.android.dx.dex.file.ClassDefItem::addInstanceField (9 bytes)
Event: 9.232 Thread 0x0000000056109000 nmethod 1582 0x0000000002a7eb50 code [0x0000000002a7ece0, 0x0000000002a7f018]
Event: 9.242 Thread 0x0000000056109000 1583       2       com.android.dx.rop.code.Rop::<init> (15 bytes)
Event: 9.243 Thread 0x0000000056109000 nmethod 1583 0x0000000002a7e790 code [0x0000000002a7e900, 0x0000000002a7eaa8]
Event: 9.247 Thread 0x0000000056109000 1585       2       java.util.HashMap::comparableClassFor (105 bytes)
Event: 9.248 Thread 0x0000000056109000 nmethod 1585 0x0000000002a7de90 code [0x0000000002a7e040, 0x0000000002a7e488]
Event: 9.249 Thread 0x0000000056109000 1586       2       java.util.HashMap$TreeNode::getTreeNode (22 bytes)
Event: 9.249 Thread 0x0000000056109000 nmethod 1586 0x0000000002a7d9d0 code [0x0000000002a7db40, 0x0000000002a7dd28]

GC Heap History (6 events):
Event: 4.680 GC heap before
{Heap before GC invocations=1 (full 0):
 PSYoungGen      total 18944K, used 16384K [0x00000000eab00000, 0x00000000ec000000, 0x0000000100000000)
  eden space 16384K, 100% used [0x00000000eab00000,0x00000000ebb00000,0x00000000ebb00000)
  from space 2560K, 0% used [0x00000000ebd80000,0x00000000ebd80000,0x00000000ec000000)
  to   space 2560K, 0% used [0x00000000ebb00000,0x00000000ebb00000,0x00000000ebd80000)
 ParOldGen       total 44032K, used 0K [0x00000000c0000000, 0x00000000c2b00000, 0x00000000eab00000)
  object space 44032K, 0% used [0x00000000c0000000,0x00000000c0000000,0x00000000c2b00000)
 Metaspace       used 5543K, capacity 6768K, committed 7040K, reserved 1056768K
  class space    used 559K, capacity 616K, committed 640K, reserved 1048576K
Event: 5.155 GC heap after
Heap after GC invocations=1 (full 0):
 PSYoungGen      total 18944K, used 2535K [0x00000000eab00000, 0x00000000ed000000, 0x0000000100000000)
  eden space 16384K, 0% used [0x00000000eab00000,0x00000000eab00000,0x00000000ebb00000)
  from space 2560K, 99% used [0x00000000ebb00000,0x00000000ebd79c88,0x00000000ebd80000)
  to   space 2560K, 0% used [0x00000000ecd80000,0x00000000ecd80000,0x00000000ed000000)
 ParOldGen       total 44032K, used 1578K [0x00000000c0000000, 0x00000000c2b00000, 0x00000000eab00000)
  object space 44032K, 3% used [0x00000000c0000000,0x00000000c018a880,0x00000000c2b00000)
 Metaspace       used 5543K, capacity 6768K, committed 7040K, reserved 1056768K
  class space    used 559K, capacity 616K, committed 640K, reserved 1048576K
}
Event: 6.875 GC heap before
{Heap before GC invocations=2 (full 0):
 PSYoungGen      total 18944K, used 18919K [0x00000000eab00000, 0x00000000ed000000, 0x0000000100000000)
  eden space 16384K, 100% used [0x00000000eab00000,0x00000000ebb00000,0x00000000ebb00000)
  from space 2560K, 99% used [0x00000000ebb00000,0x00000000ebd79c88,0x00000000ebd80000)
  to   space 2560K, 0% used [0x00000000ecd80000,0x00000000ecd80000,0x00000000ed000000)
 ParOldGen       total 44032K, used 1578K [0x00000000c0000000, 0x00000000c2b00000, 0x00000000eab00000)
  object space 44032K, 3% used [0x00000000c0000000,0x00000000c018a880,0x00000000c2b00000)
 Metaspace       used 5845K, capacity 7024K, committed 7296K, reserved 1056768K
  class space    used 562K, capacity 616K, committed 640K, reserved 1048576K
Event: 7.034 GC heap after
Heap after GC invocations=2 (full 0):
 PSYoungGen      total 35328K, used 2528K [0x00000000eab00000, 0x00000000ed000000, 0x0000000100000000)
  eden space 32768K, 0% used [0x00000000eab00000,0x00000000eab00000,0x00000000ecb00000)
  from space 2560K, 98% used [0x00000000ecd80000,0x00000000ecff8028,0x00000000ed000000)
  to   space 2560K, 0% used [0x00000000ecb00000,0x00000000ecb00000,0x00000000ecd80000)
 ParOldGen       total 44032K, used 3971K [0x00000000c0000000, 0x00000000c2b00000, 0x00000000eab00000)
  object space 44032K, 9% used [0x00000000c0000000,0x00000000c03e0ff8,0x00000000c2b00000)
 Metaspace       used 5845K, capacity 7024K, committed 7296K, reserved 1056768K
  class space    used 562K, capacity 616K, committed 640K, reserved 1048576K
}
Event: 8.664 GC heap before
{Heap before GC invocations=3 (full 0):
 PSYoungGen      total 35328K, used 35296K [0x00000000eab00000, 0x00000000ed000000, 0x0000000100000000)
  eden space 32768K, 100% used [0x00000000eab00000,0x00000000ecb00000,0x00000000ecb00000)
  from space 2560K, 98% used [0x00000000ecd80000,0x00000000ecff8028,0x00000000ed000000)
  to   space 2560K, 0% used [0x00000000ecb00000,0x00000000ecb00000,0x00000000ecd80000)
 ParOldGen       total 44032K, used 3971K [0x00000000c0000000, 0x00000000c2b00000, 0x00000000eab00000)
  object space 44032K, 9% used [0x00000000c0000000,0x00000000c03e0ff8,0x00000000c2b00000)
 Metaspace       used 6020K, capacity 7088K, committed 7296K, reserved 1056768K
  class space    used 585K, capacity 616K, committed 640K, reserved 1048576K
Event: 8.732 GC heap after
Heap after GC invocations=3 (full 0):
 PSYoungGen      total 35328K, used 2534K [0x00000000eab00000, 0x00000000ef000000, 0x0000000100000000)
  eden space 32768K, 0% used [0x00000000eab00000,0x00000000eab00000,0x00000000ecb00000)
  from space 2560K, 98% used [0x00000000ecb00000,0x00000000ecd798e8,0x00000000ecd80000)
  to   space 2560K, 0% used [0x00000000eed80000,0x00000000eed80000,0x00000000ef000000)
 ParOldGen       total 44032K, used 8609K [0x00000000c0000000, 0x00000000c2b00000, 0x00000000eab00000)
  object space 44032K, 19% used [0x00000000c0000000,0x00000000c08684c8,0x00000000c2b00000)
 Metaspace       used 6020K, capacity 7088K, committed 7296K, reserved 1056768K
  class space    used 585K, capacity 616K, committed 640K, reserved 1048576K
}

Deoptimization events (10 events):
Event: 6.209 Thread 0x0000000001e68000 Uncommon trap: reason=unstable_if action=reinterpret pc=0x00000000028115f8 method=com.android.dx.rop.code.RegisterSpec.equals(ILcom/android/dx/rop/type/TypeBearer;Lcom/android/dx/rop/code/LocalItem;)Z @ 16
Event: 6.474 Thread 0x0000000001e68000 Uncommon trap: reason=unstable_if action=reinterpret pc=0x00000000028a6674 method=com.android.dx.ssa.SCCP.simulateStmt(Lcom/android/dx/ssa/SsaInsn;)V @ 53
Event: 7.207 Thread 0x0000000001e68000 Uncommon trap: reason=unstable_if action=reinterpret pc=0x00000000027e55fc method=java.util.HashMap.putVal(ILjava/lang/Object;Ljava/lang/Object;ZZ)Ljava/lang/Object; @ 162
Event: 7.211 Thread 0x0000000001e68000 Uncommon trap: reason=unstable_if action=reinterpret pc=0x00000000028ecf78 method=java.util.HashMap.getNode(ILjava/lang/Object;)Ljava/util/HashMap$Node; @ 84
Event: 7.329 Thread 0x0000000001e68000 Uncommon trap: reason=unstable_if action=reinterpret pc=0x00000000027fd1f0 method=com.android.dx.rop.code.RegisterSpec.equals(ILcom/android/dx/rop/type/TypeBearer;Lcom/android/dx/rop/code/LocalItem;)Z @ 16
Event: 7.353 Thread 0x0000000001e68000 Uncommon trap: reason=unstable_if action=reinterpret pc=0x00000000028de0cc method=java.util.HashMap.putVal(ILjava/lang/Object;Ljava/lang/Object;ZZ)Ljava/lang/Object; @ 162
Event: 7.390 Thread 0x0000000001e68000 Uncommon trap: reason=unloaded action=reinterpret pc=0x00000000029a031c method=com.android.dx.ssa.LiteralOpUpgrader$1.visitNonMoveInsn(Lcom/android/dx/ssa/NormalSsaInsn;)V @ 72
Event: 7.391 Thread 0x0000000001e68000 Uncommon trap: reason=unstable_if action=reinterpret pc=0x000000000281f14c method=com.android.dx.ssa.SsaMethod.updateOneDefinition(Lcom/android/dx/ssa/SsaInsn;Lcom/android/dx/rop/code/RegisterSpec;)V @ 4
Event: 8.273 Thread 0x0000000001e68000 Uncommon trap: reason=unstable_if action=reinterpret pc=0x0000000002875aac method=com.android.dx.util.IntList.binarysearch(I)I @ 105
Event: 8.398 Thread 0x0000000001e68000 Uncommon trap: reason=unstable_if action=reinterpret pc=0x00000000028ea5b4 method=java.util.HashMap.putVal(ILjava/lang/Object;Ljava/lang/Object;ZZ)Ljava/lang/Object; @ 109

Internal exceptions (6 events):
Event: 0.116 Thread 0x0000000001e68000 Exception <a 'java/lang/NoSuchMethodError': Method sun.misc.Unsafe.defineClass(Ljava/lang/String;[BII)Ljava/lang/Class; name or signature does not match> (0x00000000eab07cc0) thrown at [C:\re\workspace\8-2-build-windows-amd64-cygwin\jdk8u91\7017\hotspot\sr]ûž¸½?
Event: 0.116 Thread 0x0000000001e68000 Exception <a 'java/lang/NoSuchMethodError': Method sun.misc.Unsafe.prefetchRead(Ljava/lang/Object;J)V name or signature does not match> (0x00000000eab07fa8) thrown at [C:\re\workspace\8-2-build-windows-amd64-cygwin\jdk8u91\7017\hotspot\src\share\vm\prims\jÃL~êÔ@
Event: 6.208 Thread 0x0000000001e68000 Implicit null exception at 0x0000000002847712 to 0x0000000002847802
Event: 7.209 Thread 0x0000000001e68000 Exception <a 'java/lang/ArrayIndexOutOfBoundsException': 18> (0x00000000eb096318) thrown at [C:\re\workspace\8-2-build-windows-amd64-cygwin\jdk8u91\7017\hotspot\src\share\vm\interpreter\interpreterRuntime.cpp, line 366]
Event: 7.210 Thread 0x0000000001e68000 Exception <a 'java/lang/ArrayIndexOutOfBoundsException'> (0x00000000eb097e98) thrown at [C:\re\workspace\8-2-build-windows-amd64-cygwin\jdk8u91\7017\hotspot\src\share\vm\runtime\sharedRuntime.cpp, line 605]
Event: 7.210 Thread 0x0000000001e68000 Exception <a 'java/lang/ArrayIndexOutOfBoundsException'> (0x00000000eb099180) thrown at [C:\re\workspace\8-2-build-windows-amd64-cygwin\jdk8u91\7017\hotspot\src\share\vm\runtime\sharedRuntime.cpp, line 605]

Events (10 events):
Event: 8.662 loading class com/android/dx/cf/attrib/AttRuntimeVisibleAnnotations
Event: 8.662 loading class com/android/dx/cf/attrib/AttRuntimeVisibleAnnotations done
Event: 8.664 Executing VM operation: ParallelGCFailedAllocation
Event: 8.732 Executing VM operation: ParallelGCFailedAllocation done
Event: 8.766 Thread 0x0000000001e68000 DEOPT PACKING pc=0x0000000002791c01 sp=0x000000000208e770
Event: 8.766 Thread 0x0000000001e68000 DEOPT UNPACKING pc=0x000000000247787f sp=0x000000000208e538 mode 0
Event: 9.095 Thread 0x0000000001e68000 DEOPT PACKING pc=0x0000000002791c01 sp=0x000000000208e770
Event: 9.108 Thread 0x0000000001e68000 DEOPT UNPACKING pc=0x000000000247787f sp=0x000000000208e538 mode 0
Event: 9.161 Thread 0x0000000001e68000 DEOPT PACKING pc=0x0000000002791ebc sp=0x000000000208e850
Event: 9.161 Thread 0x0000000001e68000 DEOPT UNPACKING pc=0x000000000247787f sp=0x000000000208e618 mode 0


Dynamic libraries:
0x000000013f6c0000 - 0x000000013f6f7000 	C:\Program Files\Java\jdk1.8.0_91\bin\java.exe
0x0000000077a40000 - 0x0000000077bea000 	C:\Windows\SYSTEM32\ntdll.dll
0x0000000077920000 - 0x0000000077a3f000 	C:\Windows\system32\kernel32.dll
0x000007fefd7d0000 - 0x000007fefd83a000 	C:\Windows\system32\KERNELBASE.dll
0x000007fefebf0000 - 0x000007fefeccb000 	C:\Windows\system32\ADVAPI32.dll
0x000007fefeb50000 - 0x000007fefebef000 	C:\Windows\system32\msvcrt.dll
0x000007feff3c0000 - 0x000007feff3df000 	C:\Windows\SYSTEM32\sechost.dll
0x000007feff6c0000 - 0x000007feff7ed000 	C:\Windows\system32\RPCRT4.dll
0x0000000077820000 - 0x000000007791a000 	C:\Windows\system32\USER32.dll
0x000007fefea90000 - 0x000007fefeaf7000 	C:\Windows\system32\GDI32.dll
0x000007feff3b0000 - 0x000007feff3be000 	C:\Windows\system32\LPK.dll
0x000007fefe8c0000 - 0x000007fefe98a000 	C:\Windows\system32\USP10.dll
0x000007fefc7a0000 - 0x000007fefc994000 	C:\Windows\WinSxS\amd64_microsoft.windows.common-controls_6595b64144ccf1df_6.0.7601.17514_none_fa396087175ac9ac\COMCTL32.dll
0x000007feff090000 - 0x000007feff101000 	C:\Windows\system32\SHLWAPI.dll
0x000007feff870000 - 0x000007feff89e000 	C:\Windows\system32\IMM32.DLL
0x000007feff2a0000 - 0x000007feff3a9000 	C:\Windows\system32\MSCTF.dll
0x0000000073a40000 - 0x0000000073b12000 	C:\Program Files\Java\jdk1.8.0_91\jre\bin\msvcr100.dll
0x000000006cb80000 - 0x000000006d413000 	C:\Program Files\Java\jdk1.8.0_91\jre\bin\server\jvm.dll
0x000007fef36e0000 - 0x000007fef36e9000 	C:\Windows\system32\WSOCK32.dll
0x000007fefeb00000 - 0x000007fefeb4d000 	C:\Windows\system32\WS2_32.dll
0x000007feff080000 - 0x000007feff088000 	C:\Windows\system32\NSI.dll
0x000007fefb550000 - 0x000007fefb58b000 	C:\Windows\system32\WINMM.dll
0x000007fefc4a0000 - 0x000007fefc4ac000 	C:\Windows\system32\VERSION.dll
0x0000000077c00000 - 0x0000000077c07000 	C:\Windows\system32\PSAPI.DLL
0x0000000074930000 - 0x000000007493f000 	C:\Program Files\Java\jdk1.8.0_91\jre\bin\verify.dll
0x0000000074900000 - 0x0000000074929000 	C:\Program Files\Java\jdk1.8.0_91\jre\bin\java.dll
0x00000000748e0000 - 0x00000000748f6000 	C:\Program Files\Java\jdk1.8.0_91\jre\bin\zip.dll
0x000007fefdb30000 - 0x000007fefe8b8000 	C:\Windows\system32\SHELL32.dll
0x000007fefedd0000 - 0x000007fefefd3000 	C:\Windows\system32\ole32.dll
0x000007fefd780000 - 0x000007fefd78f000 	C:\Windows\system32\profapi.dll

VM Arguments:
jvm_args: -Djava.awt.headless=true -Xmx1024M -Dfile.encoding=windows-1256 -Duser.country=US -Duser.language=en -Duser.variant 
java_command: com.android.dx.command.Main --dex --force-jumbo --output E:\User\AndroidStudioProjects\Sunshine-Version-2\app\build\intermediates\pre-dexed\debug\com.android.support-appcompat-v7-21.0.3_c62c1a7b3c1d7c37f76f30a9af26db376fcf9047.jar E:\User\AndroidStudioProjects\Sunshine-Version-2\app\build\intermediates\exploded-aar\com.android.support\appcompat-v7\21.0.3\jars\classes.jar
java_class_path (initial): E:\User\AppData\Local\Android\sdk\build-tools\21.1.2\lib\dx.jar
Launcher Type: SUN_STANDARD

Environment Variables:
PATH=C:\oracle\product\10.2.0\db_2\bin;C:\oracle\product\10.2.0\db_1\bin;C:\ProgramData\Oracle\Java\javapath;C:\Windows\System32;C:\Windows\SysWOW64;C:\opencv248\build\x86\vc10\bin;C:\Python27;C:\Program Files (x86)\CodeBlocks\MinGW\bin;E:\programs\Matlab\R2013a\bin;C:\Program Files\IVI Foundation\VISA\Win64\Bin\;C:\Program Files (x86)\IVI Foundation\VISA\WinNT\Bin\;C:\Program Files (x86)\IVI Foundation\VISA\WinNT\Bin;C:\Program Files (x86)\Tesseract-OCR;E:\User\AppData\Local\Android\sdk\tools\lib;E:\Program Files\Git\cmd;E:\User\AppData\Local\Android\sdk\platform-tools;C:\Program Files\Canopy\User;C:\Program Files\Canopy\User\Scripts
USERNAME=user
OS=Windows_NT
PROCESSOR_IDENTIFIER=Intel64 Family 6 Model 58 Stepping 9, GenuineIntel



---------------  S Y S T E M  ---------------

OS: Windows 7 , 64 bit Build 7601 (6.1.7601.23572)

CPU:total 4 (2 cores per cpu, 2 threads per core) family 6 model 58 stepping 9, cmov, cx8, fxsr, mmx, sse, sse2, sse3, ssse3, sse4.1, sse4.2, popcnt, avx, aes, clmul, erms, ht, tsc, tscinvbit, tscinv

Memory: 4k page, physical 4094316k(725324k free), swap 5386356k(5172k free)

vm_info: Java HotSpot(TM) 64-Bit Server VM (25.91-b15) for windows-amd64 JRE (1.8.0_91-b15), built on May 20 2016 17:43:15 by "java_re" with MS VC++ 10.0 (VS2010)

time: Wed Jun 07 06:32:43 2017
elapsed time: 9 seconds (0d 0h 0m 9s)

