#
# There is insufficient memory for the Java Runtime Environment to continue.
# Native memory allocation (malloc) failed to allocate 105840 bytes for Chunk::new
# Possible reasons:
#   The system is out of physical RAM or swap space
#   In 32 bit mode, the process size limit was hit
# Possible solutions:
#   Reduce memory load on the system
#   Increase physical memory or swap space
#   Check if swap backing store is full
#   Use 64 bit Java on a 64 bit OS
#   Decrease Java heap size (-Xmx/-Xms)
#   Decrease number of Java threads
#   Decrease Java thread stack sizes (-Xss)
#   Set larger code cache with -XX:ReservedCodeCacheSize=
# This output file may be truncated or incomplete.
#
#  Out of Memory Error (allocation.cpp:390), pid=5256, tid=6264
#
# JRE version: Java(TM) SE Runtime Environment (8.0_91-b15) (build 1.8.0_91-b15)
# Java VM: Java HotSpot(TM) 64-Bit Server VM (25.91-b15 mixed mode windows-amd64 compressed oops)
# Failed to write core dump. Minidumps are not enabled by default on client versions of Windows
#

---------------  T H R E A D  ---------------

Current thread (0x0000000054dab000):  JavaThread "C2 CompilerThread1" daemon [_thread_in_native, id=6264, stack(0x00000000568a0000,0x00000000569a0000)]

Stack: [0x00000000568a0000,0x00000000569a0000]
[error occurred during error reporting (printing stack bounds), id 0xc0000005]

Native frames: (J=compiled Java code, j=interpreted, Vv=VM code, C=native code)


Current CompileTask:
C2:   4698 1425   !   4       com.android.dx.cf.code.BytecodeArray::parseInstruction (2764 bytes)


---------------  P R O C E S S  ---------------

Java Threads: ( => current thread )
  0x0000000056130000 JavaThread "Service Thread" daemon [_thread_blocked, id=7144, stack(0x0000000056c40000,0x0000000056d40000)]
  0x0000000054dac000 JavaThread "C1 CompilerThread2" daemon [_thread_blocked, id=6932, stack(0x0000000056ac0000,0x0000000056bc0000)]
=>0x0000000054dab000 JavaThread "C2 CompilerThread1" daemon [_thread_in_native, id=6264, stack(0x00000000568a0000,0x00000000569a0000)]
  0x00000000560c7800 JavaThread "C2 CompilerThread0" daemon [_thread_blocked, id=7084, stack(0x0000000055bb0000,0x0000000055cb0000)]
  0x00000000560c2800 JavaThread "Attach Listener" daemon [_thread_blocked, id=4596, stack(0x0000000056770000,0x0000000056870000)]
  0x0000000054d9d800 JavaThread "Signal Dispatcher" daemon [_thread_blocked, id=5396, stack(0x0000000056510000,0x0000000056610000)]
  0x0000000054d89800 JavaThread "Finalizer" daemon [_thread_blocked, id=7044, stack(0x0000000055fc0000,0x00000000560c0000)]
  0x0000000054d42800 JavaThread "Reference Handler" daemon [_thread_blocked, id=6512, stack(0x0000000055e50000,0x0000000055f50000)]
  0x0000000001d98000 JavaThread "main" [_thread_in_Java, id=6024, stack(0x0000000001fe0000,0x00000000020e0000)]

Other Threads:
  0x0000000054d3a800 VMThread [stack: 0x0000000055cb0000,0x0000000055db0000] [id=3728]
  0x0000000056146000 WatcherThread [stack: 0x0000000056e00000,0x0000000056f00000] [id=4000]

VM state:not at safepoint (normal execution)

VM Mutex/Monitor currently owned by a thread: None

Heap:
 PSYoungGen      total 35328K, used 23593K [0x00000000eab00000, 0x00000000ed000000, 0x0000000100000000)
  eden space 32768K, 64% used [0x00000000eab00000,0x00000000ebf8c880,0x00000000ecb00000)
  from space 2560K, 99% used [0x00000000ecd80000,0x00000000ecffdc70,0x00000000ed000000)
  to   space 2560K, 0% used [0x00000000ecb00000,0x00000000ecb00000,0x00000000ecd80000)
 ParOldGen       total 44032K, used 3972K [0x00000000c0000000, 0x00000000c2b00000, 0x00000000eab00000)
  object space 44032K, 9% used [0x00000000c0000000,0x00000000c03e12b8,0x00000000c2b00000)
 Metaspace       used 5988K, capacity 7024K, committed 7296K, reserved 1056768K
  class space    used 584K, capacity 616K, committed 640K, reserved 1048576K

Card table byte_map: [0x0000000011770000,0x0000000011980000] byte_map_base: 0x0000000011170000

Marking Bits: (ParMarkBitMap*) 0x000000006d642f70
 Begin Bits: [0x00000000121b0000, 0x00000000131b0000)
 End Bits:   [0x00000000131b0000, 0x00000000141b0000)

Polling page: 0x00000000001a0000

CodeCache: size=245760Kb used=6287Kb max_used=6300Kb free=239472Kb
 bounds [0x00000000023b0000, 0x00000000029e0000, 0x00000000113b0000]
 total_blobs=1748 nmethods=1484 adapters=176
 compilation: disabled (not enough contiguous free space left)

Compilation events (10 events):
Event: 4.390 Thread 0x00000000560c7800 1377       4       com.android.dx.rop.code.PlainInsn::withNewRegisters (18 bytes)
Event: 4.424 Thread 0x00000000560c7800 nmethod 1377 0x00000000029ccb10 code [0x00000000029ccc60, 0x00000000029cce18]
Event: 4.424 Thread 0x00000000560c7800 1371   !   4       com.android.dx.cf.code.BaseMachine::arg (36 bytes)
Event: 4.425 Thread 0x00000000560c7800 nmethod 1371 0x00000000029d1250 code [0x00000000029d1380, 0x00000000029d1418]
Event: 4.638 Thread 0x00000000560c7800 1502       4       java.util.HashMap::resize (359 bytes)
Event: 4.640 Thread 0x0000000054dac000 1506   !   3       com.android.dx.cf.attrib.BaseLocalVariables::<init> (42 bytes)
Event: 4.640 Thread 0x0000000054dac000 nmethod 1506 0x00000000029cddd0 code [0x00000000029cdf80, 0x00000000029ce548]
Event: 4.643 Thread 0x0000000054dac000 1508   !   3       com.android.dx.cf.direct.StdAttributeFactory::parseLocalVariables (274 bytes)
Event: 4.647 Thread 0x00000000560c7800 nmethod 1502 0x00000000029d1650 code [0x00000000029d17e0, 0x00000000029d1d28]
Event: 4.647 Thread 0x00000000560c7800 1504       4       java.util.HashMap::getNode (148 bytes)

GC Heap History (4 events):
Event: 1.567 GC heap before
{Heap before GC invocations=1 (full 0):
 PSYoungGen      total 18944K, used 16384K [0x00000000eab00000, 0x00000000ec000000, 0x0000000100000000)
  eden space 16384K, 100% used [0x00000000eab00000,0x00000000ebb00000,0x00000000ebb00000)
  from space 2560K, 0% used [0x00000000ebd80000,0x00000000ebd80000,0x00000000ec000000)
  to   space 2560K, 0% used [0x00000000ebb00000,0x00000000ebb00000,0x00000000ebd80000)
 ParOldGen       total 44032K, used 0K [0x00000000c0000000, 0x00000000c2b00000, 0x00000000eab00000)
  object space 44032K, 0% used [0x00000000c0000000,0x00000000c0000000,0x00000000c2b00000)
 Metaspace       used 5530K, capacity 6768K, committed 7040K, reserved 1056768K
  class space    used 559K, capacity 616K, committed 640K, reserved 1048576K
Event: 1.779 GC heap after
Heap after GC invocations=1 (full 0):
 PSYoungGen      total 18944K, used 2538K [0x00000000eab00000, 0x00000000ed000000, 0x0000000100000000)
  eden space 16384K, 0% used [0x00000000eab00000,0x00000000eab00000,0x00000000ebb00000)
  from space 2560K, 99% used [0x00000000ebb00000,0x00000000ebd7aa90,0x00000000ebd80000)
  to   space 2560K, 0% used [0x00000000ecd80000,0x00000000ecd80000,0x00000000ed000000)
 ParOldGen       total 44032K, used 1777K [0x00000000c0000000, 0x00000000c2b00000, 0x00000000eab00000)
  object space 44032K, 4% used [0x00000000c0000000,0x00000000c01bc798,0x00000000c2b00000)
 Metaspace       used 5530K, capacity 6768K, committed 7040K, reserved 1056768K
  class space    used 559K, capacity 616K, committed 640K, reserved 1048576K
}
Event: 2.155 GC heap before
{Heap before GC invocations=2 (full 0):
 PSYoungGen      total 18944K, used 18922K [0x00000000eab00000, 0x00000000ed000000, 0x0000000100000000)
  eden space 16384K, 100% used [0x00000000eab00000,0x00000000ebb00000,0x00000000ebb00000)
  from space 2560K, 99% used [0x00000000ebb00000,0x00000000ebd7aa90,0x00000000ebd80000)
  to   space 2560K, 0% used [0x00000000ecd80000,0x00000000ecd80000,0x00000000ed000000)
 ParOldGen       total 44032K, used 1777K [0x00000000c0000000, 0x00000000c2b00000, 0x00000000eab00000)
  object space 44032K, 4% used [0x00000000c0000000,0x00000000c01bc798,0x00000000c2b00000)
 Metaspace       used 5813K, capacity 6960K, committed 7040K, reserved 1056768K
  class space    used 563K, capacity 616K, committed 640K, reserved 1048576K
Event: 3.742 GC heap after
Heap after GC invocations=2 (full 0):
 PSYoungGen      total 35328K, used 2551K [0x00000000eab00000, 0x00000000ed000000, 0x0000000100000000)
  eden space 32768K, 0% used [0x00000000eab00000,0x00000000eab00000,0x00000000ecb00000)
  from space 2560K, 99% used [0x00000000ecd80000,0x00000000ecffdc70,0x00000000ed000000)
  to   space 2560K, 0% used [0x00000000ecb00000,0x00000000ecb00000,0x00000000ecd80000)
 ParOldGen       total 44032K, used 3972K [0x00000000c0000000, 0x00000000c2b00000, 0x00000000eab00000)
  object space 44032K, 9% used [0x00000000c0000000,0x00000000c03e12b8,0x00000000c2b00000)
 Metaspace       used 5813K, capacity 6960K, committed 7040K, reserved 1056768K
  class space    used 563K, capacity 616K, committed 640K, reserved 1048576K
}

Deoptimization events (10 events):
Event: 4.019 Thread 0x0000000001d98000 Uncommon trap: reason=null_check action=make_not_entrant pc=0x000000000286ded4 method=com.android.dx.ssa.SsaRenamer.getLocalForNewReg(I)Lcom/android/dx/rop/code/LocalItem; @ 19
Event: 4.061 Thread 0x0000000001d98000 Uncommon trap: reason=bimorphic action=maybe_recompile pc=0x0000000002904a60 method=com.android.dx.cf.code.BytecodeArray.parseInstruction(ILcom/android/dx/cf/code/BytecodeArray$Visitor;)I @ 1130
Event: 4.061 Thread 0x0000000001d98000 Uncommon trap: reason=bimorphic action=maybe_recompile pc=0x000000000290457c method=com.android.dx.cf.code.BytecodeArray.parseInstruction(ILcom/android/dx/cf/code/BytecodeArray$Visitor;)I @ 907
Event: 4.061 Thread 0x0000000001d98000 Uncommon trap: reason=bimorphic action=maybe_recompile pc=0x0000000002904800 method=com.android.dx.cf.code.BytecodeArray.parseInstruction(ILcom/android/dx/cf/code/BytecodeArray$Visitor;)I @ 1035
Event: 4.062 Thread 0x0000000001d98000 Uncommon trap: reason=bimorphic action=maybe_recompile pc=0x00000000029045fc method=com.android.dx.cf.code.BytecodeArray.parseInstruction(ILcom/android/dx/cf/code/BytecodeArray$Visitor;)I @ 923
Event: 4.062 Thread 0x0000000001d98000 Uncommon trap: reason=bimorphic action=maybe_recompile pc=0x0000000002904c14 method=com.android.dx.cf.code.BytecodeArray.parseInstruction(ILcom/android/dx/cf/code/BytecodeArray$Visitor;)I @ 1224
Event: 4.062 Thread 0x0000000001d98000 Uncommon trap: reason=bimorphic action=maybe_recompile pc=0x000000000290467c method=com.android.dx.cf.code.BytecodeArray.parseInstruction(ILcom/android/dx/cf/code/BytecodeArray$Visitor;)I @ 939
Event: 4.062 Thread 0x0000000001d98000 Uncommon trap: reason=bimorphic action=maybe_recompile pc=0x0000000002904c14 method=com.android.dx.cf.code.BytecodeArray.parseInstruction(ILcom/android/dx/cf/code/BytecodeArray$Visitor;)I @ 1224
Event: 4.227 Thread 0x0000000001d98000 Uncommon trap: reason=unstable_if action=reinterpret pc=0x000000000273fc2c method=java.util.HashMap.putVal(ILjava/lang/Object;Ljava/lang/Object;ZZ)Ljava/lang/Object; @ 162
Event: 4.231 Thread 0x0000000001d98000 Uncommon trap: reason=unstable_if action=reinterpret pc=0x00000000029729c0 method=java.util.HashMap.getNode(ILjava/lang/Object;)Ljava/util/HashMap$Node; @ 84

Internal exceptions (7 events):
Event: 0.044 Thread 0x0000000001d98000 Exception <a 'java/lang/NoSuchMethodError': Method sun.misc.Unsafe.defineClass(Ljava/lang/String;[BII)Ljava/lang/Class; name or signature does not match> (0x00000000eab07cc0) thrown at [C:\re\workspace\8-2-build-windows-amd64-cygwin\jdk8u91\7017\hotspot\sr¾Õ=>-Â¦?
Event: 0.044 Thread 0x0000000001d98000 Exception <a 'java/lang/NoSuchMethodError': Method sun.misc.Unsafe.prefetchRead(Ljava/lang/Object;J)V name or signature does not match> (0x00000000eab07fa8) thrown at [C:\re\workspace\8-2-build-windows-amd64-cygwin\jdk8u91\7017\hotspot\src\share\vm\prims\j·0†Ï@
Event: 2.140 Thread 0x0000000001d98000 Implicit null exception at 0x0000000002720612 to 0x0000000002720711
Event: 4.019 Thread 0x0000000001d98000 Implicit null exception at 0x000000000286d133 to 0x000000000286de8d
Event: 4.229 Thread 0x0000000001d98000 Exception <a 'java/lang/ArrayIndexOutOfBoundsException': 18> (0x00000000eb961698) thrown at [C:\re\workspace\8-2-build-windows-amd64-cygwin\jdk8u91\7017\hotspot\src\share\vm\interpreter\interpreterRuntime.cpp, line 366]
Event: 4.229 Thread 0x0000000001d98000 Exception <a 'java/lang/ArrayIndexOutOfBoundsException'> (0x00000000eb963218) thrown at [C:\re\workspace\8-2-build-windows-amd64-cygwin\jdk8u91\7017\hotspot\src\share\vm\runtime\sharedRuntime.cpp, line 605]
Event: 4.230 Thread 0x0000000001d98000 Exception <a 'java/lang/ArrayIndexOutOfBoundsException'> (0x00000000eb964500) thrown at [C:\re\workspace\8-2-build-windows-amd64-cygwin\jdk8u91\7017\hotspot\src\share\vm\runtime\sharedRuntime.cpp, line 605]

Events (10 events):
Event: 4.230 loading class java/lang/reflect/TypeVariable done
Event: 4.230 loading class sun/reflect/generics/reflectiveObjects/TypeVariableImpl
Event: 4.231 loading class sun/reflect/generics/reflectiveObjects/LazyReflectiveObjectGenerator
Event: 4.231 loading class sun/reflect/generics/reflectiveObjects/LazyReflectiveObjectGenerator done
Event: 4.231 loading class sun/reflect/generics/reflectiveObjects/TypeVariableImpl done
Event: 4.231 Thread 0x0000000001d98000 Uncommon trap: trap_request=0xffffff65 fr.pc=0x00000000029729c0
Event: 4.231 Thread 0x0000000001d98000 DEOPT PACKING pc=0x00000000029729c0 sp=0x00000000020de560
Event: 4.231 Thread 0x0000000001d98000 DEOPT UNPACKING pc=0x00000000023f582a sp=0x00000000020de4d8 mode 2
Event: 4.291 Executing VM operation: EnableBiasedLocking
Event: 4.291 Executing VM operation: EnableBiasedLocking done


Dynamic libraries:
0x000000013fb30000 - 0x000000013fb67000 	C:\Program Files\Java\jdk1.8.0_91\bin\java.exe
0x0000000077690000 - 0x000000007783a000 	C:\Windows\SYSTEM32\ntdll.dll
0x0000000077470000 - 0x000000007758f000 	C:\Windows\system32\kernel32.dll
0x000007fefd3e0000 - 0x000007fefd44a000 	C:\Windows\system32\KERNELBASE.dll
0x000007feff6d0000 - 0x000007feff7ab000 	C:\Windows\system32\ADVAPI32.dll
0x000007feff900000 - 0x000007feff99f000 	C:\Windows\system32\msvcrt.dll
0x000007feff340000 - 0x000007feff35f000 	C:\Windows\SYSTEM32\sechost.dll
0x000007fefec60000 - 0x000007fefed8d000 	C:\Windows\system32\RPCRT4.dll
0x0000000077590000 - 0x000000007768a000 	C:\Windows\system32\USER32.dll
0x000007fefed90000 - 0x000007fefedf7000 	C:\Windows\system32\GDI32.dll
0x000007fefd960000 - 0x000007fefd96e000 	C:\Windows\system32\LPK.dll
0x000007fefd890000 - 0x000007fefd95a000 	C:\Windows\system32\USP10.dll
0x000007fefc430000 - 0x000007fefc624000 	C:\Windows\WinSxS\amd64_microsoft.windows.common-controls_6595b64144ccf1df_6.0.7601.17514_none_fa396087175ac9ac\COMCTL32.dll
0x000007fefef80000 - 0x000007fefeff1000 	C:\Windows\system32\SHLWAPI.dll
0x000007fefe700000 - 0x000007fefe72e000 	C:\Windows\system32\IMM32.DLL
0x000007fefd780000 - 0x000007fefd889000 	C:\Windows\system32\MSCTF.dll
0x000000006e160000 - 0x000000006e232000 	C:\Program Files\Java\jdk1.8.0_91\jre\bin\msvcr100.dll
0x000000006ce30000 - 0x000000006d6c3000 	C:\Program Files\Java\jdk1.8.0_91\jre\bin\server\jvm.dll
0x000007fef0bc0000 - 0x000007fef0bc9000 	C:\Windows\system32\WSOCK32.dll
0x000007fefec10000 - 0x000007fefec5d000 	C:\Windows\system32\WS2_32.dll
0x000007feff7b0000 - 0x000007feff7b8000 	C:\Windows\system32\NSI.dll
0x000007fefb350000 - 0x000007fefb38b000 	C:\Windows\system32\WINMM.dll
0x000007fefc0f0000 - 0x000007fefc0fc000 	C:\Windows\system32\VERSION.dll
0x0000000077850000 - 0x0000000077857000 	C:\Windows\system32\PSAPI.DLL
0x0000000074a90000 - 0x0000000074a9f000 	C:\Program Files\Java\jdk1.8.0_91\jre\bin\verify.dll
0x0000000073df0000 - 0x0000000073e19000 	C:\Program Files\Java\jdk1.8.0_91\jre\bin\java.dll
0x0000000073dd0000 - 0x0000000073de6000 	C:\Program Files\Java\jdk1.8.0_91\jre\bin\zip.dll
0x000007fefd970000 - 0x000007fefe6f8000 	C:\Windows\system32\SHELL32.dll
0x000007fefea00000 - 0x000007fefec03000 	C:\Windows\system32\ole32.dll
0x000007fefd3d0000 - 0x000007fefd3df000 	C:\Windows\system32\profapi.dll

VM Arguments:
jvm_args: -Djava.awt.headless=true -Xmx1024M -Dfile.encoding=windows-1256 -Duser.country=US -Duser.language=en -Duser.variant 
java_command: com.android.dx.command.Main --dex --force-jumbo --output E:\User\AndroidStudioProjects\Sunshine-Version-2\app\build\intermediates\pre-dexed\debug\com.android.support-support-v4-21.0.3_3035d9c83d7289f90d6f43d640a8c8de139a0846.jar E:\User\AndroidStudioProjects\Sunshine-Version-2\app\build\intermediates\exploded-aar\com.android.support\support-v4\21.0.3\jars\classes.jar
java_class_path (initial): E:\User\AppData\Local\Android\sdk\build-tools\21.1.2\lib\dx.jar
Launcher Type: SUN_STANDARD

Environment Variables:
PATH=C:\oracle\product\10.2.0\db_2\bin;C:\oracle\product\10.2.0\db_1\bin;C:\ProgramData\Oracle\Java\javapath;C:\Windows\System32;C:\Windows\SysWOW64;C:\opencv248\build\x86\vc10\bin;C:\Python27;C:\Program Files (x86)\CodeBlocks\MinGW\bin;E:\programs\Matlab\R2013a\bin;C:\Program Files\IVI Foundation\VISA\Win64\Bin\;C:\Program Files (x86)\IVI Foundation\VISA\WinNT\Bin\;C:\Program Files (x86)\IVI Foundation\VISA\WinNT\Bin;C:\Program Files (x86)\Tesseract-OCR;E:\User\AppData\Local\Android\sdk\tools\lib;E:\Program Files\Git\cmd;E:\User\AppData\Local\Android\sdk\platform-tools;C:\Program Files\Canopy\User;C:\Program Files\Canopy\User\Scripts
USERNAME=user
OS=Windows_NT
PROCESSOR_IDENTIFIER=Intel64 Family 6 Model 58 Stepping 9, GenuineIntel



---------------  S Y S T E M  ---------------

OS: Windows 7 , 64 bit Build 7601 (6.1.7601.23572)

CPU:total 4 (2 cores per cpu, 2 threads per core) family 6 model 58 stepping 9, cmov, cx8, fxsr, mmx, sse, sse2, sse3, ssse3, sse4.1, sse4.2, popcnt, avx, aes, clmul, erms, ht, tsc, tscinvbit, tscinv

Memory: 4k page, physical 4094316k(140164k free), swap 5628456k(4916k free)

vm_info: Java HotSpot(TM) 64-Bit Server VM (25.91-b15) for windows-amd64 JRE (1.8.0_91-b15), built on May 20 2016 17:43:15 by "java_re" with MS VC++ 10.0 (VS2010)

time: Sat Jun 17 22:34:00 2017
elapsed time: 4 seconds (0d 0h 0m 4s)

