#
# There is insufficient memory for the Java Runtime Environment to continue.
# Native memory allocation (malloc) failed to allocate 32744 bytes for ChunkPool::allocate
# Possible reasons:
#   The system is out of physical RAM or swap space
#   In 32 bit mode, the process size limit was hit
# Possible solutions:
#   Reduce memory load on the system
#   Increase physical memory or swap space
#   Check if swap backing store is full
#   Use 64 bit Java on a 64 bit OS
#   Decrease Java heap size (-Xmx/-Xms)
#   Decrease number of Java threads
#   Decrease Java thread stack sizes (-Xss)
#   Set larger code cache with -XX:ReservedCodeCacheSize=
# This output file may be truncated or incomplete.
#
#  Out of Memory Error (allocation.cpp:273), pid=22932, tid=27552
#
# JRE version: Java(TM) SE Runtime Environment (8.0_91-b15) (build 1.8.0_91-b15)
# Java VM: Java HotSpot(TM) 64-Bit Server VM (25.91-b15 mixed mode windows-amd64 compressed oops)
# Failed to write core dump. Minidumps are not enabled by default on client versions of Windows
#

---------------  T H R E A D  ---------------

Current thread (0x0000000054e8f000):  JavaThread "C2 CompilerThread1" daemon [_thread_in_native, id=27552, stack(0x0000000056ac0000,0x0000000056bc0000)]

Stack: [0x0000000056ac0000,0x0000000056bc0000]
[error occurred during error reporting (printing stack bounds), id 0xc0000005]

Native frames: (J=compiled Java code, j=interpreted, Vv=VM code, C=native code)


Current CompileTask:
C2:  11934 1324   !   4       com.android.dx.cf.code.BytecodeArray::parseInstruction (2764 bytes)


---------------  P R O C E S S  ---------------

Java Threads: ( => current thread )
  0x0000000056220800 JavaThread "Service Thread" daemon [_thread_blocked, id=28004, stack(0x0000000056e40000,0x0000000056f40000)]
  0x0000000056218800 JavaThread "C1 CompilerThread2" daemon [_thread_blocked, id=28592, stack(0x0000000056c50000,0x0000000056d50000)]
=>0x0000000054e8f000 JavaThread "C2 CompilerThread1" daemon [_thread_in_native, id=27552, stack(0x0000000056ac0000,0x0000000056bc0000)]
  0x00000000561b7800 JavaThread "C2 CompilerThread0" daemon [_thread_in_native, id=28600, stack(0x00000000569a0000,0x0000000056aa0000)]
  0x00000000561b2800 JavaThread "Attach Listener" daemon [_thread_blocked, id=28224, stack(0x0000000056790000,0x0000000056890000)]
  0x0000000054e7d800 JavaThread "Signal Dispatcher" daemon [_thread_blocked, id=27388, stack(0x0000000056660000,0x0000000056760000)]
  0x0000000054e69800 JavaThread "Finalizer" daemon [_thread_blocked, id=27064, stack(0x00000000560b0000,0x00000000561b0000)]
  0x0000000054e22000 JavaThread "Reference Handler" daemon [_thread_blocked, id=28244, stack(0x0000000055df0000,0x0000000055ef0000)]
  0x0000000001d08000 JavaThread "main" [_thread_in_Java, id=24056, stack(0x0000000002140000,0x0000000002240000)]

Other Threads:
  0x0000000054e1a800 VMThread [stack: 0x0000000055f30000,0x0000000056030000] [id=28148]
  0x0000000056269000 WatcherThread [stack: 0x0000000057040000,0x0000000057140000] [id=26892]

VM state:not at safepoint (normal execution)

VM Mutex/Monitor currently owned by a thread: None

Heap:
 PSYoungGen      total 35328K, used 3396K [0x00000000eab00000, 0x00000000ed000000, 0x0000000100000000)
  eden space 32768K, 2% used [0x00000000eab00000,0x00000000eabd76f0,0x00000000ecb00000)
  from space 2560K, 99% used [0x00000000ecd80000,0x00000000ecff9c78,0x00000000ed000000)
  to   space 2560K, 0% used [0x00000000ecb00000,0x00000000ecb00000,0x00000000ecd80000)
 ParOldGen       total 44032K, used 4015K [0x00000000c0000000, 0x00000000c2b00000, 0x00000000eab00000)
  object space 44032K, 9% used [0x00000000c0000000,0x00000000c03ebd10,0x00000000c2b00000)
 Metaspace       used 5859K, capacity 7024K, committed 7296K, reserved 1056768K
  class space    used 562K, capacity 616K, committed 640K, reserved 1048576K

Card table byte_map: [0x00000000118d0000,0x0000000011ae0000] byte_map_base: 0x00000000112d0000

Marking Bits: (ParMarkBitMap*) 0x0000000070572f70
 Begin Bits: [0x0000000012290000, 0x0000000013290000)
 End Bits:   [0x0000000013290000, 0x0000000014290000)

Polling page: 0x0000000000320000

CodeCache: size=245760Kb used=5760Kb max_used=5760Kb free=239999Kb
 bounds [0x0000000002510000, 0x0000000002ac0000, 0x0000000011510000]
 total_blobs=1668 nmethods=1405 adapters=176
 compilation: enabled

Compilation events (10 events):
Event: 11.619 Thread 0x0000000056218800 1406       3       java.util.zip.InflaterInputStream::<init> (79 bytes)
Event: 11.619 Thread 0x0000000056218800 nmethod 1406 0x0000000002ab2750 code [0x0000000002ab2900, 0x0000000002ab2fb8]
Event: 11.619 Thread 0x0000000056218800 1407   !   3       java.util.zip.ZipFile::releaseInflater (41 bytes)
Event: 11.620 Thread 0x0000000056218800 nmethod 1407 0x0000000002ab3290 code [0x0000000002ab3440, 0x0000000002ab3b38]
Event: 11.620 Thread 0x0000000056218800 1408       3       java.util.TreeMap::containsKey (14 bytes)
Event: 11.621 Thread 0x0000000056218800 nmethod 1408 0x0000000002ab3e50 code [0x0000000002ab3fc0, 0x0000000002ab4228]
Event: 11.621 Thread 0x0000000056218800 1409       3       java.util.HashMap$EntryIterator::next (5 bytes)
Event: 11.621 Thread 0x0000000056218800 nmethod 1409 0x0000000002ab42d0 code [0x0000000002ab4440, 0x0000000002ab4728]
Event: 11.622 Thread 0x0000000056218800 1410       3       com.android.dx.dex.file.ClassDefItem::addVirtualMethod (9 bytes)
Event: 11.623 Thread 0x0000000056218800 nmethod 1410 0x0000000002ab47d0 code [0x0000000002ab4980, 0x0000000002ab5038]

GC Heap History (4 events):
Event: 4.918 GC heap before
{Heap before GC invocations=1 (full 0):
 PSYoungGen      total 18944K, used 16384K [0x00000000eab00000, 0x00000000ec000000, 0x0000000100000000)
  eden space 16384K, 100% used [0x00000000eab00000,0x00000000ebb00000,0x00000000ebb00000)
  from space 2560K, 0% used [0x00000000ebd80000,0x00000000ebd80000,0x00000000ec000000)
  to   space 2560K, 0% used [0x00000000ebb00000,0x00000000ebb00000,0x00000000ebd80000)
 ParOldGen       total 44032K, used 0K [0x00000000c0000000, 0x00000000c2b00000, 0x00000000eab00000)
  object space 44032K, 0% used [0x00000000c0000000,0x00000000c0000000,0x00000000c2b00000)
 Metaspace       used 5564K, capacity 6768K, committed 7040K, reserved 1056768K
  class space    used 559K, capacity 616K, committed 640K, reserved 1048576K
Event: 6.818 GC heap after
Heap after GC invocations=1 (full 0):
 PSYoungGen      total 18944K, used 2556K [0x00000000eab00000, 0x00000000ed000000, 0x0000000100000000)
  eden space 16384K, 0% used [0x00000000eab00000,0x00000000eab00000,0x00000000ebb00000)
  from space 2560K, 99% used [0x00000000ebb00000,0x00000000ebd7f0f0,0x00000000ebd80000)
  to   space 2560K, 0% used [0x00000000ecd80000,0x00000000ecd80000,0x00000000ed000000)
 ParOldGen       total 44032K, used 1579K [0x00000000c0000000, 0x00000000c2b00000, 0x00000000eab00000)
  object space 44032K, 3% used [0x00000000c0000000,0x00000000c018ae78,0x00000000c2b00000)
 Metaspace       used 5564K, capacity 6768K, committed 7040K, reserved 1056768K
  class space    used 559K, capacity 616K, committed 640K, reserved 1048576K
}
Event: 11.517 GC heap before
{Heap before GC invocations=2 (full 0):
 PSYoungGen      total 18944K, used 18940K [0x00000000eab00000, 0x00000000ed000000, 0x0000000100000000)
  eden space 16384K, 100% used [0x00000000eab00000,0x00000000ebb00000,0x00000000ebb00000)
  from space 2560K, 99% used [0x00000000ebb00000,0x00000000ebd7f0f0,0x00000000ebd80000)
  to   space 2560K, 0% used [0x00000000ecd80000,0x00000000ecd80000,0x00000000ed000000)
 ParOldGen       total 44032K, used 1579K [0x00000000c0000000, 0x00000000c2b00000, 0x00000000eab00000)
  object space 44032K, 3% used [0x00000000c0000000,0x00000000c018ae78,0x00000000c2b00000)
 Metaspace       used 5857K, capacity 7024K, committed 7296K, reserved 1056768K
  class space    used 562K, capacity 616K, committed 640K, reserved 1048576K
Event: 11.578 GC heap after
Heap after GC invocations=2 (full 0):
 PSYoungGen      total 35328K, used 2535K [0x00000000eab00000, 0x00000000ed000000, 0x0000000100000000)
  eden space 32768K, 0% used [0x00000000eab00000,0x00000000eab00000,0x00000000ecb00000)
  from space 2560K, 99% used [0x00000000ecd80000,0x00000000ecff9c78,0x00000000ed000000)
  to   space 2560K, 0% used [0x00000000ecb00000,0x00000000ecb00000,0x00000000ecd80000)
 ParOldGen       total 44032K, used 4015K [0x00000000c0000000, 0x00000000c2b00000, 0x00000000eab00000)
  object space 44032K, 9% used [0x00000000c0000000,0x00000000c03ebd10,0x00000000c2b00000)
 Metaspace       used 5857K, capacity 7024K, committed 7296K, reserved 1056768K
  class space    used 562K, capacity 616K, committed 640K, reserved 1048576K
}

Deoptimization events (10 events):
Event: 8.982 Thread 0x0000000001d08000 Uncommon trap: reason=null_check action=make_not_entrant pc=0x00000000028ec110 method=com.android.dx.rop.type.Type.equals(Ljava/lang/Object;)Z @ 8
Event: 8.985 Thread 0x0000000001d08000 Uncommon trap: reason=unstable_if action=reinterpret pc=0x000000000290dc2c method=com.android.dx.rop.code.RegisterSpec.equals(ILcom/android/dx/rop/type/TypeBearer;Lcom/android/dx/rop/code/LocalItem;)Z @ 16
Event: 10.927 Thread 0x0000000001d08000 Uncommon trap: reason=unstable_if action=reinterpret pc=0x00000000029bb228 method=com.android.dx.cf.code.Ropper.labelToResultIndex(I)I @ 34
Event: 10.958 Thread 0x0000000001d08000 Uncommon trap: reason=unstable_if action=reinterpret pc=0x00000000029c3dd0 method=com.android.dx.util.LabeledList.set(ILcom/android/dx/util/LabeledItem;)V @ 16
Event: 11.146 Thread 0x0000000001d08000 Uncommon trap: reason=unstable_if action=reinterpret pc=0x00000000029a2b90 method=com.android.dx.ssa.SCCP.simulateStmt(Lcom/android/dx/ssa/SsaInsn;)V @ 53
Event: 11.300 Thread 0x0000000001d08000 Uncommon trap: reason=unstable_if action=reinterpret pc=0x0000000002a303c8 method=com.android.dx.util.IntList.sort()V @ 8
Event: 11.311 Thread 0x0000000001d08000 Uncommon trap: reason=null_check action=make_not_entrant pc=0x00000000027b5e20 method=com.android.dx.ssa.SsaRenamer.getLocalForNewReg(I)Lcom/android/dx/rop/code/LocalItem; @ 19
Event: 11.316 Thread 0x0000000001d08000 Uncommon trap: reason=bimorphic action=maybe_recompile pc=0x00000000028b6574 method=com.android.dx.rop.code.RegisterSpec.equals(ILcom/android/dx/rop/type/TypeBearer;Lcom/android/dx/rop/code/LocalItem;)Z @ 13
Event: 11.443 Thread 0x0000000001d08000 Uncommon trap: reason=unstable_if action=reinterpret pc=0x00000000028cd384 method=com.android.dx.rop.cst.Constant.compareTo(Lcom/android/dx/rop/cst/Constant;)I @ 12
Event: 11.466 Thread 0x0000000001d08000 Uncommon trap: reason=bimorphic action=maybe_recompile pc=0x00000000028b7a9c method=com.android.dx.rop.code.RegisterSpec.equals(ILcom/android/dx/rop/type/TypeBearer;Lcom/android/dx/rop/code/LocalItem;)Z @ 13

Internal exceptions (4 events):
Event: 0.036 Thread 0x0000000001d08000 Exception <a 'java/lang/NoSuchMethodError': Method sun.misc.Unsafe.defineClass(Ljava/lang/String;[BII)Ljava/lang/Class; name or signature does not match> (0x00000000eab07cc0) thrown at [C:\re\workspace\8-2-build-windows-amd64-cygwin\jdk8u91\7017\hotspot\srÍ≈Éi¢?
Event: 0.036 Thread 0x0000000001d08000 Exception <a 'java/lang/NoSuchMethodError': Method sun.misc.Unsafe.prefetchRead(Ljava/lang/Object;J)V name or signature does not match> (0x00000000eab07fa8) thrown at [C:\re\workspace\8-2-build-windows-amd64-cygwin\jdk8u91\7017\hotspot\src\share\vm\prims\j÷GÄ<üˆ!@
Event: 8.982 Thread 0x0000000001d08000 Implicit null exception at 0x00000000028ec012 to 0x00000000028ec102
Event: 11.311 Thread 0x0000000001d08000 Implicit null exception at 0x00000000027b4886 to 0x00000000027b5e01

Events (10 events):
Event: 11.316 Thread 0x0000000001d08000 DEOPT PACKING pc=0x00000000028b6574 sp=0x000000000223e460
Event: 11.316 Thread 0x0000000001d08000 DEOPT UNPACKING pc=0x000000000255582a sp=0x000000000223e2b0 mode 2
Event: 11.443 Thread 0x0000000001d08000 Uncommon trap: trap_request=0xffffff65 fr.pc=0x00000000028cd384
Event: 11.443 Thread 0x0000000001d08000 DEOPT PACKING pc=0x00000000028cd384 sp=0x000000000223e1d0
Event: 11.443 Thread 0x0000000001d08000 DEOPT UNPACKING pc=0x000000000255582a sp=0x000000000223e170 mode 2
Event: 11.466 Thread 0x0000000001d08000 Uncommon trap: trap_request=0xffffffc6 fr.pc=0x00000000028b7a9c
Event: 11.466 Thread 0x0000000001d08000 DEOPT PACKING pc=0x00000000028b7a9c sp=0x000000000223e4a0
Event: 11.466 Thread 0x0000000001d08000 DEOPT UNPACKING pc=0x000000000255582a sp=0x000000000223e358 mode 2
Event: 11.517 Executing VM operation: ParallelGCFailedAllocation
Event: 11.578 Executing VM operation: ParallelGCFailedAllocation done


Dynamic libraries:
0x000000013f7a0000 - 0x000000013f7d7000 	C:\Program Files\Java\jdk1.8.0_91\bin\java.exe
0x0000000077340000 - 0x00000000774ea000 	C:\Windows\SYSTEM32\ntdll.dll
0x0000000077220000 - 0x000000007733f000 	C:\Windows\system32\kernel32.dll
0x000007fefd090000 - 0x000007fefd0fa000 	C:\Windows\system32\KERNELBASE.dll
0x000007fefead0000 - 0x000007fefebab000 	C:\Windows\system32\ADVAPI32.dll
0x000007feff5b0000 - 0x000007feff64f000 	C:\Windows\system32\msvcrt.dll
0x000007fefe860000 - 0x000007fefe87f000 	C:\Windows\SYSTEM32\sechost.dll
0x000007fefed20000 - 0x000007fefee4d000 	C:\Windows\system32\RPCRT4.dll
0x0000000077120000 - 0x000000007721a000 	C:\Windows\system32\USER32.dll
0x000007fefea60000 - 0x000007fefeac7000 	C:\Windows\system32\GDI32.dll
0x000007fefd6f0000 - 0x000007fefd6fe000 	C:\Windows\system32\LPK.dll
0x000007fefd620000 - 0x000007fefd6ea000 	C:\Windows\system32\USP10.dll
0x000007fefc130000 - 0x000007fefc324000 	C:\Windows\WinSxS\amd64_microsoft.windows.common-controls_6595b64144ccf1df_6.0.7601.17514_none_fa396087175ac9ac\COMCTL32.dll
0x000007fefe5d0000 - 0x000007fefe641000 	C:\Windows\system32\SHLWAPI.dll
0x000007fefe880000 - 0x000007fefe8ae000 	C:\Windows\system32\IMM32.DLL
0x000007feff120000 - 0x000007feff229000 	C:\Windows\system32\MSCTF.dll
0x0000000073a40000 - 0x0000000073b12000 	C:\Program Files\Java\jdk1.8.0_91\jre\bin\msvcr100.dll
0x000000006fd60000 - 0x00000000705f3000 	C:\Program Files\Java\jdk1.8.0_91\jre\bin\server\jvm.dll
0x000007fef57c0000 - 0x000007fef57c9000 	C:\Windows\system32\WSOCK32.dll
0x000007fefecd0000 - 0x000007fefed1d000 	C:\Windows\system32\WS2_32.dll
0x000007fefd610000 - 0x000007fefd618000 	C:\Windows\system32\NSI.dll
0x000007feface0000 - 0x000007fefad1b000 	C:\Windows\system32\WINMM.dll
0x000007fefbdd0000 - 0x000007fefbddc000 	C:\Windows\system32\VERSION.dll
0x0000000077510000 - 0x0000000077517000 	C:\Windows\system32\PSAPI.DLL
0x00000000749c0000 - 0x00000000749cf000 	C:\Program Files\Java\jdk1.8.0_91\jre\bin\verify.dll
0x00000000747d0000 - 0x00000000747f9000 	C:\Program Files\Java\jdk1.8.0_91\jre\bin\java.dll
0x0000000074980000 - 0x0000000074996000 	C:\Program Files\Java\jdk1.8.0_91\jre\bin\zip.dll
0x000007fefd700000 - 0x000007fefe488000 	C:\Windows\system32\SHELL32.dll
0x000007fefe650000 - 0x000007fefe853000 	C:\Windows\system32\ole32.dll
0x000007fefd070000 - 0x000007fefd07f000 	C:\Windows\system32\profapi.dll

VM Arguments:
jvm_args: -Djava.awt.headless=true -Xmx1024M -Dfile.encoding=windows-1256 -Duser.country=US -Duser.language=en -Duser.variant 
java_command: com.android.dx.command.Main --dex --force-jumbo --output E:\User\AndroidStudioProjects\Sunshine-Version-2\app\build\intermediates\pre-dexed\debug\com.android.support-appcompat-v7-21.0.3_c62c1a7b3c1d7c37f76f30a9af26db376fcf9047.jar E:\User\AndroidStudioProjects\Sunshine-Version-2\app\build\intermediates\exploded-aar\com.android.support\appcompat-v7\21.0.3\jars\classes.jar
java_class_path (initial): E:\User\AppData\Local\Android\sdk\build-tools\21.1.2\lib\dx.jar
Launcher Type: SUN_STANDARD

Environment Variables:
PATH=C:\oracle\product\10.2.0\db_2\bin;C:\oracle\product\10.2.0\db_1\bin;C:\ProgramData\Oracle\Java\javapath;C:\Windows\System32;C:\Windows\SysWOW64;C:\opencv248\build\x86\vc10\bin;C:\Python27;C:\Program Files (x86)\CodeBlocks\MinGW\bin;E:\programs\Matlab\R2013a\bin;C:\Program Files\IVI Foundation\VISA\Win64\Bin\;C:\Program Files (x86)\IVI Foundation\VISA\WinNT\Bin\;C:\Program Files (x86)\IVI Foundation\VISA\WinNT\Bin;C:\Program Files (x86)\Tesseract-OCR;E:\User\AppData\Local\Android\sdk\tools\lib;E:\Program Files\Git\cmd;E:\User\AppData\Local\Android\sdk\platform-tools;C:\Program Files\Canopy\User;C:\Program Files\Canopy\User\Scripts
USERNAME=user
OS=Windows_NT
PROCESSOR_IDENTIFIER=Intel64 Family 6 Model 58 Stepping 9, GenuineIntel



---------------  S Y S T E M  ---------------

OS: Windows 7 , 64 bit Build 7601 (6.1.7601.23572)

CPU:total 4 (2 cores per cpu, 2 threads per core) family 6 model 58 stepping 9, cmov, cx8, fxsr, mmx, sse, sse2, sse3, ssse3, sse4.1, sse4.2, popcnt, avx, aes, clmul, erms, ht, tsc, tscinvbit, tscinv

Memory: 4k page, physical 4094316k(123540k free), swap 5628456k(5136k free)

vm_info: Java HotSpot(TM) 64-Bit Server VM (25.91-b15) for windows-amd64 JRE (1.8.0_91-b15), built on May 20 2016 17:43:15 by "java_re" with MS VC++ 10.0 (VS2010)

time: Mon Jul 03 22:12:15 2017
elapsed time: 11 seconds (0d 0h 0m 11s)

