#
# There is insufficient memory for the Java Runtime Environment to continue.
# Native memory allocation (malloc) failed to allocate 32784 bytes for Chunk::new
# Possible reasons:
#   The system is out of physical RAM or swap space
#   In 32 bit mode, the process size limit was hit
# Possible solutions:
#   Reduce memory load on the system
#   Increase physical memory or swap space
#   Check if swap backing store is full
#   Use 64 bit Java on a 64 bit OS
#   Decrease Java heap size (-Xmx/-Xms)
#   Decrease number of Java threads
#   Decrease Java thread stack sizes (-Xss)
#   Set larger code cache with -XX:ReservedCodeCacheSize=
# This output file may be truncated or incomplete.
#
#  Out of Memory Error (allocation.cpp:390), pid=5644, tid=936
#
# JRE version: Java(TM) SE Runtime Environment (8.0_91-b15) (build 1.8.0_91-b15)
# Java VM: Java HotSpot(TM) 64-Bit Server VM (25.91-b15 mixed mode windows-amd64 compressed oops)
# Failed to write core dump. Minidumps are not enabled by default on client versions of Windows
#

---------------  T H R E A D  ---------------

Current thread (0x00000000561d0800):  JavaThread "C2 CompilerThread1" daemon [_thread_in_native, id=936, stack(0x0000000056ac0000,0x0000000056bc0000)]

Stack: [0x0000000056ac0000,0x0000000056bc0000]
[error occurred during error reporting (printing stack bounds), id 0xc0000005]

Native frames: (J=compiled Java code, j=interpreted, Vv=VM code, C=native code)


Current CompileTask:
C2:   4667 1425       4       com.android.dx.ssa.LocalVariableInfo::mergeStarts (59 bytes)


---------------  P R O C E S S  ---------------

Java Threads: ( => current thread )
  0x00000000561d5000 JavaThread "Service Thread" daemon [_thread_blocked, id=6136, stack(0x0000000056d80000,0x0000000056e80000)]
  0x00000000561d1800 JavaThread "C1 CompilerThread2" daemon [_thread_blocked, id=6516, stack(0x0000000056c50000,0x0000000056d50000)]
=>0x00000000561d0800 JavaThread "C2 CompilerThread1" daemon [_thread_in_native, id=936, stack(0x0000000056ac0000,0x0000000056bc0000)]
  0x0000000056172800 JavaThread "C2 CompilerThread0" daemon [_thread_in_native, id=6668, stack(0x00000000568e0000,0x00000000569e0000)]
  0x0000000054d3d000 JavaThread "Attach Listener" daemon [_thread_blocked, id=6188, stack(0x0000000055e00000,0x0000000055f00000)]
  0x0000000054d2f800 JavaThread "Signal Dispatcher" daemon [_thread_blocked, id=5236, stack(0x0000000056690000,0x0000000056790000)]
  0x0000000054d19800 JavaThread "Finalizer" daemon [_thread_blocked, id=6820, stack(0x0000000056070000,0x0000000056170000)]
  0x0000000054cd2800 JavaThread "Reference Handler" daemon [_thread_blocked, id=4564, stack(0x0000000055f30000,0x0000000056030000)]
  0x0000000001dd8000 JavaThread "main" [_thread_in_Java, id=5752, stack(0x0000000001eb0000,0x0000000001fb0000)]

Other Threads:
  0x0000000054cca800 VMThread [stack: 0x0000000055c90000,0x0000000055d90000] [id=2804]
  0x0000000056223800 WatcherThread [stack: 0x00000000567a0000,0x00000000568a0000] [id=2460]

VM state:not at safepoint (normal execution)

VM Mutex/Monitor currently owned by a thread: None

Heap:
 PSYoungGen      total 35328K, used 11935K [0x00000000eab00000, 0x00000000ed000000, 0x0000000100000000)
  eden space 32768K, 28% used [0x00000000eab00000,0x00000000eb42a200,0x00000000ecb00000)
  from space 2560K, 99% used [0x00000000ecd80000,0x00000000ecffdc88,0x00000000ed000000)
  to   space 2560K, 0% used [0x00000000ecb00000,0x00000000ecb00000,0x00000000ecd80000)
 ParOldGen       total 44032K, used 4112K [0x00000000c0000000, 0x00000000c2b00000, 0x00000000eab00000)
  object space 44032K, 9% used [0x00000000c0000000,0x00000000c0404008,0x00000000c2b00000)
 Metaspace       used 5869K, capacity 7024K, committed 7296K, reserved 1056768K
  class space    used 561K, capacity 616K, committed 640K, reserved 1048576K

Card table byte_map: [0x0000000011780000,0x0000000011990000] byte_map_base: 0x0000000011180000

Marking Bits: (ParMarkBitMap*) 0x000000006d642f70
 Begin Bits: [0x0000000012140000, 0x0000000013140000)
 End Bits:   [0x0000000013140000, 0x0000000014140000)

Polling page: 0x00000000000a0000

CodeCache: size=245760Kb used=6061Kb max_used=6078Kb free=239698Kb
 bounds [0x00000000023c0000, 0x00000000029c0000, 0x00000000113c0000]
 total_blobs=1688 nmethods=1425 adapters=176
 compilation: enabled

Compilation events (10 events):
Event: 4.658 Thread 0x00000000561d1800 1422       3       com.android.dx.cf.code.Frame::initializeWithParameters (49 bytes)
Event: 4.659 Thread 0x00000000561d1800 nmethod 1422 0x000000000297dc90 code [0x000000000297de40, 0x000000000297e548]
Event: 4.660 Thread 0x0000000056172800 1423       4       com.android.dx.rop.code.RegisterSpec::<init> (8 bytes)
Event: 4.660 Thread 0x00000000561d0800 1424       4       com.android.dx.rop.code.RegisterSpec::<init> (48 bytes)
Event: 4.661 Thread 0x00000000561d0800 nmethod 1424 0x00000000028e4190 code [0x00000000028e42c0, 0x00000000028e4378]
Event: 4.661 Thread 0x0000000056172800 nmethod 1423 0x000000000297d9d0 code [0x000000000297db00, 0x000000000297dbb8]
Event: 4.661 Thread 0x00000000561d0800 1425       4       com.android.dx.ssa.LocalVariableInfo::mergeStarts (59 bytes)
Event: 4.661 Thread 0x0000000056172800 1426       4       com.android.dx.ssa.SsaMethod::forEachBlockDepthFirst (194 bytes)
Event: 4.663 Thread 0x00000000561d1800 1431       3       com.android.dx.rop.code.Rops::opReturn (89 bytes)
Event: 4.664 Thread 0x00000000561d1800 nmethod 1431 0x00000000029b4090 code [0x00000000029b42c0, 0x00000000029b4e98]

GC Heap History (4 events):
Event: 1.765 GC heap before
{Heap before GC invocations=1 (full 0):
 PSYoungGen      total 18944K, used 16384K [0x00000000eab00000, 0x00000000ec000000, 0x0000000100000000)
  eden space 16384K, 100% used [0x00000000eab00000,0x00000000ebb00000,0x00000000ebb00000)
  from space 2560K, 0% used [0x00000000ebd80000,0x00000000ebd80000,0x00000000ec000000)
  to   space 2560K, 0% used [0x00000000ebb00000,0x00000000ebb00000,0x00000000ebd80000)
 ParOldGen       total 44032K, used 0K [0x00000000c0000000, 0x00000000c2b00000, 0x00000000eab00000)
  object space 44032K, 0% used [0x00000000c0000000,0x00000000c0000000,0x00000000c2b00000)
 Metaspace       used 5559K, capacity 6768K, committed 7040K, reserved 1056768K
  class space    used 557K, capacity 616K, committed 640K, reserved 1048576K
Event: 1.913 GC heap after
Heap after GC invocations=1 (full 0):
 PSYoungGen      total 18944K, used 2535K [0x00000000eab00000, 0x00000000ed000000, 0x0000000100000000)
  eden space 16384K, 0% used [0x00000000eab00000,0x00000000eab00000,0x00000000ebb00000)
  from space 2560K, 99% used [0x00000000ebb00000,0x00000000ebd79c88,0x00000000ebd80000)
  to   space 2560K, 0% used [0x00000000ecd80000,0x00000000ecd80000,0x00000000ed000000)
 ParOldGen       total 44032K, used 1661K [0x00000000c0000000, 0x00000000c2b00000, 0x00000000eab00000)
  object space 44032K, 3% used [0x00000000c0000000,0x00000000c019f590,0x00000000c2b00000)
 Metaspace       used 5559K, capacity 6768K, committed 7040K, reserved 1056768K
  class space    used 557K, capacity 616K, committed 640K, reserved 1048576K
}
Event: 2.701 GC heap before
{Heap before GC invocations=2 (full 0):
 PSYoungGen      total 18944K, used 18919K [0x00000000eab00000, 0x00000000ed000000, 0x0000000100000000)
  eden space 16384K, 100% used [0x00000000eab00000,0x00000000ebb00000,0x00000000ebb00000)
  from space 2560K, 99% used [0x00000000ebb00000,0x00000000ebd79c88,0x00000000ebd80000)
  to   space 2560K, 0% used [0x00000000ecd80000,0x00000000ecd80000,0x00000000ed000000)
 ParOldGen       total 44032K, used 1661K [0x00000000c0000000, 0x00000000c2b00000, 0x00000000eab00000)
  object space 44032K, 3% used [0x00000000c0000000,0x00000000c019f590,0x00000000c2b00000)
 Metaspace       used 5801K, capacity 6960K, committed 7040K, reserved 1056768K
  class space    used 560K, capacity 616K, committed 640K, reserved 1048576K
Event: 3.752 GC heap after
Heap after GC invocations=2 (full 0):
 PSYoungGen      total 35328K, used 2551K [0x00000000eab00000, 0x00000000ed000000, 0x0000000100000000)
  eden space 32768K, 0% used [0x00000000eab00000,0x00000000eab00000,0x00000000ecb00000)
  from space 2560K, 99% used [0x00000000ecd80000,0x00000000ecffdc88,0x00000000ed000000)
  to   space 2560K, 0% used [0x00000000ecb00000,0x00000000ecb00000,0x00000000ecd80000)
 ParOldGen       total 44032K, used 4112K [0x00000000c0000000, 0x00000000c2b00000, 0x00000000eab00000)
  object space 44032K, 9% used [0x00000000c0000000,0x00000000c0404008,0x00000000c2b00000)
 Metaspace       used 5801K, capacity 6960K, committed 7040K, reserved 1056768K
  class space    used 560K, capacity 616K, committed 640K, reserved 1048576K
}

Deoptimization events (10 events):
Event: 2.275 Thread 0x0000000001dd8000 Uncommon trap: reason=unstable_if action=reinterpret pc=0x0000000002797b6c method=com.android.dx.rop.code.LocalItem.hashCode()I @ 25
Event: 2.276 Thread 0x0000000001dd8000 Uncommon trap: reason=unstable_if action=reinterpret pc=0x00000000027a8854 method=com.android.dx.rop.code.LocalItem.hashCode()I @ 25
Event: 2.276 Thread 0x0000000001dd8000 Uncommon trap: reason=unstable_if action=reinterpret pc=0x000000000270305c method=com.android.dx.rop.code.LocalItem.hashCode()I @ 25
Event: 2.281 Thread 0x0000000001dd8000 Uncommon trap: reason=unstable_if action=reinterpret pc=0x0000000002779658 method=com.android.dx.rop.code.LocalItem.hashCode()I @ 25
Event: 2.468 Thread 0x0000000001dd8000 Uncommon trap: reason=unstable_if action=reinterpret pc=0x0000000002769d1c method=com.android.dx.rop.code.RegisterSpecSet.put(Lcom/android/dx/rop/code/RegisterSpec;)V @ 77
Event: 2.468 Thread 0x0000000001dd8000 Uncommon trap: reason=unstable_if action=reinterpret pc=0x000000000279dfd8 method=com.android.dx.rop.code.RegisterSpecSet.put(Lcom/android/dx/rop/code/RegisterSpec;)V @ 77
Event: 2.523 Thread 0x0000000001dd8000 Uncommon trap: reason=unstable_if action=reinterpret pc=0x00000000028783c0 method=com.android.dx.ssa.SsaRenamer$BlockRenamer.addMapping(ILcom/android/dx/rop/code/RegisterSpec;)V @ 120
Event: 2.622 Thread 0x0000000001dd8000 Uncommon trap: reason=unstable_if action=reinterpret pc=0x0000000002600abc method=com.android.dx.rop.code.RegisterSpec.equals(ILcom/android/dx/rop/type/TypeBearer;Lcom/android/dx/rop/code/LocalItem;)Z @ 16
Event: 2.624 Thread 0x0000000001dd8000 Uncommon trap: reason=unstable_if action=reinterpret pc=0x00000000028e7610 method=com.android.dx.util.IntList.sort()V @ 8
Event: 2.660 Thread 0x0000000001dd8000 Uncommon trap: reason=unstable_if action=reinterpret pc=0x00000000026eb904 method=com.android.dx.rop.cst.Constant.compareTo(Lcom/android/dx/rop/cst/Constant;)I @ 12

Internal exceptions (2 events):
Event: 0.058 Thread 0x0000000001dd8000 Exception <a 'java/lang/NoSuchMethodError': Method sun.misc.Unsafe.defineClass(Ljava/lang/String;[BII)Ljava/lang/Class; name or signature does not match> (0x00000000eab07cc0) thrown at [C:\re\workspace\8-2-build-windows-amd64-cygwin\jdk8u91\7017\hotspot\srå¶£`öÌ­?
Event: 0.058 Thread 0x0000000001dd8000 Exception <a 'java/lang/NoSuchMethodError': Method sun.misc.Unsafe.prefetchRead(Ljava/lang/Object;J)V name or signature does not match> (0x00000000eab07fa8) thrown at [C:\re\workspace\8-2-build-windows-amd64-cygwin\jdk8u91\7017\hotspot\src\share\vm\prims\j

Events (10 events):
Event: 2.660 Thread 0x0000000001dd8000 DEOPT PACKING pc=0x00000000026eb904 sp=0x0000000001fae620
Event: 2.660 Thread 0x0000000001dd8000 DEOPT UNPACKING pc=0x000000000240582a sp=0x0000000001fae5c0 mode 2
Event: 2.688 Executing VM operation: ForceSafepoint
Event: 2.689 Executing VM operation: ForceSafepoint done
Event: 2.701 Executing VM operation: ParallelGCFailedAllocation
Event: 3.752 Executing VM operation: ParallelGCFailedAllocation done
Event: 4.324 Executing VM operation: EnableBiasedLocking
Event: 4.658 Executing VM operation: EnableBiasedLocking done
Event: 4.659 loading class com/android/dx/rop/code/RegisterSpec$1
Event: 4.659 loading class com/android/dx/rop/code/RegisterSpec$1 done


Dynamic libraries:
0x000000013fb30000 - 0x000000013fb67000 	C:\Program Files\Java\jdk1.8.0_91\bin\java.exe
0x0000000077690000 - 0x000000007783a000 	C:\Windows\SYSTEM32\ntdll.dll
0x0000000077470000 - 0x000000007758f000 	C:\Windows\system32\kernel32.dll
0x000007fefd3e0000 - 0x000007fefd44a000 	C:\Windows\system32\KERNELBASE.dll
0x000007feff6d0000 - 0x000007feff7ab000 	C:\Windows\system32\ADVAPI32.dll
0x000007feff900000 - 0x000007feff99f000 	C:\Windows\system32\msvcrt.dll
0x000007feff340000 - 0x000007feff35f000 	C:\Windows\SYSTEM32\sechost.dll
0x000007fefec60000 - 0x000007fefed8d000 	C:\Windows\system32\RPCRT4.dll
0x0000000077590000 - 0x000000007768a000 	C:\Windows\system32\USER32.dll
0x000007fefed90000 - 0x000007fefedf7000 	C:\Windows\system32\GDI32.dll
0x000007fefd960000 - 0x000007fefd96e000 	C:\Windows\system32\LPK.dll
0x000007fefd890000 - 0x000007fefd95a000 	C:\Windows\system32\USP10.dll
0x000007fefc430000 - 0x000007fefc624000 	C:\Windows\WinSxS\amd64_microsoft.windows.common-controls_6595b64144ccf1df_6.0.7601.17514_none_fa396087175ac9ac\COMCTL32.dll
0x000007fefef80000 - 0x000007fefeff1000 	C:\Windows\system32\SHLWAPI.dll
0x000007fefe700000 - 0x000007fefe72e000 	C:\Windows\system32\IMM32.DLL
0x000007fefd780000 - 0x000007fefd889000 	C:\Windows\system32\MSCTF.dll
0x000000006e160000 - 0x000000006e232000 	C:\Program Files\Java\jdk1.8.0_91\jre\bin\msvcr100.dll
0x000000006ce30000 - 0x000000006d6c3000 	C:\Program Files\Java\jdk1.8.0_91\jre\bin\server\jvm.dll
0x000007fef0bc0000 - 0x000007fef0bc9000 	C:\Windows\system32\WSOCK32.dll
0x000007fefec10000 - 0x000007fefec5d000 	C:\Windows\system32\WS2_32.dll
0x000007feff7b0000 - 0x000007feff7b8000 	C:\Windows\system32\NSI.dll
0x000007fefb350000 - 0x000007fefb38b000 	C:\Windows\system32\WINMM.dll
0x000007fefc0f0000 - 0x000007fefc0fc000 	C:\Windows\system32\VERSION.dll
0x0000000077850000 - 0x0000000077857000 	C:\Windows\system32\PSAPI.DLL
0x0000000074a90000 - 0x0000000074a9f000 	C:\Program Files\Java\jdk1.8.0_91\jre\bin\verify.dll
0x0000000073df0000 - 0x0000000073e19000 	C:\Program Files\Java\jdk1.8.0_91\jre\bin\java.dll
0x0000000073dd0000 - 0x0000000073de6000 	C:\Program Files\Java\jdk1.8.0_91\jre\bin\zip.dll
0x000007fefd970000 - 0x000007fefe6f8000 	C:\Windows\system32\SHELL32.dll
0x000007fefea00000 - 0x000007fefec03000 	C:\Windows\system32\ole32.dll
0x000007fefd3d0000 - 0x000007fefd3df000 	C:\Windows\system32\profapi.dll

VM Arguments:
jvm_args: -Djava.awt.headless=true -Xmx1024M -Dfile.encoding=windows-1256 -Duser.country=US -Duser.language=en -Duser.variant 
java_command: com.android.dx.command.Main --dex --force-jumbo --output E:\User\AndroidStudioProjects\Sunshine-Version-2\app\build\intermediates\pre-dexed\debug\internal_impl-21.0.3_b7ef93a3d117c3c33ccb191ab9191289961179ae.jar E:\User\AndroidStudioProjects\Sunshine-Version-2\app\build\intermediates\exploded-aar\com.android.support\support-v4\21.0.3\jars\libs\internal_impl-21.0.3.jar
java_class_path (initial): E:\User\AppData\Local\Android\sdk\build-tools\21.1.2\lib\dx.jar
Launcher Type: SUN_STANDARD

Environment Variables:
PATH=C:\oracle\product\10.2.0\db_2\bin;C:\oracle\product\10.2.0\db_1\bin;C:\ProgramData\Oracle\Java\javapath;C:\Windows\System32;C:\Windows\SysWOW64;C:\opencv248\build\x86\vc10\bin;C:\Python27;C:\Program Files (x86)\CodeBlocks\MinGW\bin;E:\programs\Matlab\R2013a\bin;C:\Program Files\IVI Foundation\VISA\Win64\Bin\;C:\Program Files (x86)\IVI Foundation\VISA\WinNT\Bin\;C:\Program Files (x86)\IVI Foundation\VISA\WinNT\Bin;C:\Program Files (x86)\Tesseract-OCR;E:\User\AppData\Local\Android\sdk\tools\lib;E:\Program Files\Git\cmd;E:\User\AppData\Local\Android\sdk\platform-tools;C:\Program Files\Canopy\User;C:\Program Files\Canopy\User\Scripts
USERNAME=user
OS=Windows_NT
PROCESSOR_IDENTIFIER=Intel64 Family 6 Model 58 Stepping 9, GenuineIntel



---------------  S Y S T E M  ---------------

OS: Windows 7 , 64 bit Build 7601 (6.1.7601.23572)

CPU:total 4 (2 cores per cpu, 2 threads per core) family 6 model 58 stepping 9, cmov, cx8, fxsr, mmx, sse, sse2, sse3, ssse3, sse4.1, sse4.2, popcnt, avx, aes, clmul, erms, ht, tsc, tscinvbit, tscinv

Memory: 4k page, physical 4094316k(140156k free), swap 5628456k(4900k free)

vm_info: Java HotSpot(TM) 64-Bit Server VM (25.91-b15) for windows-amd64 JRE (1.8.0_91-b15), built on May 20 2016 17:43:15 by "java_re" with MS VC++ 10.0 (VS2010)

time: Sat Jun 17 22:34:00 2017
elapsed time: 4 seconds (0d 0h 0m 4s)

