#
# There is insufficient memory for the Java Runtime Environment to continue.
# Native memory allocation (malloc) failed to allocate 406176 bytes for Chunk::new
# Possible reasons:
#   The system is out of physical RAM or swap space
#   In 32 bit mode, the process size limit was hit
# Possible solutions:
#   Reduce memory load on the system
#   Increase physical memory or swap space
#   Check if swap backing store is full
#   Use 64 bit Java on a 64 bit OS
#   Decrease Java heap size (-Xmx/-Xms)
#   Decrease number of Java threads
#   Decrease Java thread stack sizes (-Xss)
#   Set larger code cache with -XX:ReservedCodeCacheSize=
# This output file may be truncated or incomplete.
#
#  Out of Memory Error (allocation.cpp:390), pid=11336, tid=9996
#
# JRE version: Java(TM) SE Runtime Environment (8.0_91-b15) (build 1.8.0_91-b15)
# Java VM: Java HotSpot(TM) 64-Bit Server VM (25.91-b15 mixed mode windows-amd64 compressed oops)
# Failed to write core dump. Minidumps are not enabled by default on client versions of Windows
#

---------------  T H R E A D  ---------------

Current thread (0x0000000056026800):  JavaThread "C2 CompilerThread1" daemon [_thread_in_native, id=9996, stack(0x0000000056800000,0x0000000056900000)]

Stack: [0x0000000056800000,0x0000000056900000]
[error occurred during error reporting (printing stack bounds), id 0xc0000005]

Native frames: (J=compiled Java code, j=interpreted, Vv=VM code, C=native code)


Current CompileTask:
C2:   3450 1239       4       com.android.dx.ssa.SsaMethod::forEachInsn (36 bytes)


---------------  P R O C E S S  ---------------

Java Threads: ( => current thread )
  0x00000000560a6800 JavaThread "Service Thread" daemon [_thread_blocked, id=11896, stack(0x0000000056910000,0x0000000056a10000)]
  0x0000000056027800 JavaThread "C1 CompilerThread2" daemon [_thread_blocked, id=4772, stack(0x0000000056a60000,0x0000000056b60000)]
=>0x0000000056026800 JavaThread "C2 CompilerThread1" daemon [_thread_in_native, id=9996, stack(0x0000000056800000,0x0000000056900000)]
  0x0000000056024800 JavaThread "C2 CompilerThread0" daemon [_thread_blocked, id=12084, stack(0x00000000566e0000,0x00000000567e0000)]
  0x0000000054a8e000 JavaThread "Attach Listener" daemon [_thread_blocked, id=4324, stack(0x0000000056440000,0x0000000056540000)]
  0x0000000054a9f000 JavaThread "Signal Dispatcher" daemon [_thread_blocked, id=9980, stack(0x00000000565c0000,0x00000000566c0000)]
  0x0000000054a79800 JavaThread "Finalizer" daemon [_thread_blocked, id=6012, stack(0x0000000055f20000,0x0000000056020000)]
  0x0000000054a32000 JavaThread "Reference Handler" daemon [_thread_blocked, id=12548, stack(0x0000000055d20000,0x0000000055e20000)]
  0x0000000001d38000 JavaThread "main" [_thread_in_vm, id=12804, stack(0x0000000002030000,0x0000000002130000)]

Other Threads:
  0x0000000054a2a800 VMThread [stack: 0x0000000055bc0000,0x0000000055cc0000] [id=9296]
  0x00000000560ea000 WatcherThread [stack: 0x0000000056c90000,0x0000000056d90000] [id=8740]

VM state:not at safepoint (normal execution)

VM Mutex/Monitor currently owned by a thread: None

Heap:
 PSYoungGen      total 18944K, used 12212K [0x00000000eab00000, 0x00000000ed000000, 0x0000000100000000)
  eden space 16384K, 58% used [0x00000000eab00000,0x00000000eb46f430,0x00000000ebb00000)
  from space 2560K, 99% used [0x00000000ebb00000,0x00000000ebd7dc98,0x00000000ebd80000)
  to   space 2560K, 0% used [0x00000000ecd80000,0x00000000ecd80000,0x00000000ed000000)
 ParOldGen       total 44032K, used 1627K [0x00000000c0000000, 0x00000000c2b00000, 0x00000000eab00000)
  object space 44032K, 3% used [0x00000000c0000000,0x00000000c0196df8,0x00000000c2b00000)
 Metaspace       used 5735K, capacity 6896K, committed 7040K, reserved 1056768K
  class space    used 559K, capacity 616K, committed 640K, reserved 1048576K

Card table byte_map: [0x00000000117c0000,0x00000000119d0000] byte_map_base: 0x00000000111c0000

Marking Bits: (ParMarkBitMap*) 0x000000006fa92f70
 Begin Bits: [0x0000000011ea0000, 0x0000000012ea0000)
 End Bits:   [0x0000000012ea0000, 0x0000000013ea0000)

Polling page: 0x0000000001c40000

CodeCache: size=245760Kb used=5096Kb max_used=5101Kb free=240663Kb
 bounds [0x0000000002400000, 0x0000000002900000, 0x0000000011400000]
 total_blobs=1516 nmethods=1250 adapters=176
 compilation: disabled (not enough contiguous free space left)

Compilation events (10 events):
Event: 3.407 Thread 0x0000000056027800 nmethod 1253 0x00000000028fa410 code [0x00000000028fa5c0, 0x00000000028fac78]
Event: 3.407 Thread 0x0000000056027800 1254       3       com.android.dx.dex.file.ClassDataItem::addDirectMethod (24 bytes)
Event: 3.407 Thread 0x0000000056027800 nmethod 1254 0x00000000028fb050 code [0x00000000028fb200, 0x00000000028fb878]
Event: 3.408 Thread 0x0000000056027800 1255       3       com.android.dx.cf.code.RopperMachine::updateReturnOp (115 bytes)
Event: 3.409 Thread 0x0000000056027800 nmethod 1255 0x00000000028fbc10 code [0x00000000028fbea0, 0x00000000028fd0b8]
Event: 3.411 Thread 0x0000000056026800 

Event: 3.411 Thread 0x0000000056026800 1239       4       com.android.dx.ssa.SsaMethod::forEachInsn (36 bytes)
Event: 3.422 Thread 0x0000000056027800 1256       3       com.android.dx.ssa.DomFront::buildDomTree (72 bytes)
Event: 3.423 Thread 0x0000000056024800 

Event: 3.425 Thread 0x0000000056027800 


GC Heap History (2 events):
Event: 2.786 GC heap before
{Heap before GC invocations=1 (full 0):
 PSYoungGen      total 18944K, used 16384K [0x00000000eab00000, 0x00000000ec000000, 0x0000000100000000)
  eden space 16384K, 100% used [0x00000000eab00000,0x00000000ebb00000,0x00000000ebb00000)
  from space 2560K, 0% used [0x00000000ebd80000,0x00000000ebd80000,0x00000000ec000000)
  to   space 2560K, 0% used [0x00000000ebb00000,0x00000000ebb00000,0x00000000ebd80000)
 ParOldGen       total 44032K, used 0K [0x00000000c0000000, 0x00000000c2b00000, 0x00000000eab00000)
  object space 44032K, 0% used [0x00000000c0000000,0x00000000c0000000,0x00000000c2b00000)
 Metaspace       used 5598K, capacity 6832K, committed 7040K, reserved 1056768K
  class space    used 557K, capacity 616K, committed 640K, reserved 1048576K
Event: 2.992 GC heap after
Heap after GC invocations=1 (full 0):
 PSYoungGen      total 18944K, used 2551K [0x00000000eab00000, 0x00000000ed000000, 0x0000000100000000)
  eden space 16384K, 0% used [0x00000000eab00000,0x00000000eab00000,0x00000000ebb00000)
  from space 2560K, 99% used [0x00000000ebb00000,0x00000000ebd7dc98,0x00000000ebd80000)
  to   space 2560K, 0% used [0x00000000ecd80000,0x00000000ecd80000,0x00000000ed000000)
 ParOldGen       total 44032K, used 1627K [0x00000000c0000000, 0x00000000c2b00000, 0x00000000eab00000)
  object space 44032K, 3% used [0x00000000c0000000,0x00000000c0196df8,0x00000000c2b00000)
 Metaspace       used 5598K, capacity 6832K, committed 7040K, reserved 1056768K
  class space    used 557K, capacity 616K, committed 640K, reserved 1048576K
}

Deoptimization events (10 events):
Event: 2.362 Thread 0x0000000001d38000 Uncommon trap: reason=unstable_if action=reinterpret pc=0x000000000260f7e0 method=java.util.BitSet.nextSetBit(I)I @ 87
Event: 2.512 Thread 0x0000000001d38000 Uncommon trap: reason=unstable_if action=reinterpret pc=0x00000000026a4558 method=java.lang.String.<init>([CII)V @ 18
Event: 2.585 Thread 0x0000000001d38000 Uncommon trap: reason=class_check action=maybe_recompile pc=0x00000000026b0890 method=com.android.dx.rop.type.Type.equals(Ljava/lang/Object;)Z @ 8
Event: 2.585 Thread 0x0000000001d38000 Uncommon trap: reason=class_check action=maybe_recompile pc=0x00000000026b0890 method=com.android.dx.rop.type.Type.equals(Ljava/lang/Object;)Z @ 8
Event: 2.587 Thread 0x0000000001d38000 Uncommon trap: reason=unstable_if action=reinterpret pc=0x000000000269e164 method=java.util.BitSet.ensureCapacity(I)V @ 6
Event: 3.020 Thread 0x0000000001d38000 Uncommon trap: reason=unstable_if action=reinterpret pc=0x0000000002770ca8 method=com.android.dx.rop.code.LocalItem.hashCode()I @ 25
Event: 3.020 Thread 0x0000000001d38000 Uncommon trap: reason=unstable_if action=reinterpret pc=0x000000000274b85c method=com.android.dx.rop.code.LocalItem.hashCode()I @ 25
Event: 3.281 Thread 0x0000000001d38000 Uncommon trap: reason=unstable_if action=reinterpret pc=0x00000000027c185c method=com.android.dx.rop.code.RegisterSpecSet.put(Lcom/android/dx/rop/code/RegisterSpec;)V @ 77
Event: 3.281 Thread 0x0000000001d38000 Uncommon trap: reason=unstable_if action=reinterpret pc=0x000000000287b0d8 method=com.android.dx.rop.code.RegisterSpecSet.put(Lcom/android/dx/rop/code/RegisterSpec;)V @ 77
Event: 3.369 Thread 0x0000000001d38000 Uncommon trap: reason=unstable_if action=reinterpret pc=0x00000000027e94c0 method=com.android.dx.ssa.SsaRenamer$BlockRenamer.addMapping(ILcom/android/dx/rop/code/RegisterSpec;)V @ 120

Internal exceptions (2 events):
Event: 0.053 Thread 0x0000000001d38000 Exception <a 'java/lang/NoSuchMethodError': Method sun.misc.Unsafe.defineClass(Ljava/lang/String;[BII)Ljava/lang/Class; name or signature does not match> (0x00000000eab07cc0) thrown at [C:\re\workspace\8-2-build-windows-amd64-cygwin\jdk8u91\7017\hotspot\srsº³«?
Event: 0.053 Thread 0x0000000001d38000 Exception <a 'java/lang/NoSuchMethodError': Method sun.misc.Unsafe.prefetchRead(Ljava/lang/Object;J)V name or signature does not match> (0x00000000eab07fa8) thrown at [C:\re\workspace\8-2-build-windows-amd64-cygwin\jdk8u91\7017\hotspot\src\share\vm\prims\j

Events (10 events):
Event: 3.281 Thread 0x0000000001d38000 DEOPT PACKING pc=0x00000000027c185c sp=0x000000000212ec00
Event: 3.281 Thread 0x0000000001d38000 DEOPT UNPACKING pc=0x000000000244582a sp=0x000000000212eb88 mode 2
Event: 3.281 Thread 0x0000000001d38000 Uncommon trap: trap_request=0xffffff65 fr.pc=0x000000000287b0d8
Event: 3.281 Thread 0x0000000001d38000 DEOPT PACKING pc=0x000000000287b0d8 sp=0x000000000212ebf0
Event: 3.281 Thread 0x0000000001d38000 DEOPT UNPACKING pc=0x000000000244582a sp=0x000000000212eb10 mode 2
Event: 3.369 Thread 0x0000000001d38000 Uncommon trap: trap_request=0xffffff65 fr.pc=0x00000000027e94c0
Event: 3.369 Thread 0x0000000001d38000 DEOPT PACKING pc=0x00000000027e94c0 sp=0x000000000212e9b0
Event: 3.369 Thread 0x0000000001d38000 DEOPT UNPACKING pc=0x000000000244582a sp=0x000000000212e940 mode 2
Event: 3.370 loading class java/util/DualPivotQuicksort
Event: 3.370 loading class java/util/DualPivotQuicksort done


Dynamic libraries:
0x000000013f410000 - 0x000000013f447000 	C:\Program Files\Java\jdk1.8.0_91\bin\java.exe
0x0000000077610000 - 0x00000000777ba000 	C:\Windows\SYSTEM32\ntdll.dll
0x00000000773f0000 - 0x000000007750f000 	C:\Windows\system32\kernel32.dll
0x000007fefd360000 - 0x000007fefd3ca000 	C:\Windows\system32\KERNELBASE.dll
0x000007fefebc0000 - 0x000007fefec9b000 	C:\Windows\system32\ADVAPI32.dll
0x000007feff510000 - 0x000007feff5af000 	C:\Windows\system32\msvcrt.dll
0x000007fefeba0000 - 0x000007fefebbf000 	C:\Windows\SYSTEM32\sechost.dll
0x000007fefdb70000 - 0x000007fefdc9d000 	C:\Windows\system32\RPCRT4.dll
0x0000000077510000 - 0x000000007760a000 	C:\Windows\system32\USER32.dll
0x000007feff7e0000 - 0x000007feff847000 	C:\Windows\system32\GDI32.dll
0x000007feff7d0000 - 0x000007feff7de000 	C:\Windows\system32\LPK.dll
0x000007feff850000 - 0x000007feff91a000 	C:\Windows\system32\USP10.dll
0x000007fefc400000 - 0x000007fefc5f4000 	C:\Windows\WinSxS\amd64_microsoft.windows.common-controls_6595b64144ccf1df_6.0.7601.17514_none_fa396087175ac9ac\COMCTL32.dll
0x000007fefda30000 - 0x000007fefdaa1000 	C:\Windows\system32\SHLWAPI.dll
0x000007feff610000 - 0x000007feff63e000 	C:\Windows\system32\IMM32.DLL
0x000007feff400000 - 0x000007feff509000 	C:\Windows\system32\MSCTF.dll
0x0000000074ab0000 - 0x0000000074b82000 	C:\Program Files\Java\jdk1.8.0_91\jre\bin\msvcr100.dll
0x000000006f280000 - 0x000000006fb13000 	C:\Program Files\Java\jdk1.8.0_91\jre\bin\server\jvm.dll
0x000007fef2c30000 - 0x000007fef2c39000 	C:\Windows\system32\WSOCK32.dll
0x000007fefd700000 - 0x000007fefd74d000 	C:\Windows\system32\WS2_32.dll
0x000007fefdd80000 - 0x000007fefdd88000 	C:\Windows\system32\NSI.dll
0x000007fefb1f0000 - 0x000007fefb22b000 	C:\Windows\system32\WINMM.dll
0x000007fefc0a0000 - 0x000007fefc0ac000 	C:\Windows\system32\VERSION.dll
0x00000000777e0000 - 0x00000000777e7000 	C:\Windows\system32\PSAPI.DLL
0x0000000074ed0000 - 0x0000000074edf000 	C:\Program Files\Java\jdk1.8.0_91\jre\bin\verify.dll
0x0000000074da0000 - 0x0000000074dc9000 	C:\Program Files\Java\jdk1.8.0_91\jre\bin\java.dll
0x0000000074de0000 - 0x0000000074df6000 	C:\Program Files\Java\jdk1.8.0_91\jre\bin\zip.dll
0x000007fefdd90000 - 0x000007fefeb18000 	C:\Windows\system32\SHELL32.dll
0x000007feff010000 - 0x000007feff213000 	C:\Windows\system32\ole32.dll
0x000007fefd340000 - 0x000007fefd34f000 	C:\Windows\system32\profapi.dll

VM Arguments:
jvm_args: -Djava.awt.headless=true -Xmx1024M -Dfile.encoding=windows-1256 -Duser.country=US -Duser.language=en -Duser.variant 
java_command: com.android.dx.command.Main --dex --force-jumbo --output E:\User\AndroidStudioProjects\Sunshine-Version-2\app\build\intermediates\pre-dexed\debug\internal_impl-21.0.3_b7ef93a3d117c3c33ccb191ab9191289961179ae.jar E:\User\AndroidStudioProjects\Sunshine-Version-2\app\build\intermediates\exploded-aar\com.android.support\support-v4\21.0.3\jars\libs\internal_impl-21.0.3.jar
java_class_path (initial): E:\User\AppData\Local\Android\sdk\build-tools\21.1.2\lib\dx.jar
Launcher Type: SUN_STANDARD

Environment Variables:
PATH=C:\oracle\product\10.2.0\db_2\bin;C:\oracle\product\10.2.0\db_1\bin;C:\ProgramData\Oracle\Java\javapath;C:\Windows\System32;C:\Windows\SysWOW64;C:\opencv248\build\x86\vc10\bin;C:\Python27;C:\Program Files (x86)\CodeBlocks\MinGW\bin;E:\programs\Matlab\R2013a\bin;C:\Program Files\IVI Foundation\VISA\Win64\Bin\;C:\Program Files (x86)\IVI Foundation\VISA\WinNT\Bin\;C:\Program Files (x86)\IVI Foundation\VISA\WinNT\Bin;C:\Program Files (x86)\Tesseract-OCR;E:\User\AppData\Local\Android\sdk\tools\lib;E:\Program Files\Git\cmd;E:\User\AppData\Local\Android\sdk\platform-tools;C:\Program Files\Canopy\User;C:\Program Files\Canopy\User\Scripts
USERNAME=user
OS=Windows_NT
PROCESSOR_IDENTIFIER=Intel64 Family 6 Model 58 Stepping 9, GenuineIntel



---------------  S Y S T E M  ---------------

OS: Windows 7 , 64 bit Build 7601 (6.1.7601.23572)

CPU:total 4 (2 cores per cpu, 2 threads per core) family 6 model 58 stepping 9, cmov, cx8, fxsr, mmx, sse, sse2, sse3, ssse3, sse4.1, sse4.2, popcnt, avx, aes, clmul, erms, ht, tsc, tscinvbit, tscinv

Memory: 4k page, physical 4094316k(388372k free), swap 5197556k(5312k free)

vm_info: Java HotSpot(TM) 64-Bit Server VM (25.91-b15) for windows-amd64 JRE (1.8.0_91-b15), built on May 20 2016 17:43:15 by "java_re" with MS VC++ 10.0 (VS2010)

time: Thu Jun 22 01:25:07 2017
elapsed time: 3 seconds (0d 0h 0m 3s)

