#
# There is insufficient memory for the Java Runtime Environment to continue.
# Native memory allocation (malloc) failed to allocate 32744 bytes for ChunkPool::allocate
# Possible reasons:
#   The system is out of physical RAM or swap space
#   In 32 bit mode, the process size limit was hit
# Possible solutions:
#   Reduce memory load on the system
#   Increase physical memory or swap space
#   Check if swap backing store is full
#   Use 64 bit Java on a 64 bit OS
#   Decrease Java heap size (-Xmx/-Xms)
#   Decrease number of Java threads
#   Decrease Java thread stack sizes (-Xss)
#   Set larger code cache with -XX:ReservedCodeCacheSize=
# This output file may be truncated or incomplete.
#
#  Out of Memory Error (allocation.cpp:273), pid=40728, tid=40884
#
# JRE version: Java(TM) SE Runtime Environment (8.0_91-b15) (build 1.8.0_91-b15)
# Java VM: Java HotSpot(TM) 64-Bit Server VM (25.91-b15 mixed mode windows-amd64 compressed oops)
# Failed to write core dump. Minidumps are not enabled by default on client versions of Windows
#

---------------  T H R E A D  ---------------

Current thread (0x0000000056004800):  JavaThread "C2 CompilerThread0" daemon [_thread_in_native, id=40884, stack(0x0000000056670000,0x0000000056770000)]

Stack: [0x0000000056670000,0x0000000056770000]
[error occurred during error reporting (printing stack bounds), id 0xc0000005]

Native frames: (J=compiled Java code, j=interpreted, Vv=VM code, C=native code)


Current CompileTask:
C2:   3617 1250   !   4       com.android.dx.cf.code.Ropper::processBlock (1101 bytes)


---------------  P R O C E S S  ---------------

Java Threads: ( => current thread )
  0x0000000056069800 JavaThread "Service Thread" daemon [_thread_blocked, id=37980, stack(0x00000000568f0000,0x00000000569f0000)]
  0x0000000056064000 JavaThread "C1 CompilerThread2" daemon [_thread_in_native, id=40608, stack(0x0000000056a20000,0x0000000056b20000)]
  0x000000005600a000 JavaThread "C2 CompilerThread1" daemon [_thread_in_native, id=37824, stack(0x0000000056780000,0x0000000056880000)]
=>0x0000000056004800 JavaThread "C2 CompilerThread0" daemon [_thread_in_native, id=40884, stack(0x0000000056670000,0x0000000056770000)]
  0x0000000054cb8000 JavaThread "Attach Listener" daemon [_thread_blocked, id=40636, stack(0x0000000056460000,0x0000000056560000)]
  0x0000000054ccf000 JavaThread "Signal Dispatcher" daemon [_thread_blocked, id=36332, stack(0x0000000055e00000,0x0000000055f00000)]
  0x0000000054ca3800 JavaThread "Finalizer" daemon [_thread_blocked, id=40216, stack(0x0000000055f00000,0x0000000056000000)]
  0x0000000054c62000 JavaThread "Reference Handler" daemon [_thread_blocked, id=40044, stack(0x0000000055c30000,0x0000000055d30000)]
  0x0000000001ce8000 JavaThread "main" [_thread_in_Java, id=40544, stack(0x0000000002100000,0x0000000002200000)]

Other Threads:
  0x0000000054c5a800 VMThread [stack: 0x0000000055aa0000,0x0000000055ba0000] [id=39636]
  0x00000000560c2000 WatcherThread [stack: 0x0000000056cc0000,0x0000000056dc0000] [id=40192]

VM state:not at safepoint (normal execution)

VM Mutex/Monitor currently owned by a thread: None

Heap:
 PSYoungGen      total 35328K, used 29629K [0x00000000eab00000, 0x00000000ed000000, 0x0000000100000000)
  eden space 32768K, 82% used [0x00000000eab00000,0x00000000ec573278,0x00000000ecb00000)
  from space 2560K, 99% used [0x00000000ecd80000,0x00000000ecffc390,0x00000000ed000000)
  to   space 2560K, 0% used [0x00000000ecb00000,0x00000000ecb00000,0x00000000ecd80000)
 ParOldGen       total 44032K, used 5186K [0x00000000c0000000, 0x00000000c2b00000, 0x00000000eab00000)
  object space 44032K, 11% used [0x00000000c0000000,0x00000000c0510b48,0x00000000c2b00000)
 Metaspace       used 5573K, capacity 6896K, committed 7040K, reserved 1056768K
  class space    used 550K, capacity 616K, committed 640K, reserved 1048576K

Card table byte_map: [0x0000000011890000,0x0000000011aa0000] byte_map_base: 0x0000000011290000

Marking Bits: (ParMarkBitMap*) 0x0000000070a22f70
 Begin Bits: [0x00000000120d0000, 0x00000000130d0000)
 End Bits:   [0x00000000130d0000, 0x00000000140d0000)

Polling page: 0x0000000000320000

CodeCache: size=245760Kb used=5344Kb max_used=5344Kb free=240415Kb
 bounds [0x00000000024d0000, 0x0000000002a10000, 0x00000000114d0000]
 total_blobs=1528 nmethods=1270 adapters=171
 compilation: enabled

Compilation events (10 events):
Event: 3.463 Thread 0x0000000056064000 1288       3       com.android.dx.ssa.back.IdenticalBlockCombiner::process (323 bytes)
Event: 3.466 Thread 0x0000000056064000 nmethod 1288 0x0000000002a04bd0 code [0x0000000002a04f60, 0x0000000002a07378]
Event: 3.485 Thread 0x0000000056064000 1289       2       java.util.DualPivotQuicksort::sort (1195 bytes)
Event: 3.488 Thread 0x0000000056064000 nmethod 1289 0x0000000002a08590 code [0x0000000002a08880, 0x0000000002a09d68]
Event: 3.502 Thread 0x0000000056064000 1290       2       java.util.TreeMap::rotateRight (96 bytes)
Event: 3.502 Thread 0x0000000056064000 nmethod 1290 0x0000000002a0bf90 code [0x0000000002a0c0e0, 0x0000000002a0c350]
Event: 3.528 Thread 0x0000000056064000 1291       2       com.android.dx.cf.code.ExecutionStack::makeInitialized (51 bytes)
Event: 3.529 Thread 0x0000000056064000 nmethod 1291 0x0000000002a0c450 code [0x0000000002a0c5e0, 0x0000000002a0c958]
Event: 3.533 Thread 0x0000000056064000 1293       2       com.android.dx.rop.code.RegisterSpec::withSimpleType (59 bytes)
Event: 3.533 Thread 0x0000000056064000 nmethod 1293 0x0000000002a0cc10 code [0x0000000002a0cda0, 0x0000000002a0d048]

GC Heap History (4 events):
Event: 2.334 GC heap before
{Heap before GC invocations=1 (full 0):
 PSYoungGen      total 18944K, used 16384K [0x00000000eab00000, 0x00000000ec000000, 0x0000000100000000)
  eden space 16384K, 100% used [0x00000000eab00000,0x00000000ebb00000,0x00000000ebb00000)
  from space 2560K, 0% used [0x00000000ebd80000,0x00000000ebd80000,0x00000000ec000000)
  to   space 2560K, 0% used [0x00000000ebb00000,0x00000000ebb00000,0x00000000ebd80000)
 ParOldGen       total 44032K, used 0K [0x00000000c0000000, 0x00000000c2b00000, 0x00000000eab00000)
  object space 44032K, 0% used [0x00000000c0000000,0x00000000c0000000,0x00000000c2b00000)
 Metaspace       used 5448K, capacity 6768K, committed 7040K, reserved 1056768K
  class space    used 540K, capacity 616K, committed 640K, reserved 1048576K
Event: 2.624 GC heap after
Heap after GC invocations=1 (full 0):
 PSYoungGen      total 18944K, used 2544K [0x00000000eab00000, 0x00000000ed000000, 0x0000000100000000)
  eden space 16384K, 0% used [0x00000000eab00000,0x00000000eab00000,0x00000000ebb00000)
  from space 2560K, 99% used [0x00000000ebb00000,0x00000000ebd7c010,0x00000000ebd80000)
  to   space 2560K, 0% used [0x00000000ecd80000,0x00000000ecd80000,0x00000000ed000000)
 ParOldGen       total 44032K, used 1687K [0x00000000c0000000, 0x00000000c2b00000, 0x00000000eab00000)
  object space 44032K, 3% used [0x00000000c0000000,0x00000000c01a5d40,0x00000000c2b00000)
 Metaspace       used 5448K, capacity 6768K, committed 7040K, reserved 1056768K
  class space    used 540K, capacity 616K, committed 640K, reserved 1048576K
}
Event: 3.221 GC heap before
{Heap before GC invocations=2 (full 0):
 PSYoungGen      total 18944K, used 18928K [0x00000000eab00000, 0x00000000ed000000, 0x0000000100000000)
  eden space 16384K, 100% used [0x00000000eab00000,0x00000000ebb00000,0x00000000ebb00000)
  from space 2560K, 99% used [0x00000000ebb00000,0x00000000ebd7c010,0x00000000ebd80000)
  to   space 2560K, 0% used [0x00000000ecd80000,0x00000000ecd80000,0x00000000ed000000)
 ParOldGen       total 44032K, used 1687K [0x00000000c0000000, 0x00000000c2b00000, 0x00000000eab00000)
  object space 44032K, 3% used [0x00000000c0000000,0x00000000c01a5d40,0x00000000c2b00000)
 Metaspace       used 5551K, capacity 6832K, committed 7040K, reserved 1056768K
  class space    used 548K, capacity 616K, committed 640K, reserved 1048576K
Event: 3.256 GC heap after
Heap after GC invocations=2 (full 0):
 PSYoungGen      total 35328K, used 2544K [0x00000000eab00000, 0x00000000ed000000, 0x0000000100000000)
  eden space 32768K, 0% used [0x00000000eab00000,0x00000000eab00000,0x00000000ecb00000)
  from space 2560K, 99% used [0x00000000ecd80000,0x00000000ecffc390,0x00000000ed000000)
  to   space 2560K, 0% used [0x00000000ecb00000,0x00000000ecb00000,0x00000000ecd80000)
 ParOldGen       total 44032K, used 5186K [0x00000000c0000000, 0x00000000c2b00000, 0x00000000eab00000)
  object space 44032K, 11% used [0x00000000c0000000,0x00000000c0510b48,0x00000000c2b00000)
 Metaspace       used 5551K, capacity 6832K, committed 7040K, reserved 1056768K
  class space    used 548K, capacity 616K, committed 640K, reserved 1048576K
}

Deoptimization events (10 events):
Event: 3.033 Thread 0x0000000001ce8000 Uncommon trap: reason=unstable_if action=reinterpret pc=0x0000000002916d90 method=com.android.dx.util.IntList.binarysearch(I)I @ 26
Event: 3.049 Thread 0x0000000001ce8000 Uncommon trap: reason=bimorphic action=maybe_recompile pc=0x000000000293194c method=java.util.HashMap.getNode(ILjava/lang/Object;)Ljava/util/HashMap$Node; @ 126
Event: 3.071 Thread 0x0000000001ce8000 Uncommon trap: reason=class_check action=maybe_recompile pc=0x0000000002865360 method=com.android.dx.rop.type.Type.equals(Ljava/lang/Object;)Z @ 8
Event: 3.071 Thread 0x0000000001ce8000 Uncommon trap: reason=class_check action=maybe_recompile pc=0x0000000002865360 method=com.android.dx.rop.type.Type.equals(Ljava/lang/Object;)Z @ 8
Event: 3.071 Thread 0x0000000001ce8000 Uncommon trap: reason=class_check action=maybe_recompile pc=0x0000000002865360 method=com.android.dx.rop.type.Type.equals(Ljava/lang/Object;)Z @ 8
Event: 3.071 Thread 0x0000000001ce8000 Uncommon trap: reason=class_check action=maybe_recompile pc=0x0000000002865360 method=com.android.dx.rop.type.Type.equals(Ljava/lang/Object;)Z @ 8
Event: 3.071 Thread 0x0000000001ce8000 Uncommon trap: reason=unstable_if action=reinterpret pc=0x00000000028f3468 method=com.android.dx.cf.code.Ropper.labelToResultIndex(I)I @ 34
Event: 3.074 Thread 0x0000000001ce8000 Uncommon trap: reason=unstable_if action=reinterpret pc=0x00000000029b48a8 method=com.android.dx.ssa.SCCP.simulateStmt(Lcom/android/dx/ssa/SsaInsn;)V @ 469
Event: 3.076 Thread 0x0000000001ce8000 Uncommon trap: reason=unstable_if action=reinterpret pc=0x00000000029557bc method=com.android.dx.util.LabeledList.set(ILcom/android/dx/util/LabeledItem;)V @ 16
Event: 3.147 Thread 0x0000000001ce8000 Uncommon trap: reason=unstable_if action=reinterpret pc=0x00000000029ce1e8 method=com.android.dx.ssa.SCCP.simulateBranch(Lcom/android/dx/ssa/SsaInsn;)V @ 53

Internal exceptions (2 events):
Event: 0.158 Thread 0x0000000001ce8000 Exception <a 'java/lang/NoSuchMethodError': Method sun.misc.Unsafe.defineClass(Ljava/lang/String;[BII)Ljava/lang/Class; name or signature does not match> (0x00000000eab07cc0) thrown at [C:\re\workspace\8-2-build-windows-amd64-cygwin\jdk8u91\7017\hotspot\sr)PFMJÄ?
Event: 0.159 Thread 0x0000000001ce8000 Exception <a 'java/lang/NoSuchMethodError': Method sun.misc.Unsafe.prefetchRead(Ljava/lang/Object;J)V name or signature does not match> (0x00000000eab07fa8) thrown at [C:\re\workspace\8-2-build-windows-amd64-cygwin\jdk8u91\7017\hotspot\src\share\vm\prims\j

Events (10 events):
Event: 3.369 Thread 0x0000000001ce8000 DEOPT PACKING pc=0x000000000287db37 sp=0x00000000021fe440
Event: 3.369 Thread 0x0000000001ce8000 DEOPT UNPACKING pc=0x000000000251787f sp=0x00000000021fe220 mode 0
Event: 3.416 Thread 0x0000000001ce8000 DEOPT PACKING pc=0x00000000029f3a3b sp=0x00000000021fe1d0
Event: 3.416 Thread 0x0000000001ce8000 DEOPT UNPACKING pc=0x000000000251787f sp=0x00000000021fded0 mode 0
Event: 3.418 Thread 0x0000000001ce8000 DEOPT PACKING pc=0x00000000029f3a3b sp=0x00000000021fe1d0
Event: 3.418 Thread 0x0000000001ce8000 DEOPT UNPACKING pc=0x000000000251787f sp=0x00000000021fded0 mode 0
Event: 3.526 loading class com/android/dx/cf/attrib/AttSignature
Event: 3.526 loading class com/android/dx/cf/attrib/AttSignature done
Event: 3.526 loading class com/android/dx/cf/attrib/AttLocalVariableTypeTable
Event: 3.526 loading class com/android/dx/cf/attrib/AttLocalVariableTypeTable done


Dynamic libraries:
0x000000013f9b0000 - 0x000000013f9e7000 	C:\Program Files\Java\jdk1.8.0_91\bin\java.exe
0x0000000077340000 - 0x00000000774ea000 	C:\Windows\SYSTEM32\ntdll.dll
0x0000000077220000 - 0x000000007733f000 	C:\Windows\system32\kernel32.dll
0x000007fefd090000 - 0x000007fefd0fa000 	C:\Windows\system32\KERNELBASE.dll
0x000007fefead0000 - 0x000007fefebab000 	C:\Windows\system32\ADVAPI32.dll
0x000007feff5b0000 - 0x000007feff64f000 	C:\Windows\system32\msvcrt.dll
0x000007fefe860000 - 0x000007fefe87f000 	C:\Windows\SYSTEM32\sechost.dll
0x000007fefed20000 - 0x000007fefee4d000 	C:\Windows\system32\RPCRT4.dll
0x0000000077120000 - 0x000000007721a000 	C:\Windows\system32\USER32.dll
0x000007fefea60000 - 0x000007fefeac7000 	C:\Windows\system32\GDI32.dll
0x000007fefd6f0000 - 0x000007fefd6fe000 	C:\Windows\system32\LPK.dll
0x000007fefd620000 - 0x000007fefd6ea000 	C:\Windows\system32\USP10.dll
0x000007fefc130000 - 0x000007fefc324000 	C:\Windows\WinSxS\amd64_microsoft.windows.common-controls_6595b64144ccf1df_6.0.7601.17514_none_fa396087175ac9ac\COMCTL32.dll
0x000007fefe5d0000 - 0x000007fefe641000 	C:\Windows\system32\SHLWAPI.dll
0x000007fefe880000 - 0x000007fefe8ae000 	C:\Windows\system32\IMM32.DLL
0x000007feff120000 - 0x000007feff229000 	C:\Windows\system32\MSCTF.dll
0x0000000072570000 - 0x0000000072642000 	C:\Program Files\Java\jdk1.8.0_91\jre\bin\msvcr100.dll
0x0000000070210000 - 0x0000000070aa3000 	C:\Program Files\Java\jdk1.8.0_91\jre\bin\server\jvm.dll
0x000007fef57c0000 - 0x000007fef57c9000 	C:\Windows\system32\WSOCK32.dll
0x000007fefecd0000 - 0x000007fefed1d000 	C:\Windows\system32\WS2_32.dll
0x000007fefd610000 - 0x000007fefd618000 	C:\Windows\system32\NSI.dll
0x000007feface0000 - 0x000007fefad1b000 	C:\Windows\system32\WINMM.dll
0x000007fefbdd0000 - 0x000007fefbddc000 	C:\Windows\system32\VERSION.dll
0x0000000077510000 - 0x0000000077517000 	C:\Windows\system32\PSAPI.DLL
0x0000000074af0000 - 0x0000000074aff000 	C:\Program Files\Java\jdk1.8.0_91\jre\bin\verify.dll
0x0000000074ac0000 - 0x0000000074ae9000 	C:\Program Files\Java\jdk1.8.0_91\jre\bin\java.dll
0x0000000074aa0000 - 0x0000000074ab6000 	C:\Program Files\Java\jdk1.8.0_91\jre\bin\zip.dll
0x000007fefd700000 - 0x000007fefe488000 	C:\Windows\system32\SHELL32.dll
0x000007fefe650000 - 0x000007fefe853000 	C:\Windows\system32\ole32.dll
0x000007fefd070000 - 0x000007fefd07f000 	C:\Windows\system32\profapi.dll

VM Arguments:
jvm_args: -Djava.awt.headless=true -Xmx1024M -Dfile.encoding=windows-1256 -Duser.country=US -Duser.language=en -Duser.variant 
java_command: com.android.dx.command.Main --dex --force-jumbo --output E:\User\AndroidStudioProjects\Sunshine-Version-2\app\build\intermediates\pre-dexed\debug\main_ce6091204da083106fd240fc667f6564108714f7.jar E:\User\AndroidStudioProjects\Sunshine-Version-2\app\build\intermediates\transforms\instantRun\debug\folders\1\5\main
java_class_path (initial): E:\User\AppData\Local\Android\sdk\build-tools\21.1.2\lib\dx.jar
Launcher Type: SUN_STANDARD

Environment Variables:
PATH=C:\oracle\product\10.2.0\db_2\bin;C:\oracle\product\10.2.0\db_1\bin;C:\ProgramData\Oracle\Java\javapath;C:\Windows\System32;C:\Windows\SysWOW64;C:\opencv248\build\x86\vc10\bin;C:\Python27;C:\Program Files (x86)\CodeBlocks\MinGW\bin;E:\programs\Matlab\R2013a\bin;C:\Program Files\IVI Foundation\VISA\Win64\Bin\;C:\Program Files (x86)\IVI Foundation\VISA\WinNT\Bin\;C:\Program Files (x86)\IVI Foundation\VISA\WinNT\Bin;C:\Program Files (x86)\Tesseract-OCR;E:\User\AppData\Local\Android\sdk\tools\lib;E:\Program Files\Git\cmd;E:\User\AppData\Local\Android\sdk\platform-tools;C:\Program Files\Canopy\User;C:\Program Files\Canopy\User\Scripts
USERNAME=user
OS=Windows_NT
PROCESSOR_IDENTIFIER=Intel64 Family 6 Model 58 Stepping 9, GenuineIntel



---------------  S Y S T E M  ---------------

OS: Windows 7 , 64 bit Build 7601 (6.1.7601.23572)

CPU:total 4 (2 cores per cpu, 2 threads per core) family 6 model 58 stepping 9, cmov, cx8, fxsr, mmx, sse, sse2, sse3, ssse3, sse4.1, sse4.2, popcnt, avx, aes, clmul, erms, ht, tsc, tscinvbit, tscinv

Memory: 4k page, physical 4094316k(177236k free), swap 5628456k(5032k free)

vm_info: Java HotSpot(TM) 64-Bit Server VM (25.91-b15) for windows-amd64 JRE (1.8.0_91-b15), built on May 20 2016 17:43:15 by "java_re" with MS VC++ 10.0 (VS2010)

time: Tue Jul 04 04:53:46 2017
elapsed time: 3 seconds (0d 0h 0m 3s)

