#
# There is insufficient memory for the Java Runtime Environment to continue.
# Native memory allocation (malloc) failed to allocate 32744 bytes for ChunkPool::allocate
# Possible reasons:
#   The system is out of physical RAM or swap space
#   In 32 bit mode, the process size limit was hit
# Possible solutions:
#   Reduce memory load on the system
#   Increase physical memory or swap space
#   Check if swap backing store is full
#   Use 64 bit Java on a 64 bit OS
#   Decrease Java heap size (-Xmx/-Xms)
#   Decrease number of Java threads
#   Decrease Java thread stack sizes (-Xss)
#   Set larger code cache with -XX:ReservedCodeCacheSize=
# This output file may be truncated or incomplete.
#
#  Out of Memory Error (allocation.cpp:273), pid=1324, tid=5600
#
# JRE version: Java(TM) SE Runtime Environment (8.0_91-b15) (build 1.8.0_91-b15)
# Java VM: Java HotSpot(TM) 64-Bit Server VM (25.91-b15 mixed mode windows-amd64 compressed oops)
# Failed to write core dump. Minidumps are not enabled by default on client versions of Windows
#

---------------  T H R E A D  ---------------

Current thread (0x00000000564b4800):  JavaThread "C2 CompilerThread0" daemon [_thread_in_native, id=5600, stack(0x0000000056c80000,0x0000000056d80000)]

Stack: [0x0000000056c80000,0x0000000056d80000]
[error occurred during error reporting (printing stack bounds), id 0xc0000005]

Native frames: (J=compiled Java code, j=interpreted, Vv=VM code, C=native code)


Current CompileTask:
C2:   3690 1092       4       com.android.dx.ssa.SCCP::simulateStmt (481 bytes)


---------------  P R O C E S S  ---------------

Java Threads: ( => current thread )
  0x00000000564bc800 JavaThread "Service Thread" daemon [_thread_blocked, id=3548, stack(0x0000000057060000,0x0000000057160000)]
  0x00000000564b7800 JavaThread "C1 CompilerThread2" daemon [_thread_blocked, id=6100, stack(0x0000000056d90000,0x0000000056e90000)]
  0x00000000564b6800 JavaThread "C2 CompilerThread1" daemon [_thread_in_native, id=5236, stack(0x0000000056980000,0x0000000056a80000)]
=>0x00000000564b4800 JavaThread "C2 CompilerThread0" daemon [_thread_in_native, id=5600, stack(0x0000000056c80000,0x0000000056d80000)]
  0x0000000054ea0000 JavaThread "Attach Listener" daemon [_thread_blocked, id=4692, stack(0x0000000056a90000,0x0000000056b90000)]
  0x0000000054eaf000 JavaThread "Signal Dispatcher" daemon [_thread_blocked, id=5464, stack(0x00000000560e0000,0x00000000561e0000)]
  0x0000000054e83800 JavaThread "Finalizer" daemon [_thread_blocked, id=4368, stack(0x00000000563b0000,0x00000000564b0000)]
  0x0000000054e42000 JavaThread "Reference Handler" daemon [_thread_blocked, id=4816, stack(0x0000000056220000,0x0000000056320000)]
  0x0000000001e88000 JavaThread "main" [_thread_in_Java, id=5940, stack(0x0000000002080000,0x0000000002180000)]

Other Threads:
  0x0000000054e3a800 VMThread [stack: 0x0000000055f70000,0x0000000056070000] [id=5992]
  0x000000005653d800 WatcherThread [stack: 0x0000000057210000,0x0000000057310000] [id=6096]

VM state:not at safepoint (normal execution)

VM Mutex/Monitor currently owned by a thread: None

Heap:
 PSYoungGen      total 18944K, used 6474K [0x00000000eab00000, 0x00000000ec000000, 0x0000000100000000)
  eden space 16384K, 23% used [0x00000000eab00000,0x00000000eaed6838,0x00000000ebb00000)
  from space 2560K, 99% used [0x00000000ebb00000,0x00000000ebd7c010,0x00000000ebd80000)
  to   space 2560K, 0% used [0x00000000ebd80000,0x00000000ebd80000,0x00000000ec000000)
 ParOldGen       total 44032K, used 1706K [0x00000000c0000000, 0x00000000c2b00000, 0x00000000eab00000)
  object space 44032K, 3% used [0x00000000c0000000,0x00000000c01aaa80,0x00000000c2b00000)
 Metaspace       used 5473K, capacity 6768K, committed 7040K, reserved 1056768K
  class space    used 542K, capacity 616K, committed 640K, reserved 1048576K

Card table byte_map: [0x0000000011920000,0x0000000011b30000] byte_map_base: 0x0000000011320000

Marking Bits: (ParMarkBitMap*) 0x00000000700b2f70
 Begin Bits: [0x00000000122b0000, 0x00000000132b0000)
 End Bits:   [0x00000000132b0000, 0x00000000142b0000)

Polling page: 0x0000000000210000

CodeCache: size=245760Kb used=4400Kb max_used=4400Kb free=241359Kb
 bounds [0x0000000002560000, 0x00000000029b0000, 0x0000000011560000]
 total_blobs=1347 nmethods=1086 adapters=171
 compilation: enabled

Compilation events (10 events):
Event: 3.651 Thread 0x00000000564b7800 1081       3       com.android.dx.rop.code.LocalItem::hashCode (41 bytes)
Event: 3.652 Thread 0x00000000564b7800 nmethod 1081 0x00000000029ae350 code [0x00000000029ae4e0, 0x00000000029aea38]
Event: 3.662 Thread 0x00000000564b4800 

Event: 3.666 Thread 0x00000000564b7800 1089       3       com.android.dx.ssa.Optimizer::getAdvice (4 bytes)
Event: 3.666 Thread 0x00000000564b7800 nmethod 1089 0x000000000299fb10 code [0x000000000299fc60, 0x000000000299fd90]
Event: 3.667 Thread 0x00000000564b4800 1090       4       com.android.dx.dex.code.CodeAddress::<init> (7 bytes)
Event: 3.667 Thread 0x00000000564b4800 

Event: 3.669 Thread 0x00000000564b4800 1091       4       java.util.ArrayList::ensureExplicitCapacity (26 bytes)
Event: 3.671 Thread 0x00000000564b4800 

Event: 3.681 Thread 0x00000000564b4800 1092       4       com.android.dx.ssa.SCCP::simulateStmt (481 bytes)

GC Heap History (2 events):
Event: 2.238 GC heap before
{Heap before GC invocations=1 (full 0):
 PSYoungGen      total 18944K, used 16384K [0x00000000eab00000, 0x00000000ec000000, 0x0000000100000000)
  eden space 16384K, 100% used [0x00000000eab00000,0x00000000ebb00000,0x00000000ebb00000)
  from space 2560K, 0% used [0x00000000ebd80000,0x00000000ebd80000,0x00000000ec000000)
  to   space 2560K, 0% used [0x00000000ebb00000,0x00000000ebb00000,0x00000000ebd80000)
 ParOldGen       total 44032K, used 0K [0x00000000c0000000, 0x00000000c2b00000, 0x00000000eab00000)
  object space 44032K, 0% used [0x00000000c0000000,0x00000000c0000000,0x00000000c2b00000)
 Metaspace       used 5450K, capacity 6768K, committed 7040K, reserved 1056768K
  class space    used 540K, capacity 616K, committed 640K, reserved 1048576K
Event: 3.500 GC heap after
Heap after GC invocations=1 (full 0):
 PSYoungGen      total 18944K, used 2544K [0x00000000eab00000, 0x00000000ec000000, 0x0000000100000000)
  eden space 16384K, 0% used [0x00000000eab00000,0x00000000eab00000,0x00000000ebb00000)
  from space 2560K, 99% used [0x00000000ebb00000,0x00000000ebd7c010,0x00000000ebd80000)
  to   space 2560K, 0% used [0x00000000ebd80000,0x00000000ebd80000,0x00000000ec000000)
 ParOldGen       total 44032K, used 1706K [0x00000000c0000000, 0x00000000c2b00000, 0x00000000eab00000)
  object space 44032K, 3% used [0x00000000c0000000,0x00000000c01aaa80,0x00000000c2b00000)
 Metaspace       used 5450K, capacity 6768K, committed 7040K, reserved 1056768K
  class space    used 540K, capacity 616K, committed 640K, reserved 1048576K
}

Deoptimization events (10 events):
Event: 2.228 Thread 0x0000000001e88000 Uncommon trap: reason=unstable_if action=reinterpret pc=0x0000000002920b14 method=java.util.HashMap.getNode(ILjava/lang/Object;)Ljava/util/HashMap$Node; @ 129
Event: 2.228 Thread 0x0000000001e88000 Uncommon trap: reason=unstable_if action=reinterpret pc=0x000000000280b2fc method=java.util.HashMap.getNode(ILjava/lang/Object;)Ljava/util/HashMap$Node; @ 129
Event: 2.230 Thread 0x0000000001e88000 Uncommon trap: reason=unstable_if action=reinterpret pc=0x000000000295676c method=com.android.dx.rop.code.RegisterSpec.withReg(I)Lcom/android/dx/rop/code/RegisterSpec; @ 5
Event: 3.539 Thread 0x0000000001e88000 Uncommon trap: reason=unstable_if action=reinterpret pc=0x00000000029631cc method=java.lang.String.<init>([CII)V @ 18
Event: 3.604 Thread 0x0000000001e88000 Uncommon trap: reason=unstable_if action=reinterpret pc=0x000000000290b6d4 method=com.android.dx.rop.code.RegisterSpec.equals(ILcom/android/dx/rop/type/TypeBearer;Lcom/android/dx/rop/code/LocalItem;)Z @ 24
Event: 3.644 Thread 0x0000000001e88000 Uncommon trap: reason=unstable_if action=reinterpret pc=0x000000000290343c method=com.android.dx.rop.code.RegisterSpec.equals(ILcom/android/dx/rop/type/TypeBearer;Lcom/android/dx/rop/code/LocalItem;)Z @ 24
Event: 3.646 Thread 0x0000000001e88000 Uncommon trap: reason=unloaded action=reinterpret pc=0x0000000002910598 method=com.android.dx.ssa.SsaRenamer$BlockRenamer.visitMoveInsn(Lcom/android/dx/ssa/NormalSsaInsn;)V @ 208
Event: 3.647 Thread 0x0000000001e88000 Uncommon trap: reason=unstable_if action=reinterpret pc=0x0000000002955b04 method=com.android.dx.ssa.NormalSsaInsn.getLocalAssignment()Lcom/android/dx/rop/code/RegisterSpec; @ 12
Event: 3.647 Thread 0x0000000001e88000 Uncommon trap: reason=unstable_if action=reinterpret pc=0x0000000002954658 method=com.android.dx.ssa.NormalSsaInsn.getLocalAssignment()Lcom/android/dx/rop/code/RegisterSpec; @ 12
Event: 3.647 Thread 0x0000000001e88000 Uncommon trap: reason=unstable_if action=reinterpret pc=0x000000000291caa0 method=com.android.dx.ssa.NormalSsaInsn.getLocalAssignment()Lcom/android/dx/rop/code/RegisterSpec; @ 12

Internal exceptions (2 events):
Event: 0.071 Thread 0x0000000001e88000 Exception <a 'java/lang/NoSuchMethodError': Method sun.misc.Unsafe.defineClass(Ljava/lang/String;[BII)Ljava/lang/Class; name or signature does not match> (0x00000000eab07cc0) thrown at [C:\re\workspace\8-2-build-windows-amd64-cygwin\jdk8u91\7017\hotspot\sr€‘c92²?
Event: 0.071 Thread 0x0000000001e88000 Exception <a 'java/lang/NoSuchMethodError': Method sun.misc.Unsafe.prefetchRead(Ljava/lang/Object;J)V name or signature does not match> (0x00000000eab07fa8) thrown at [C:\re\workspace\8-2-build-windows-amd64-cygwin\jdk8u91\7017\hotspot\src\share\vm\prims\j

Events (10 events):
Event: 3.646 Thread 0x0000000001e88000 DEOPT UNPACKING pc=0x00000000025a582a sp=0x000000000217e350 mode 2
Event: 3.647 Thread 0x0000000001e88000 Uncommon trap: trap_request=0xffffff65 fr.pc=0x0000000002955b04
Event: 3.647 Thread 0x0000000001e88000 DEOPT PACKING pc=0x0000000002955b04 sp=0x000000000217e4c0
Event: 3.647 Thread 0x0000000001e88000 DEOPT UNPACKING pc=0x00000000025a582a sp=0x000000000217e2d8 mode 2
Event: 3.647 Thread 0x0000000001e88000 Uncommon trap: trap_request=0xffffff65 fr.pc=0x0000000002954658
Event: 3.647 Thread 0x0000000001e88000 DEOPT PACKING pc=0x0000000002954658 sp=0x000000000217e560
Event: 3.647 Thread 0x0000000001e88000 DEOPT UNPACKING pc=0x00000000025a582a sp=0x000000000217e480 mode 2
Event: 3.647 Thread 0x0000000001e88000 Uncommon trap: trap_request=0xffffff65 fr.pc=0x000000000291caa0
Event: 3.647 Thread 0x0000000001e88000 DEOPT PACKING pc=0x000000000291caa0 sp=0x000000000217e4e0
Event: 3.647 Thread 0x0000000001e88000 DEOPT UNPACKING pc=0x00000000025a582a sp=0x000000000217e470 mode 2


Dynamic libraries:
0x000000013fa30000 - 0x000000013fa67000 	C:\Program Files\Java\jdk1.8.0_91\bin\java.exe
0x0000000076ee0000 - 0x000000007708a000 	C:\Windows\SYSTEM32\ntdll.dll
0x0000000076cc0000 - 0x0000000076ddf000 	C:\Windows\system32\kernel32.dll
0x000007fefced0000 - 0x000007fefcf3a000 	C:\Windows\system32\KERNELBASE.dll
0x000007fefd410000 - 0x000007fefd4eb000 	C:\Windows\system32\ADVAPI32.dll
0x000007feff150000 - 0x000007feff1ef000 	C:\Windows\system32\msvcrt.dll
0x000007fefe7d0000 - 0x000007fefe7ef000 	C:\Windows\SYSTEM32\sechost.dll
0x000007fefec20000 - 0x000007fefed4d000 	C:\Windows\system32\RPCRT4.dll
0x0000000076de0000 - 0x0000000076eda000 	C:\Windows\system32\USER32.dll
0x000007fefd070000 - 0x000007fefd0d7000 	C:\Windows\system32\GDI32.dll
0x000007fefeee0000 - 0x000007fefeeee000 	C:\Windows\system32\LPK.dll
0x000007fefe820000 - 0x000007fefe8ea000 	C:\Windows\system32\USP10.dll
0x000007fefbcd0000 - 0x000007fefbec4000 	C:\Windows\WinSxS\amd64_microsoft.windows.common-controls_6595b64144ccf1df_6.0.7601.17514_none_fa396087175ac9ac\COMCTL32.dll
0x000007fefeef0000 - 0x000007fefef61000 	C:\Windows\system32\SHLWAPI.dll
0x000007fefe7f0000 - 0x000007fefe81e000 	C:\Windows\system32\IMM32.DLL
0x000007fefd2f0000 - 0x000007fefd3f9000 	C:\Windows\system32\MSCTF.dll
0x0000000072280000 - 0x0000000072352000 	C:\Program Files\Java\jdk1.8.0_91\jre\bin\msvcr100.dll
0x000000006f8a0000 - 0x0000000070133000 	C:\Program Files\Java\jdk1.8.0_91\jre\bin\server\jvm.dll
0x000007fef1c80000 - 0x000007fef1c89000 	C:\Windows\system32\WSOCK32.dll
0x000007fefe8f0000 - 0x000007fefe93d000 	C:\Windows\system32\WS2_32.dll
0x000007fefd400000 - 0x000007fefd408000 	C:\Windows\system32\NSI.dll
0x000007fefac10000 - 0x000007fefac4b000 	C:\Windows\system32\WINMM.dll
0x000007fefb970000 - 0x000007fefb97c000 	C:\Windows\system32\VERSION.dll
0x00000000770b0000 - 0x00000000770b7000 	C:\Windows\system32\PSAPI.DLL
0x00000000744f0000 - 0x00000000744ff000 	C:\Program Files\Java\jdk1.8.0_91\jre\bin\verify.dll
0x00000000744c0000 - 0x00000000744e9000 	C:\Program Files\Java\jdk1.8.0_91\jre\bin\java.dll
0x00000000744a0000 - 0x00000000744b6000 	C:\Program Files\Java\jdk1.8.0_91\jre\bin\zip.dll
0x000007fefd9e0000 - 0x000007fefe768000 	C:\Windows\system32\SHELL32.dll
0x000007fefd0e0000 - 0x000007fefd2e3000 	C:\Windows\system32\ole32.dll
0x000007fefcc20000 - 0x000007fefcc2f000 	C:\Windows\system32\profapi.dll

VM Arguments:
jvm_args: -Djava.awt.headless=true -Xmx1024M -Dfile.encoding=windows-1256 -Duser.country=US -Duser.language=en -Duser.variant 
java_command: com.android.dx.command.Main --dex --force-jumbo --output E:\User\AndroidStudioProjects\Sunshine-Version-2\app\build\intermediates\pre-dexed\debug\main_ce6091204da083106fd240fc667f6564108714f7.jar E:\User\AndroidStudioProjects\Sunshine-Version-2\app\build\intermediates\transforms\instantRun\debug\folders\1\5\main
java_class_path (initial): E:\User\AppData\Local\Android\sdk\build-tools\21.1.2\lib\dx.jar
Launcher Type: SUN_STANDARD

Environment Variables:
PATH=C:\oracle\product\10.2.0\db_2\bin;C:\oracle\product\10.2.0\db_1\bin;C:\ProgramData\Oracle\Java\javapath;C:\Windows\System32;C:\Windows\SysWOW64;C:\opencv248\build\x86\vc10\bin;C:\Python27;C:\Program Files (x86)\CodeBlocks\MinGW\bin;E:\programs\Matlab\R2013a\bin;C:\Program Files\IVI Foundation\VISA\Win64\Bin\;C:\Program Files (x86)\IVI Foundation\VISA\WinNT\Bin\;C:\Program Files (x86)\IVI Foundation\VISA\WinNT\Bin;C:\Program Files (x86)\Tesseract-OCR;E:\User\AppData\Local\Android\sdk\tools\lib;E:\Program Files\Git\cmd;E:\User\AppData\Local\Android\sdk\platform-tools;C:\Program Files\Canopy\User;C:\Program Files\Canopy\User\Scripts
USERNAME=user
OS=Windows_NT
PROCESSOR_IDENTIFIER=Intel64 Family 6 Model 58 Stepping 9, GenuineIntel



---------------  S Y S T E M  ---------------

OS: Windows 7 , 64 bit Build 7601 (6.1.7601.23572)

CPU:total 4 (2 cores per cpu, 2 threads per core) family 6 model 58 stepping 9, cmov, cx8, fxsr, mmx, sse, sse2, sse3, ssse3, sse4.1, sse4.2, popcnt, avx, aes, clmul, erms, ht, tsc, tscinvbit, tscinv

Memory: 4k page, physical 4094316k(177508k free), swap 5601120k(5064k free)

vm_info: Java HotSpot(TM) 64-Bit Server VM (25.91-b15) for windows-amd64 JRE (1.8.0_91-b15), built on May 20 2016 17:43:15 by "java_re" with MS VC++ 10.0 (VS2010)

time: Thu Jun 22 10:38:34 2017
elapsed time: 3 seconds (0d 0h 0m 3s)

