#
# There is insufficient memory for the Java Runtime Environment to continue.
# Native memory allocation (malloc) failed to allocate 715472 bytes for Chunk::new
# Possible reasons:
#   The system is out of physical RAM or swap space
#   In 32 bit mode, the process size limit was hit
# Possible solutions:
#   Reduce memory load on the system
#   Increase physical memory or swap space
#   Check if swap backing store is full
#   Use 64 bit Java on a 64 bit OS
#   Decrease Java heap size (-Xmx/-Xms)
#   Decrease number of Java threads
#   Decrease Java thread stack sizes (-Xss)
#   Set larger code cache with -XX:ReservedCodeCacheSize=
# This output file may be truncated or incomplete.
#
#  Out of Memory Error (allocation.cpp:390), pid=5580, tid=3692
#
# JRE version: Java(TM) SE Runtime Environment (8.0_91-b15) (build 1.8.0_91-b15)
# Java VM: Java HotSpot(TM) 64-Bit Server VM (25.91-b15 mixed mode windows-amd64 compressed oops)
# Failed to write core dump. Minidumps are not enabled by default on client versions of Windows
#

---------------  T H R E A D  ---------------

Current thread (0x00000000562f7800):  JavaThread "C2 CompilerThread0" daemon [_thread_in_native, id=3692, stack(0x0000000056ac0000,0x0000000056bc0000)]

Stack: [0x0000000056ac0000,0x0000000056bc0000]
[error occurred during error reporting (printing stack bounds), id 0xc0000005]

Native frames: (J=compiled Java code, j=interpreted, Vv=VM code, C=native code)


Current CompileTask:
C2:  16306 2103       4       com.android.dx.dex.code.OutputFinisher::addConstants (93 bytes)


---------------  P R O C E S S  ---------------

Java Threads: ( => current thread )
  0x0000000056354000 JavaThread "Service Thread" daemon [_thread_blocked, id=4452, stack(0x0000000056ea0000,0x0000000056fa0000)]
  0x00000000562fa800 JavaThread "C1 CompilerThread2" daemon [_thread_blocked, id=5184, stack(0x0000000056cb0000,0x0000000056db0000)]
  0x00000000562f9800 JavaThread "C2 CompilerThread1" daemon [_thread_in_native, id=4612, stack(0x00000000568a0000,0x00000000569a0000)]
=>0x00000000562f7800 JavaThread "C2 CompilerThread0" daemon [_thread_in_native, id=3692, stack(0x0000000056ac0000,0x0000000056bc0000)]
  0x00000000562f2800 JavaThread "Attach Listener" daemon [_thread_blocked, id=5536, stack(0x00000000569a0000,0x0000000056aa0000)]
  0x0000000054dcd800 JavaThread "Signal Dispatcher" daemon [_thread_blocked, id=5268, stack(0x0000000056790000,0x0000000056890000)]
  0x0000000054db9800 JavaThread "Finalizer" daemon [_thread_blocked, id=2464, stack(0x00000000561f0000,0x00000000562f0000)]
  0x0000000054d72800 JavaThread "Reference Handler" daemon [_thread_blocked, id=6032, stack(0x0000000056010000,0x0000000056110000)]
  0x0000000001e18000 JavaThread "main" [_thread_in_native, id=2944, stack(0x0000000002240000,0x0000000002340000)]

Other Threads:
  0x0000000054d6a800 VMThread [stack: 0x0000000055dd0000,0x0000000055ed0000] [id=6136]
  0x000000005639f800 WatcherThread [stack: 0x00000000570a0000,0x00000000571a0000] [id=4360]

VM state:not at safepoint (normal execution)

VM Mutex/Monitor currently owned by a thread: None

Heap:
 PSYoungGen      total 249344K, used 19841K [0x00000000eab00000, 0x00000000fcc00000, 0x0000000100000000)
  eden space 237568K, 8% used [0x00000000eab00000,0x00000000ebe605d0,0x00000000f9300000)
  from space 11776K, 0% used [0x00000000fc080000,0x00000000fc080000,0x00000000fcc00000)
  to   space 24576K, 0% used [0x00000000f9c00000,0x00000000f9c00000,0x00000000fb400000)
 ParOldGen       total 93696K, used 53271K [0x00000000c0000000, 0x00000000c5b80000, 0x00000000eab00000)
  object space 93696K, 56% used [0x00000000c0000000,0x00000000c3405f18,0x00000000c5b80000)
 Metaspace       used 6681K, capacity 7632K, committed 7936K, reserved 1058816K
  class space    used 609K, capacity 648K, committed 768K, reserved 1048576K

Card table byte_map: [0x00000000119d0000,0x0000000011be0000] byte_map_base: 0x00000000113d0000

Marking Bits: (ParMarkBitMap*) 0x000000006d642f70
 Begin Bits: [0x00000000121e0000, 0x00000000131e0000)
 End Bits:   [0x00000000131e0000, 0x00000000141e0000)

Polling page: 0x00000000001a0000

CodeCache: size=245760Kb used=10351Kb max_used=10351Kb free=235408Kb
 bounds [0x0000000002610000, 0x0000000003040000, 0x0000000011610000]
 total_blobs=2731 nmethods=2466 adapters=177
 compilation: enabled

Compilation events (10 events):
Event: 14.733 Thread 0x00000000562f9800 nmethod 2119 0x0000000002edd890 code [0x0000000002edda40, 0x0000000002ede190]
Event: 14.734 Thread 0x00000000562f9800 2124 %     4       com.android.dx.dex.code.OutputFinisher::getAllConstants @ 18 (47 bytes)
Event: 14.782 Thread 0x00000000562f9800 nmethod 2124% 0x0000000002ede950 code [0x0000000002edeb60, 0x0000000002edf790]
Event: 14.782 Thread 0x00000000562f9800 2100       4       com.android.dx.rop.code.BasicBlock::getLastInsn (8 bytes)
Event: 14.783 Thread 0x00000000562f9800 nmethod 2100 0x0000000002ec05d0 code [0x0000000002ec0720, 0x0000000002ec07f8]
Event: 14.783 Thread 0x00000000562f9800 2121   !   4       com.android.dx.rop.cst.CstType::intern (48 bytes)
Event: 14.818 Thread 0x00000000562f9800 nmethod 2121 0x0000000002ee6950 code [0x0000000002ee6b80, 0x0000000002ee7df0]
Event: 14.822 Thread 0x00000000562f9800 2125       4       java.util.HashMap$KeyIterator::next (8 bytes)
Event: 14.828 Thread 0x00000000562f9800 nmethod 2125 0x0000000002eeb050 code [0x0000000002eeb1a0, 0x0000000002eeb3d8]
Event: 14.828 Thread 0x00000000562f9800 2127       4       com.android.dx.dex.code.OutputFinisher::getAllConstants (47 bytes)

GC Heap History (10 events):
Event: 7.566 GC heap before
{Heap before GC invocations=4 (full 0):
 PSYoungGen      total 35328K, used 35323K [0x00000000eab00000, 0x00000000ef000000, 0x0000000100000000)
  eden space 32768K, 100% used [0x00000000eab00000,0x00000000ecb00000,0x00000000ecb00000)
  from space 2560K, 99% used [0x00000000ecb00000,0x00000000ecd7eca8,0x00000000ecd80000)
  to   space 2560K, 0% used [0x00000000eed80000,0x00000000eed80000,0x00000000ef000000)
 ParOldGen       total 44032K, used 8384K [0x00000000c0000000, 0x00000000c2b00000, 0x00000000eab00000)
  object space 44032K, 19% used [0x00000000c0000000,0x00000000c0830358,0x00000000c2b00000)
 Metaspace       used 6053K, capacity 7088K, committed 7296K, reserved 1056768K
  class space    used 585K, capacity 616K, committed 640K, reserved 1048576K
Event: 8.490 GC heap after
Heap after GC invocations=4 (full 0):
 PSYoungGen      total 68096K, used 2543K [0x00000000eab00000, 0x00000000ef000000, 0x0000000100000000)
  eden space 65536K, 0% used [0x00000000eab00000,0x00000000eab00000,0x00000000eeb00000)
  from space 2560K, 99% used [0x00000000eed80000,0x00000000eeffbca0,0x00000000ef000000)
  to   space 2560K, 0% used [0x00000000eeb00000,0x00000000eeb00000,0x00000000eed80000)
 ParOldGen       total 44032K, used 13655K [0x00000000c0000000, 0x00000000c2b00000, 0x00000000eab00000)
  object space 44032K, 31% used [0x00000000c0000000,0x00000000c0d55e88,0x00000000c2b00000)
 Metaspace       used 6053K, capacity 7088K, committed 7296K, reserved 1056768K
  class space    used 585K, capacity 616K, committed 640K, reserved 1048576K
}
Event: 9.225 GC heap before
{Heap before GC invocations=5 (full 0):
 PSYoungGen      total 68096K, used 68079K [0x00000000eab00000, 0x00000000ef000000, 0x0000000100000000)
  eden space 65536K, 100% used [0x00000000eab00000,0x00000000eeb00000,0x00000000eeb00000)
  from space 2560K, 99% used [0x00000000eed80000,0x00000000eeffbca0,0x00000000ef000000)
  to   space 2560K, 0% used [0x00000000eeb00000,0x00000000eeb00000,0x00000000eed80000)
 ParOldGen       total 44032K, used 13655K [0x00000000c0000000, 0x00000000c2b00000, 0x00000000eab00000)
  object space 44032K, 31% used [0x00000000c0000000,0x00000000c0d55e88,0x00000000c2b00000)
 Metaspace       used 6067K, capacity 7088K, committed 7296K, reserved 1056768K
  class space    used 585K, capacity 616K, committed 640K, reserved 1048576K
Event: 9.331 GC heap after
Heap after GC invocations=5 (full 0):
 PSYoungGen      total 68096K, used 2541K [0x00000000eab00000, 0x00000000f4600000, 0x0000000100000000)
  eden space 65536K, 0% used [0x00000000eab00000,0x00000000eab00000,0x00000000eeb00000)
  from space 2560K, 99% used [0x00000000eeb00000,0x00000000eed7b4b0,0x00000000eed80000)
  to   space 13824K, 0% used [0x00000000f3880000,0x00000000f3880000,0x00000000f4600000)
 ParOldGen       total 44032K, used 24749K [0x00000000c0000000, 0x00000000c2b00000, 0x00000000eab00000)
  object space 44032K, 56% used [0x00000000c0000000,0x00000000c182b460,0x00000000c2b00000)
 Metaspace       used 6067K, capacity 7088K, committed 7296K, reserved 1056768K
  class space    used 585K, capacity 616K, committed 640K, reserved 1048576K
}
Event: 10.413 GC heap before
{Heap before GC invocations=6 (full 0):
 PSYoungGen      total 68096K, used 68077K [0x00000000eab00000, 0x00000000f4600000, 0x0000000100000000)
  eden space 65536K, 100% used [0x00000000eab00000,0x00000000eeb00000,0x00000000eeb00000)
  from space 2560K, 99% used [0x00000000eeb00000,0x00000000eed7b4b0,0x00000000eed80000)
  to   space 13824K, 0% used [0x00000000f3880000,0x00000000f3880000,0x00000000f4600000)
 ParOldGen       total 44032K, used 24749K [0x00000000c0000000, 0x00000000c2b00000, 0x00000000eab00000)
  object space 44032K, 56% used [0x00000000c0000000,0x00000000c182b460,0x00000000c2b00000)
 Metaspace       used 6121K, capacity 7152K, committed 7296K, reserved 1056768K
  class space    used 586K, capacity 616K, committed 640K, reserved 1048576K
Event: 10.442 GC heap after
Heap after GC invocations=6 (full 0):
 PSYoungGen      total 142848K, used 12885K [0x00000000eab00000, 0x00000000f4a00000, 0x0000000100000000)
  eden space 129024K, 0% used [0x00000000eab00000,0x00000000eab00000,0x00000000f2900000)
  from space 13824K, 93% used [0x00000000f3880000,0x00000000f4515608,0x00000000f4600000)
  to   space 15872K, 0% used [0x00000000f2900000,0x00000000f2900000,0x00000000f3880000)
 ParOldGen       total 44032K, used 24749K [0x00000000c0000000, 0x00000000c2b00000, 0x00000000eab00000)
  object space 44032K, 56% used [0x00000000c0000000,0x00000000c182b460,0x00000000c2b00000)
 Metaspace       used 6121K, capacity 7152K, committed 7296K, reserved 1056768K
  class space    used 586K, capacity 616K, committed 640K, reserved 1048576K
}
Event: 11.385 GC heap before
{Heap before GC invocations=7 (full 0):
 PSYoungGen      total 142848K, used 141909K [0x00000000eab00000, 0x00000000f4a00000, 0x0000000100000000)
  eden space 129024K, 100% used [0x00000000eab00000,0x00000000f2900000,0x00000000f2900000)
  from space 13824K, 93% used [0x00000000f3880000,0x00000000f4515608,0x00000000f4600000)
  to   space 15872K, 0% used [0x00000000f2900000,0x00000000f2900000,0x00000000f3880000)
 ParOldGen       total 44032K, used 24749K [0x00000000c0000000, 0x00000000c2b00000, 0x00000000eab00000)
  object space 44032K, 56% used [0x00000000c0000000,0x00000000c182b460,0x00000000c2b00000)
 Metaspace       used 6167K, capacity 7152K, committed 7296K, reserved 1056768K
  class space    used 586K, capacity 616K, committed 640K, reserved 1048576K
Event: 11.493 GC heap after
Heap after GC invocations=7 (full 0):
 PSYoungGen      total 144896K, used 15864K [0x00000000eab00000, 0x00000000fda00000, 0x0000000100000000)
  eden space 129024K, 0% used [0x00000000eab00000,0x00000000eab00000,0x00000000f2900000)
  from space 15872K, 99% used [0x00000000f2900000,0x00000000f387e258,0x00000000f3880000)
  to   space 26112K, 0% used [0x00000000fc080000,0x00000000fc080000,0x00000000fda00000)
 ParOldGen       total 44032K, used 39729K [0x00000000c0000000, 0x00000000c2b00000, 0x00000000eab00000)
  object space 44032K, 90% used [0x00000000c0000000,0x00000000c26cc558,0x00000000c2b00000)
 Metaspace       used 6167K, capacity 7152K, committed 7296K, reserved 1056768K
  class space    used 586K, capacity 616K, committed 640K, reserved 1048576K
}
Event: 11.493 GC heap before
{Heap before GC invocations=8 (full 1):
 PSYoungGen      total 144896K, used 15864K [0x00000000eab00000, 0x00000000fda00000, 0x0000000100000000)
  eden space 129024K, 0% used [0x00000000eab00000,0x00000000eab00000,0x00000000f2900000)
  from space 15872K, 99% used [0x00000000f2900000,0x00000000f387e258,0x00000000f3880000)
  to   space 26112K, 0% used [0x00000000fc080000,0x00000000fc080000,0x00000000fda00000)
 ParOldGen       total 44032K, used 39729K [0x00000000c0000000, 0x00000000c2b00000, 0x00000000eab00000)
  object space 44032K, 90% used [0x00000000c0000000,0x00000000c26cc558,0x00000000c2b00000)
 Metaspace       used 6167K, capacity 7152K, committed 7296K, reserved 1056768K
  class space    used 586K, capacity 616K, committed 640K, reserved 1048576K
Event: 11.838 GC heap after
Heap after GC invocations=8 (full 1):
 PSYoungGen      total 144896K, used 8575K [0x00000000eab00000, 0x00000000fda00000, 0x0000000100000000)
  eden space 129024K, 0% used [0x00000000eab00000,0x00000000eab00000,0x00000000f2900000)
  from space 15872K, 54% used [0x00000000f2900000,0x00000000f315fe88,0x00000000f3880000)
  to   space 26112K, 0% used [0x00000000fc080000,0x00000000fc080000,0x00000000fda00000)
 ParOldGen       total 77824K, used 43839K [0x00000000c0000000, 0x00000000c4c00000, 0x00000000eab00000)
  object space 77824K, 56% used [0x00000000c0000000,0x00000000c2acff50,0x00000000c4c00000)
 Metaspace       used 6167K, capacity 7152K, committed 7296K, reserved 1056768K
  class space    used 586K, capacity 616K, committed 640K, reserved 1048576K
}

Deoptimization events (10 events):
Event: 11.179 Thread 0x0000000001e18000 Uncommon trap: reason=bimorphic action=maybe_recompile pc=0x0000000002c8d448 method=com.android.dx.ssa.LiteralOpUpgrader.tryReplacingWithConstant(Lcom/android/dx/ssa/NormalSsaInsn;)Z @ 62
Event: 12.977 Thread 0x0000000001e18000 Uncommon trap: reason=bimorphic action=maybe_recompile pc=0x0000000002e1763c method=com.android.dx.cf.code.BytecodeArray.parseInstruction(ILcom/android/dx/cf/code/BytecodeArray$Visitor;)I @ 1161
Event: 12.977 Thread 0x0000000001e18000 Uncommon trap: reason=bimorphic action=maybe_recompile pc=0x0000000002e1763c method=com.android.dx.cf.code.BytecodeArray.parseInstruction(ILcom/android/dx/cf/code/BytecodeArray$Visitor;)I @ 1161
Event: 14.369 Thread 0x0000000001e18000 Uncommon trap: reason=class_check action=maybe_recompile pc=0x0000000002b6d2b8 method=java.util.Arrays.hashCode([Ljava/lang/Object;)I @ 43
Event: 14.369 Thread 0x0000000001e18000 Uncommon trap: reason=class_check action=maybe_recompile pc=0x0000000002b6d2b8 method=java.util.Arrays.hashCode([Ljava/lang/Object;)I @ 43
Event: 14.369 Thread 0x0000000001e18000 Uncommon trap: reason=class_check action=maybe_recompile pc=0x0000000002b6d2b8 method=java.util.Arrays.hashCode([Ljava/lang/Object;)I @ 43
Event: 14.369 Thread 0x0000000001e18000 Uncommon trap: reason=class_check action=maybe_recompile pc=0x0000000002b6d2b8 method=java.util.Arrays.hashCode([Ljava/lang/Object;)I @ 43
Event: 14.369 Thread 0x0000000001e18000 Uncommon trap: reason=class_check action=maybe_recompile pc=0x0000000002b3dfb4 method=java.util.Arrays.hashCode([Ljava/lang/Object;)I @ 43
Event: 14.521 Thread 0x0000000001e18000 Uncommon trap: reason=unstable_if action=reinterpret pc=0x0000000002dd5c50 method=java.util.HashMap.putVal(ILjava/lang/Object;Ljava/lang/Object;ZZ)Ljava/lang/Object; @ 206
Event: 14.554 Thread 0x0000000001e18000 Uncommon trap: reason=unstable_if action=reinterpret pc=0x0000000002edb6e4 method=java.util.HashMap.putVal(ILjava/lang/Object;Ljava/lang/Object;ZZ)Ljava/lang/Object; @ 94

Internal exceptions (6 events):
Event: 0.035 Thread 0x0000000001e18000 Exception <a 'java/lang/NoSuchMethodError': Method sun.misc.Unsafe.defineClass(Ljava/lang/String;[BII)Ljava/lang/Class; name or signature does not match> (0x00000000eab07cc0) thrown at [C:\re\workspace\8-2-build-windows-amd64-cygwin\jdk8u91\7017\hotspot\sr>>Ó^&¢?
Event: 0.035 Thread 0x0000000001e18000 Exception <a 'java/lang/NoSuchMethodError': Method sun.misc.Unsafe.prefetchRead(Ljava/lang/Object;J)V name or signature does not match> (0x00000000eab07fa8) thrown at [C:\re\workspace\8-2-build-windows-amd64-cygwin\jdk8u91\7017\hotspot\src\share\vm\prims\j“!Pø@
Event: 2.996 Thread 0x0000000001e18000 Implicit null exception at 0x000000000295e692 to 0x000000000295e791
Event: 5.311 Thread 0x0000000001e18000 Exception <a 'java/lang/ArrayIndexOutOfBoundsException': 18> (0x00000000eb941230) thrown at [C:\re\workspace\8-2-build-windows-amd64-cygwin\jdk8u91\7017\hotspot\src\share\vm\interpreter\interpreterRuntime.cpp, line 366]
Event: 5.311 Thread 0x0000000001e18000 Exception <a 'java/lang/ArrayIndexOutOfBoundsException': 145> (0x00000000eb942db0) thrown at [C:\re\workspace\8-2-build-windows-amd64-cygwin\jdk8u91\7017\hotspot\src\share\vm\interpreter\interpreterRuntime.cpp, line 366]
Event: 5.313 Thread 0x0000000001e18000 Exception <a 'java/lang/ArrayIndexOutOfBoundsException'> (0x00000000eb944098) thrown at [C:\re\workspace\8-2-build-windows-amd64-cygwin\jdk8u91\7017\hotspot\src\share\vm\runtime\sharedRuntime.cpp, line 605]

Events (10 events):
Event: 14.532 loading class com/android/dx/dex/file/CatchStructs done
Event: 14.554 Thread 0x0000000001e18000 Uncommon trap: trap_request=0xffffff65 fr.pc=0x0000000002edb6e4
Event: 14.554 Thread 0x0000000001e18000 DEOPT PACKING pc=0x0000000002edb6e4 sp=0x000000000233ed20
Event: 14.554 Thread 0x0000000001e18000 DEOPT UNPACKING pc=0x000000000265582a sp=0x000000000233ec48 mode 2
Event: 14.825 Thread 0x0000000001e18000 DEOPT PACKING pc=0x0000000002ed4499 sp=0x000000000233ee20
Event: 14.826 Thread 0x0000000001e18000 DEOPT UNPACKING pc=0x000000000265787f sp=0x000000000233ebb0 mode 0
Event: 14.829 Thread 0x0000000001e18000 DEOPT PACKING pc=0x0000000002ed4499 sp=0x000000000233ee20
Event: 14.829 Thread 0x0000000001e18000 DEOPT UNPACKING pc=0x000000000265787f sp=0x000000000233ebb0 mode 0
Event: 14.832 Thread 0x0000000001e18000 DEOPT PACKING pc=0x0000000002ed4499 sp=0x000000000233ee20
Event: 14.832 Thread 0x0000000001e18000 DEOPT UNPACKING pc=0x000000000265787f sp=0x000000000233ebb0 mode 0


Dynamic libraries:
0x000000013f250000 - 0x000000013f287000 	C:\Program Files\Java\jdk1.8.0_91\bin\java.exe
0x0000000077690000 - 0x000000007783a000 	C:\Windows\SYSTEM32\ntdll.dll
0x0000000077470000 - 0x000000007758f000 	C:\Windows\system32\kernel32.dll
0x000007fefd3e0000 - 0x000007fefd44a000 	C:\Windows\system32\KERNELBASE.dll
0x000007feff6d0000 - 0x000007feff7ab000 	C:\Windows\system32\ADVAPI32.dll
0x000007feff900000 - 0x000007feff99f000 	C:\Windows\system32\msvcrt.dll
0x000007feff340000 - 0x000007feff35f000 	C:\Windows\SYSTEM32\sechost.dll
0x000007fefec60000 - 0x000007fefed8d000 	C:\Windows\system32\RPCRT4.dll
0x0000000077590000 - 0x000000007768a000 	C:\Windows\system32\USER32.dll
0x000007fefed90000 - 0x000007fefedf7000 	C:\Windows\system32\GDI32.dll
0x000007fefd960000 - 0x000007fefd96e000 	C:\Windows\system32\LPK.dll
0x000007fefd890000 - 0x000007fefd95a000 	C:\Windows\system32\USP10.dll
0x000007fefc430000 - 0x000007fefc624000 	C:\Windows\WinSxS\amd64_microsoft.windows.common-controls_6595b64144ccf1df_6.0.7601.17514_none_fa396087175ac9ac\COMCTL32.dll
0x000007fefef80000 - 0x000007fefeff1000 	C:\Windows\system32\SHLWAPI.dll
0x000007fefe700000 - 0x000007fefe72e000 	C:\Windows\system32\IMM32.DLL
0x000007fefd780000 - 0x000007fefd889000 	C:\Windows\system32\MSCTF.dll
0x000000006f8e0000 - 0x000000006f9b2000 	C:\Program Files\Java\jdk1.8.0_91\jre\bin\msvcr100.dll
0x000000006ce30000 - 0x000000006d6c3000 	C:\Program Files\Java\jdk1.8.0_91\jre\bin\server\jvm.dll
0x000007fef0bc0000 - 0x000007fef0bc9000 	C:\Windows\system32\WSOCK32.dll
0x000007fefec10000 - 0x000007fefec5d000 	C:\Windows\system32\WS2_32.dll
0x000007feff7b0000 - 0x000007feff7b8000 	C:\Windows\system32\NSI.dll
0x000007fefb350000 - 0x000007fefb38b000 	C:\Windows\system32\WINMM.dll
0x000007fefc0f0000 - 0x000007fefc0fc000 	C:\Windows\system32\VERSION.dll
0x0000000077850000 - 0x0000000077857000 	C:\Windows\system32\PSAPI.DLL
0x0000000074a90000 - 0x0000000074a9f000 	C:\Program Files\Java\jdk1.8.0_91\jre\bin\verify.dll
0x0000000073df0000 - 0x0000000073e19000 	C:\Program Files\Java\jdk1.8.0_91\jre\bin\java.dll
0x0000000073dd0000 - 0x0000000073de6000 	C:\Program Files\Java\jdk1.8.0_91\jre\bin\zip.dll
0x000007fefd970000 - 0x000007fefe6f8000 	C:\Windows\system32\SHELL32.dll
0x000007fefea00000 - 0x000007fefec03000 	C:\Windows\system32\ole32.dll
0x000007fefd3d0000 - 0x000007fefd3df000 	C:\Windows\system32\profapi.dll

VM Arguments:
jvm_args: -Djava.awt.headless=true -Xmx1024M -Dfile.encoding=windows-1256 -Duser.country=US -Duser.language=en -Duser.variant 
java_command: com.android.dx.command.Main --dex --force-jumbo --output E:\User\AndroidStudioProjects\Sunshine-Version-2\app\build\intermediates\pre-dexed\debug\com.android.support-support-v4-21.0.3_3035d9c83d7289f90d6f43d640a8c8de139a0846.jar E:\User\AndroidStudioProjects\Sunshine-Version-2\app\build\intermediates\exploded-aar\com.android.support\support-v4\21.0.3\jars\classes.jar
java_class_path (initial): E:\User\AppData\Local\Android\sdk\build-tools\21.1.2\lib\dx.jar
Launcher Type: SUN_STANDARD

Environment Variables:
PATH=C:\oracle\product\10.2.0\db_2\bin;C:\oracle\product\10.2.0\db_1\bin;C:\ProgramData\Oracle\Java\javapath;C:\Windows\System32;C:\Windows\SysWOW64;C:\opencv248\build\x86\vc10\bin;C:\Python27;C:\Program Files (x86)\CodeBlocks\MinGW\bin;E:\programs\Matlab\R2013a\bin;C:\Program Files\IVI Foundation\VISA\Win64\Bin\;C:\Program Files (x86)\IVI Foundation\VISA\WinNT\Bin\;C:\Program Files (x86)\IVI Foundation\VISA\WinNT\Bin;C:\Program Files (x86)\Tesseract-OCR;E:\User\AppData\Local\Android\sdk\tools\lib;E:\Program Files\Git\cmd;E:\User\AppData\Local\Android\sdk\platform-tools;C:\Program Files\Canopy\User;C:\Program Files\Canopy\User\Scripts
USERNAME=user
OS=Windows_NT
PROCESSOR_IDENTIFIER=Intel64 Family 6 Model 58 Stepping 9, GenuineIntel



---------------  S Y S T E M  ---------------

OS: Windows 7 , 64 bit Build 7601 (6.1.7601.23572)

CPU:total 4 (2 cores per cpu, 2 threads per core) family 6 model 58 stepping 9, cmov, cx8, fxsr, mmx, sse, sse2, sse3, ssse3, sse4.1, sse4.2, popcnt, avx, aes, clmul, erms, ht, tsc, tscinvbit, tscinv

Memory: 4k page, physical 4094316k(167340k free), swap 5628456k(384032k free)

vm_info: Java HotSpot(TM) 64-Bit Server VM (25.91-b15) for windows-amd64 JRE (1.8.0_91-b15), built on May 20 2016 17:43:15 by "java_re" with MS VC++ 10.0 (VS2010)

time: Sat Jun 17 17:12:46 2017
elapsed time: 17 seconds (0d 0h 0m 17s)

