#
# There is insufficient memory for the Java Runtime Environment to continue.
# Native memory allocation (malloc) failed to allocate 265056 bytes for Chunk::new
# Possible reasons:
#   The system is out of physical RAM or swap space
#   In 32 bit mode, the process size limit was hit
# Possible solutions:
#   Reduce memory load on the system
#   Increase physical memory or swap space
#   Check if swap backing store is full
#   Use 64 bit Java on a 64 bit OS
#   Decrease Java heap size (-Xmx/-Xms)
#   Decrease number of Java threads
#   Decrease Java thread stack sizes (-Xss)
#   Set larger code cache with -XX:ReservedCodeCacheSize=
# This output file may be truncated or incomplete.
#
#  Out of Memory Error (allocation.cpp:390), pid=23344, tid=1664
#
# JRE version: Java(TM) SE Runtime Environment (8.0_91-b15) (build 1.8.0_91-b15)
# Java VM: Java HotSpot(TM) 64-Bit Server VM (25.91-b15 mixed mode windows-amd64 compressed oops)
# Failed to write core dump. Minidumps are not enabled by default on client versions of Windows
#

---------------  T H R E A D  ---------------

Current thread (0x0000000056186800):  JavaThread "C2 CompilerThread1" daemon [_thread_in_native, id=1664, stack(0x0000000056b90000,0x0000000056c90000)]

Stack: [0x0000000056b90000,0x0000000056c90000]
[error occurred during error reporting (printing stack bounds), id 0xc0000005]

Native frames: (J=compiled Java code, j=interpreted, Vv=VM code, C=native code)


Current CompileTask:
C2:  19768 1929       4       com.android.dx.ssa.SsaMethod::isRegALocal (90 bytes)


---------------  P R O C E S S  ---------------

Java Threads: ( => current thread )
  0x000000005618c800 JavaThread "Service Thread" daemon [_thread_blocked, id=25548, stack(0x0000000056c90000,0x0000000056d90000)]
  0x0000000056187000 JavaThread "C1 CompilerThread2" daemon [_thread_blocked, id=22152, stack(0x0000000056670000,0x0000000056770000)]
=>0x0000000056186800 JavaThread "C2 CompilerThread1" daemon [_thread_in_native, id=1664, stack(0x0000000056b90000,0x0000000056c90000)]
  0x000000005612f000 JavaThread "C2 CompilerThread0" daemon [_thread_in_native, id=24664, stack(0x0000000056920000,0x0000000056a20000)]
  0x0000000056129800 JavaThread "Attach Listener" daemon [_thread_blocked, id=25012, stack(0x00000000567e0000,0x00000000568e0000)]
  0x0000000056128800 JavaThread "Signal Dispatcher" daemon [_thread_blocked, id=24944, stack(0x0000000056570000,0x0000000056670000)]
  0x0000000054e0b800 JavaThread "Finalizer" daemon [_thread_blocked, id=24708, stack(0x0000000056020000,0x0000000056120000)]
  0x0000000054dc2800 JavaThread "Reference Handler" daemon [_thread_blocked, id=24724, stack(0x0000000055d70000,0x0000000055e70000)]
  0x0000000001e78000 JavaThread "main" [_thread_in_native, id=24764, stack(0x0000000002100000,0x0000000002200000)]

Other Threads:
  0x0000000054dba800 VMThread [stack: 0x0000000055f00000,0x0000000056000000] [id=24088]
  0x00000000561a1800 WatcherThread [stack: 0x0000000056ee0000,0x0000000056fe0000] [id=4704]

VM state:not at safepoint (normal execution)

VM Mutex/Monitor currently owned by a thread: None

Heap:
 PSYoungGen      total 79360K, used 33714K [0x00000000eab00000, 0x00000000f4600000, 0x0000000100000000)
  eden space 65536K, 31% used [0x00000000eab00000,0x00000000ebf6fc10,0x00000000eeb00000)
  from space 13824K, 92% used [0x00000000f3880000,0x00000000f44fcf68,0x00000000f4600000)
  to   space 2560K, 0% used [0x00000000eeb00000,0x00000000eeb00000,0x00000000eed80000)
 ParOldGen       total 44032K, used 24977K [0x00000000c0000000, 0x00000000c2b00000, 0x00000000eab00000)
  object space 44032K, 56% used [0x00000000c0000000,0x00000000c18645d0,0x00000000c2b00000)
 Metaspace       used 6135K, capacity 7152K, committed 7296K, reserved 1056768K
  class space    used 586K, capacity 616K, committed 640K, reserved 1048576K

Card table byte_map: [0x0000000011890000,0x0000000011aa0000] byte_map_base: 0x0000000011290000

Marking Bits: (ParMarkBitMap*) 0x0000000070572f70
 Begin Bits: [0x0000000012230000, 0x0000000013230000)
 End Bits:   [0x0000000013230000, 0x0000000014230000)

Polling page: 0x0000000000110000

CodeCache: size=245760Kb used=8438Kb max_used=8443Kb free=237321Kb
 bounds [0x00000000024d0000, 0x0000000002d20000, 0x00000000114d0000]
 total_blobs=2113 nmethods=1850 adapters=176
 compilation: enabled

Compilation events (10 events):
Event: 16.165 Thread 0x000000005612f000 nmethod 1906 0x0000000002cc9950 code [0x0000000002cc9aa0, 0x0000000002cc9c18]
Event: 16.204 Thread 0x0000000056187000 1924       3       com.android.dx.rop.code.RegisterSpec::hashCodeOf (30 bytes)
Event: 16.204 Thread 0x0000000056187000 nmethod 1924 0x0000000002ce9d10 code [0x0000000002ce9e80, 0x0000000002cea138]
Event: 16.625 Thread 0x000000005612f000 1922       4       com.android.dx.rop.code.RegisterSpec::equals (51 bytes)
Event: 16.626 Thread 0x0000000056187000 1927       3       com.android.dx.ssa.back.FirstFitLocalCombiningAllocator::findRangeAndAdjust (311 bytes)
Event: 16.628 Thread 0x0000000056187000 nmethod 1927 0x0000000002d06650 code [0x0000000002d06980, 0x0000000002d08798]
Event: 16.663 Thread 0x0000000056186800 1929       4       com.android.dx.ssa.SsaMethod::isRegALocal (90 bytes)
Event: 16.977 Thread 0x000000005612f000 nmethod 1922 0x0000000002cc5610 code [0x0000000002cc5760, 0x0000000002cc5bf8]
Event: 17.374 Thread 0x000000005612f000 1923       4       com.android.dx.ssa.back.FirstFitLocalCombiningAllocator::findNextUnreservedRopReg (68 bytes)
Event: 17.810 Thread 0x000000005612f000 nmethod 1923 0x0000000002d098d0 code [0x0000000002d09a40, 0x0000000002d09ec8]

GC Heap History (10 events):
Event: 3.429 GC heap before
{Heap before GC invocations=2 (full 0):
 PSYoungGen      total 18944K, used 18938K [0x00000000eab00000, 0x00000000ed000000, 0x0000000100000000)
  eden space 16384K, 100% used [0x00000000eab00000,0x00000000ebb00000,0x00000000ebb00000)
  from space 2560K, 99% used [0x00000000ebb00000,0x00000000ebd7ea80,0x00000000ebd80000)
  to   space 2560K, 0% used [0x00000000ecd80000,0x00000000ecd80000,0x00000000ed000000)
 ParOldGen       total 44032K, used 1778K [0x00000000c0000000, 0x00000000c2b00000, 0x00000000eab00000)
  object space 44032K, 4% used [0x00000000c0000000,0x00000000c01bc848,0x00000000c2b00000)
 Metaspace       used 5795K, capacity 6960K, committed 7040K, reserved 1056768K
  class space    used 563K, capacity 616K, committed 640K, reserved 1048576K
Event: 3.579 GC heap after
Heap after GC invocations=2 (full 0):
 PSYoungGen      total 35328K, used 2555K [0x00000000eab00000, 0x00000000ed000000, 0x0000000100000000)
  eden space 32768K, 0% used [0x00000000eab00000,0x00000000eab00000,0x00000000ecb00000)
  from space 2560K, 99% used [0x00000000ecd80000,0x00000000ecffeec8,0x00000000ed000000)
  to   space 2560K, 0% used [0x00000000ecb00000,0x00000000ecb00000,0x00000000ecd80000)
 ParOldGen       total 44032K, used 3993K [0x00000000c0000000, 0x00000000c2b00000, 0x00000000eab00000)
  object space 44032K, 9% used [0x00000000c0000000,0x00000000c03e64a8,0x00000000c2b00000)
 Metaspace       used 5795K, capacity 6960K, committed 7040K, reserved 1056768K
  class space    used 563K, capacity 616K, committed 640K, reserved 1048576K
}
Event: 4.938 GC heap before
{Heap before GC invocations=3 (full 0):
 PSYoungGen      total 35328K, used 35323K [0x00000000eab00000, 0x00000000ed000000, 0x0000000100000000)
  eden space 32768K, 100% used [0x00000000eab00000,0x00000000ecb00000,0x00000000ecb00000)
  from space 2560K, 99% used [0x00000000ecd80000,0x00000000ecffeec8,0x00000000ed000000)
  to   space 2560K, 0% used [0x00000000ecb00000,0x00000000ecb00000,0x00000000ecd80000)
 ParOldGen       total 44032K, used 3993K [0x00000000c0000000, 0x00000000c2b00000, 0x00000000eab00000)
  object space 44032K, 9% used [0x00000000c0000000,0x00000000c03e64a8,0x00000000c2b00000)
 Metaspace       used 5994K, capacity 7024K, committed 7296K, reserved 1056768K
  class space    used 584K, capacity 616K, committed 640K, reserved 1048576K
Event: 5.910 GC heap after
Heap after GC invocations=3 (full 0):
 PSYoungGen      total 35328K, used 2539K [0x00000000eab00000, 0x00000000ef000000, 0x0000000100000000)
  eden space 32768K, 0% used [0x00000000eab00000,0x00000000eab00000,0x00000000ecb00000)
  from space 2560K, 99% used [0x00000000ecb00000,0x00000000ecd7ac88,0x00000000ecd80000)
  to   space 2560K, 0% used [0x00000000eed80000,0x00000000eed80000,0x00000000ef000000)
 ParOldGen       total 44032K, used 8649K [0x00000000c0000000, 0x00000000c2b00000, 0x00000000eab00000)
  object space 44032K, 19% used [0x00000000c0000000,0x00000000c0872528,0x00000000c2b00000)
 Metaspace       used 5994K, capacity 7024K, committed 7296K, reserved 1056768K
  class space    used 584K, capacity 616K, committed 640K, reserved 1048576K
}
Event: 6.527 GC heap before
{Heap before GC invocations=4 (full 0):
 PSYoungGen      total 35328K, used 35307K [0x00000000eab00000, 0x00000000ef000000, 0x0000000100000000)
  eden space 32768K, 100% used [0x00000000eab00000,0x00000000ecb00000,0x00000000ecb00000)
  from space 2560K, 99% used [0x00000000ecb00000,0x00000000ecd7ac88,0x00000000ecd80000)
  to   space 2560K, 0% used [0x00000000eed80000,0x00000000eed80000,0x00000000ef000000)
 ParOldGen       total 44032K, used 8649K [0x00000000c0000000, 0x00000000c2b00000, 0x00000000eab00000)
  object space 44032K, 19% used [0x00000000c0000000,0x00000000c0872528,0x00000000c2b00000)
 Metaspace       used 6063K, capacity 7088K, committed 7296K, reserved 1056768K
  class space    used 585K, capacity 616K, committed 640K, reserved 1048576K
Event: 7.253 GC heap after
Heap after GC invocations=4 (full 0):
 PSYoungGen      total 68096K, used 2539K [0x00000000eab00000, 0x00000000ef000000, 0x0000000100000000)
  eden space 65536K, 0% used [0x00000000eab00000,0x00000000eab00000,0x00000000eeb00000)
  from space 2560K, 99% used [0x00000000eed80000,0x00000000eeffac88,0x00000000ef000000)
  to   space 2560K, 0% used [0x00000000eeb00000,0x00000000eeb00000,0x00000000eed80000)
 ParOldGen       total 44032K, used 14060K [0x00000000c0000000, 0x00000000c2b00000, 0x00000000eab00000)
  object space 44032K, 31% used [0x00000000c0000000,0x00000000c0dbb010,0x00000000c2b00000)
 Metaspace       used 6063K, capacity 7088K, committed 7296K, reserved 1056768K
  class space    used 585K, capacity 616K, committed 640K, reserved 1048576K
}
Event: 10.586 GC heap before
{Heap before GC invocations=5 (full 0):
 PSYoungGen      total 68096K, used 68075K [0x00000000eab00000, 0x00000000ef000000, 0x0000000100000000)
  eden space 65536K, 100% used [0x00000000eab00000,0x00000000eeb00000,0x00000000eeb00000)
  from space 2560K, 99% used [0x00000000eed80000,0x00000000eeffac88,0x00000000ef000000)
  to   space 2560K, 0% used [0x00000000eeb00000,0x00000000eeb00000,0x00000000eed80000)
 ParOldGen       total 44032K, used 14060K [0x00000000c0000000, 0x00000000c2b00000, 0x00000000eab00000)
  object space 44032K, 31% used [0x00000000c0000000,0x00000000c0dbb010,0x00000000c2b00000)
 Metaspace       used 6076K, capacity 7088K, committed 7296K, reserved 1056768K
  class space    used 585K, capacity 616K, committed 640K, reserved 1048576K
Event: 11.279 GC heap after
Heap after GC invocations=5 (full 0):
 PSYoungGen      total 68096K, used 2555K [0x00000000eab00000, 0x00000000f4600000, 0x0000000100000000)
  eden space 65536K, 0% used [0x00000000eab00000,0x00000000eab00000,0x00000000eeb00000)
  from space 2560K, 99% used [0x00000000eeb00000,0x00000000eed7ef40,0x00000000eed80000)
  to   space 13824K, 0% used [0x00000000f3880000,0x00000000f3880000,0x00000000f4600000)
 ParOldGen       total 44032K, used 24969K [0x00000000c0000000, 0x00000000c2b00000, 0x00000000eab00000)
  object space 44032K, 56% used [0x00000000c0000000,0x00000000c18625d0,0x00000000c2b00000)
 Metaspace       used 6076K, capacity 7088K, committed 7296K, reserved 1056768K
  class space    used 585K, capacity 616K, committed 640K, reserved 1048576K
}
Event: 11.866 GC heap before
{Heap before GC invocations=6 (full 0):
 PSYoungGen      total 68096K, used 68091K [0x00000000eab00000, 0x00000000f4600000, 0x0000000100000000)
  eden space 65536K, 100% used [0x00000000eab00000,0x00000000eeb00000,0x00000000eeb00000)
  from space 2560K, 99% used [0x00000000eeb00000,0x00000000eed7ef40,0x00000000eed80000)
  to   space 13824K, 0% used [0x00000000f3880000,0x00000000f3880000,0x00000000f4600000)
 ParOldGen       total 44032K, used 24969K [0x00000000c0000000, 0x00000000c2b00000, 0x00000000eab00000)
  object space 44032K, 56% used [0x00000000c0000000,0x00000000c18625d0,0x00000000c2b00000)
 Metaspace       used 6129K, capacity 7152K, committed 7296K, reserved 1056768K
  class space    used 586K, capacity 616K, committed 640K, reserved 1048576K
Event: 12.972 GC heap after
Heap after GC invocations=6 (full 0):
 PSYoungGen      total 79360K, used 12787K [0x00000000eab00000, 0x00000000f4600000, 0x0000000100000000)
  eden space 65536K, 0% used [0x00000000eab00000,0x00000000eab00000,0x00000000eeb00000)
  from space 13824K, 92% used [0x00000000f3880000,0x00000000f44fcf68,0x00000000f4600000)
  to   space 2560K, 0% used [0x00000000eeb00000,0x00000000eeb00000,0x00000000eed80000)
 ParOldGen       total 44032K, used 24977K [0x00000000c0000000, 0x00000000c2b00000, 0x00000000eab00000)
  object space 44032K, 56% used [0x00000000c0000000,0x00000000c18645d0,0x00000000c2b00000)
 Metaspace       used 6129K, capacity 7152K, committed 7296K, reserved 1056768K
  class space    used 586K, capacity 616K, committed 640K, reserved 1048576K
}

Deoptimization events (10 events):
Event: 6.074 Thread 0x0000000001e78000 Uncommon trap: reason=unstable_if action=reinterpret pc=0x0000000002ab5ef0 method=com.android.dx.rop.code.LocalItem.hashCode()I @ 25
Event: 6.075 Thread 0x0000000001e78000 Uncommon trap: reason=unstable_if action=reinterpret pc=0x000000000275929c method=com.android.dx.rop.code.LocalItem.hashCode()I @ 25
Event: 6.089 Thread 0x0000000001e78000 Uncommon trap: reason=unstable_if action=reinterpret pc=0x0000000002a8f520 method=java.util.HashMap.putVal(ILjava/lang/Object;Ljava/lang/Object;ZZ)Ljava/lang/Object; @ 109
Event: 11.329 Thread 0x0000000001e78000 Uncommon trap: reason=unstable_if action=reinterpret pc=0x0000000002b7f8a0 method=com.android.dx.cf.code.LocalVariableList$Item.matchesPcAndIndex(II)Z @ 13
Event: 11.387 Thread 0x0000000001e78000 Uncommon trap: reason=unstable_if action=reinterpret pc=0x00000000029c012c method=com.android.dx.util.IntList.binarysearch(I)I @ 105
Event: 11.387 Thread 0x0000000001e78000 Uncommon trap: reason=unstable_if action=reinterpret pc=0x0000000002aa94b4 method=com.android.dx.ssa.SsaBasicBlock.newFromRop(Lcom/android/dx/rop/code/RopMethod;ILcom/android/dx/ssa/SsaMethod;)Lcom/android/dx/ssa/SsaBasicBlock; @ 164
Event: 11.388 Thread 0x0000000001e78000 Uncommon trap: reason=unstable_if action=reinterpret pc=0x0000000002acd45c method=com.android.dx.ssa.SsaMethod.blockIndexToRopLabel(I)I @ 1
Event: 11.559 Thread 0x0000000001e78000 Uncommon trap: reason=unstable_if action=reinterpret pc=0x0000000002adc6d0 method=com.android.dx.ssa.SCCP.simulateBranch(Lcom/android/dx/ssa/SsaInsn;)V @ 64
Event: 11.560 Thread 0x0000000001e78000 Uncommon trap: reason=unstable_if action=reinterpret pc=0x0000000002a94298 method=com.android.dx.ssa.LiteralOpUpgrader$1.visitNonMoveInsn(Lcom/android/dx/ssa/NormalSsaInsn;)V @ 55
Event: 11.560 Thread 0x0000000001e78000 Uncommon trap: reason=unstable_if action=reinterpret pc=0x000000000290f74c method=com.android.dx.ssa.SsaMethod.updateOneDefinition(Lcom/android/dx/ssa/SsaInsn;Lcom/android/dx/rop/code/RegisterSpec;)V @ 4

Internal exceptions (5 events):
Event: 0.044 Thread 0x0000000001e78000 Exception <a 'java/lang/NoSuchMethodError': Method sun.misc.Unsafe.defineClass(Ljava/lang/String;[BII)Ljava/lang/Class; name or signature does not match> (0x00000000eab07cc0) thrown at [C:\re\workspace\8-2-build-windows-amd64-cygwin\jdk8u91\7017\hotspot\sr8Bvºk¦?
Event: 0.044 Thread 0x0000000001e78000 Exception <a 'java/lang/NoSuchMethodError': Method sun.misc.Unsafe.prefetchRead(Ljava/lang/Object;J)V name or signature does not match> (0x00000000eab07fa8) thrown at [C:\re\workspace\8-2-build-windows-amd64-cygwin\jdk8u91\7017\hotspot\src\share\vm\prims\jw;î½¾@
Event: 3.843 Thread 0x0000000001e78000 Exception <a 'java/lang/ArrayIndexOutOfBoundsException': 18> (0x00000000eb96c048) thrown at [C:\re\workspace\8-2-build-windows-amd64-cygwin\jdk8u91\7017\hotspot\src\share\vm\interpreter\interpreterRuntime.cpp, line 366]
Event: 3.843 Thread 0x0000000001e78000 Exception <a 'java/lang/ArrayIndexOutOfBoundsException': 145> (0x00000000eb96dbc8) thrown at [C:\re\workspace\8-2-build-windows-amd64-cygwin\jdk8u91\7017\hotspot\src\share\vm\interpreter\interpreterRuntime.cpp, line 366]
Event: 3.845 Thread 0x0000000001e78000 Exception <a 'java/lang/ArrayIndexOutOfBoundsException'> (0x00000000eb96eeb0) thrown at [C:\re\workspace\8-2-build-windows-amd64-cygwin\jdk8u91\7017\hotspot\src\share\vm\runtime\sharedRuntime.cpp, line 605]

Events (10 events):
Event: 11.560 Thread 0x0000000001e78000 Uncommon trap: trap_request=0xffffff65 fr.pc=0x0000000002a94298
Event: 11.560 Thread 0x0000000001e78000 DEOPT PACKING pc=0x0000000002a94298 sp=0x00000000021fe3a0
Event: 11.560 Thread 0x0000000001e78000 DEOPT UNPACKING pc=0x000000000251582a sp=0x00000000021fe380 mode 2
Event: 11.560 loading class com/android/dx/rop/code/RegOps
Event: 11.560 loading class com/android/dx/rop/code/RegOps done
Event: 11.560 Thread 0x0000000001e78000 Uncommon trap: trap_request=0xffffff65 fr.pc=0x000000000290f74c
Event: 11.560 Thread 0x0000000001e78000 DEOPT PACKING pc=0x000000000290f74c sp=0x00000000021fe1e0
Event: 11.560 Thread 0x0000000001e78000 DEOPT UNPACKING pc=0x000000000251582a sp=0x00000000021fe188 mode 2
Event: 11.814 Executing VM operation: ParallelGCFailedAllocation
Event: 13.274 Executing VM operation: ParallelGCFailedAllocation done


Dynamic libraries:
0x000000013f7a0000 - 0x000000013f7d7000 	C:\Program Files\Java\jdk1.8.0_91\bin\java.exe
0x0000000077340000 - 0x00000000774ea000 	C:\Windows\SYSTEM32\ntdll.dll
0x0000000077220000 - 0x000000007733f000 	C:\Windows\system32\kernel32.dll
0x000007fefd090000 - 0x000007fefd0fa000 	C:\Windows\system32\KERNELBASE.dll
0x000007fefead0000 - 0x000007fefebab000 	C:\Windows\system32\ADVAPI32.dll
0x000007feff5b0000 - 0x000007feff64f000 	C:\Windows\system32\msvcrt.dll
0x000007fefe860000 - 0x000007fefe87f000 	C:\Windows\SYSTEM32\sechost.dll
0x000007fefed20000 - 0x000007fefee4d000 	C:\Windows\system32\RPCRT4.dll
0x0000000077120000 - 0x000000007721a000 	C:\Windows\system32\USER32.dll
0x000007fefea60000 - 0x000007fefeac7000 	C:\Windows\system32\GDI32.dll
0x000007fefd6f0000 - 0x000007fefd6fe000 	C:\Windows\system32\LPK.dll
0x000007fefd620000 - 0x000007fefd6ea000 	C:\Windows\system32\USP10.dll
0x000007fefc130000 - 0x000007fefc324000 	C:\Windows\WinSxS\amd64_microsoft.windows.common-controls_6595b64144ccf1df_6.0.7601.17514_none_fa396087175ac9ac\COMCTL32.dll
0x000007fefe5d0000 - 0x000007fefe641000 	C:\Windows\system32\SHLWAPI.dll
0x000007fefe880000 - 0x000007fefe8ae000 	C:\Windows\system32\IMM32.DLL
0x000007feff120000 - 0x000007feff229000 	C:\Windows\system32\MSCTF.dll
0x0000000073a40000 - 0x0000000073b12000 	C:\Program Files\Java\jdk1.8.0_91\jre\bin\msvcr100.dll
0x000000006fd60000 - 0x00000000705f3000 	C:\Program Files\Java\jdk1.8.0_91\jre\bin\server\jvm.dll
0x000007fef57c0000 - 0x000007fef57c9000 	C:\Windows\system32\WSOCK32.dll
0x000007fefecd0000 - 0x000007fefed1d000 	C:\Windows\system32\WS2_32.dll
0x000007fefd610000 - 0x000007fefd618000 	C:\Windows\system32\NSI.dll
0x000007feface0000 - 0x000007fefad1b000 	C:\Windows\system32\WINMM.dll
0x000007fefbdd0000 - 0x000007fefbddc000 	C:\Windows\system32\VERSION.dll
0x0000000077510000 - 0x0000000077517000 	C:\Windows\system32\PSAPI.DLL
0x00000000749c0000 - 0x00000000749cf000 	C:\Program Files\Java\jdk1.8.0_91\jre\bin\verify.dll
0x00000000747d0000 - 0x00000000747f9000 	C:\Program Files\Java\jdk1.8.0_91\jre\bin\java.dll
0x0000000074980000 - 0x0000000074996000 	C:\Program Files\Java\jdk1.8.0_91\jre\bin\zip.dll
0x000007fefd700000 - 0x000007fefe488000 	C:\Windows\system32\SHELL32.dll
0x000007fefe650000 - 0x000007fefe853000 	C:\Windows\system32\ole32.dll
0x000007fefd070000 - 0x000007fefd07f000 	C:\Windows\system32\profapi.dll

VM Arguments:
jvm_args: -Djava.awt.headless=true -Xmx1024M -Dfile.encoding=windows-1256 -Duser.country=US -Duser.language=en -Duser.variant 
java_command: com.android.dx.command.Main --dex --force-jumbo --output E:\User\AndroidStudioProjects\Sunshine-Version-2\app\build\intermediates\pre-dexed\debug\com.android.support-support-v4-21.0.3_3035d9c83d7289f90d6f43d640a8c8de139a0846.jar E:\User\AndroidStudioProjects\Sunshine-Version-2\app\build\intermediates\exploded-aar\com.android.support\support-v4\21.0.3\jars\classes.jar
java_class_path (initial): E:\User\AppData\Local\Android\sdk\build-tools\21.1.2\lib\dx.jar
Launcher Type: SUN_STANDARD

Environment Variables:
PATH=C:\oracle\product\10.2.0\db_2\bin;C:\oracle\product\10.2.0\db_1\bin;C:\ProgramData\Oracle\Java\javapath;C:\Windows\System32;C:\Windows\SysWOW64;C:\opencv248\build\x86\vc10\bin;C:\Python27;C:\Program Files (x86)\CodeBlocks\MinGW\bin;E:\programs\Matlab\R2013a\bin;C:\Program Files\IVI Foundation\VISA\Win64\Bin\;C:\Program Files (x86)\IVI Foundation\VISA\WinNT\Bin\;C:\Program Files (x86)\IVI Foundation\VISA\WinNT\Bin;C:\Program Files (x86)\Tesseract-OCR;E:\User\AppData\Local\Android\sdk\tools\lib;E:\Program Files\Git\cmd;E:\User\AppData\Local\Android\sdk\platform-tools;C:\Program Files\Canopy\User;C:\Program Files\Canopy\User\Scripts
USERNAME=user
OS=Windows_NT
PROCESSOR_IDENTIFIER=Intel64 Family 6 Model 58 Stepping 9, GenuineIntel



---------------  S Y S T E M  ---------------

OS: Windows 7 , 64 bit Build 7601 (6.1.7601.23572)

CPU:total 4 (2 cores per cpu, 2 threads per core) family 6 model 58 stepping 9, cmov, cx8, fxsr, mmx, sse, sse2, sse3, ssse3, sse4.1, sse4.2, popcnt, avx, aes, clmul, erms, ht, tsc, tscinvbit, tscinv

Memory: 4k page, physical 4094316k(42320k free), swap 5628456k(8260k free)

vm_info: Java HotSpot(TM) 64-Bit Server VM (25.91-b15) for windows-amd64 JRE (1.8.0_91-b15), built on May 20 2016 17:43:15 by "java_re" with MS VC++ 10.0 (VS2010)

time: Mon Jul 03 21:10:04 2017
elapsed time: 20 seconds (0d 0h 0m 20s)

