#
# There is insufficient memory for the Java Runtime Environment to continue.
# Native memory allocation (malloc) failed to allocate 32744 bytes for ChunkPool::allocate
# Possible reasons:
#   The system is out of physical RAM or swap space
#   In 32 bit mode, the process size limit was hit
# Possible solutions:
#   Reduce memory load on the system
#   Increase physical memory or swap space
#   Check if swap backing store is full
#   Use 64 bit Java on a 64 bit OS
#   Decrease Java heap size (-Xmx/-Xms)
#   Decrease number of Java threads
#   Decrease Java thread stack sizes (-Xss)
#   Set larger code cache with -XX:ReservedCodeCacheSize=
# This output file may be truncated or incomplete.
#
#  Out of Memory Error (allocation.cpp:273), pid=1992, tid=7020
#
# JRE version: Java(TM) SE Runtime Environment (8.0_91-b15) (build 1.8.0_91-b15)
# Java VM: Java HotSpot(TM) 64-Bit Server VM (25.91-b15 mixed mode windows-amd64 compressed oops)
# Failed to write core dump. Minidumps are not enabled by default on client versions of Windows
#

---------------  T H R E A D  ---------------

Current thread (0x000000005635a000):  JavaThread "C2 CompilerThread1" daemon [_thread_in_native, id=7020, stack(0x0000000056b80000,0x0000000056c80000)]

Stack: [0x0000000056b80000,0x0000000056c80000]
[error occurred during error reporting (printing stack bounds), id 0xc0000005]

Native frames: (J=compiled Java code, j=interpreted, Vv=VM code, C=native code)


Current CompileTask:
C2:   7542 1592   !   4       com.android.dx.cf.code.Ropper::processBlock (1101 bytes)


---------------  P R O C E S S  ---------------

Java Threads: ( => current thread )
  0x0000000054e9f000 JavaThread "Service Thread" daemon [_thread_blocked, id=5508, stack(0x0000000056f80000,0x0000000057080000)]
  0x000000005635b800 JavaThread "C1 CompilerThread2" daemon [_thread_in_vm, id=3996, stack(0x0000000056df0000,0x0000000056ef0000)]
=>0x000000005635a000 JavaThread "C2 CompilerThread1" daemon [_thread_in_native, id=7020, stack(0x0000000056b80000,0x0000000056c80000)]
  0x0000000056357800 JavaThread "C2 CompilerThread0" daemon [_thread_in_native, id=4520, stack(0x0000000056a50000,0x0000000056b50000)]
  0x0000000056352800 JavaThread "Attach Listener" daemon [_thread_blocked, id=5128, stack(0x0000000056950000,0x0000000056a50000)]
  0x0000000054e8d800 JavaThread "Signal Dispatcher" daemon [_thread_blocked, id=5724, stack(0x0000000056820000,0x0000000056920000)]
  0x0000000054e79800 JavaThread "Finalizer" daemon [_thread_blocked, id=2128, stack(0x0000000056250000,0x0000000056350000)]
  0x0000000054e32800 JavaThread "Reference Handler" daemon [_thread_blocked, id=5376, stack(0x0000000056020000,0x0000000056120000)]
  0x0000000001e68000 JavaThread "main" [_thread_blocked, id=5172, stack(0x0000000002220000,0x0000000002320000)]

Other Threads:
  0x0000000054e2a800 VMThread [stack: 0x0000000055e70000,0x0000000055f70000] [id=4380]
  0x0000000056418000 WatcherThread [stack: 0x00000000571a0000,0x00000000572a0000] [id=5308]

VM state:synchronizing (normal execution)

VM Mutex/Monitor currently owned by a thread:  ([mutex/lock_event])
[0x0000000001f5c940] Threads_lock - owner thread: 0x0000000054e2a800

Heap:
 PSYoungGen      total 35328K, used 9098K [0x00000000eab00000, 0x00000000ef000000, 0x0000000100000000)
  eden space 32768K, 19% used [0x00000000eab00000,0x00000000eb165768,0x00000000ecb00000)
  from space 2560K, 99% used [0x00000000ecb00000,0x00000000ecd7d268,0x00000000ecd80000)
  to   space 2560K, 0% used [0x00000000eed80000,0x00000000eed80000,0x00000000ef000000)
 ParOldGen       total 44032K, used 8849K [0x00000000c0000000, 0x00000000c2b00000, 0x00000000eab00000)
  object space 44032K, 20% used [0x00000000c0000000,0x00000000c08a47d8,0x00000000c2b00000)
 Metaspace       used 6012K, capacity 7088K, committed 7296K, reserved 1056768K
  class space    used 584K, capacity 616K, committed 640K, reserved 1048576K

Card table byte_map: [0x00000000119b0000,0x0000000011bc0000] byte_map_base: 0x00000000113b0000

Marking Bits: (ParMarkBitMap*) 0x000000006d642f70
 Begin Bits: [0x00000000122a0000, 0x00000000132a0000)
 End Bits:   [0x00000000132a0000, 0x00000000142a0000)

Polling page: 0x0000000000210000

CodeCache: size=245760Kb used=7147Kb max_used=7152Kb free=238612Kb
 bounds [0x00000000025f0000, 0x0000000002d00000, 0x00000000115f0000]
 total_blobs=1861 nmethods=1598 adapters=176
 compilation: enabled

Compilation events (10 events):
Event: 6.570 Thread 0x0000000056357800 nmethod 1610 0x0000000002c89890 code [0x0000000002c899c0, 0x0000000002c89a18]
Event: 6.571 Thread 0x0000000056357800 1611   !   4       com.android.dx.cf.code.BytecodeArray::parseInstruction (2764 bytes)
Event: 6.723 Thread 0x000000005635b800 1616       1       com.android.dx.util.ByteArray::getByte0 (12 bytes)
Event: 6.723 Thread 0x000000005635b800 nmethod 1616 0x0000000002cd8390 code [0x0000000002cd84e0, 0x0000000002cd8610]
Event: 6.725 Thread 0x000000005635b800 1617       3       java.util.Collections$UnmodifiableList::get (11 bytes)
Event: 6.725 Thread 0x000000005635b800 nmethod 1617 0x0000000002c68f90 code [0x0000000002c69100, 0x0000000002c69328]
Event: 6.727 Thread 0x000000005635b800 1618       3       com.android.dx.util.ByteArray::getShort (25 bytes)
Event: 6.728 Thread 0x000000005635b800 nmethod 1618 0x0000000002cc3250 code [0x0000000002cc33c0, 0x0000000002cc3688]
Event: 6.730 Thread 0x000000005635b800 1624       3       com.android.dx.rop.code.Rops::opReturn (89 bytes)
Event: 6.731 Thread 0x000000005635b800 nmethod 1624 0x0000000002cbce50 code [0x0000000002cbd080, 0x0000000002cbdc58]

GC Heap History (6 events):
Event: 1.853 GC heap before
{Heap before GC invocations=1 (full 0):
 PSYoungGen      total 18944K, used 16384K [0x00000000eab00000, 0x00000000ec000000, 0x0000000100000000)
  eden space 16384K, 100% used [0x00000000eab00000,0x00000000ebb00000,0x00000000ebb00000)
  from space 2560K, 0% used [0x00000000ebd80000,0x00000000ebd80000,0x00000000ec000000)
  to   space 2560K, 0% used [0x00000000ebb00000,0x00000000ebb00000,0x00000000ebd80000)
 ParOldGen       total 44032K, used 0K [0x00000000c0000000, 0x00000000c2b00000, 0x00000000eab00000)
  object space 44032K, 0% used [0x00000000c0000000,0x00000000c0000000,0x00000000c2b00000)
 Metaspace       used 5507K, capacity 6704K, committed 6784K, reserved 1056768K
  class space    used 559K, capacity 616K, committed 640K, reserved 1048576K
Event: 2.090 GC heap after
Heap after GC invocations=1 (full 0):
 PSYoungGen      total 18944K, used 2538K [0x00000000eab00000, 0x00000000ed000000, 0x0000000100000000)
  eden space 16384K, 0% used [0x00000000eab00000,0x00000000eab00000,0x00000000ebb00000)
  from space 2560K, 99% used [0x00000000ebb00000,0x00000000ebd7aaa8,0x00000000ebd80000)
  to   space 2560K, 0% used [0x00000000ecd80000,0x00000000ecd80000,0x00000000ed000000)
 ParOldGen       total 44032K, used 1747K [0x00000000c0000000, 0x00000000c2b00000, 0x00000000eab00000)
  object space 44032K, 3% used [0x00000000c0000000,0x00000000c01b4df8,0x00000000c2b00000)
 Metaspace       used 5507K, capacity 6704K, committed 6784K, reserved 1056768K
  class space    used 559K, capacity 616K, committed 640K, reserved 1048576K
}
Event: 3.149 GC heap before
{Heap before GC invocations=2 (full 0):
 PSYoungGen      total 18944K, used 18922K [0x00000000eab00000, 0x00000000ed000000, 0x0000000100000000)
  eden space 16384K, 100% used [0x00000000eab00000,0x00000000ebb00000,0x00000000ebb00000)
  from space 2560K, 99% used [0x00000000ebb00000,0x00000000ebd7aaa8,0x00000000ebd80000)
  to   space 2560K, 0% used [0x00000000ecd80000,0x00000000ecd80000,0x00000000ed000000)
 ParOldGen       total 44032K, used 1747K [0x00000000c0000000, 0x00000000c2b00000, 0x00000000eab00000)
  object space 44032K, 3% used [0x00000000c0000000,0x00000000c01b4df8,0x00000000c2b00000)
 Metaspace       used 5846K, capacity 7024K, committed 7296K, reserved 1056768K
  class space    used 563K, capacity 616K, committed 640K, reserved 1048576K
Event: 3.257 GC heap after
Heap after GC invocations=2 (full 0):
 PSYoungGen      total 35328K, used 2528K [0x00000000eab00000, 0x00000000ed000000, 0x0000000100000000)
  eden space 32768K, 0% used [0x00000000eab00000,0x00000000eab00000,0x00000000ecb00000)
  from space 2560K, 98% used [0x00000000ecd80000,0x00000000ecff8028,0x00000000ed000000)
  to   space 2560K, 0% used [0x00000000ecb00000,0x00000000ecb00000,0x00000000ecd80000)
 ParOldGen       total 44032K, used 4127K [0x00000000c0000000, 0x00000000c2b00000, 0x00000000eab00000)
  object space 44032K, 9% used [0x00000000c0000000,0x00000000c0407d48,0x00000000c2b00000)
 Metaspace       used 5846K, capacity 7024K, committed 7296K, reserved 1056768K
  class space    used 563K, capacity 616K, committed 640K, reserved 1048576K
}
Event: 5.692 GC heap before
{Heap before GC invocations=3 (full 0):
 PSYoungGen      total 35328K, used 35296K [0x00000000eab00000, 0x00000000ed000000, 0x0000000100000000)
  eden space 32768K, 100% used [0x00000000eab00000,0x00000000ecb00000,0x00000000ecb00000)
  from space 2560K, 98% used [0x00000000ecd80000,0x00000000ecff8028,0x00000000ed000000)
  to   space 2560K, 0% used [0x00000000ecb00000,0x00000000ecb00000,0x00000000ecd80000)
 ParOldGen       total 44032K, used 4127K [0x00000000c0000000, 0x00000000c2b00000, 0x00000000eab00000)
  object space 44032K, 9% used [0x00000000c0000000,0x00000000c0407d48,0x00000000c2b00000)
 Metaspace       used 6011K, capacity 7088K, committed 7296K, reserved 1056768K
  class space    used 584K, capacity 616K, committed 640K, reserved 1048576K
Event: 5.907 GC heap after
Heap after GC invocations=3 (full 0):
 PSYoungGen      total 35328K, used 2548K [0x00000000eab00000, 0x00000000ef000000, 0x0000000100000000)
  eden space 32768K, 0% used [0x00000000eab00000,0x00000000eab00000,0x00000000ecb00000)
  from space 2560K, 99% used [0x00000000ecb00000,0x00000000ecd7d268,0x00000000ecd80000)
  to   space 2560K, 0% used [0x00000000eed80000,0x00000000eed80000,0x00000000ef000000)
 ParOldGen       total 44032K, used 8849K [0x00000000c0000000, 0x00000000c2b00000, 0x00000000eab00000)
  object space 44032K, 20% used [0x00000000c0000000,0x00000000c08a47d8,0x00000000c2b00000)
 Metaspace       used 6011K, capacity 7088K, committed 7296K, reserved 1056768K
  class space    used 584K, capacity 616K, committed 640K, reserved 1048576K
}

Deoptimization events (10 events):
Event: 3.875 Thread 0x0000000001e68000 Uncommon trap: reason=unstable_if action=reinterpret pc=0x0000000002bcc6b0 method=com.android.dx.rop.code.RegisterSpec.equals(ILcom/android/dx/rop/type/TypeBearer;Lcom/android/dx/rop/code/LocalItem;)Z @ 42
Event: 3.875 Thread 0x0000000001e68000 Uncommon trap: reason=unstable_if action=reinterpret pc=0x0000000002c1ae00 method=com.android.dx.rop.code.RegisterSpec.equals(ILcom/android/dx/rop/type/TypeBearer;Lcom/android/dx/rop/code/LocalItem;)Z @ 42
Event: 3.957 Thread 0x0000000001e68000 Uncommon trap: reason=unstable_if action=reinterpret pc=0x00000000029173a0 method=java.util.HashMap.putVal(ILjava/lang/Object;Ljava/lang/Object;ZZ)Ljava/lang/Object; @ 162
Event: 3.960 Thread 0x0000000001e68000 Uncommon trap: reason=unstable_if action=reinterpret pc=0x0000000002b931d8 method=java.util.HashMap.getNode(ILjava/lang/Object;)Ljava/util/HashMap$Node; @ 84
Event: 4.027 Thread 0x0000000001e68000 Uncommon trap: reason=unstable_if action=reinterpret pc=0x0000000002c08088 method=java.util.HashMap.resize()[Ljava/util/HashMap$Node; @ 206
Event: 4.590 Thread 0x0000000001e68000 Uncommon trap: reason=unstable_if action=reinterpret pc=0x0000000002bd8f00 method=com.android.dx.util.BitIntSet.has(I)Z @ 8
Event: 5.670 Thread 0x0000000001e68000 Uncommon trap: reason=bimorphic action=maybe_recompile pc=0x0000000002cc6ba0 method=com.android.dx.cf.code.BytecodeArray.parseInstruction(ILcom/android/dx/cf/code/BytecodeArray$Visitor;)I @ 1501
Event: 5.670 Thread 0x0000000001e68000 Uncommon trap: reason=bimorphic action=maybe_recompile pc=0x0000000002cc6ba0 method=com.android.dx.cf.code.BytecodeArray.parseInstruction(ILcom/android/dx/cf/code/BytecodeArray$Visitor;)I @ 1501
Event: 6.566 Thread 0x0000000001e68000 Uncommon trap: reason=bimorphic action=maybe_recompile pc=0x0000000002cc8e80 method=com.android.dx.cf.code.BytecodeArray.parseInstruction(ILcom/android/dx/cf/code/BytecodeArray$Visitor;)I @ 2281
Event: 6.567 Thread 0x0000000001e68000 Uncommon trap: reason=bimorphic action=maybe_recompile pc=0x0000000002cc8e80 method=com.android.dx.cf.code.BytecodeArray.parseInstruction(ILcom/android/dx/cf/code/BytecodeArray$Visitor;)I @ 2281

Internal exceptions (7 events):
Event: 0.041 Thread 0x0000000001e68000 Exception <a 'java/lang/NoSuchMethodError': Method sun.misc.Unsafe.defineClass(Ljava/lang/String;[BII)Ljava/lang/Class; name or signature does not match> (0x00000000eab07cc0) thrown at [C:\re\workspace\8-2-build-windows-amd64-cygwin\jdk8u91\7017\hotspot\sraZO”:H¥?
Event: 0.042 Thread 0x0000000001e68000 Exception <a 'java/lang/NoSuchMethodError': Method sun.misc.Unsafe.prefetchRead(Ljava/lang/Object;J)V name or signature does not match> (0x00000000eab07fa8) thrown at [C:\re\workspace\8-2-build-windows-amd64-cygwin\jdk8u91\7017\hotspot\src\share\vm\prims\jˆC’€	@
Event: 3.134 Thread 0x0000000001e68000 Implicit null exception at 0x000000000290f312 to 0x000000000290f411
Event: 3.562 Thread 0x0000000001e68000 Implicit null exception at 0x00000000028cdcd4 to 0x00000000028cfe71
Event: 3.958 Thread 0x0000000001e68000 Exception <a 'java/lang/ArrayIndexOutOfBoundsException': 18> (0x00000000eb91d888) thrown at [C:\re\workspace\8-2-build-windows-amd64-cygwin\jdk8u91\7017\hotspot\src\share\vm\interpreter\interpreterRuntime.cpp, line 366]
Event: 3.959 Thread 0x0000000001e68000 Exception <a 'java/lang/ArrayIndexOutOfBoundsException'> (0x00000000eb91f408) thrown at [C:\re\workspace\8-2-build-windows-amd64-cygwin\jdk8u91\7017\hotspot\src\share\vm\runtime\sharedRuntime.cpp, line 605]
Event: 3.960 Thread 0x0000000001e68000 Exception <a 'java/lang/ArrayIndexOutOfBoundsException'> (0x00000000eb9206f0) thrown at [C:\re\workspace\8-2-build-windows-amd64-cygwin\jdk8u91\7017\hotspot\src\share\vm\runtime\sharedRuntime.cpp, line 605]

Events (10 events):
Event: 5.670 Thread 0x0000000001e68000 DEOPT PACKING pc=0x0000000002cc6ba0 sp=0x000000000231e740
Event: 5.670 Thread 0x0000000001e68000 DEOPT UNPACKING pc=0x000000000263582a sp=0x000000000231e6e0 mode 2
Event: 5.692 Executing VM operation: ParallelGCFailedAllocation
Event: 5.907 Executing VM operation: ParallelGCFailedAllocation done
Event: 6.566 Thread 0x0000000001e68000 Uncommon trap: trap_request=0xffffffc6 fr.pc=0x0000000002cc8e80
Event: 6.566 Thread 0x0000000001e68000 DEOPT PACKING pc=0x0000000002cc8e80 sp=0x000000000231e8f0
Event: 6.566 Thread 0x0000000001e68000 DEOPT UNPACKING pc=0x000000000263582a sp=0x000000000231e8a0 mode 2
Event: 6.567 Thread 0x0000000001e68000 Uncommon trap: trap_request=0xffffffc6 fr.pc=0x0000000002cc8e80
Event: 6.567 Thread 0x0000000001e68000 DEOPT PACKING pc=0x0000000002cc8e80 sp=0x000000000231e740
Event: 6.567 Thread 0x0000000001e68000 DEOPT UNPACKING pc=0x000000000263582a sp=0x000000000231e6f0 mode 2


Dynamic libraries:
0x000000013fb30000 - 0x000000013fb67000 	C:\Program Files\Java\jdk1.8.0_91\bin\java.exe
0x0000000077690000 - 0x000000007783a000 	C:\Windows\SYSTEM32\ntdll.dll
0x0000000077470000 - 0x000000007758f000 	C:\Windows\system32\kernel32.dll
0x000007fefd3e0000 - 0x000007fefd44a000 	C:\Windows\system32\KERNELBASE.dll
0x000007feff6d0000 - 0x000007feff7ab000 	C:\Windows\system32\ADVAPI32.dll
0x000007feff900000 - 0x000007feff99f000 	C:\Windows\system32\msvcrt.dll
0x000007feff340000 - 0x000007feff35f000 	C:\Windows\SYSTEM32\sechost.dll
0x000007fefec60000 - 0x000007fefed8d000 	C:\Windows\system32\RPCRT4.dll
0x0000000077590000 - 0x000000007768a000 	C:\Windows\system32\USER32.dll
0x000007fefed90000 - 0x000007fefedf7000 	C:\Windows\system32\GDI32.dll
0x000007fefd960000 - 0x000007fefd96e000 	C:\Windows\system32\LPK.dll
0x000007fefd890000 - 0x000007fefd95a000 	C:\Windows\system32\USP10.dll
0x000007fefc430000 - 0x000007fefc624000 	C:\Windows\WinSxS\amd64_microsoft.windows.common-controls_6595b64144ccf1df_6.0.7601.17514_none_fa396087175ac9ac\COMCTL32.dll
0x000007fefef80000 - 0x000007fefeff1000 	C:\Windows\system32\SHLWAPI.dll
0x000007fefe700000 - 0x000007fefe72e000 	C:\Windows\system32\IMM32.DLL
0x000007fefd780000 - 0x000007fefd889000 	C:\Windows\system32\MSCTF.dll
0x000000006e160000 - 0x000000006e232000 	C:\Program Files\Java\jdk1.8.0_91\jre\bin\msvcr100.dll
0x000000006ce30000 - 0x000000006d6c3000 	C:\Program Files\Java\jdk1.8.0_91\jre\bin\server\jvm.dll
0x000007fef0bc0000 - 0x000007fef0bc9000 	C:\Windows\system32\WSOCK32.dll
0x000007fefec10000 - 0x000007fefec5d000 	C:\Windows\system32\WS2_32.dll
0x000007feff7b0000 - 0x000007feff7b8000 	C:\Windows\system32\NSI.dll
0x000007fefb350000 - 0x000007fefb38b000 	C:\Windows\system32\WINMM.dll
0x000007fefc0f0000 - 0x000007fefc0fc000 	C:\Windows\system32\VERSION.dll
0x0000000077850000 - 0x0000000077857000 	C:\Windows\system32\PSAPI.DLL
0x0000000074a90000 - 0x0000000074a9f000 	C:\Program Files\Java\jdk1.8.0_91\jre\bin\verify.dll
0x0000000073df0000 - 0x0000000073e19000 	C:\Program Files\Java\jdk1.8.0_91\jre\bin\java.dll
0x0000000073dd0000 - 0x0000000073de6000 	C:\Program Files\Java\jdk1.8.0_91\jre\bin\zip.dll
0x000007fefd970000 - 0x000007fefe6f8000 	C:\Windows\system32\SHELL32.dll
0x000007fefea00000 - 0x000007fefec03000 	C:\Windows\system32\ole32.dll
0x000007fefd3d0000 - 0x000007fefd3df000 	C:\Windows\system32\profapi.dll

VM Arguments:
jvm_args: -Djava.awt.headless=true -Xmx1024M -Dfile.encoding=windows-1256 -Duser.country=US -Duser.language=en -Duser.variant 
java_command: com.android.dx.command.Main --dex --force-jumbo --output E:\User\AndroidStudioProjects\Sunshine-Version-2\app\build\intermediates\pre-dexed\debug\com.android.support-support-v4-21.0.3_3035d9c83d7289f90d6f43d640a8c8de139a0846.jar E:\User\AndroidStudioProjects\Sunshine-Version-2\app\build\intermediates\exploded-aar\com.android.support\support-v4\21.0.3\jars\classes.jar
java_class_path (initial): E:\User\AppData\Local\Android\sdk\build-tools\21.1.2\lib\dx.jar
Launcher Type: SUN_STANDARD

Environment Variables:
PATH=C:\oracle\product\10.2.0\db_2\bin;C:\oracle\product\10.2.0\db_1\bin;C:\ProgramData\Oracle\Java\javapath;C:\Windows\System32;C:\Windows\SysWOW64;C:\opencv248\build\x86\vc10\bin;C:\Python27;C:\Program Files (x86)\CodeBlocks\MinGW\bin;E:\programs\Matlab\R2013a\bin;C:\Program Files\IVI Foundation\VISA\Win64\Bin\;C:\Program Files (x86)\IVI Foundation\VISA\WinNT\Bin\;C:\Program Files (x86)\IVI Foundation\VISA\WinNT\Bin;C:\Program Files (x86)\Tesseract-OCR;E:\User\AppData\Local\Android\sdk\tools\lib;E:\Program Files\Git\cmd;E:\User\AppData\Local\Android\sdk\platform-tools;C:\Program Files\Canopy\User;C:\Program Files\Canopy\User\Scripts
USERNAME=user
OS=Windows_NT
PROCESSOR_IDENTIFIER=Intel64 Family 6 Model 58 Stepping 9, GenuineIntel



---------------  S Y S T E M  ---------------

OS: Windows 7 , 64 bit Build 7601 (6.1.7601.23572)

CPU:total 4 (2 cores per cpu, 2 threads per core) family 6 model 58 stepping 9, cmov, cx8, fxsr, mmx, sse, sse2, sse3, ssse3, sse4.1, sse4.2, popcnt, avx, aes, clmul, erms, ht, tsc, tscinvbit, tscinv

Memory: 4k page, physical 4094316k(94496k free), swap 5628456k(5032k free)

vm_info: Java HotSpot(TM) 64-Bit Server VM (25.91-b15) for windows-amd64 JRE (1.8.0_91-b15), built on May 20 2016 17:43:15 by "java_re" with MS VC++ 10.0 (VS2010)

time: Sat Jun 17 22:38:13 2017
elapsed time: 7 seconds (0d 0h 0m 7s)

