#
# There is insufficient memory for the Java Runtime Environment to continue.
# Native memory allocation (malloc) failed to allocate 2370176 bytes for Chunk::new
# Possible reasons:
#   The system is out of physical RAM or swap space
#   In 32 bit mode, the process size limit was hit
# Possible solutions:
#   Reduce memory load on the system
#   Increase physical memory or swap space
#   Check if swap backing store is full
#   Use 64 bit Java on a 64 bit OS
#   Decrease Java heap size (-Xmx/-Xms)
#   Decrease number of Java threads
#   Decrease Java thread stack sizes (-Xss)
#   Set larger code cache with -XX:ReservedCodeCacheSize=
# This output file may be truncated or incomplete.
#
#  Out of Memory Error (allocation.cpp:390), pid=5368, tid=11068
#
# JRE version: Java(TM) SE Runtime Environment (8.0_91-b15) (build 1.8.0_91-b15)
# Java VM: Java HotSpot(TM) 64-Bit Server VM (25.91-b15 mixed mode windows-amd64 compressed oops)
# Failed to write core dump. Minidumps are not enabled by default on client versions of Windows
#

---------------  T H R E A D  ---------------

Current thread (0x0000000056227800):  JavaThread "C2 CompilerThread0" daemon [_thread_in_native, id=11068, stack(0x0000000056a70000,0x0000000056b70000)]

Stack: [0x0000000056a70000,0x0000000056b70000]
[error occurred during error reporting (printing stack bounds), id 0xc0000005]

Native frames: (J=compiled Java code, j=interpreted, Vv=VM code, C=native code)


Current CompileTask:
C2:  15027 1834   !   4       com.android.dx.cf.cst.ConstantPoolParser::parse0 (731 bytes)


---------------  P R O C E S S  ---------------

Java Threads: ( => current thread )
  0x00000000562b5000 JavaThread "Service Thread" daemon [_thread_blocked, id=6924, stack(0x0000000056ff0000,0x00000000570f0000)]
  0x0000000054c6f000 JavaThread "C1 CompilerThread2" daemon [_thread_blocked, id=10232, stack(0x0000000056e00000,0x0000000056f00000)]
  0x0000000056229800 JavaThread "C2 CompilerThread1" daemon [_thread_in_native, id=7232, stack(0x0000000056cd0000,0x0000000056dd0000)]
=>0x0000000056227800 JavaThread "C2 CompilerThread0" daemon [_thread_in_native, id=11068, stack(0x0000000056a70000,0x0000000056b70000)]
  0x0000000056222800 JavaThread "Attach Listener" daemon [_thread_blocked, id=10948, stack(0x00000000568a0000,0x00000000569a0000)]
  0x0000000054c5d800 JavaThread "Signal Dispatcher" daemon [_thread_blocked, id=10176, stack(0x00000000566e0000,0x00000000567e0000)]
  0x0000000054c49800 JavaThread "Finalizer" daemon [_thread_blocked, id=4044, stack(0x0000000056120000,0x0000000056220000)]
  0x0000000054c02000 JavaThread "Reference Handler" daemon [_thread_blocked, id=9588, stack(0x0000000055f80000,0x0000000056080000)]
  0x0000000001e28000 JavaThread "main" [_thread_in_native, id=10844, stack(0x0000000001ff0000,0x00000000020f0000)]

Other Threads:
  0x0000000054bfa800 VMThread [stack: 0x0000000055d50000,0x0000000055e50000] [id=5588]
  0x00000000562d5000 WatcherThread [stack: 0x00000000571c0000,0x00000000572c0000] [id=10580]

VM state:not at safepoint (normal execution)

VM Mutex/Monitor currently owned by a thread: None

Heap:
 PSYoungGen      total 144384K, used 48995K [0x00000000eab00000, 0x00000000fd800000, 0x0000000100000000)
  eden space 129024K, 32% used [0x00000000eab00000,0x00000000ed363350,0x00000000f2900000)
  from space 15360K, 49% used [0x00000000f2900000,0x00000000f3075a90,0x00000000f3800000)
  to   space 25088K, 0% used [0x00000000fbf80000,0x00000000fbf80000,0x00000000fd800000)
 ParOldGen       total 77312K, used 43847K [0x00000000c0000000, 0x00000000c4b80000, 0x00000000eab00000)
  object space 77312K, 56% used [0x00000000c0000000,0x00000000c2ad1d70,0x00000000c4b80000)
 Metaspace       used 6973K, capacity 7672K, committed 7936K, reserved 1056768K
  class space    used 645K, capacity 688K, committed 768K, reserved 1048576K

Card table byte_map: [0x0000000011780000,0x0000000011990000] byte_map_base: 0x0000000011180000

Marking Bits: (ParMarkBitMap*) 0x000000006ec22f70
 Begin Bits: [0x0000000012070000, 0x0000000013070000)
 End Bits:   [0x0000000013070000, 0x0000000014070000)

Polling page: 0x0000000000210000

CodeCache: size=245760Kb used=10539Kb max_used=10539Kb free=235220Kb
 bounds [0x00000000023c0000, 0x0000000002e20000, 0x00000000113c0000]
 total_blobs=2756 nmethods=2482 adapters=186
 compilation: enabled

Compilation events (10 events):
Event: 14.940 Thread 0x0000000054c6f000 2552       2       java.lang.Integer::reverseBytes (26 bytes)
Event: 14.940 Thread 0x0000000054c6f000 nmethod 2552 0x0000000002e0d650 code [0x0000000002e0d7a0, 0x0000000002e0d8f0]
Event: 14.941 Thread 0x0000000054c6f000 2553       2       sun.security.provider.SHA::implCompress (491 bytes)
Event: 14.943 Thread 0x0000000054c6f000 nmethod 2553 0x0000000002e0d950 code [0x0000000002e0db20, 0x0000000002e0e288]
Event: 14.943 Thread 0x0000000054c6f000 2554 %     3       sun.security.provider.SHA::implCompress @ 12 (491 bytes)
Event: 14.944 Thread 0x0000000054c6f000 nmethod 2554% 0x0000000002e0ead0 code [0x0000000002e0ecc0, 0x0000000002e0f648]
Event: 14.946 Thread 0x0000000054c6f000 2555       3       sun.security.provider.SHA::implCompress (491 bytes)
Event: 14.947 Thread 0x0000000054c6f000 nmethod 2555 0x0000000002e0ffd0 code [0x0000000002e101c0, 0x0000000002e10aa8]
Event: 14.948 Thread 0x0000000054c6f000 2557       2       sun.security.provider.ByteArrayAccess::b2iBig64 (614 bytes)
Event: 14.950 Thread 0x0000000054c6f000 nmethod 2557 0x0000000002e11310 code [0x0000000002e114a0, 0x0000000002e11be8]

GC Heap History (10 events):
Event: 7.339 GC heap before
{Heap before GC invocations=4 (full 0):
 PSYoungGen      total 35328K, used 35316K [0x00000000eab00000, 0x00000000ef000000, 0x0000000100000000)
  eden space 32768K, 100% used [0x00000000eab00000,0x00000000ecb00000,0x00000000ecb00000)
  from space 2560K, 99% used [0x00000000ecb00000,0x00000000ecd7d200,0x00000000ecd80000)
  to   space 2560K, 0% used [0x00000000eed80000,0x00000000eed80000,0x00000000ef000000)
 ParOldGen       total 44032K, used 8413K [0x00000000c0000000, 0x00000000c2b00000, 0x00000000eab00000)
  object space 44032K, 19% used [0x00000000c0000000,0x00000000c08376c0,0x00000000c2b00000)
 Metaspace       used 6062K, capacity 7088K, committed 7296K, reserved 1056768K
  class space    used 585K, capacity 616K, committed 640K, reserved 1048576K
Event: 8.017 GC heap after
Heap after GC invocations=4 (full 0):
 PSYoungGen      total 68096K, used 2544K [0x00000000eab00000, 0x00000000ef000000, 0x0000000100000000)
  eden space 65536K, 0% used [0x00000000eab00000,0x00000000eab00000,0x00000000eeb00000)
  from space 2560K, 99% used [0x00000000eed80000,0x00000000eeffc1e0,0x00000000ef000000)
  to   space 2560K, 0% used [0x00000000eeb00000,0x00000000eeb00000,0x00000000eed80000)
 ParOldGen       total 44032K, used 13809K [0x00000000c0000000, 0x00000000c2b00000, 0x00000000eab00000)
  object space 44032K, 31% used [0x00000000c0000000,0x00000000c0d7c5f8,0x00000000c2b00000)
 Metaspace       used 6062K, capacity 7088K, committed 7296K, reserved 1056768K
  class space    used 585K, capacity 616K, committed 640K, reserved 1048576K
}
Event: 8.776 GC heap before
{Heap before GC invocations=5 (full 0):
 PSYoungGen      total 68096K, used 68080K [0x00000000eab00000, 0x00000000ef000000, 0x0000000100000000)
  eden space 65536K, 100% used [0x00000000eab00000,0x00000000eeb00000,0x00000000eeb00000)
  from space 2560K, 99% used [0x00000000eed80000,0x00000000eeffc1e0,0x00000000ef000000)
  to   space 2560K, 0% used [0x00000000eeb00000,0x00000000eeb00000,0x00000000eed80000)
 ParOldGen       total 44032K, used 13809K [0x00000000c0000000, 0x00000000c2b00000, 0x00000000eab00000)
  object space 44032K, 31% used [0x00000000c0000000,0x00000000c0d7c5f8,0x00000000c2b00000)
 Metaspace       used 6076K, capacity 7088K, committed 7296K, reserved 1056768K
  class space    used 585K, capacity 616K, committed 640K, reserved 1048576K
Event: 9.358 GC heap after
Heap after GC invocations=5 (full 0):
 PSYoungGen      total 68096K, used 2558K [0x00000000eab00000, 0x00000000f4500000, 0x0000000100000000)
  eden space 65536K, 0% used [0x00000000eab00000,0x00000000eab00000,0x00000000eeb00000)
  from space 2560K, 99% used [0x00000000eeb00000,0x00000000eed7fb70,0x00000000eed80000)
  to   space 13312K, 0% used [0x00000000f3800000,0x00000000f3800000,0x00000000f4500000)
 ParOldGen       total 44032K, used 24617K [0x00000000c0000000, 0x00000000c2b00000, 0x00000000eab00000)
  object space 44032K, 55% used [0x00000000c0000000,0x00000000c180a788,0x00000000c2b00000)
 Metaspace       used 6076K, capacity 7088K, committed 7296K, reserved 1056768K
  class space    used 585K, capacity 616K, committed 640K, reserved 1048576K
}
Event: 10.011 GC heap before
{Heap before GC invocations=6 (full 0):
 PSYoungGen      total 68096K, used 68094K [0x00000000eab00000, 0x00000000f4500000, 0x0000000100000000)
  eden space 65536K, 100% used [0x00000000eab00000,0x00000000eeb00000,0x00000000eeb00000)
  from space 2560K, 99% used [0x00000000eeb00000,0x00000000eed7fb70,0x00000000eed80000)
  to   space 13312K, 0% used [0x00000000f3800000,0x00000000f3800000,0x00000000f4500000)
 ParOldGen       total 44032K, used 24617K [0x00000000c0000000, 0x00000000c2b00000, 0x00000000eab00000)
  object space 44032K, 55% used [0x00000000c0000000,0x00000000c180a788,0x00000000c2b00000)
 Metaspace       used 6129K, capacity 7152K, committed 7296K, reserved 1056768K
  class space    used 586K, capacity 616K, committed 640K, reserved 1048576K
Event: 10.288 GC heap after
Heap after GC invocations=6 (full 0):
 PSYoungGen      total 142336K, used 12204K [0x00000000eab00000, 0x00000000f4900000, 0x0000000100000000)
  eden space 129024K, 0% used [0x00000000eab00000,0x00000000eab00000,0x00000000f2900000)
  from space 13312K, 91% used [0x00000000f3800000,0x00000000f43eb008,0x00000000f4500000)
  to   space 15360K, 0% used [0x00000000f2900000,0x00000000f2900000,0x00000000f3800000)
 ParOldGen       total 44032K, used 24617K [0x00000000c0000000, 0x00000000c2b00000, 0x00000000eab00000)
  object space 44032K, 55% used [0x00000000c0000000,0x00000000c180a788,0x00000000c2b00000)
 Metaspace       used 6129K, capacity 7152K, committed 7296K, reserved 1056768K
  class space    used 586K, capacity 616K, committed 640K, reserved 1048576K
}
Event: 11.799 GC heap before
{Heap before GC invocations=7 (full 0):
 PSYoungGen      total 142336K, used 141228K [0x00000000eab00000, 0x00000000f4900000, 0x0000000100000000)
  eden space 129024K, 100% used [0x00000000eab00000,0x00000000f2900000,0x00000000f2900000)
  from space 13312K, 91% used [0x00000000f3800000,0x00000000f43eb008,0x00000000f4500000)
  to   space 15360K, 0% used [0x00000000f2900000,0x00000000f2900000,0x00000000f3800000)
 ParOldGen       total 44032K, used 24617K [0x00000000c0000000, 0x00000000c2b00000, 0x00000000eab00000)
  object space 44032K, 55% used [0x00000000c0000000,0x00000000c180a788,0x00000000c2b00000)
 Metaspace       used 6176K, capacity 7152K, committed 7296K, reserved 1056768K
  class space    used 586K, capacity 616K, committed 640K, reserved 1048576K
Event: 12.967 GC heap after
Heap after GC invocations=7 (full 0):
 PSYoungGen      total 144384K, used 15340K [0x00000000eab00000, 0x00000000fd800000, 0x0000000100000000)
  eden space 129024K, 0% used [0x00000000eab00000,0x00000000eab00000,0x00000000f2900000)
  from space 15360K, 99% used [0x00000000f2900000,0x00000000f37fb2a8,0x00000000f3800000)
  to   space 25088K, 0% used [0x00000000fbf80000,0x00000000fbf80000,0x00000000fd800000)
 ParOldGen       total 44032K, used 39367K [0x00000000c0000000, 0x00000000c2b00000, 0x00000000eab00000)
  object space 44032K, 89% used [0x00000000c0000000,0x00000000c2671f58,0x00000000c2b00000)
 Metaspace       used 6176K, capacity 7152K, committed 7296K, reserved 1056768K
  class space    used 586K, capacity 616K, committed 640K, reserved 1048576K
}
Event: 12.967 GC heap before
{Heap before GC invocations=8 (full 1):
 PSYoungGen      total 144384K, used 15340K [0x00000000eab00000, 0x00000000fd800000, 0x0000000100000000)
  eden space 129024K, 0% used [0x00000000eab00000,0x00000000eab00000,0x00000000f2900000)
  from space 15360K, 99% used [0x00000000f2900000,0x00000000f37fb2a8,0x00000000f3800000)
  to   space 25088K, 0% used [0x00000000fbf80000,0x00000000fbf80000,0x00000000fd800000)
 ParOldGen       total 44032K, used 39367K [0x00000000c0000000, 0x00000000c2b00000, 0x00000000eab00000)
  object space 44032K, 89% used [0x00000000c0000000,0x00000000c2671f58,0x00000000c2b00000)
 Metaspace       used 6176K, capacity 7152K, committed 7296K, reserved 1056768K
  class space    used 586K, capacity 616K, committed 640K, reserved 1048576K
Event: 13.700 GC heap after
Heap after GC invocations=8 (full 1):
 PSYoungGen      total 144384K, used 7638K [0x00000000eab00000, 0x00000000fd800000, 0x0000000100000000)
  eden space 129024K, 0% used [0x00000000eab00000,0x00000000eab00000,0x00000000f2900000)
  from space 15360K, 49% used [0x00000000f2900000,0x00000000f3075a90,0x00000000f3800000)
  to   space 25088K, 0% used [0x00000000fbf80000,0x00000000fbf80000,0x00000000fd800000)
 ParOldGen       total 77312K, used 43847K [0x00000000c0000000, 0x00000000c4b80000, 0x00000000eab00000)
  object space 77312K, 56% used [0x00000000c0000000,0x00000000c2ad1d70,0x00000000c4b80000)
 Metaspace       used 6176K, capacity 7152K, committed 7296K, reserved 1056768K
  class space    used 586K, capacity 616K, committed 640K, reserved 1048576K
}

Deoptimization events (10 events):
Event: 14.213 Thread 0x0000000001e28000 Uncommon trap: reason=unstable_if action=reinterpret pc=0x000000000271746c method=java.util.Arrays.equals([Ljava/lang/Object;[Ljava/lang/Object;)Z @ 23
Event: 14.214 Thread 0x0000000001e28000 Uncommon trap: reason=speculate_class_check action=maybe_recompile pc=0x0000000002719d08 method=com.android.dx.util.FixedSizeList.equals(Ljava/lang/Object;)Z @ 25
Event: 14.491 Thread 0x0000000001e28000 Uncommon trap: reason=unstable_if action=reinterpret pc=0x0000000002d3181c method=com.android.dx.rop.code.RegisterSpec.equalsUsingSimpleType(Lcom/android/dx/rop/code/RegisterSpec;)Z @ 5
Event: 14.652 Thread 0x0000000001e28000 Uncommon trap: reason=unstable_if action=reinterpret pc=0x0000000002d2efd4 method=java.util.ArrayList.<init>(I)V @ 5
Event: 14.721 Thread 0x0000000001e28000 Uncommon trap: reason=unstable_if action=reinterpret pc=0x00000000026da5fc method=java.lang.Long.numberOfTrailingZeros(J)I @ 3
Event: 14.930 Thread 0x0000000001e28000 Uncommon trap: reason=unstable_if action=reinterpret pc=0x00000000026ff5ac method=java.util.Arrays.copyOf([Ljava/lang/Object;ILjava/lang/Class;)[Ljava/lang/Object; @ 3
Event: 14.931 Thread 0x0000000001e28000 Uncommon trap: reason=speculate_class_check action=maybe_recompile pc=0x0000000002c6a19c method=java.util.HashMap.putVal(ILjava/lang/Object;Ljava/lang/Object;ZZ)Ljava/lang/Object; @ 56
Event: 14.932 Thread 0x0000000001e28000 Uncommon trap: reason=speculate_class_check action=maybe_recompile pc=0x0000000002c6a1d4 method=java.util.HashMap.putVal(ILjava/lang/Object;Ljava/lang/Object;ZZ)Ljava/lang/Object; @ 152
Event: 14.932 Thread 0x0000000001e28000 Uncommon trap: reason=speculate_class_check action=maybe_recompile pc=0x0000000002c6a19c method=java.util.HashMap.putVal(ILjava/lang/Object;Ljava/lang/Object;ZZ)Ljava/lang/Object; @ 56
Event: 14.932 Thread 0x0000000001e28000 Uncommon trap: reason=speculate_class_check action=maybe_recompile pc=0x0000000002c6a19c method=java.util.HashMap.putVal(ILjava/lang/Object;Ljava/lang/Object;ZZ)Ljava/lang/Object; @ 56

Internal exceptions (6 events):
Event: 0.054 Thread 0x0000000001e28000 Exception <a 'java/lang/NoSuchMethodError': Method sun.misc.Unsafe.defineClass(Ljava/lang/String;[BII)Ljava/lang/Class; name or signature does not match> (0x00000000eab07cc0) thrown at [C:\re\workspace\8-2-build-windows-amd64-cygwin\jdk8u91\7017\hotspot\sr§§” …Þ«?
Event: 0.054 Thread 0x0000000001e28000 Exception <a 'java/lang/NoSuchMethodError': Method sun.misc.Unsafe.prefetchRead(Ljava/lang/Object;J)V name or signature does not match> (0x00000000eab07fa8) thrown at [C:\re\workspace\8-2-build-windows-amd64-cygwin\jdk8u91\7017\hotspot\src\share\vm\prims\jø7;ùí¢@
Event: 4.159 Thread 0x0000000001e28000 Implicit null exception at 0x00000000028e96c3 to 0x00000000028ea49d
Event: 5.161 Thread 0x0000000001e28000 Exception <a 'java/lang/ArrayIndexOutOfBoundsException': 18> (0x00000000eb95ee68) thrown at [C:\re\workspace\8-2-build-windows-amd64-cygwin\jdk8u91\7017\hotspot\src\share\vm\interpreter\interpreterRuntime.cpp, line 366]
Event: 5.162 Thread 0x0000000001e28000 Exception <a 'java/lang/ArrayIndexOutOfBoundsException'> (0x00000000eb9609e8) thrown at [C:\re\workspace\8-2-build-windows-amd64-cygwin\jdk8u91\7017\hotspot\src\share\vm\runtime\sharedRuntime.cpp, line 605]
Event: 5.163 Thread 0x0000000001e28000 Exception <a 'java/lang/ArrayIndexOutOfBoundsException'> (0x00000000eb961cd0) thrown at [C:\re\workspace\8-2-build-windows-amd64-cygwin\jdk8u91\7017\hotspot\src\share\vm\runtime\sharedRuntime.cpp, line 605]

Events (10 events):
Event: 14.980 loading class java/util/zip/Deflater
Event: 14.980 loading class java/util/zip/Deflater done
Event: 14.980 loading class java/util/zip/CRC32
Event: 14.980 loading class java/util/zip/CRC32 done
Event: 14.981 loading class java/util/zip/ZipOutputStream$XEntry
Event: 14.981 loading class java/util/zip/ZipOutputStream$XEntry done
Event: 14.982 loading class java/io/DataOutputStream
Event: 14.982 loading class java/io/DataOutput
Event: 14.983 loading class java/io/DataOutput done
Event: 14.983 loading class java/io/DataOutputStream done


Dynamic libraries:
0x000000013fb40000 - 0x000000013fb77000 	C:\Program Files\Java\jdk1.8.0_91\bin\java.exe
0x00000000776b0000 - 0x000000007785a000 	C:\Windows\SYSTEM32\ntdll.dll
0x0000000077490000 - 0x00000000775af000 	C:\Windows\system32\kernel32.dll
0x000007fefd4f0000 - 0x000007fefd55a000 	C:\Windows\system32\KERNELBASE.dll
0x000007feff3a0000 - 0x000007feff47b000 	C:\Windows\system32\ADVAPI32.dll
0x000007fefeda0000 - 0x000007fefee3f000 	C:\Windows\system32\msvcrt.dll
0x000007feff570000 - 0x000007feff58f000 	C:\Windows\SYSTEM32\sechost.dll
0x000007fefea20000 - 0x000007fefeb4d000 	C:\Windows\system32\RPCRT4.dll
0x00000000775b0000 - 0x00000000776aa000 	C:\Windows\system32\USER32.dll
0x000007fefe600000 - 0x000007fefe667000 	C:\Windows\system32\GDI32.dll
0x000007feff640000 - 0x000007feff64e000 	C:\Windows\system32\LPK.dll
0x000007fefe950000 - 0x000007fefea1a000 	C:\Windows\system32\USP10.dll
0x000007fefc450000 - 0x000007fefc644000 	C:\Windows\WinSxS\amd64_microsoft.windows.common-controls_6595b64144ccf1df_6.0.7601.17514_none_fa396087175ac9ac\COMCTL32.dll
0x000007feff050000 - 0x000007feff0c1000 	C:\Windows\system32\SHLWAPI.dll
0x000007fefe5d0000 - 0x000007fefe5fe000 	C:\Windows\system32\IMM32.DLL
0x000007feff650000 - 0x000007feff759000 	C:\Windows\system32\MSCTF.dll
0x00000000740b0000 - 0x0000000074182000 	C:\Program Files\Java\jdk1.8.0_91\jre\bin\msvcr100.dll
0x000000006e410000 - 0x000000006eca3000 	C:\Program Files\Java\jdk1.8.0_91\jre\bin\server\jvm.dll
0x000007fef0d10000 - 0x000007fef0d19000 	C:\Windows\system32\WSOCK32.dll
0x000007feff590000 - 0x000007feff5dd000 	C:\Windows\system32\WS2_32.dll
0x000007feff560000 - 0x000007feff568000 	C:\Windows\system32\NSI.dll
0x000007fefb220000 - 0x000007fefb25b000 	C:\Windows\system32\WINMM.dll
0x000007fefc140000 - 0x000007fefc14c000 	C:\Windows\system32\VERSION.dll
0x0000000077880000 - 0x0000000077887000 	C:\Windows\system32\PSAPI.DLL
0x0000000074d10000 - 0x0000000074d1f000 	C:\Program Files\Java\jdk1.8.0_91\jre\bin\verify.dll
0x0000000074b20000 - 0x0000000074b49000 	C:\Program Files\Java\jdk1.8.0_91\jre\bin\java.dll
0x0000000074b60000 - 0x0000000074b76000 	C:\Program Files\Java\jdk1.8.0_91\jre\bin\zip.dll
0x000007fefd7a0000 - 0x000007fefe528000 	C:\Windows\system32\SHELL32.dll
0x000007fefee40000 - 0x000007feff043000 	C:\Windows\system32\ole32.dll
0x000007fefd3f0000 - 0x000007fefd3ff000 	C:\Windows\system32\profapi.dll

VM Arguments:
jvm_args: -Djava.awt.headless=true -Xmx1024M -Dfile.encoding=windows-1256 -Duser.country=US -Duser.language=en -Duser.variant 
java_command: com.android.dx.command.Main --dex --force-jumbo --output E:\User\AndroidStudioProjects\Sunshine-Version-2\app\build\intermediates\pre-dexed\debug\com.android.support-support-v4-21.0.3_3035d9c83d7289f90d6f43d640a8c8de139a0846.jar E:\User\AndroidStudioProjects\Sunshine-Version-2\app\build\intermediates\exploded-aar\com.android.support\support-v4\21.0.3\jars\classes.jar
java_class_path (initial): E:\User\AppData\Local\Android\sdk\build-tools\21.1.2\lib\dx.jar
Launcher Type: SUN_STANDARD

Environment Variables:
PATH=C:\oracle\product\10.2.0\db_2\bin;C:\oracle\product\10.2.0\db_1\bin;C:\ProgramData\Oracle\Java\javapath;C:\Windows\System32;C:\Windows\SysWOW64;C:\opencv248\build\x86\vc10\bin;C:\Python27;C:\Program Files (x86)\CodeBlocks\MinGW\bin;E:\programs\Matlab\R2013a\bin;C:\Program Files\IVI Foundation\VISA\Win64\Bin\;C:\Program Files (x86)\IVI Foundation\VISA\WinNT\Bin\;C:\Program Files (x86)\IVI Foundation\VISA\WinNT\Bin;C:\Program Files (x86)\Tesseract-OCR;E:\User\AppData\Local\Android\sdk\tools\lib;E:\Program Files\Git\cmd;E:\User\AppData\Local\Android\sdk\platform-tools;C:\Program Files\Canopy\User;C:\Program Files\Canopy\User\Scripts
USERNAME=user
OS=Windows_NT
PROCESSOR_IDENTIFIER=Intel64 Family 6 Model 58 Stepping 9, GenuineIntel



---------------  S Y S T E M  ---------------

OS: Windows 7 , 64 bit Build 7601 (6.1.7601.23572)

CPU:total 4 (2 cores per cpu, 2 threads per core) family 6 model 58 stepping 9, cmov, cx8, fxsr, mmx, sse, sse2, sse3, ssse3, sse4.1, sse4.2, popcnt, avx, aes, clmul, erms, ht, tsc, tscinvbit, tscinv

Memory: 4k page, physical 4094316k(68252k free), swap 5628456k(6144k free)

vm_info: Java HotSpot(TM) 64-Bit Server VM (25.91-b15) for windows-amd64 JRE (1.8.0_91-b15), built on May 20 2016 17:43:15 by "java_re" with MS VC++ 10.0 (VS2010)

time: Wed Jun 21 01:34:03 2017
elapsed time: 15 seconds (0d 0h 0m 15s)

