#
# There is insufficient memory for the Java Runtime Environment to continue.
# Native memory allocation (malloc) failed to allocate 223808 bytes for Chunk::new
# Possible reasons:
#   The system is out of physical RAM or swap space
#   In 32 bit mode, the process size limit was hit
# Possible solutions:
#   Reduce memory load on the system
#   Increase physical memory or swap space
#   Check if swap backing store is full
#   Use 64 bit Java on a 64 bit OS
#   Decrease Java heap size (-Xmx/-Xms)
#   Decrease number of Java threads
#   Decrease Java thread stack sizes (-Xss)
#   Set larger code cache with -XX:ReservedCodeCacheSize=
# This output file may be truncated or incomplete.
#
#  Out of Memory Error (allocation.cpp:390), pid=5284, tid=3956
#
# JRE version: Java(TM) SE Runtime Environment (8.0_91-b15) (build 1.8.0_91-b15)
# Java VM: Java HotSpot(TM) 64-Bit Server VM (25.91-b15 mixed mode windows-amd64 compressed oops)
# Failed to write core dump. Minidumps are not enabled by default on client versions of Windows
#

---------------  T H R E A D  ---------------

Current thread (0x0000000054edb000):  JavaThread "C2 CompilerThread1" daemon [_thread_in_native, id=3956, stack(0x0000000056a40000,0x0000000056b40000)]

Stack: [0x0000000056a40000,0x0000000056b40000]
[error occurred during error reporting (printing stack bounds), id 0xc0000005]

Native frames: (J=compiled Java code, j=interpreted, Vv=VM code, C=native code)


Current CompileTask:
C2:  24780 2054   !   4       com.android.dx.cf.code.BytecodeArray::parseInstruction (2764 bytes)


---------------  P R O C E S S  ---------------

Java Threads: ( => current thread )
  0x000000005633f800 JavaThread "Service Thread" daemon [_thread_blocked, id=6040, stack(0x0000000056d30000,0x0000000056e30000)]
  0x0000000056322000 JavaThread "C1 CompilerThread2" daemon [_thread_blocked, id=4540, stack(0x0000000056bd0000,0x0000000056cd0000)]
=>0x0000000054edb000 JavaThread "C2 CompilerThread1" daemon [_thread_in_native, id=3956, stack(0x0000000056a40000,0x0000000056b40000)]
  0x00000000562c7800 JavaThread "C2 CompilerThread0" daemon [_thread_in_native, id=924, stack(0x00000000566c0000,0x00000000567c0000)]
  0x00000000562c2800 JavaThread "Attach Listener" daemon [_thread_blocked, id=2084, stack(0x0000000056850000,0x0000000056950000)]
  0x0000000054ecd800 JavaThread "Signal Dispatcher" daemon [_thread_blocked, id=5808, stack(0x0000000056040000,0x0000000056140000)]
  0x0000000054eb3800 JavaThread "Finalizer" daemon [_thread_blocked, id=5768, stack(0x00000000561c0000,0x00000000562c0000)]
  0x0000000054e72000 JavaThread "Reference Handler" daemon [_thread_blocked, id=5844, stack(0x0000000055ee0000,0x0000000055fe0000)]
  0x0000000001e68000 JavaThread "main" [_thread_in_vm, id=3044, stack(0x0000000002270000,0x0000000002370000)]

Other Threads:
  0x0000000054e6a800 VMThread [stack: 0x0000000055db0000,0x0000000055eb0000] [id=6104]
  0x0000000056365800 WatcherThread [stack: 0x0000000056f30000,0x0000000057030000] [id=3864]

VM state:not at safepoint (normal execution)

VM Mutex/Monitor currently owned by a thread: None

Heap:
 PSYoungGen      total 144896K, used 11224K [0x00000000eab00000, 0x00000000fda00000, 0x0000000100000000)
  eden space 129024K, 1% used [0x00000000eab00000,0x00000000ead82530,0x00000000f2900000)
  from space 15872K, 54% used [0x00000000f2900000,0x00000000f3173d78,0x00000000f3880000)
  to   space 26112K, 0% used [0x00000000fc080000,0x00000000fc080000,0x00000000fda00000)
 ParOldGen       total 44032K, used 43664K [0x00000000c0000000, 0x00000000c2b00000, 0x00000000eab00000)
  object space 44032K, 99% used [0x00000000c0000000,0x00000000c2aa42b8,0x00000000c2b00000)
 Metaspace       used 6170K, capacity 7152K, committed 7296K, reserved 1056768K
  class space    used 586K, capacity 616K, committed 640K, reserved 1048576K

Card table byte_map: [0x0000000011a00000,0x0000000011c10000] byte_map_base: 0x0000000011400000

Marking Bits: (ParMarkBitMap*) 0x00000000700b2f70
 Begin Bits: [0x00000000122e0000, 0x00000000132e0000)
 End Bits:   [0x00000000132e0000, 0x00000000142e0000)

Polling page: 0x0000000000110000

CodeCache: size=245760Kb used=9738Kb max_used=9749Kb free=236021Kb
 bounds [0x0000000002640000, 0x0000000002fd0000, 0x0000000011640000]
 total_blobs=2177 nmethods=1914 adapters=176
 compilation: enabled

Compilation events (10 events):
Event: 22.421 Thread 0x0000000056322000 2070       2       com.android.dx.rop.code.Rops::opIfLt (13 bytes)
Event: 22.421 Thread 0x0000000056322000 nmethod 2070 0x0000000002facd10 code [0x0000000002face80, 0x0000000002fad008]
Event: 22.515 Thread 0x0000000054edb000 nmethod 2053 0x0000000002fc5510 code [0x0000000002fc5980, 0x0000000002fc8780]
Event: 22.515 Thread 0x0000000054edb000 2054   !   4       com.android.dx.cf.code.BytecodeArray::parseInstruction (2764 bytes)
Event: 22.527 Thread 0x0000000056322000 2071       2       com.android.dx.cf.code.SwitchList::getTarget (9 bytes)
Event: 22.527 Thread 0x0000000056322000 nmethod 2071 0x0000000002fac950 code [0x0000000002facac0, 0x0000000002facc28]
Event: 22.728 Thread 0x0000000056322000 2072   !   2       com.android.dx.cf.direct.DirectClassFile$DcfTypeList::<init> (137 bytes)
Event: 22.730 Thread 0x0000000056322000 nmethod 2072 0x0000000002faa350 code [0x0000000002faa620, 0x0000000002fab418]
Event: 24.762 Thread 0x0000000056322000 2074       1       java.lang.ref.Finalizer::access$000 (4 bytes)
Event: 24.762 Thread 0x0000000056322000 nmethod 2074 0x0000000002ccb590 code [0x0000000002ccb6e0, 0x0000000002ccb7d0]

GC Heap History (10 events):
Event: 11.908 GC heap before
{Heap before GC invocations=4 (full 0):
 PSYoungGen      total 35328K, used 35321K [0x00000000eab00000, 0x00000000ef000000, 0x0000000100000000)
  eden space 32768K, 100% used [0x00000000eab00000,0x00000000ecb00000,0x00000000ecb00000)
  from space 2560K, 99% used [0x00000000ecb00000,0x00000000ecd7e768,0x00000000ecd80000)
  to   space 2560K, 0% used [0x00000000eed80000,0x00000000eed80000,0x00000000ef000000)
 ParOldGen       total 44032K, used 8722K [0x00000000c0000000, 0x00000000c2b00000, 0x00000000eab00000)
  object space 44032K, 19% used [0x00000000c0000000,0x00000000c0884b60,0x00000000c2b00000)
 Metaspace       used 6048K, capacity 7088K, committed 7296K, reserved 1056768K
  class space    used 585K, capacity 616K, committed 640K, reserved 1048576K
Event: 11.932 GC heap after
Heap after GC invocations=4 (full 0):
 PSYoungGen      total 68096K, used 2536K [0x00000000eab00000, 0x00000000ef000000, 0x0000000100000000)
  eden space 65536K, 0% used [0x00000000eab00000,0x00000000eab00000,0x00000000eeb00000)
  from space 2560K, 99% used [0x00000000eed80000,0x00000000eeffa200,0x00000000ef000000)
  to   space 2560K, 0% used [0x00000000eeb00000,0x00000000eeb00000,0x00000000eed80000)
 ParOldGen       total 44032K, used 14104K [0x00000000c0000000, 0x00000000c2b00000, 0x00000000eab00000)
  object space 44032K, 32% used [0x00000000c0000000,0x00000000c0dc6210,0x00000000c2b00000)
 Metaspace       used 6048K, capacity 7088K, committed 7296K, reserved 1056768K
  class space    used 585K, capacity 616K, committed 640K, reserved 1048576K
}
Event: 14.981 GC heap before
{Heap before GC invocations=5 (full 0):
 PSYoungGen      total 68096K, used 68072K [0x00000000eab00000, 0x00000000ef000000, 0x0000000100000000)
  eden space 65536K, 100% used [0x00000000eab00000,0x00000000eeb00000,0x00000000eeb00000)
  from space 2560K, 99% used [0x00000000eed80000,0x00000000eeffa200,0x00000000ef000000)
  to   space 2560K, 0% used [0x00000000eeb00000,0x00000000eeb00000,0x00000000eed80000)
 ParOldGen       total 44032K, used 14104K [0x00000000c0000000, 0x00000000c2b00000, 0x00000000eab00000)
  object space 44032K, 32% used [0x00000000c0000000,0x00000000c0dc6210,0x00000000c2b00000)
 Metaspace       used 6068K, capacity 7088K, committed 7296K, reserved 1056768K
  class space    used 585K, capacity 616K, committed 640K, reserved 1048576K
Event: 15.196 GC heap after
Heap after GC invocations=5 (full 0):
 PSYoungGen      total 68096K, used 2557K [0x00000000eab00000, 0x00000000f4600000, 0x0000000100000000)
  eden space 65536K, 0% used [0x00000000eab00000,0x00000000eab00000,0x00000000eeb00000)
  from space 2560K, 99% used [0x00000000eeb00000,0x00000000eed7f710,0x00000000eed80000)
  to   space 13824K, 0% used [0x00000000f3880000,0x00000000f3880000,0x00000000f4600000)
 ParOldGen       total 44032K, used 25006K [0x00000000c0000000, 0x00000000c2b00000, 0x00000000eab00000)
  object space 44032K, 56% used [0x00000000c0000000,0x00000000c186bb68,0x00000000c2b00000)
 Metaspace       used 6068K, capacity 7088K, committed 7296K, reserved 1056768K
  class space    used 585K, capacity 616K, committed 640K, reserved 1048576K
}
Event: 17.622 GC heap before
{Heap before GC invocations=6 (full 0):
 PSYoungGen      total 68096K, used 68093K [0x00000000eab00000, 0x00000000f4600000, 0x0000000100000000)
  eden space 65536K, 100% used [0x00000000eab00000,0x00000000eeb00000,0x00000000eeb00000)
  from space 2560K, 99% used [0x00000000eeb00000,0x00000000eed7f710,0x00000000eed80000)
  to   space 13824K, 0% used [0x00000000f3880000,0x00000000f3880000,0x00000000f4600000)
 ParOldGen       total 44032K, used 25006K [0x00000000c0000000, 0x00000000c2b00000, 0x00000000eab00000)
  object space 44032K, 56% used [0x00000000c0000000,0x00000000c186bb68,0x00000000c2b00000)
 Metaspace       used 6156K, capacity 7152K, committed 7296K, reserved 1056768K
  class space    used 586K, capacity 616K, committed 640K, reserved 1048576K
Event: 21.233 GC heap after
Heap after GC invocations=6 (full 0):
 PSYoungGen      total 142848K, used 12692K [0x00000000eab00000, 0x00000000f4a00000, 0x0000000100000000)
  eden space 129024K, 0% used [0x00000000eab00000,0x00000000eab00000,0x00000000f2900000)
  from space 13824K, 91% used [0x00000000f3880000,0x00000000f44e5188,0x00000000f4600000)
  to   space 15872K, 0% used [0x00000000f2900000,0x00000000f2900000,0x00000000f3880000)
 ParOldGen       total 44032K, used 25006K [0x00000000c0000000, 0x00000000c2b00000, 0x00000000eab00000)
  object space 44032K, 56% used [0x00000000c0000000,0x00000000c186bb68,0x00000000c2b00000)
 Metaspace       used 6156K, capacity 7152K, committed 7296K, reserved 1056768K
  class space    used 586K, capacity 616K, committed 640K, reserved 1048576K
}
Event: 22.731 GC heap before
{Heap before GC invocations=7 (full 0):
 PSYoungGen      total 142848K, used 141716K [0x00000000eab00000, 0x00000000f4a00000, 0x0000000100000000)
  eden space 129024K, 100% used [0x00000000eab00000,0x00000000f2900000,0x00000000f2900000)
  from space 13824K, 91% used [0x00000000f3880000,0x00000000f44e5188,0x00000000f4600000)
  to   space 15872K, 0% used [0x00000000f2900000,0x00000000f2900000,0x00000000f3880000)
 ParOldGen       total 44032K, used 25006K [0x00000000c0000000, 0x00000000c2b00000, 0x00000000eab00000)
  object space 44032K, 56% used [0x00000000c0000000,0x00000000c186bb68,0x00000000c2b00000)
 Metaspace       used 6170K, capacity 7152K, committed 7296K, reserved 1056768K
  class space    used 586K, capacity 616K, committed 640K, reserved 1048576K
Event: 23.322 GC heap after
Heap after GC invocations=7 (full 0):
 PSYoungGen      total 144896K, used 15840K [0x00000000eab00000, 0x00000000fda00000, 0x0000000100000000)
  eden space 129024K, 0% used [0x00000000eab00000,0x00000000eab00000,0x00000000f2900000)
  from space 15872K, 99% used [0x00000000f2900000,0x00000000f38780b8,0x00000000f3880000)
  to   space 26112K, 0% used [0x00000000fc080000,0x00000000fc080000,0x00000000fda00000)
 ParOldGen       total 44032K, used 39950K [0x00000000c0000000, 0x00000000c2b00000, 0x00000000eab00000)
  object space 44032K, 90% used [0x00000000c0000000,0x00000000c2703878,0x00000000c2b00000)
 Metaspace       used 6170K, capacity 7152K, committed 7296K, reserved 1056768K
  class space    used 586K, capacity 616K, committed 640K, reserved 1048576K
}
Event: 23.322 GC heap before
{Heap before GC invocations=8 (full 1):
 PSYoungGen      total 144896K, used 15840K [0x00000000eab00000, 0x00000000fda00000, 0x0000000100000000)
  eden space 129024K, 0% used [0x00000000eab00000,0x00000000eab00000,0x00000000f2900000)
  from space 15872K, 99% used [0x00000000f2900000,0x00000000f38780b8,0x00000000f3880000)
  to   space 26112K, 0% used [0x00000000fc080000,0x00000000fc080000,0x00000000fda00000)
 ParOldGen       total 44032K, used 39950K [0x00000000c0000000, 0x00000000c2b00000, 0x00000000eab00000)
  object space 44032K, 90% used [0x00000000c0000000,0x00000000c2703878,0x00000000c2b00000)
 Metaspace       used 6170K, capacity 7152K, committed 7296K, reserved 1056768K
  class space    used 586K, capacity 616K, committed 640K, reserved 1048576K
Event: 24.753 GC heap after
Heap after GC invocations=8 (full 1):
 PSYoungGen      total 144896K, used 8655K [0x00000000eab00000, 0x00000000fda00000, 0x0000000100000000)
  eden space 129024K, 0% used [0x00000000eab00000,0x00000000eab00000,0x00000000f2900000)
  from space 15872K, 54% used [0x00000000f2900000,0x00000000f3173d78,0x00000000f3880000)
  to   space 26112K, 0% used [0x00000000fc080000,0x00000000fc080000,0x00000000fda00000)
 ParOldGen       total 44032K, used 43664K [0x00000000c0000000, 0x00000000c2b00000, 0x00000000eab00000)
  object space 44032K, 99% used [0x00000000c0000000,0x00000000c2aa42b8,0x00000000c2b00000)
 Metaspace       used 6170K, capacity 7152K, committed 7296K, reserved 1056768K
  class space    used 586K, capacity 616K, committed 640K, reserved 1048576K
}

Deoptimization events (10 events):
Event: 16.212 Thread 0x0000000001e68000 Uncommon trap: reason=unstable_if action=reinterpret pc=0x0000000002bd4534 method=com.android.dx.ssa.SCCP.simulateBranch(Lcom/android/dx/ssa/SsaInsn;)V @ 64
Event: 16.215 Thread 0x0000000001e68000 Uncommon trap: reason=unstable_if action=reinterpret pc=0x0000000002d7f428 method=com.android.dx.ssa.LiteralOpUpgrader$1.visitNonMoveInsn(Lcom/android/dx/ssa/NormalSsaInsn;)V @ 55
Event: 16.216 Thread 0x0000000001e68000 Uncommon trap: reason=unstable_if action=reinterpret pc=0x0000000002a98a0c method=com.android.dx.ssa.SsaMethod.updateOneDefinition(Lcom/android/dx/ssa/SsaInsn;Lcom/android/dx/rop/code/RegisterSpec;)V @ 4
Event: 22.205 Thread 0x0000000001e68000 Uncommon trap: reason=class_check action=maybe_recompile pc=0x0000000002ea9f54 method=com.android.dx.cf.code.OneLocalsArray.set(ILcom/android/dx/rop/type/TypeBearer;)V @ 85
Event: 22.205 Thread 0x0000000001e68000 Uncommon trap: reason=class_check action=maybe_recompile pc=0x0000000002ea9f54 method=com.android.dx.cf.code.OneLocalsArray.set(ILcom/android/dx/rop/type/TypeBearer;)V @ 85
Event: 22.208 Thread 0x0000000001e68000 Uncommon trap: reason=class_check action=maybe_recompile pc=0x0000000002ea9f54 method=com.android.dx.cf.code.OneLocalsArray.set(ILcom/android/dx/rop/type/TypeBearer;)V @ 85
Event: 22.208 Thread 0x0000000001e68000 Uncommon trap: reason=class_check action=maybe_recompile pc=0x0000000002ea9f54 method=com.android.dx.cf.code.OneLocalsArray.set(ILcom/android/dx/rop/type/TypeBearer;)V @ 85
Event: 22.248 Thread 0x0000000001e68000 Uncommon trap: reason=bimorphic action=maybe_recompile pc=0x0000000002e5b1c4 method=com.android.dx.cf.code.BytecodeArray.parseInstruction(ILcom/android/dx/cf/code/BytecodeArray$Visitor;)I @ 1357
Event: 22.249 Thread 0x0000000001e68000 Uncommon trap: reason=bimorphic action=maybe_recompile pc=0x0000000002e5b1c4 method=com.android.dx.cf.code.BytecodeArray.parseInstruction(ILcom/android/dx/cf/code/BytecodeArray$Visitor;)I @ 1357
Event: 22.387 Thread 0x0000000001e68000 Uncommon trap: reason=unstable_if action=reinterpret pc=0x0000000002c3e8b0 method=com.android.dx.ssa.MoveParamCombiner$1.visitNonMoveInsn(Lcom/android/dx/ssa/NormalSsaInsn;)V @ 27

Internal exceptions (7 events):
Event: 0.095 Thread 0x0000000001e68000 Exception <a 'java/lang/NoSuchMethodError': Method sun.misc.Unsafe.defineClass(Ljava/lang/String;[BII)Ljava/lang/Class; name or signature does not match> (0x00000000eab07cc0) thrown at [C:\re\workspace\8-2-build-windows-amd64-cygwin\jdk8u91\7017\hotspot\sr.œh‡„S∏?
Event: 0.095 Thread 0x0000000001e68000 Exception <a 'java/lang/NoSuchMethodError': Method sun.misc.Unsafe.prefetchRead(Ljava/lang/Object;J)V name or signature does not match> (0x00000000eab07fa8) thrown at [C:\re\workspace\8-2-build-windows-amd64-cygwin\jdk8u91\7017\hotspot\src\share\vm\prims\jE)G«? @
Event: 8.123 Thread 0x0000000001e68000 Implicit null exception at 0x0000000002af9e92 to 0x0000000002af9f91
Event: 8.790 Thread 0x0000000001e68000 Implicit null exception at 0x00000000029918df to 0x0000000002992ff9
Event: 10.229 Thread 0x0000000001e68000 Exception <a 'java/lang/ArrayIndexOutOfBoundsException': 18> (0x00000000eb940a80) thrown at [C:\re\workspace\8-2-build-windows-amd64-cygwin\jdk8u91\7017\hotspot\src\share\vm\interpreter\interpreterRuntime.cpp, line 366]
Event: 10.229 Thread 0x0000000001e68000 Exception <a 'java/lang/ArrayIndexOutOfBoundsException'> (0x00000000eb942600) thrown at [C:\re\workspace\8-2-build-windows-amd64-cygwin\jdk8u91\7017\hotspot\src\share\vm\runtime\sharedRuntime.cpp, line 605]
Event: 10.230 Thread 0x0000000001e68000 Exception <a 'java/lang/ArrayIndexOutOfBoundsException'> (0x00000000eb9438e8) thrown at [C:\re\workspace\8-2-build-windows-amd64-cygwin\jdk8u91\7017\hotspot\src\share\vm\runtime\sharedRuntime.cpp, line 605]

Events (10 events):
Event: 22.410 Thread 0x0000000001e68000 DEOPT PACKING pc=0x0000000002a09eb9 sp=0x000000000236e7b0
Event: 22.410 Thread 0x0000000001e68000 DEOPT UNPACKING pc=0x000000000268787f sp=0x000000000236e5e0 mode 0
Event: 22.524 Thread 0x0000000001e68000 DEOPT PACKING pc=0x000000000298a105 sp=0x000000000236e890
Event: 22.524 Thread 0x0000000001e68000 DEOPT UNPACKING pc=0x000000000268787f sp=0x000000000236e630 mode 0
Event: 22.544 Thread 0x0000000001e68000 DEOPT PACKING pc=0x0000000002a09eb9 sp=0x000000000236e7b0
Event: 22.544 Thread 0x0000000001e68000 DEOPT UNPACKING pc=0x000000000268787f sp=0x000000000236e5e0 mode 0
Event: 22.731 Executing VM operation: ParallelGCFailedAllocation
Event: 24.753 Executing VM operation: ParallelGCFailedAllocation done
Event: 24.769 Thread 0x0000000001e68000 DEOPT PACKING pc=0x0000000002a09ed0 sp=0x000000000236e7b0
Event: 24.769 Thread 0x0000000001e68000 DEOPT UNPACKING pc=0x000000000268787f sp=0x000000000236e5e0 mode 0


Dynamic libraries:
0x000000013fa30000 - 0x000000013fa67000 	C:\Program Files\Java\jdk1.8.0_91\bin\java.exe
0x0000000076ee0000 - 0x000000007708a000 	C:\Windows\SYSTEM32\ntdll.dll
0x0000000076cc0000 - 0x0000000076ddf000 	C:\Windows\system32\kernel32.dll
0x000007fefced0000 - 0x000007fefcf3a000 	C:\Windows\system32\KERNELBASE.dll
0x000007fefd410000 - 0x000007fefd4eb000 	C:\Windows\system32\ADVAPI32.dll
0x000007feff150000 - 0x000007feff1ef000 	C:\Windows\system32\msvcrt.dll
0x000007fefe7d0000 - 0x000007fefe7ef000 	C:\Windows\SYSTEM32\sechost.dll
0x000007fefec20000 - 0x000007fefed4d000 	C:\Windows\system32\RPCRT4.dll
0x0000000076de0000 - 0x0000000076eda000 	C:\Windows\system32\USER32.dll
0x000007fefd070000 - 0x000007fefd0d7000 	C:\Windows\system32\GDI32.dll
0x000007fefeee0000 - 0x000007fefeeee000 	C:\Windows\system32\LPK.dll
0x000007fefe820000 - 0x000007fefe8ea000 	C:\Windows\system32\USP10.dll
0x000007fefbcd0000 - 0x000007fefbec4000 	C:\Windows\WinSxS\amd64_microsoft.windows.common-controls_6595b64144ccf1df_6.0.7601.17514_none_fa396087175ac9ac\COMCTL32.dll
0x000007fefeef0000 - 0x000007fefef61000 	C:\Windows\system32\SHLWAPI.dll
0x000007fefe7f0000 - 0x000007fefe81e000 	C:\Windows\system32\IMM32.DLL
0x000007fefd2f0000 - 0x000007fefd3f9000 	C:\Windows\system32\MSCTF.dll
0x0000000072280000 - 0x0000000072352000 	C:\Program Files\Java\jdk1.8.0_91\jre\bin\msvcr100.dll
0x000000006f8a0000 - 0x0000000070133000 	C:\Program Files\Java\jdk1.8.0_91\jre\bin\server\jvm.dll
0x000007fef1c80000 - 0x000007fef1c89000 	C:\Windows\system32\WSOCK32.dll
0x000007fefe8f0000 - 0x000007fefe93d000 	C:\Windows\system32\WS2_32.dll
0x000007fefd400000 - 0x000007fefd408000 	C:\Windows\system32\NSI.dll
0x000007fefac10000 - 0x000007fefac4b000 	C:\Windows\system32\WINMM.dll
0x000007fefb970000 - 0x000007fefb97c000 	C:\Windows\system32\VERSION.dll
0x00000000770b0000 - 0x00000000770b7000 	C:\Windows\system32\PSAPI.DLL
0x00000000744f0000 - 0x00000000744ff000 	C:\Program Files\Java\jdk1.8.0_91\jre\bin\verify.dll
0x00000000744c0000 - 0x00000000744e9000 	C:\Program Files\Java\jdk1.8.0_91\jre\bin\java.dll
0x00000000744a0000 - 0x00000000744b6000 	C:\Program Files\Java\jdk1.8.0_91\jre\bin\zip.dll
0x000007fefd9e0000 - 0x000007fefe768000 	C:\Windows\system32\SHELL32.dll
0x000007fefd0e0000 - 0x000007fefd2e3000 	C:\Windows\system32\ole32.dll
0x000007fefcc20000 - 0x000007fefcc2f000 	C:\Windows\system32\profapi.dll

VM Arguments:
jvm_args: -Djava.awt.headless=true -Xmx1024M -Dfile.encoding=windows-1256 -Duser.country=US -Duser.language=en -Duser.variant 
java_command: com.android.dx.command.Main --dex --force-jumbo --output E:\User\AndroidStudioProjects\Sunshine-Version-2\app\build\intermediates\pre-dexed\debug\com.android.support-support-v4-21.0.3_3035d9c83d7289f90d6f43d640a8c8de139a0846.jar E:\User\AndroidStudioProjects\Sunshine-Version-2\app\build\intermediates\exploded-aar\com.android.support\support-v4\21.0.3\jars\classes.jar
java_class_path (initial): E:\User\AppData\Local\Android\sdk\build-tools\21.1.2\lib\dx.jar
Launcher Type: SUN_STANDARD

Environment Variables:
PATH=C:\oracle\product\10.2.0\db_2\bin;C:\oracle\product\10.2.0\db_1\bin;C:\ProgramData\Oracle\Java\javapath;C:\Windows\System32;C:\Windows\SysWOW64;C:\opencv248\build\x86\vc10\bin;C:\Python27;C:\Program Files (x86)\CodeBlocks\MinGW\bin;E:\programs\Matlab\R2013a\bin;C:\Program Files\IVI Foundation\VISA\Win64\Bin\;C:\Program Files (x86)\IVI Foundation\VISA\WinNT\Bin\;C:\Program Files (x86)\IVI Foundation\VISA\WinNT\Bin;C:\Program Files (x86)\Tesseract-OCR;E:\User\AppData\Local\Android\sdk\tools\lib;E:\Program Files\Git\cmd;E:\User\AppData\Local\Android\sdk\platform-tools;C:\Program Files\Canopy\User;C:\Program Files\Canopy\User\Scripts
USERNAME=user
OS=Windows_NT
PROCESSOR_IDENTIFIER=Intel64 Family 6 Model 58 Stepping 9, GenuineIntel



---------------  S Y S T E M  ---------------

OS: Windows 7 , 64 bit Build 7601 (6.1.7601.23572)

CPU:total 4 (2 cores per cpu, 2 threads per core) family 6 model 58 stepping 9, cmov, cx8, fxsr, mmx, sse, sse2, sse3, ssse3, sse4.1, sse4.2, popcnt, avx, aes, clmul, erms, ht, tsc, tscinvbit, tscinv

Memory: 4k page, physical 4094316k(252920k free), swap 5601120k(4896k free)

vm_info: Java HotSpot(TM) 64-Bit Server VM (25.91-b15) for windows-amd64 JRE (1.8.0_91-b15), built on May 20 2016 17:43:15 by "java_re" with MS VC++ 10.0 (VS2010)

time: Thu Jun 22 10:37:50 2017
elapsed time: 24 seconds (0d 0h 0m 24s)

