#
# There is insufficient memory for the Java Runtime Environment to continue.
# Native memory allocation (malloc) failed to allocate 1684736 bytes for Chunk::new
# Possible reasons:
#   The system is out of physical RAM or swap space
#   In 32 bit mode, the process size limit was hit
# Possible solutions:
#   Reduce memory load on the system
#   Increase physical memory or swap space
#   Check if swap backing store is full
#   Use 64 bit Java on a 64 bit OS
#   Decrease Java heap size (-Xmx/-Xms)
#   Decrease number of Java threads
#   Decrease Java thread stack sizes (-Xss)
#   Set larger code cache with -XX:ReservedCodeCacheSize=
# This output file may be truncated or incomplete.
#
#  Out of Memory Error (allocation.cpp:390), pid=11268, tid=11464
#
# JRE version: Java(TM) SE Runtime Environment (8.0_91-b15) (build 1.8.0_91-b15)
# Java VM: Java HotSpot(TM) 64-Bit Server VM (25.91-b15 mixed mode windows-amd64 compressed oops)
# Failed to write core dump. Minidumps are not enabled by default on client versions of Windows
#

---------------  T H R E A D  ---------------

Current thread (0x0000000056164800):  JavaThread "C2 CompilerThread0" daemon [_thread_in_native, id=11464, stack(0x00000000569c0000,0x0000000056ac0000)]

Stack: [0x00000000569c0000,0x0000000056ac0000]
[error occurred during error reporting (printing stack bounds), id 0xc0000005]

Native frames: (J=compiled Java code, j=interpreted, Vv=VM code, C=native code)


Current CompileTask:
C2:  13501 1720   !   4       com.android.dx.cf.code.BytecodeArray::parseInstruction (2764 bytes)


---------------  P R O C E S S  ---------------

Java Threads: ( => current thread )
  0x00000000561ca000 JavaThread "Service Thread" daemon [_thread_blocked, id=11584, stack(0x0000000056c10000,0x0000000056d10000)]
  0x00000000561c4000 JavaThread "C1 CompilerThread2" daemon [_thread_in_vm, id=10080, stack(0x00000000568b0000,0x00000000569b0000)]
  0x00000000561bf800 JavaThread "C2 CompilerThread1" daemon [_thread_in_native, id=11672, stack(0x0000000055f30000,0x0000000056030000)]
=>0x0000000056164800 JavaThread "C2 CompilerThread0" daemon [_thread_in_native, id=11464, stack(0x00000000569c0000,0x0000000056ac0000)]
  0x0000000054ba0000 JavaThread "Attach Listener" daemon [_thread_blocked, id=8132, stack(0x00000000567b0000,0x00000000568b0000)]
  0x0000000054baf000 JavaThread "Signal Dispatcher" daemon [_thread_blocked, id=10896, stack(0x0000000056650000,0x0000000056750000)]
  0x0000000054b8b800 JavaThread "Finalizer" daemon [_thread_blocked, id=11840, stack(0x0000000056060000,0x0000000056160000)]
  0x0000000054b44000 JavaThread "Reference Handler" daemon [_thread_blocked, id=7984, stack(0x0000000055e30000,0x0000000055f30000)]
  0x0000000001d18000 JavaThread "main" [_thread_blocked, id=10364, stack(0x0000000001f00000,0x0000000002000000)]

Other Threads:
  0x0000000054b3c800 VMThread [stack: 0x0000000055c40000,0x0000000055d40000] [id=10728]
  0x00000000561f7800 WatcherThread [stack: 0x0000000056da0000,0x0000000056ea0000] [id=10168]

VM state:not at safepoint (normal execution)

VM Mutex/Monitor currently owned by a thread:  ([mutex/lock_event])
[0x000000000044bc90] CodeCache_lock - owner thread: 0x00000000561c4000
[0x000000000044d340] Compile_lock - owner thread: 0x00000000561c4000
[0x000000000044d440] MethodCompileQueue_lock - owner thread: 0x00000000561c4000

Heap:
 PSYoungGen      total 78848K, used 24200K [0x00000000eab00000, 0x00000000f4500000, 0x0000000100000000)
  eden space 65536K, 17% used [0x00000000eab00000,0x00000000eb683240,0x00000000eeb00000)
  from space 13312K, 93% used [0x00000000f3800000,0x00000000f441efc0,0x00000000f4500000)
  to   space 2560K, 0% used [0x00000000eeb00000,0x00000000eeb00000,0x00000000eed80000)
 ParOldGen       total 44032K, used 23737K [0x00000000c0000000, 0x00000000c2b00000, 0x00000000eab00000)
  object space 44032K, 53% used [0x00000000c0000000,0x00000000c172e508,0x00000000c2b00000)
 Metaspace       used 6086K, capacity 7152K, committed 7296K, reserved 1056768K
  class space    used 585K, capacity 616K, committed 640K, reserved 1048576K

Card table byte_map: [0x0000000011690000,0x00000000118a0000] byte_map_base: 0x0000000011090000

Marking Bits: (ParMarkBitMap*) 0x000000006ec22f70
 Begin Bits: [0x0000000011fb0000, 0x0000000012fb0000)
 End Bits:   [0x0000000012fb0000, 0x0000000013fb0000)

Polling page: 0x0000000000210000

CodeCache: size=245760Kb used=7716Kb max_used=7716Kb free=238043Kb
 bounds [0x00000000022d0000, 0x0000000002a70000, 0x00000000112d0000]
 total_blobs=1982 nmethods=1718 adapters=176
 compilation: enabled

Compilation events (10 events):
Event: 11.821 Thread 0x00000000561c4000 1743       2       com.android.dx.ssa.SCCP::simulateStmt (481 bytes)
Event: 11.822 Thread 0x00000000561c4000 nmethod 1743 0x00000000029f8c10 code [0x00000000029f8e80, 0x00000000029f9718]
Event: 11.866 Thread 0x00000000561c4000 1744   !   2       com.android.dx.cf.cst.ConstantPoolParser::parse0 (731 bytes)
Event: 11.871 Thread 0x00000000561c4000 nmethod 1744 0x0000000002a326d0 code [0x0000000002a32ce0, 0x0000000002a34f88]
Event: 11.900 Thread 0x0000000056164800 nmethod 1648 0x0000000002a402d0 code [0x0000000002a406c0, 0x0000000002a44588]
Event: 11.900 Thread 0x0000000056164800 1720   !   4       com.android.dx.cf.code.BytecodeArray::parseInstruction (2764 bytes)
Event: 11.936 Thread 0x00000000561c4000 1748       2       com.android.dx.rop.code.RegisterSpecList::indexOfRegister (38 bytes)
Event: 11.936 Thread 0x00000000561c4000 nmethod 1748 0x00000000029f8690 code [0x00000000029f8800, 0x00000000029f8a48]
Event: 11.937 Thread 0x00000000561c4000 1749       2       com.android.dx.ssa.LocalVariableExtractor::processBlock (383 bytes)
Event: 11.940 Thread 0x00000000561c4000 nmethod 1749 0x0000000002a3cd50 code [0x0000000002a3d0c0, 0x0000000002a3e258]

GC Heap History (10 events):
Event: 4.291 GC heap before
{Heap before GC invocations=1 (full 0):
 PSYoungGen      total 18944K, used 16384K [0x00000000eab00000, 0x00000000ec000000, 0x0000000100000000)
  eden space 16384K, 100% used [0x00000000eab00000,0x00000000ebb00000,0x00000000ebb00000)
  from space 2560K, 0% used [0x00000000ebd80000,0x00000000ebd80000,0x00000000ec000000)
  to   space 2560K, 0% used [0x00000000ebb00000,0x00000000ebb00000,0x00000000ebd80000)
 ParOldGen       total 44032K, used 0K [0x00000000c0000000, 0x00000000c2b00000, 0x00000000eab00000)
  object space 44032K, 0% used [0x00000000c0000000,0x00000000c0000000,0x00000000c2b00000)
 Metaspace       used 5572K, capacity 6768K, committed 7040K, reserved 1056768K
  class space    used 559K, capacity 616K, committed 640K, reserved 1048576K
Event: 4.717 GC heap after
Heap after GC invocations=1 (full 0):
 PSYoungGen      total 18944K, used 2551K [0x00000000eab00000, 0x00000000ed000000, 0x0000000100000000)
  eden space 16384K, 0% used [0x00000000eab00000,0x00000000eab00000,0x00000000ebb00000)
  from space 2560K, 99% used [0x00000000ebb00000,0x00000000ebd7dc78,0x00000000ebd80000)
  to   space 2560K, 0% used [0x00000000ecd80000,0x00000000ecd80000,0x00000000ed000000)
 ParOldGen       total 44032K, used 1535K [0x00000000c0000000, 0x00000000c2b00000, 0x00000000eab00000)
  object space 44032K, 3% used [0x00000000c0000000,0x00000000c017fe88,0x00000000c2b00000)
 Metaspace       used 5572K, capacity 6768K, committed 7040K, reserved 1056768K
  class space    used 559K, capacity 616K, committed 640K, reserved 1048576K
}
Event: 6.486 GC heap before
{Heap before GC invocations=2 (full 0):
 PSYoungGen      total 18944K, used 18935K [0x00000000eab00000, 0x00000000ed000000, 0x0000000100000000)
  eden space 16384K, 100% used [0x00000000eab00000,0x00000000ebb00000,0x00000000ebb00000)
  from space 2560K, 99% used [0x00000000ebb00000,0x00000000ebd7dc78,0x00000000ebd80000)
  to   space 2560K, 0% used [0x00000000ecd80000,0x00000000ecd80000,0x00000000ed000000)
 ParOldGen       total 44032K, used 1535K [0x00000000c0000000, 0x00000000c2b00000, 0x00000000eab00000)
  object space 44032K, 3% used [0x00000000c0000000,0x00000000c017fe88,0x00000000c2b00000)
 Metaspace       used 5776K, capacity 6960K, committed 7040K, reserved 1056768K
  class space    used 562K, capacity 616K, committed 640K, reserved 1048576K
Event: 6.525 GC heap after
Heap after GC invocations=2 (full 0):
 PSYoungGen      total 35328K, used 2528K [0x00000000eab00000, 0x00000000ed000000, 0x0000000100000000)
  eden space 32768K, 0% used [0x00000000eab00000,0x00000000eab00000,0x00000000ecb00000)
  from space 2560K, 98% used [0x00000000ecd80000,0x00000000ecff8028,0x00000000ed000000)
  to   space 2560K, 0% used [0x00000000ecb00000,0x00000000ecb00000,0x00000000ecd80000)
 ParOldGen       total 44032K, used 3937K [0x00000000c0000000, 0x00000000c2b00000, 0x00000000eab00000)
  object space 44032K, 8% used [0x00000000c0000000,0x00000000c03d8600,0x00000000c2b00000)
 Metaspace       used 5776K, capacity 6960K, committed 7040K, reserved 1056768K
  class space    used 562K, capacity 616K, committed 640K, reserved 1048576K
}
Event: 8.626 GC heap before
{Heap before GC invocations=3 (full 0):
 PSYoungGen      total 35328K, used 35296K [0x00000000eab00000, 0x00000000ed000000, 0x0000000100000000)
  eden space 32768K, 100% used [0x00000000eab00000,0x00000000ecb00000,0x00000000ecb00000)
  from space 2560K, 98% used [0x00000000ecd80000,0x00000000ecff8028,0x00000000ed000000)
  to   space 2560K, 0% used [0x00000000ecb00000,0x00000000ecb00000,0x00000000ecd80000)
 ParOldGen       total 44032K, used 3937K [0x00000000c0000000, 0x00000000c2b00000, 0x00000000eab00000)
  object space 44032K, 8% used [0x00000000c0000000,0x00000000c03d8600,0x00000000c2b00000)
 Metaspace       used 6009K, capacity 7088K, committed 7296K, reserved 1056768K
  class space    used 585K, capacity 616K, committed 640K, reserved 1048576K
Event: 8.687 GC heap after
Heap after GC invocations=3 (full 0):
 PSYoungGen      total 35328K, used 2549K [0x00000000eab00000, 0x00000000ef000000, 0x0000000100000000)
  eden space 32768K, 0% used [0x00000000eab00000,0x00000000eab00000,0x00000000ecb00000)
  from space 2560K, 99% used [0x00000000ecb00000,0x00000000ecd7d468,0x00000000ecd80000)
  to   space 2560K, 0% used [0x00000000eed80000,0x00000000eed80000,0x00000000ef000000)
 ParOldGen       total 44032K, used 8637K [0x00000000c0000000, 0x00000000c2b00000, 0x00000000eab00000)
  object space 44032K, 19% used [0x00000000c0000000,0x00000000c086f500,0x00000000c2b00000)
 Metaspace       used 6009K, capacity 7088K, committed 7296K, reserved 1056768K
  class space    used 585K, capacity 616K, committed 640K, reserved 1048576K
}
Event: 9.720 GC heap before
{Heap before GC invocations=4 (full 0):
 PSYoungGen      total 35328K, used 35317K [0x00000000eab00000, 0x00000000ef000000, 0x0000000100000000)
  eden space 32768K, 100% used [0x00000000eab00000,0x00000000ecb00000,0x00000000ecb00000)
  from space 2560K, 99% used [0x00000000ecb00000,0x00000000ecd7d468,0x00000000ecd80000)
  to   space 2560K, 0% used [0x00000000eed80000,0x00000000eed80000,0x00000000ef000000)
 ParOldGen       total 44032K, used 8637K [0x00000000c0000000, 0x00000000c2b00000, 0x00000000eab00000)
  object space 44032K, 19% used [0x00000000c0000000,0x00000000c086f500,0x00000000c2b00000)
 Metaspace       used 6031K, capacity 7088K, committed 7296K, reserved 1056768K
  class space    used 585K, capacity 616K, committed 640K, reserved 1048576K
Event: 10.050 GC heap after
Heap after GC invocations=4 (full 0):
 PSYoungGen      total 68096K, used 2549K [0x00000000eab00000, 0x00000000ef000000, 0x0000000100000000)
  eden space 65536K, 0% used [0x00000000eab00000,0x00000000eab00000,0x00000000eeb00000)
  from space 2560K, 99% used [0x00000000eed80000,0x00000000eeffd468,0x00000000ef000000)
  to   space 2560K, 0% used [0x00000000eeb00000,0x00000000eeb00000,0x00000000eed80000)
 ParOldGen       total 44032K, used 13571K [0x00000000c0000000, 0x00000000c2b00000, 0x00000000eab00000)
  object space 44032K, 30% used [0x00000000c0000000,0x00000000c0d40e58,0x00000000c2b00000)
 Metaspace       used 6031K, capacity 7088K, committed 7296K, reserved 1056768K
  class space    used 585K, capacity 616K, committed 640K, reserved 1048576K
}
Event: 11.130 GC heap before
{Heap before GC invocations=5 (full 0):
 PSYoungGen      total 68096K, used 68085K [0x00000000eab00000, 0x00000000ef000000, 0x0000000100000000)
  eden space 65536K, 100% used [0x00000000eab00000,0x00000000eeb00000,0x00000000eeb00000)
  from space 2560K, 99% used [0x00000000eed80000,0x00000000eeffd468,0x00000000ef000000)
  to   space 2560K, 0% used [0x00000000eeb00000,0x00000000eeb00000,0x00000000eed80000)
 ParOldGen       total 44032K, used 13571K [0x00000000c0000000, 0x00000000c2b00000, 0x00000000eab00000)
  object space 44032K, 30% used [0x00000000c0000000,0x00000000c0d40e58,0x00000000c2b00000)
 Metaspace       used 6071K, capacity 7088K, committed 7296K, reserved 1056768K
  class space    used 585K, capacity 616K, committed 640K, reserved 1048576K
Event: 11.723 GC heap after
Heap after GC invocations=5 (full 0):
 PSYoungGen      total 68096K, used 2545K [0x00000000eab00000, 0x00000000f4500000, 0x0000000100000000)
  eden space 65536K, 0% used [0x00000000eab00000,0x00000000eab00000,0x00000000eeb00000)
  from space 2560K, 99% used [0x00000000eeb00000,0x00000000eed7c410,0x00000000eed80000)
  to   space 13312K, 0% used [0x00000000f3800000,0x00000000f3800000,0x00000000f4500000)
 ParOldGen       total 44032K, used 23737K [0x00000000c0000000, 0x00000000c2b00000, 0x00000000eab00000)
  object space 44032K, 53% used [0x00000000c0000000,0x00000000c172e508,0x00000000c2b00000)
 Metaspace       used 6071K, capacity 7088K, committed 7296K, reserved 1056768K
  class space    used 585K, capacity 616K, committed 640K, reserved 1048576K
}

Deoptimization events (10 events):
Event: 10.730 Thread 0x0000000001d18000 Uncommon trap: reason=bimorphic action=maybe_recompile pc=0x000000000293a2bc method=com.android.dx.cf.code.BytecodeArray.parseInstruction(ILcom/android/dx/cf/code/BytecodeArray$Visitor;)I @ 971
Event: 10.730 Thread 0x0000000001d18000 Uncommon trap: reason=bimorphic action=maybe_recompile pc=0x000000000293a348 method=com.android.dx.cf.code.BytecodeArray.parseInstruction(ILcom/android/dx/cf/code/BytecodeArray$Visitor;)I @ 987
Event: 10.730 Thread 0x0000000001d18000 Uncommon trap: reason=bimorphic action=maybe_recompile pc=0x000000000293a2bc method=com.android.dx.cf.code.BytecodeArray.parseInstruction(ILcom/android/dx/cf/code/BytecodeArray$Visitor;)I @ 971
Event: 10.730 Thread 0x0000000001d18000 Uncommon trap: reason=bimorphic action=maybe_recompile pc=0x000000000293a348 method=com.android.dx.cf.code.BytecodeArray.parseInstruction(ILcom/android/dx/cf/code/BytecodeArray$Visitor;)I @ 987
Event: 11.820 Thread 0x0000000001d18000 Uncommon trap: reason=unstable_if action=reinterpret pc=0x00000000028f7870 method=com.android.dx.ssa.SCCP.simulateStmt(Lcom/android/dx/ssa/SsaInsn;)V @ 59
Event: 11.866 Thread 0x0000000001d18000 Uncommon trap: reason=unloaded action=reinterpret pc=0x0000000002a018cc method=com.android.dx.cf.cst.ConstantPoolParser.parse0(ILjava/util/BitSet;)Lcom/android/dx/rop/cst/Constant; @ 220
Event: 11.927 Thread 0x0000000001d18000 Uncommon trap: reason=bimorphic action=maybe_recompile pc=0x000000000290d3a4 method=com.android.dx.rop.code.RegisterSpec.withSimpleType()Lcom/android/dx/rop/code/RegisterSpec; @ 21
Event: 11.931 Thread 0x0000000001d18000 Uncommon trap: reason=bimorphic action=maybe_recompile pc=0x000000000290d3a4 method=com.android.dx.rop.code.RegisterSpec.withSimpleType()Lcom/android/dx/rop/code/RegisterSpec; @ 21
Event: 11.934 Thread 0x0000000001d18000 Uncommon trap: reason=bimorphic action=maybe_recompile pc=0x000000000290d3a4 method=com.android.dx.rop.code.RegisterSpec.withSimpleType()Lcom/android/dx/rop/code/RegisterSpec; @ 21
Event: 11.937 Thread 0x0000000001d18000 Uncommon trap: reason=bimorphic action=maybe_recompile pc=0x000000000290d3a4 method=com.android.dx.rop.code.RegisterSpec.withSimpleType()Lcom/android/dx/rop/code/RegisterSpec; @ 21

Internal exceptions (7 events):
Event: 0.045 Thread 0x0000000001d18000 Exception <a 'java/lang/NoSuchMethodError': Method sun.misc.Unsafe.defineClass(Ljava/lang/String;[BII)Ljava/lang/Class; name or signature does not match> (0x00000000eab07cc0) thrown at [C:\re\workspace\8-2-build-windows-amd64-cygwin\jdk8u91\7017\hotspot\sr¬B‘P§?
Event: 0.046 Thread 0x0000000001d18000 Exception <a 'java/lang/NoSuchMethodError': Method sun.misc.Unsafe.prefetchRead(Ljava/lang/Object;J)V name or signature does not match> (0x00000000eab07fa8) thrown at [C:\re\workspace\8-2-build-windows-amd64-cygwin\jdk8u91\7017\hotspot\src\share\vm\prims\j_èÎ——@
Event: 4.898 Thread 0x0000000001d18000 Implicit null exception at 0x00000000026a8e12 to 0x00000000026a8f02
Event: 6.957 Thread 0x0000000001d18000 Exception <a 'java/lang/ArrayIndexOutOfBoundsException': 18> (0x00000000eb07dca0) thrown at [C:\re\workspace\8-2-build-windows-amd64-cygwin\jdk8u91\7017\hotspot\src\share\vm\interpreter\interpreterRuntime.cpp, line 366]
Event: 6.957 Thread 0x0000000001d18000 Exception <a 'java/lang/ArrayIndexOutOfBoundsException': 145> (0x00000000eb07f820) thrown at [C:\re\workspace\8-2-build-windows-amd64-cygwin\jdk8u91\7017\hotspot\src\share\vm\interpreter\interpreterRuntime.cpp, line 366]
Event: 6.958 Thread 0x0000000001d18000 Exception <a 'java/lang/ArrayIndexOutOfBoundsException'> (0x00000000eb080b08) thrown at [C:\re\workspace\8-2-build-windows-amd64-cygwin\jdk8u91\7017\hotspot\src\share\vm\runtime\sharedRuntime.cpp, line 605]
Event: 10.101 Thread 0x0000000001d18000 Implicit null exception at 0x000000000298f284 to 0x0000000002993bf9

Events (10 events):
Event: 11.927 Thread 0x0000000001d18000 DEOPT UNPACKING pc=0x000000000231582a sp=0x0000000001ffe8f8 mode 2
Event: 11.931 Thread 0x0000000001d18000 Uncommon trap: trap_request=0xffffffc6 fr.pc=0x000000000290d3a4
Event: 11.931 Thread 0x0000000001d18000 DEOPT PACKING pc=0x000000000290d3a4 sp=0x0000000001ffe980
Event: 11.931 Thread 0x0000000001d18000 DEOPT UNPACKING pc=0x000000000231582a sp=0x0000000001ffe8f8 mode 2
Event: 11.934 Thread 0x0000000001d18000 Uncommon trap: trap_request=0xffffffc6 fr.pc=0x000000000290d3a4
Event: 11.934 Thread 0x0000000001d18000 DEOPT PACKING pc=0x000000000290d3a4 sp=0x0000000001ffe980
Event: 11.934 Thread 0x0000000001d18000 DEOPT UNPACKING pc=0x000000000231582a sp=0x0000000001ffe8f8 mode 2
Event: 11.937 Thread 0x0000000001d18000 Uncommon trap: trap_request=0xffffffc6 fr.pc=0x000000000290d3a4
Event: 11.937 Thread 0x0000000001d18000 DEOPT PACKING pc=0x000000000290d3a4 sp=0x0000000001ffe8d0
Event: 11.937 Thread 0x0000000001d18000 DEOPT UNPACKING pc=0x000000000231582a sp=0x0000000001ffe848 mode 2


Dynamic libraries:
0x000000013fb40000 - 0x000000013fb77000 	C:\Program Files\Java\jdk1.8.0_91\bin\java.exe
0x00000000776b0000 - 0x000000007785a000 	C:\Windows\SYSTEM32\ntdll.dll
0x0000000077490000 - 0x00000000775af000 	C:\Windows\system32\kernel32.dll
0x000007fefd4f0000 - 0x000007fefd55a000 	C:\Windows\system32\KERNELBASE.dll
0x000007feff3a0000 - 0x000007feff47b000 	C:\Windows\system32\ADVAPI32.dll
0x000007fefeda0000 - 0x000007fefee3f000 	C:\Windows\system32\msvcrt.dll
0x000007feff570000 - 0x000007feff58f000 	C:\Windows\SYSTEM32\sechost.dll
0x000007fefea20000 - 0x000007fefeb4d000 	C:\Windows\system32\RPCRT4.dll
0x00000000775b0000 - 0x00000000776aa000 	C:\Windows\system32\USER32.dll
0x000007fefe600000 - 0x000007fefe667000 	C:\Windows\system32\GDI32.dll
0x000007feff640000 - 0x000007feff64e000 	C:\Windows\system32\LPK.dll
0x000007fefe950000 - 0x000007fefea1a000 	C:\Windows\system32\USP10.dll
0x000007fefc450000 - 0x000007fefc644000 	C:\Windows\WinSxS\amd64_microsoft.windows.common-controls_6595b64144ccf1df_6.0.7601.17514_none_fa396087175ac9ac\COMCTL32.dll
0x000007feff050000 - 0x000007feff0c1000 	C:\Windows\system32\SHLWAPI.dll
0x000007fefe5d0000 - 0x000007fefe5fe000 	C:\Windows\system32\IMM32.DLL
0x000007feff650000 - 0x000007feff759000 	C:\Windows\system32\MSCTF.dll
0x00000000740b0000 - 0x0000000074182000 	C:\Program Files\Java\jdk1.8.0_91\jre\bin\msvcr100.dll
0x000000006e410000 - 0x000000006eca3000 	C:\Program Files\Java\jdk1.8.0_91\jre\bin\server\jvm.dll
0x000007fef0d10000 - 0x000007fef0d19000 	C:\Windows\system32\WSOCK32.dll
0x000007feff590000 - 0x000007feff5dd000 	C:\Windows\system32\WS2_32.dll
0x000007feff560000 - 0x000007feff568000 	C:\Windows\system32\NSI.dll
0x000007fefb220000 - 0x000007fefb25b000 	C:\Windows\system32\WINMM.dll
0x000007fefc140000 - 0x000007fefc14c000 	C:\Windows\system32\VERSION.dll
0x0000000077880000 - 0x0000000077887000 	C:\Windows\system32\PSAPI.DLL
0x0000000074d10000 - 0x0000000074d1f000 	C:\Program Files\Java\jdk1.8.0_91\jre\bin\verify.dll
0x0000000074b20000 - 0x0000000074b49000 	C:\Program Files\Java\jdk1.8.0_91\jre\bin\java.dll
0x0000000074b60000 - 0x0000000074b76000 	C:\Program Files\Java\jdk1.8.0_91\jre\bin\zip.dll
0x000007fefd7a0000 - 0x000007fefe528000 	C:\Windows\system32\SHELL32.dll
0x000007fefee40000 - 0x000007feff043000 	C:\Windows\system32\ole32.dll
0x000007fefd3f0000 - 0x000007fefd3ff000 	C:\Windows\system32\profapi.dll

VM Arguments:
jvm_args: -Djava.awt.headless=true -Xmx1024M -Dfile.encoding=windows-1256 -Duser.country=US -Duser.language=en -Duser.variant 
java_command: com.android.dx.command.Main --dex --force-jumbo --output E:\User\AndroidStudioProjects\Sunshine-Version-2\app\build\intermediates\pre-dexed\debug\com.android.support-appcompat-v7-21.0.3_c62c1a7b3c1d7c37f76f30a9af26db376fcf9047.jar E:\User\AndroidStudioProjects\Sunshine-Version-2\app\build\intermediates\exploded-aar\com.android.support\appcompat-v7\21.0.3\jars\classes.jar
java_class_path (initial): E:\User\AppData\Local\Android\sdk\build-tools\21.1.2\lib\dx.jar
Launcher Type: SUN_STANDARD

Environment Variables:
PATH=C:\oracle\product\10.2.0\db_2\bin;C:\oracle\product\10.2.0\db_1\bin;C:\ProgramData\Oracle\Java\javapath;C:\Windows\System32;C:\Windows\SysWOW64;C:\opencv248\build\x86\vc10\bin;C:\Python27;C:\Program Files (x86)\CodeBlocks\MinGW\bin;E:\programs\Matlab\R2013a\bin;C:\Program Files\IVI Foundation\VISA\Win64\Bin\;C:\Program Files (x86)\IVI Foundation\VISA\WinNT\Bin\;C:\Program Files (x86)\IVI Foundation\VISA\WinNT\Bin;C:\Program Files (x86)\Tesseract-OCR;E:\User\AppData\Local\Android\sdk\tools\lib;E:\Program Files\Git\cmd;E:\User\AppData\Local\Android\sdk\platform-tools;C:\Program Files\Canopy\User;C:\Program Files\Canopy\User\Scripts
USERNAME=user
OS=Windows_NT
PROCESSOR_IDENTIFIER=Intel64 Family 6 Model 58 Stepping 9, GenuineIntel



---------------  S Y S T E M  ---------------

OS: Windows 7 , 64 bit Build 7601 (6.1.7601.23572)

CPU:total 4 (2 cores per cpu, 2 threads per core) family 6 model 58 stepping 9, cmov, cx8, fxsr, mmx, sse, sse2, sse3, ssse3, sse4.1, sse4.2, popcnt, avx, aes, clmul, erms, ht, tsc, tscinvbit, tscinv

Memory: 4k page, physical 4094316k(27960k free), swap 5628456k(21300k free)

vm_info: Java HotSpot(TM) 64-Bit Server VM (25.91-b15) for windows-amd64 JRE (1.8.0_91-b15), built on May 20 2016 17:43:15 by "java_re" with MS VC++ 10.0 (VS2010)

time: Wed Jun 21 05:41:50 2017
elapsed time: 13 seconds (0d 0h 0m 13s)

