#
# There is insufficient memory for the Java Runtime Environment to continue.
# Native memory allocation (malloc) failed to allocate 1638416 bytes for Chunk::new
# Possible reasons:
#   The system is out of physical RAM or swap space
#   In 32 bit mode, the process size limit was hit
# Possible solutions:
#   Reduce memory load on the system
#   Increase physical memory or swap space
#   Check if swap backing store is full
#   Use 64 bit Java on a 64 bit OS
#   Decrease Java heap size (-Xmx/-Xms)
#   Decrease number of Java threads
#   Decrease Java thread stack sizes (-Xss)
#   Set larger code cache with -XX:ReservedCodeCacheSize=
# This output file may be truncated or incomplete.
#
#  Out of Memory Error (allocation.cpp:390), pid=5620, tid=4236
#
# JRE version: Java(TM) SE Runtime Environment (8.0_91-b15) (build 1.8.0_91-b15)
# Java VM: Java HotSpot(TM) 64-Bit Server VM (25.91-b15 mixed mode windows-amd64 compressed oops)
# Failed to write core dump. Minidumps are not enabled by default on client versions of Windows
#

---------------  T H R E A D  ---------------

Current thread (0x0000000056145000):  JavaThread "C2 CompilerThread0" daemon [_thread_in_native, id=4236, stack(0x0000000056ac0000,0x0000000056bc0000)]

Stack: [0x0000000056ac0000,0x0000000056bc0000]
[error occurred during error reporting (printing stack bounds), id 0xc0000005]

Native frames: (J=compiled Java code, j=interpreted, Vv=VM code, C=native code)


Current CompileTask:
C2:   3070 1344   !   4       com.android.dx.cf.code.BytecodeArray::parseInstruction (2764 bytes)


---------------  P R O C E S S  ---------------

Java Threads: ( => current thread )
  0x00000000561b6800 JavaThread "Service Thread" daemon [_thread_blocked, id=5544, stack(0x0000000056dc0000,0x0000000056ec0000)]
  0x0000000056148000 JavaThread "C1 CompilerThread2" daemon [_thread_blocked, id=4916, stack(0x0000000056cc0000,0x0000000056dc0000)]
  0x0000000056147000 JavaThread "C2 CompilerThread1" daemon [_thread_in_native, id=632, stack(0x0000000056750000,0x0000000056850000)]
=>0x0000000056145000 JavaThread "C2 CompilerThread0" daemon [_thread_in_native, id=4236, stack(0x0000000056ac0000,0x0000000056bc0000)]
  0x0000000056140800 JavaThread "Attach Listener" daemon [_thread_blocked, id=4752, stack(0x0000000056870000,0x0000000056970000)]
  0x0000000054e01000 JavaThread "Signal Dispatcher" daemon [_thread_blocked, id=5360, stack(0x0000000056640000,0x0000000056740000)]
  0x0000000054ded000 JavaThread "Finalizer" daemon [_thread_blocked, id=5876, stack(0x0000000055d90000,0x0000000055e90000)]
  0x0000000054da6000 JavaThread "Reference Handler" daemon [_thread_blocked, id=280, stack(0x0000000056040000,0x0000000056140000)]
  0x0000000001d88000 JavaThread "main" [_thread_blocked, id=4416, stack(0x00000000021e0000,0x00000000022e0000)]

Other Threads:
  0x0000000054d9a800 VMThread [stack: 0x0000000055ed0000,0x0000000055fd0000] [id=3912]
  0x00000000561fe800 WatcherThread [stack: 0x0000000056f80000,0x0000000057080000] [id=5292]

VM state:at safepoint (normal execution)

VM Mutex/Monitor currently owned by a thread:  ([mutex/lock_event])
[0x0000000001eac940] Threads_lock - owner thread: 0x0000000054d9a800
[0x0000000001eace40] Heap_lock - owner thread: 0x0000000001d88000

Heap:
 PSYoungGen      total 35328K, used 35296K [0x00000000eab00000, 0x00000000ed000000, 0x0000000100000000)
  eden space 32768K, 100% used [0x00000000eab00000,0x00000000ecb00000,0x00000000ecb00000)
  from space 2560K, 98% used [0x00000000ecd80000,0x00000000ecff8048,0x00000000ed000000)
  to   space 2560K, 99% used [0x00000000ecb00000,0x00000000ecd7e780,0x00000000ecd80000)
 ParOldGen       total 44032K, used 8611K [0x00000000c0000000, 0x00000000c2b00000, 0x00000000eab00000)
  object space 44032K, 19% used [0x00000000c0000000,0x00000000c0868dc8,0x00000000c2b00000)
 Metaspace       used 5952K, capacity 7024K, committed 7296K, reserved 1056768K
  class space    used 584K, capacity 616K, committed 640K, reserved 1048576K

Card table byte_map: [0x0000000011970000,0x0000000011b80000] byte_map_base: 0x0000000011370000

Marking Bits: (ParMarkBitMap*) 0x00000000700b2f70
 Begin Bits: [0x0000000012210000, 0x0000000013210000)
 End Bits:   [0x0000000013210000, 0x0000000014210000)

Polling page: 0x00000000000a0000

CodeCache: size=245760Kb used=5927Kb max_used=5927Kb free=239832Kb
 bounds [0x00000000025b0000, 0x0000000002b80000, 0x00000000115b0000]
 total_blobs=1686 nmethods=1422 adapters=176
 compilation: disabled (not enough contiguous free space left)

Compilation events (10 events):
Event: 2.653 Thread 0x0000000056148000 1366       3       com.android.dx.cf.attrib.RawAttribute::byteLength (11 bytes)
Event: 2.653 Thread 0x0000000056148000 nmethod 1366 0x0000000002b28910 code [0x0000000002b28a60, 0x0000000002b28c50]
Event: 2.653 Thread 0x0000000056148000 1367       3       com.android.dx.cf.attrib.AttCode::byteLength (29 bytes)
Event: 2.654 Thread 0x0000000056148000 nmethod 1367 0x0000000002b3a9d0 code [0x0000000002b3aba0, 0x0000000002b3b5f8]
Event: 2.654 Thread 0x0000000056148000 1368       3       com.android.dx.rop.cst.StdConstantPool::get0Ok (12 bytes)
Event: 2.655 Thread 0x0000000056148000 nmethod 1368 0x0000000002b3ba50 code [0x0000000002b3bd00, 0x0000000002b3ce78]
Event: 2.655 Thread 0x0000000056148000 1369       1       com.android.dx.cf.attrib.InnerClassList$Item::getInnerClass (5 bytes)
Event: 2.655 Thread 0x0000000056148000 nmethod 1369 0x0000000002b03050 code [0x0000000002b031a0, 0x0000000002b032b0]
Event: 2.657 Thread 0x0000000056148000 1370       3       com.android.dx.ssa.Dominators::<init> (55 bytes)
Event: 2.657 Thread 0x0000000056148000 nmethod 1370 0x0000000002b36990 code [0x0000000002b36b20, 0x0000000002b37050]

GC Heap History (4 events):
Event: 1.735 GC heap before
{Heap before GC invocations=1 (full 0):
 PSYoungGen      total 18944K, used 16384K [0x00000000eab00000, 0x00000000ec000000, 0x0000000100000000)
  eden space 16384K, 100% used [0x00000000eab00000,0x00000000ebb00000,0x00000000ebb00000)
  from space 2560K, 0% used [0x00000000ebd80000,0x00000000ebd80000,0x00000000ec000000)
  to   space 2560K, 0% used [0x00000000ebb00000,0x00000000ebb00000,0x00000000ebd80000)
 ParOldGen       total 44032K, used 0K [0x00000000c0000000, 0x00000000c2b00000, 0x00000000eab00000)
  object space 44032K, 0% used [0x00000000c0000000,0x00000000c0000000,0x00000000c2b00000)
 Metaspace       used 5615K, capacity 6832K, committed 7040K, reserved 1056768K
  class space    used 559K, capacity 616K, committed 640K, reserved 1048576K
Event: 1.877 GC heap after
Heap after GC invocations=1 (full 0):
 PSYoungGen      total 18944K, used 2554K [0x00000000eab00000, 0x00000000ed000000, 0x0000000100000000)
  eden space 16384K, 0% used [0x00000000eab00000,0x00000000eab00000,0x00000000ebb00000)
  from space 2560K, 99% used [0x00000000ebb00000,0x00000000ebd7ea98,0x00000000ebd80000)
  to   space 2560K, 0% used [0x00000000ecd80000,0x00000000ecd80000,0x00000000ed000000)
 ParOldGen       total 44032K, used 1769K [0x00000000c0000000, 0x00000000c2b00000, 0x00000000eab00000)
  object space 44032K, 4% used [0x00000000c0000000,0x00000000c01ba6a8,0x00000000c2b00000)
 Metaspace       used 5615K, capacity 6832K, committed 7040K, reserved 1056768K
  class space    used 559K, capacity 616K, committed 640K, reserved 1048576K
}
Event: 2.346 GC heap before
{Heap before GC invocations=2 (full 0):
 PSYoungGen      total 18944K, used 18938K [0x00000000eab00000, 0x00000000ed000000, 0x0000000100000000)
  eden space 16384K, 100% used [0x00000000eab00000,0x00000000ebb00000,0x00000000ebb00000)
  from space 2560K, 99% used [0x00000000ebb00000,0x00000000ebd7ea98,0x00000000ebd80000)
  to   space 2560K, 0% used [0x00000000ecd80000,0x00000000ecd80000,0x00000000ed000000)
 ParOldGen       total 44032K, used 1769K [0x00000000c0000000, 0x00000000c2b00000, 0x00000000eab00000)
  object space 44032K, 4% used [0x00000000c0000000,0x00000000c01ba6a8,0x00000000c2b00000)
 Metaspace       used 5785K, capacity 6960K, committed 7040K, reserved 1056768K
  class space    used 563K, capacity 616K, committed 640K, reserved 1048576K
Event: 2.370 GC heap after
Heap after GC invocations=2 (full 0):
 PSYoungGen      total 35328K, used 2528K [0x00000000eab00000, 0x00000000ed000000, 0x0000000100000000)
  eden space 32768K, 0% used [0x00000000eab00000,0x00000000eab00000,0x00000000ecb00000)
  from space 2560K, 98% used [0x00000000ecd80000,0x00000000ecff8048,0x00000000ed000000)
  to   space 2560K, 0% used [0x00000000ecb00000,0x00000000ecb00000,0x00000000ecd80000)
 ParOldGen       total 44032K, used 4099K [0x00000000c0000000, 0x00000000c2b00000, 0x00000000eab00000)
  object space 44032K, 9% used [0x00000000c0000000,0x00000000c0400df0,0x00000000c2b00000)
 Metaspace       used 5785K, capacity 6960K, committed 7040K, reserved 1056768K
  class space    used 563K, capacity 616K, committed 640K, reserved 1048576K
}

Deoptimization events (10 events):
Event: 2.330 Thread 0x0000000001d88000 Uncommon trap: reason=class_check action=maybe_recompile pc=0x0000000002a348f0 method=java.util.HashMap.putVal(ILjava/lang/Object;Ljava/lang/Object;ZZ)Ljava/lang/Object; @ 203
Event: 2.330 Thread 0x0000000001d88000 Uncommon trap: reason=bimorphic action=maybe_recompile pc=0x00000000029e469c method=java.util.HashMap.getNode(ILjava/lang/Object;)Ljava/util/HashMap$Node; @ 126
Event: 2.330 Thread 0x0000000001d88000 Uncommon trap: reason=bimorphic action=maybe_recompile pc=0x00000000029e469c method=java.util.HashMap.getNode(ILjava/lang/Object;)Ljava/util/HashMap$Node; @ 126
Event: 2.437 Thread 0x0000000001d88000 Uncommon trap: reason=class_check action=maybe_recompile pc=0x0000000002a2091c method=com.android.dx.rop.type.Type.equals(Ljava/lang/Object;)Z @ 8
Event: 2.438 Thread 0x0000000001d88000 Uncommon trap: reason=class_check action=maybe_recompile pc=0x0000000002a2091c method=com.android.dx.rop.type.Type.equals(Ljava/lang/Object;)Z @ 8
Event: 2.438 Thread 0x0000000001d88000 Uncommon trap: reason=class_check action=maybe_recompile pc=0x0000000002a2091c method=com.android.dx.rop.type.Type.equals(Ljava/lang/Object;)Z @ 8
Event: 2.438 Thread 0x0000000001d88000 Uncommon trap: reason=class_check action=maybe_recompile pc=0x0000000002a2091c method=com.android.dx.rop.type.Type.equals(Ljava/lang/Object;)Z @ 8
Event: 2.439 Thread 0x0000000001d88000 Uncommon trap: reason=unstable_if action=reinterpret pc=0x0000000002aa8468 method=com.android.dx.cf.code.Ropper.labelToResultIndex(I)I @ 34
Event: 2.439 Thread 0x0000000001d88000 Uncommon trap: reason=class_check action=maybe_recompile pc=0x00000000029226b4 method=com.android.dx.rop.type.Type.equals(Ljava/lang/Object;)Z @ 8
Event: 2.443 Thread 0x0000000001d88000 Uncommon trap: reason=unstable_if action=reinterpret pc=0x0000000002aa7910 method=com.android.dx.util.LabeledList.set(ILcom/android/dx/util/LabeledItem;)V @ 16

Internal exceptions (2 events):
Event: 0.078 Thread 0x0000000001d88000 Exception <a 'java/lang/NoSuchMethodError': Method sun.misc.Unsafe.defineClass(Ljava/lang/String;[BII)Ljava/lang/Class; name or signature does not match> (0x00000000eab07cc0) thrown at [C:\re\workspace\8-2-build-windows-amd64-cygwin\jdk8u91\7017\hotspot\srÜlå³û³?
Event: 0.078 Thread 0x0000000001d88000 Exception <a 'java/lang/NoSuchMethodError': Method sun.misc.Unsafe.prefetchRead(Ljava/lang/Object;J)V name or signature does not match> (0x00000000eab07fa8) thrown at [C:\re\workspace\8-2-build-windows-amd64-cygwin\jdk8u91\7017\hotspot\src\share\vm\prims\j

Events (10 events):
Event: 2.439 Thread 0x0000000001d88000 DEOPT PACKING pc=0x0000000002aa8468 sp=0x00000000022de9a0
Event: 2.439 Thread 0x0000000001d88000 DEOPT UNPACKING pc=0x00000000025f582a sp=0x00000000022de948 mode 2
Event: 2.439 Thread 0x0000000001d88000 Uncommon trap: trap_request=0xffffffde fr.pc=0x00000000029226b4
Event: 2.439 Thread 0x0000000001d88000 DEOPT PACKING pc=0x00000000029226b4 sp=0x00000000022de970
Event: 2.439 Thread 0x0000000001d88000 DEOPT UNPACKING pc=0x00000000025f582a sp=0x00000000022de8a8 mode 2
Event: 2.443 Thread 0x0000000001d88000 Uncommon trap: trap_request=0xffffff65 fr.pc=0x0000000002aa7910
Event: 2.443 Thread 0x0000000001d88000 DEOPT PACKING pc=0x0000000002aa7910 sp=0x00000000022de820
Event: 2.443 Thread 0x0000000001d88000 DEOPT UNPACKING pc=0x00000000025f582a sp=0x00000000022de818 mode 2
Event: 2.472 loading class com/android/dx/cf/attrib/AttRuntimeInvisibleAnnotations
Event: 2.472 loading class com/android/dx/cf/attrib/AttRuntimeInvisibleAnnotations done


Dynamic libraries:
0x000000013fa30000 - 0x000000013fa67000 	C:\Program Files\Java\jdk1.8.0_91\bin\java.exe
0x0000000076ee0000 - 0x000000007708a000 	C:\Windows\SYSTEM32\ntdll.dll
0x0000000076cc0000 - 0x0000000076ddf000 	C:\Windows\system32\kernel32.dll
0x000007fefced0000 - 0x000007fefcf3a000 	C:\Windows\system32\KERNELBASE.dll
0x000007fefd410000 - 0x000007fefd4eb000 	C:\Windows\system32\ADVAPI32.dll
0x000007feff150000 - 0x000007feff1ef000 	C:\Windows\system32\msvcrt.dll
0x000007fefe7d0000 - 0x000007fefe7ef000 	C:\Windows\SYSTEM32\sechost.dll
0x000007fefec20000 - 0x000007fefed4d000 	C:\Windows\system32\RPCRT4.dll
0x0000000076de0000 - 0x0000000076eda000 	C:\Windows\system32\USER32.dll
0x000007fefd070000 - 0x000007fefd0d7000 	C:\Windows\system32\GDI32.dll
0x000007fefeee0000 - 0x000007fefeeee000 	C:\Windows\system32\LPK.dll
0x000007fefe820000 - 0x000007fefe8ea000 	C:\Windows\system32\USP10.dll
0x000007fefbcd0000 - 0x000007fefbec4000 	C:\Windows\WinSxS\amd64_microsoft.windows.common-controls_6595b64144ccf1df_6.0.7601.17514_none_fa396087175ac9ac\COMCTL32.dll
0x000007fefeef0000 - 0x000007fefef61000 	C:\Windows\system32\SHLWAPI.dll
0x000007fefe7f0000 - 0x000007fefe81e000 	C:\Windows\system32\IMM32.DLL
0x000007fefd2f0000 - 0x000007fefd3f9000 	C:\Windows\system32\MSCTF.dll
0x0000000072280000 - 0x0000000072352000 	C:\Program Files\Java\jdk1.8.0_91\jre\bin\msvcr100.dll
0x000000006f8a0000 - 0x0000000070133000 	C:\Program Files\Java\jdk1.8.0_91\jre\bin\server\jvm.dll
0x000007fef1c80000 - 0x000007fef1c89000 	C:\Windows\system32\WSOCK32.dll
0x000007fefe8f0000 - 0x000007fefe93d000 	C:\Windows\system32\WS2_32.dll
0x000007fefd400000 - 0x000007fefd408000 	C:\Windows\system32\NSI.dll
0x000007fefac10000 - 0x000007fefac4b000 	C:\Windows\system32\WINMM.dll
0x000007fefb970000 - 0x000007fefb97c000 	C:\Windows\system32\VERSION.dll
0x00000000770b0000 - 0x00000000770b7000 	C:\Windows\system32\PSAPI.DLL
0x00000000744f0000 - 0x00000000744ff000 	C:\Program Files\Java\jdk1.8.0_91\jre\bin\verify.dll
0x00000000744c0000 - 0x00000000744e9000 	C:\Program Files\Java\jdk1.8.0_91\jre\bin\java.dll
0x00000000744a0000 - 0x00000000744b6000 	C:\Program Files\Java\jdk1.8.0_91\jre\bin\zip.dll
0x000007fefd9e0000 - 0x000007fefe768000 	C:\Windows\system32\SHELL32.dll
0x000007fefd0e0000 - 0x000007fefd2e3000 	C:\Windows\system32\ole32.dll
0x000007fefcc20000 - 0x000007fefcc2f000 	C:\Windows\system32\profapi.dll

VM Arguments:
jvm_args: -Djava.awt.headless=true -Xmx1024M -Dfile.encoding=windows-1256 -Duser.country=US -Duser.language=en -Duser.variant 
java_command: com.android.dx.command.Main --dex --force-jumbo --output E:\User\AndroidStudioProjects\Sunshine-Version-2\app\build\intermediates\pre-dexed\debug\com.android.support-support-v4-21.0.3_3035d9c83d7289f90d6f43d640a8c8de139a0846.jar E:\User\AndroidStudioProjects\Sunshine-Version-2\app\build\intermediates\exploded-aar\com.android.support\support-v4\21.0.3\jars\classes.jar
java_class_path (initial): E:\User\AppData\Local\Android\sdk\build-tools\21.1.2\lib\dx.jar
Launcher Type: SUN_STANDARD

Environment Variables:
PATH=C:\oracle\product\10.2.0\db_2\bin;C:\oracle\product\10.2.0\db_1\bin;C:\ProgramData\Oracle\Java\javapath;C:\Windows\System32;C:\Windows\SysWOW64;C:\opencv248\build\x86\vc10\bin;C:\Python27;C:\Program Files (x86)\CodeBlocks\MinGW\bin;E:\programs\Matlab\R2013a\bin;C:\Program Files\IVI Foundation\VISA\Win64\Bin\;C:\Program Files (x86)\IVI Foundation\VISA\WinNT\Bin\;C:\Program Files (x86)\IVI Foundation\VISA\WinNT\Bin;C:\Program Files (x86)\Tesseract-OCR;E:\User\AppData\Local\Android\sdk\tools\lib;E:\Program Files\Git\cmd;E:\User\AppData\Local\Android\sdk\platform-tools;C:\Program Files\Canopy\User;C:\Program Files\Canopy\User\Scripts
USERNAME=user
OS=Windows_NT
PROCESSOR_IDENTIFIER=Intel64 Family 6 Model 58 Stepping 9, GenuineIntel



---------------  S Y S T E M  ---------------

OS: Windows 7 , 64 bit Build 7601 (6.1.7601.23572)

CPU:total 4 (2 cores per cpu, 2 threads per core) family 6 model 58 stepping 9, cmov, cx8, fxsr, mmx, sse, sse2, sse3, ssse3, sse4.1, sse4.2, popcnt, avx, aes, clmul, erms, ht, tsc, tscinvbit, tscinv

Memory: 4k page, physical 4094316k(82396k free), swap 5601120k(4748k free)

vm_info: Java HotSpot(TM) 64-Bit Server VM (25.91-b15) for windows-amd64 JRE (1.8.0_91-b15), built on May 20 2016 17:43:15 by "java_re" with MS VC++ 10.0 (VS2010)

time: Thu Jun 22 10:44:48 2017
elapsed time: 3 seconds (0d 0h 0m 3s)

