#
# There is insufficient memory for the Java Runtime Environment to continue.
# Native memory allocation (malloc) failed to allocate 1056816 bytes for Chunk::new
# Possible reasons:
#   The system is out of physical RAM or swap space
#   In 32 bit mode, the process size limit was hit
# Possible solutions:
#   Reduce memory load on the system
#   Increase physical memory or swap space
#   Check if swap backing store is full
#   Use 64 bit Java on a 64 bit OS
#   Decrease Java heap size (-Xmx/-Xms)
#   Decrease number of Java threads
#   Decrease Java thread stack sizes (-Xss)
#   Set larger code cache with -XX:ReservedCodeCacheSize=
# This output file may be truncated or incomplete.
#
#  Out of Memory Error (allocation.cpp:390), pid=6008, tid=596
#
# JRE version: Java(TM) SE Runtime Environment (8.0_91-b15) (build 1.8.0_91-b15)
# Java VM: Java HotSpot(TM) 64-Bit Server VM (25.91-b15 mixed mode windows-amd64 compressed oops)
# Failed to write core dump. Minidumps are not enabled by default on client versions of Windows
#

---------------  T H R E A D  ---------------

Current thread (0x0000000056114800):  JavaThread "C2 CompilerThread0" daemon [_thread_in_native, id=596, stack(0x00000000568b0000,0x00000000569b0000)]

Stack: [0x00000000568b0000,0x00000000569b0000]
[error occurred during error reporting (printing stack bounds), id 0xc0000005]

Native frames: (J=compiled Java code, j=interpreted, Vv=VM code, C=native code)


Current CompileTask:
C2:   6048 1649       4       com.android.dx.ssa.back.FirstFitLocalCombiningAllocator::tryMapRegs (110 bytes)


---------------  P R O C E S S  ---------------

Java Threads: ( => current thread )
  0x0000000056190000 JavaThread "Service Thread" daemon [_thread_blocked, id=5160, stack(0x0000000056dc0000,0x0000000056ec0000)]
  0x0000000056117800 JavaThread "C1 CompilerThread2" daemon [_thread_blocked, id=2144, stack(0x0000000056a50000,0x0000000056b50000)]
  0x0000000056116800 JavaThread "C2 CompilerThread1" daemon [_thread_blocked, id=5928, stack(0x0000000056b50000,0x0000000056c50000)]
=>0x0000000056114800 JavaThread "C2 CompilerThread0" daemon [_thread_in_native, id=596, stack(0x00000000568b0000,0x00000000569b0000)]
  0x0000000054d70000 JavaThread "Attach Listener" daemon [_thread_blocked, id=4976, stack(0x0000000056740000,0x0000000056840000)]
  0x0000000054d7f000 JavaThread "Signal Dispatcher" daemon [_thread_blocked, id=4904, stack(0x0000000056570000,0x0000000056670000)]
  0x0000000054d59800 JavaThread "Finalizer" daemon [_thread_blocked, id=5152, stack(0x0000000056010000,0x0000000056110000)]
  0x0000000054d12800 JavaThread "Reference Handler" daemon [_thread_blocked, id=5196, stack(0x0000000055c80000,0x0000000055d80000)]
  0x0000000001d48000 JavaThread "main" [_thread_blocked, id=3736, stack(0x00000000021a0000,0x00000000022a0000)]

Other Threads:
  0x0000000054d0a800 VMThread [stack: 0x0000000055db0000,0x0000000055eb0000] [id=3548]
  0x00000000561dd800 WatcherThread [stack: 0x0000000056c70000,0x0000000056d70000] [id=4272]

VM state:at safepoint (normal execution)

VM Mutex/Monitor currently owned by a thread:  ([mutex/lock_event])
[0x0000000001e8c940] Threads_lock - owner thread: 0x0000000054d0a800
[0x0000000001e8ce40] Heap_lock - owner thread: 0x0000000001d48000

Heap:
 PSYoungGen      total 68096K, used 68081K [0x00000000eab00000, 0x00000000ef000000, 0x0000000100000000)
  eden space 65536K, 100% used [0x00000000eab00000,0x00000000eeb00000,0x00000000eeb00000)
  from space 2560K, 99% used [0x00000000eed80000,0x00000000eeffc480,0x00000000ef000000)
  to   space 2560K, 99% used [0x00000000eeb00000,0x00000000eed7c700,0x00000000eed80000)
 ParOldGen       total 44032K, used 22290K [0x00000000c0000000, 0x00000000c2b00000, 0x00000000eab00000)
  object space 44032K, 50% used [0x00000000c0000000,0x00000000c15c4b68,0x00000000c2b00000)
 Metaspace       used 6064K, capacity 7088K, committed 7296K, reserved 1056768K
  class space    used 585K, capacity 616K, committed 640K, reserved 1048576K

Card table byte_map: [0x0000000011930000,0x0000000011b40000] byte_map_base: 0x0000000011330000

Marking Bits: (ParMarkBitMap*) 0x000000006d392f70
 Begin Bits: [0x0000000012180000, 0x0000000013180000)
 End Bits:   [0x0000000013180000, 0x0000000014180000)

Polling page: 0x0000000000310000

CodeCache: size=245760Kb used=6827Kb max_used=6829Kb free=238932Kb
 bounds [0x0000000002570000, 0x0000000002c30000, 0x0000000011570000]
 total_blobs=1896 nmethods=1633 adapters=176
 compilation: enabled

Compilation events (10 events):
Event: 5.768 Thread 0x0000000056117800 1689       2       com.android.dx.ssa.SsaMethod$1::visitMoveInsn (17 bytes)
Event: 5.769 Thread 0x0000000056117800 nmethod 1689 0x0000000002bf0bd0 code [0x0000000002bf0d40, 0x0000000002bf0f30]
Event: 5.844 Thread 0x0000000056117800 1693       2       com.android.dx.ssa.SsaBasicBlock::getLiveOutRegs (26 bytes)
Event: 5.845 Thread 0x0000000056117800 nmethod 1693 0x0000000002be6310 code [0x0000000002be6480, 0x0000000002be6768]
Event: 5.854 Thread 0x0000000056117800 1694       2       com.android.dx.rop.type.Type::getComponentType (70 bytes)
Event: 5.854 Thread 0x0000000056117800 nmethod 1694 0x0000000002beae90 code [0x0000000002beb060, 0x0000000002beb548]
Event: 5.877 Thread 0x0000000056117800 1695       2       java.util.TreeMap::entrySet (27 bytes)
Event: 5.877 Thread 0x0000000056117800 nmethod 1695 0x0000000002be5f50 code [0x0000000002be60a0, 0x0000000002be6270]
Event: 5.877 Thread 0x0000000056117800 1696       2       java.util.TreeMap$EntrySet::iterator (19 bytes)
Event: 5.877 Thread 0x0000000056117800 nmethod 1696 0x0000000002bea950 code [0x0000000002beaac0, 0x0000000002bead30]

GC Heap History (9 events):
Event: 1.833 GC heap before
{Heap before GC invocations=1 (full 0):
 PSYoungGen      total 18944K, used 16384K [0x00000000eab00000, 0x00000000ec000000, 0x0000000100000000)
  eden space 16384K, 100% used [0x00000000eab00000,0x00000000ebb00000,0x00000000ebb00000)
  from space 2560K, 0% used [0x00000000ebd80000,0x00000000ebd80000,0x00000000ec000000)
  to   space 2560K, 0% used [0x00000000ebb00000,0x00000000ebb00000,0x00000000ebd80000)
 ParOldGen       total 44032K, used 0K [0x00000000c0000000, 0x00000000c2b00000, 0x00000000eab00000)
  object space 44032K, 0% used [0x00000000c0000000,0x00000000c0000000,0x00000000c2b00000)
 Metaspace       used 5543K, capacity 6768K, committed 7040K, reserved 1056768K
  class space    used 559K, capacity 616K, committed 640K, reserved 1048576K
Event: 1.945 GC heap after
Heap after GC invocations=1 (full 0):
 PSYoungGen      total 18944K, used 2535K [0x00000000eab00000, 0x00000000ed000000, 0x0000000100000000)
  eden space 16384K, 0% used [0x00000000eab00000,0x00000000eab00000,0x00000000ebb00000)
  from space 2560K, 99% used [0x00000000ebb00000,0x00000000ebd79c88,0x00000000ebd80000)
  to   space 2560K, 0% used [0x00000000ecd80000,0x00000000ecd80000,0x00000000ed000000)
 ParOldGen       total 44032K, used 1576K [0x00000000c0000000, 0x00000000c2b00000, 0x00000000eab00000)
  object space 44032K, 3% used [0x00000000c0000000,0x00000000c018a060,0x00000000c2b00000)
 Metaspace       used 5543K, capacity 6768K, committed 7040K, reserved 1056768K
  class space    used 559K, capacity 616K, committed 640K, reserved 1048576K
}
Event: 2.510 GC heap before
{Heap before GC invocations=2 (full 0):
 PSYoungGen      total 18944K, used 18919K [0x00000000eab00000, 0x00000000ed000000, 0x0000000100000000)
  eden space 16384K, 100% used [0x00000000eab00000,0x00000000ebb00000,0x00000000ebb00000)
  from space 2560K, 99% used [0x00000000ebb00000,0x00000000ebd79c88,0x00000000ebd80000)
  to   space 2560K, 0% used [0x00000000ecd80000,0x00000000ecd80000,0x00000000ed000000)
 ParOldGen       total 44032K, used 1576K [0x00000000c0000000, 0x00000000c2b00000, 0x00000000eab00000)
  object space 44032K, 3% used [0x00000000c0000000,0x00000000c018a060,0x00000000c2b00000)
 Metaspace       used 5849K, capacity 7024K, committed 7296K, reserved 1056768K
  class space    used 562K, capacity 616K, committed 640K, reserved 1048576K
Event: 2.645 GC heap after
Heap after GC invocations=2 (full 0):
 PSYoungGen      total 35328K, used 2528K [0x00000000eab00000, 0x00000000ed000000, 0x0000000100000000)
  eden space 32768K, 0% used [0x00000000eab00000,0x00000000eab00000,0x00000000ecb00000)
  from space 2560K, 98% used [0x00000000ecd80000,0x00000000ecff8028,0x00000000ed000000)
  to   space 2560K, 0% used [0x00000000ecb00000,0x00000000ecb00000,0x00000000ecd80000)
 ParOldGen       total 44032K, used 3977K [0x00000000c0000000, 0x00000000c2b00000, 0x00000000eab00000)
  object space 44032K, 9% used [0x00000000c0000000,0x00000000c03e27d8,0x00000000c2b00000)
 Metaspace       used 5849K, capacity 7024K, committed 7296K, reserved 1056768K
  class space    used 562K, capacity 616K, committed 640K, reserved 1048576K
}
Event: 3.194 GC heap before
{Heap before GC invocations=3 (full 0):
 PSYoungGen      total 35328K, used 35296K [0x00000000eab00000, 0x00000000ed000000, 0x0000000100000000)
  eden space 32768K, 100% used [0x00000000eab00000,0x00000000ecb00000,0x00000000ecb00000)
  from space 2560K, 98% used [0x00000000ecd80000,0x00000000ecff8028,0x00000000ed000000)
  to   space 2560K, 0% used [0x00000000ecb00000,0x00000000ecb00000,0x00000000ecd80000)
 ParOldGen       total 44032K, used 3977K [0x00000000c0000000, 0x00000000c2b00000, 0x00000000eab00000)
  object space 44032K, 9% used [0x00000000c0000000,0x00000000c03e27d8,0x00000000c2b00000)
 Metaspace       used 6012K, capacity 7088K, committed 7296K, reserved 1056768K
  class space    used 585K, capacity 616K, committed 640K, reserved 1048576K
Event: 3.288 GC heap after
Heap after GC invocations=3 (full 0):
 PSYoungGen      total 35328K, used 2560K [0x00000000eab00000, 0x00000000ef000000, 0x0000000100000000)
  eden space 32768K, 0% used [0x00000000eab00000,0x00000000eab00000,0x00000000ecb00000)
  from space 2560K, 100% used [0x00000000ecb00000,0x00000000ecd80000,0x00000000ecd80000)
  to   space 2560K, 0% used [0x00000000eed80000,0x00000000eed80000,0x00000000ef000000)
 ParOldGen       total 44032K, used 8609K [0x00000000c0000000, 0x00000000c2b00000, 0x00000000eab00000)
  object space 44032K, 19% used [0x00000000c0000000,0x00000000c0868450,0x00000000c2b00000)
 Metaspace       used 6012K, capacity 7088K, committed 7296K, reserved 1056768K
  class space    used 585K, capacity 616K, committed 640K, reserved 1048576K
}
Event: 3.785 GC heap before
{Heap before GC invocations=4 (full 0):
 PSYoungGen      total 35328K, used 35328K [0x00000000eab00000, 0x00000000ef000000, 0x0000000100000000)
  eden space 32768K, 100% used [0x00000000eab00000,0x00000000ecb00000,0x00000000ecb00000)
  from space 2560K, 100% used [0x00000000ecb00000,0x00000000ecd80000,0x00000000ecd80000)
  to   space 2560K, 0% used [0x00000000eed80000,0x00000000eed80000,0x00000000ef000000)
 ParOldGen       total 44032K, used 8609K [0x00000000c0000000, 0x00000000c2b00000, 0x00000000eab00000)
  object space 44032K, 19% used [0x00000000c0000000,0x00000000c0868450,0x00000000c2b00000)
 Metaspace       used 6033K, capacity 7088K, committed 7296K, reserved 1056768K
  class space    used 585K, capacity 616K, committed 640K, reserved 1048576K
Event: 5.044 GC heap after
Heap after GC invocations=4 (full 0):
 PSYoungGen      total 68096K, used 2545K [0x00000000eab00000, 0x00000000ef000000, 0x0000000100000000)
  eden space 65536K, 0% used [0x00000000eab00000,0x00000000eab00000,0x00000000eeb00000)
  from space 2560K, 99% used [0x00000000eed80000,0x00000000eeffc480,0x00000000ef000000)
  to   space 2560K, 0% used [0x00000000eeb00000,0x00000000eeb00000,0x00000000eed80000)
 ParOldGen       total 44032K, used 13518K [0x00000000c0000000, 0x00000000c2b00000, 0x00000000eab00000)
  object space 44032K, 30% used [0x00000000c0000000,0x00000000c0d33960,0x00000000c2b00000)
 Metaspace       used 6033K, capacity 7088K, committed 7296K, reserved 1056768K
  class space    used 585K, capacity 616K, committed 640K, reserved 1048576K
}
Event: 5.881 GC heap before
{Heap before GC invocations=5 (full 0):
 PSYoungGen      total 68096K, used 68081K [0x00000000eab00000, 0x00000000ef000000, 0x0000000100000000)
  eden space 65536K, 100% used [0x00000000eab00000,0x00000000eeb00000,0x00000000eeb00000)
  from space 2560K, 99% used [0x00000000eed80000,0x00000000eeffc480,0x00000000ef000000)
  to   space 2560K, 0% used [0x00000000eeb00000,0x00000000eeb00000,0x00000000eed80000)
 ParOldGen       total 44032K, used 13518K [0x00000000c0000000, 0x00000000c2b00000, 0x00000000eab00000)
  object space 44032K, 30% used [0x00000000c0000000,0x00000000c0d33960,0x00000000c2b00000)
 Metaspace       used 6064K, capacity 7088K, committed 7296K, reserved 1056768K
  class space    used 585K, capacity 616K, committed 640K, reserved 1048576K

Deoptimization events (10 events):
Event: 2.924 Thread 0x0000000001d48000 Uncommon trap: reason=unstable_if action=reinterpret pc=0x0000000002a3f828 method=java.util.HashMap.putVal(ILjava/lang/Object;Ljava/lang/Object;ZZ)Ljava/lang/Object; @ 162
Event: 2.926 Thread 0x0000000001d48000 Uncommon trap: reason=unstable_if action=reinterpret pc=0x0000000002b04ce0 method=com.android.dx.ssa.LiteralOpUpgrader$1.visitNonMoveInsn(Lcom/android/dx/ssa/NormalSsaInsn;)V @ 55
Event: 2.927 Thread 0x0000000001d48000 Uncommon trap: reason=unstable_if action=reinterpret pc=0x00000000029706cc method=com.android.dx.ssa.SsaMethod.updateOneDefinition(Lcom/android/dx/ssa/SsaInsn;Lcom/android/dx/rop/code/RegisterSpec;)V @ 4
Event: 2.999 Thread 0x0000000001d48000 Uncommon trap: reason=unstable_if action=reinterpret pc=0x00000000029f406c method=com.android.dx.util.IntList.binarysearch(I)I @ 105
Event: 3.026 Thread 0x0000000001d48000 Uncommon trap: reason=unstable_if action=reinterpret pc=0x0000000002af0870 method=com.android.dx.ssa.SCCP.simulateStmt(Lcom/android/dx/ssa/SsaInsn;)V @ 53
Event: 3.354 Thread 0x0000000001d48000 Uncommon trap: reason=unstable_if action=reinterpret pc=0x0000000002a2afec method=java.util.HashMap.putVal(ILjava/lang/Object;Ljava/lang/Object;ZZ)Ljava/lang/Object; @ 109
Event: 5.453 Thread 0x0000000001d48000 Uncommon trap: reason=bimorphic action=maybe_recompile pc=0x0000000002b6f5f8 method=com.android.dx.cf.code.BytecodeArray.parseInstruction(ILcom/android/dx/cf/code/BytecodeArray$Visitor;)I @ 971
Event: 5.453 Thread 0x0000000001d48000 Uncommon trap: reason=bimorphic action=maybe_recompile pc=0x0000000002b6f684 method=com.android.dx.cf.code.BytecodeArray.parseInstruction(ILcom/android/dx/cf/code/BytecodeArray$Visitor;)I @ 987
Event: 5.453 Thread 0x0000000001d48000 Uncommon trap: reason=bimorphic action=maybe_recompile pc=0x0000000002b6f5f8 method=com.android.dx.cf.code.BytecodeArray.parseInstruction(ILcom/android/dx/cf/code/BytecodeArray$Visitor;)I @ 971
Event: 5.453 Thread 0x0000000001d48000 Uncommon trap: reason=bimorphic action=maybe_recompile pc=0x0000000002b6f684 method=com.android.dx.cf.code.BytecodeArray.parseInstruction(ILcom/android/dx/cf/code/BytecodeArray$Visitor;)I @ 987

Internal exceptions (6 events):
Event: 0.073 Thread 0x0000000001d48000 Exception <a 'java/lang/NoSuchMethodError': Method sun.misc.Unsafe.defineClass(Ljava/lang/String;[BII)Ljava/lang/Class; name or signature does not match> (0x00000000eab07cc0) thrown at [C:\re\workspace\8-2-build-windows-amd64-cygwin\jdk8u91\7017\hotspot\sr®RoSﬂÆ≤?
Event: 0.073 Thread 0x0000000001d48000 Exception <a 'java/lang/NoSuchMethodError': Method sun.misc.Unsafe.prefetchRead(Ljava/lang/Object;J)V name or signature does not match> (0x00000000eab07fa8) thrown at [C:\re\workspace\8-2-build-windows-amd64-cygwin\jdk8u91\7017\hotspot\src\share\vm\prims\j‘æ®∂–\@
Event: 2.170 Thread 0x0000000001d48000 Implicit null exception at 0x000000000293add2 to 0x000000000293aec2
Event: 2.876 Thread 0x0000000001d48000 Exception <a 'java/lang/ArrayIndexOutOfBoundsException': 18> (0x00000000eb095e58) thrown at [C:\re\workspace\8-2-build-windows-amd64-cygwin\jdk8u91\7017\hotspot\src\share\vm\interpreter\interpreterRuntime.cpp, line 366]
Event: 2.876 Thread 0x0000000001d48000 Exception <a 'java/lang/ArrayIndexOutOfBoundsException': 145> (0x00000000eb0979d8) thrown at [C:\re\workspace\8-2-build-windows-amd64-cygwin\jdk8u91\7017\hotspot\src\share\vm\interpreter\interpreterRuntime.cpp, line 366]
Event: 2.877 Thread 0x0000000001d48000 Exception <a 'java/lang/ArrayIndexOutOfBoundsException': 40> (0x00000000eb098cc0) thrown at [C:\re\workspace\8-2-build-windows-amd64-cygwin\jdk8u91\7017\hotspot\src\share\vm\interpreter\interpreterRuntime.cpp, line 366]

Events (10 events):
Event: 5.453 Thread 0x0000000001d48000 Uncommon trap: trap_request=0xffffffc6 fr.pc=0x0000000002b6f684
Event: 5.453 Thread 0x0000000001d48000 DEOPT PACKING pc=0x0000000002b6f684 sp=0x000000000229e850
Event: 5.453 Thread 0x0000000001d48000 DEOPT UNPACKING pc=0x00000000025b582a sp=0x000000000229e838 mode 2
Event: 5.453 Thread 0x0000000001d48000 Uncommon trap: trap_request=0xffffffc6 fr.pc=0x0000000002b6f5f8
Event: 5.453 Thread 0x0000000001d48000 DEOPT PACKING pc=0x0000000002b6f5f8 sp=0x000000000229e850
Event: 5.453 Thread 0x0000000001d48000 DEOPT UNPACKING pc=0x00000000025b582a sp=0x000000000229e838 mode 2
Event: 5.453 Thread 0x0000000001d48000 Uncommon trap: trap_request=0xffffffc6 fr.pc=0x0000000002b6f684
Event: 5.453 Thread 0x0000000001d48000 DEOPT PACKING pc=0x0000000002b6f684 sp=0x000000000229e850
Event: 5.453 Thread 0x0000000001d48000 DEOPT UNPACKING pc=0x00000000025b582a sp=0x000000000229e838 mode 2
Event: 5.881 Executing VM operation: ParallelGCFailedAllocation


Dynamic libraries:
0x000000013f6c0000 - 0x000000013f6f7000 	C:\Program Files\Java\jdk1.8.0_91\bin\java.exe
0x0000000077a40000 - 0x0000000077bea000 	C:\Windows\SYSTEM32\ntdll.dll
0x0000000077920000 - 0x0000000077a3f000 	C:\Windows\system32\kernel32.dll
0x000007fefd7d0000 - 0x000007fefd83a000 	C:\Windows\system32\KERNELBASE.dll
0x000007fefebf0000 - 0x000007fefeccb000 	C:\Windows\system32\ADVAPI32.dll
0x000007fefeb50000 - 0x000007fefebef000 	C:\Windows\system32\msvcrt.dll
0x000007feff3c0000 - 0x000007feff3df000 	C:\Windows\SYSTEM32\sechost.dll
0x000007feff6c0000 - 0x000007feff7ed000 	C:\Windows\system32\RPCRT4.dll
0x0000000077820000 - 0x000000007791a000 	C:\Windows\system32\USER32.dll
0x000007fefea90000 - 0x000007fefeaf7000 	C:\Windows\system32\GDI32.dll
0x000007feff3b0000 - 0x000007feff3be000 	C:\Windows\system32\LPK.dll
0x000007fefe8c0000 - 0x000007fefe98a000 	C:\Windows\system32\USP10.dll
0x000007fefc7a0000 - 0x000007fefc994000 	C:\Windows\WinSxS\amd64_microsoft.windows.common-controls_6595b64144ccf1df_6.0.7601.17514_none_fa396087175ac9ac\COMCTL32.dll
0x000007feff090000 - 0x000007feff101000 	C:\Windows\system32\SHLWAPI.dll
0x000007feff870000 - 0x000007feff89e000 	C:\Windows\system32\IMM32.DLL
0x000007feff2a0000 - 0x000007feff3a9000 	C:\Windows\system32\MSCTF.dll
0x0000000073a40000 - 0x0000000073b12000 	C:\Program Files\Java\jdk1.8.0_91\jre\bin\msvcr100.dll
0x000000006cb80000 - 0x000000006d413000 	C:\Program Files\Java\jdk1.8.0_91\jre\bin\server\jvm.dll
0x000007fef36e0000 - 0x000007fef36e9000 	C:\Windows\system32\WSOCK32.dll
0x000007fefeb00000 - 0x000007fefeb4d000 	C:\Windows\system32\WS2_32.dll
0x000007feff080000 - 0x000007feff088000 	C:\Windows\system32\NSI.dll
0x000007fefb550000 - 0x000007fefb58b000 	C:\Windows\system32\WINMM.dll
0x000007fefc4a0000 - 0x000007fefc4ac000 	C:\Windows\system32\VERSION.dll
0x0000000077c00000 - 0x0000000077c07000 	C:\Windows\system32\PSAPI.DLL
0x0000000074930000 - 0x000000007493f000 	C:\Program Files\Java\jdk1.8.0_91\jre\bin\verify.dll
0x0000000074900000 - 0x0000000074929000 	C:\Program Files\Java\jdk1.8.0_91\jre\bin\java.dll
0x00000000748e0000 - 0x00000000748f6000 	C:\Program Files\Java\jdk1.8.0_91\jre\bin\zip.dll
0x000007fefdb30000 - 0x000007fefe8b8000 	C:\Windows\system32\SHELL32.dll
0x000007fefedd0000 - 0x000007fefefd3000 	C:\Windows\system32\ole32.dll
0x000007fefd780000 - 0x000007fefd78f000 	C:\Windows\system32\profapi.dll

VM Arguments:
jvm_args: -Djava.awt.headless=true -Xmx1024M -Dfile.encoding=windows-1256 -Duser.country=US -Duser.language=en -Duser.variant 
java_command: com.android.dx.command.Main --dex --force-jumbo --output E:\User\AndroidStudioProjects\Sunshine-Version-2\app\build\intermediates\pre-dexed\debug\com.android.support-appcompat-v7-21.0.3_c62c1a7b3c1d7c37f76f30a9af26db376fcf9047.jar E:\User\AndroidStudioProjects\Sunshine-Version-2\app\build\intermediates\exploded-aar\com.android.support\appcompat-v7\21.0.3\jars\classes.jar
java_class_path (initial): E:\User\AppData\Local\Android\sdk\build-tools\21.1.2\lib\dx.jar
Launcher Type: SUN_STANDARD

Environment Variables:
PATH=C:\oracle\product\10.2.0\db_2\bin;C:\oracle\product\10.2.0\db_1\bin;C:\ProgramData\Oracle\Java\javapath;C:\Windows\System32;C:\Windows\SysWOW64;C:\opencv248\build\x86\vc10\bin;C:\Python27;C:\Program Files (x86)\CodeBlocks\MinGW\bin;E:\programs\Matlab\R2013a\bin;C:\Program Files\IVI Foundation\VISA\Win64\Bin\;C:\Program Files (x86)\IVI Foundation\VISA\WinNT\Bin\;C:\Program Files (x86)\IVI Foundation\VISA\WinNT\Bin;C:\Program Files (x86)\Tesseract-OCR;E:\User\AppData\Local\Android\sdk\tools\lib;E:\Program Files\Git\cmd;E:\User\AppData\Local\Android\sdk\platform-tools;C:\Program Files\Canopy\User;C:\Program Files\Canopy\User\Scripts
USERNAME=user
OS=Windows_NT
PROCESSOR_IDENTIFIER=Intel64 Family 6 Model 58 Stepping 9, GenuineIntel



---------------  S Y S T E M  ---------------

OS: Windows 7 , 64 bit Build 7601 (6.1.7601.23572)

CPU:total 4 (2 cores per cpu, 2 threads per core) family 6 model 58 stepping 9, cmov, cx8, fxsr, mmx, sse, sse2, sse3, ssse3, sse4.1, sse4.2, popcnt, avx, aes, clmul, erms, ht, tsc, tscinvbit, tscinv

Memory: 4k page, physical 4094316k(691564k free), swap 5386356k(6108k free)

vm_info: Java HotSpot(TM) 64-Bit Server VM (25.91-b15) for windows-amd64 JRE (1.8.0_91-b15), built on May 20 2016 17:43:15 by "java_re" with MS VC++ 10.0 (VS2010)

time: Wed Jun 07 06:31:15 2017
elapsed time: 6 seconds (0d 0h 0m 6s)

