#
# There is insufficient memory for the Java Runtime Environment to continue.
# Native memory allocation (malloc) failed to allocate 131088 bytes for Chunk::new
# Possible reasons:
#   The system is out of physical RAM or swap space
#   In 32 bit mode, the process size limit was hit
# Possible solutions:
#   Reduce memory load on the system
#   Increase physical memory or swap space
#   Check if swap backing store is full
#   Use 64 bit Java on a 64 bit OS
#   Decrease Java heap size (-Xmx/-Xms)
#   Decrease number of Java threads
#   Decrease Java thread stack sizes (-Xss)
#   Set larger code cache with -XX:ReservedCodeCacheSize=
# This output file may be truncated or incomplete.
#
#  Out of Memory Error (allocation.cpp:390), pid=13168, tid=13124
#
# JRE version: Java(TM) SE Runtime Environment (8.0_91-b15) (build 1.8.0_91-b15)
# Java VM: Java HotSpot(TM) 64-Bit Server VM (25.91-b15 mixed mode windows-amd64 compressed oops)
# Failed to write core dump. Minidumps are not enabled by default on client versions of Windows
#

---------------  T H R E A D  ---------------

Current thread (0x0000000056176800):  JavaThread "C2 CompilerThread1" daemon [_thread_in_native, id=13124, stack(0x0000000056c10000,0x0000000056d10000)]

Stack: [0x0000000056c10000,0x0000000056d10000]
[error occurred during error reporting (printing stack bounds), id 0xc0000005]

Native frames: (J=compiled Java code, j=interpreted, Vv=VM code, C=native code)


Current CompileTask:
C2:   4247 1360       4       com.android.dx.ssa.SsaMethod::forEachBlockDepthFirst (194 bytes)


---------------  P R O C E S S  ---------------

Java Threads: ( => current thread )
  0x00000000561e6000 JavaThread "Service Thread" daemon [_thread_blocked, id=9168, stack(0x0000000056f50000,0x0000000057050000)]
  0x00000000561cf800 JavaThread "C1 CompilerThread2" daemon [_thread_blocked, id=12572, stack(0x0000000056df0000,0x0000000056ef0000)]
=>0x0000000056176800 JavaThread "C2 CompilerThread1" daemon [_thread_in_native, id=13124, stack(0x0000000056c10000,0x0000000056d10000)]
  0x0000000056174800 JavaThread "C2 CompilerThread0" daemon [_thread_in_native, id=12644, stack(0x0000000056a10000,0x0000000056b10000)]
  0x000000005503e000 JavaThread "Attach Listener" daemon [_thread_blocked, id=12592, stack(0x00000000567b0000,0x00000000568b0000)]
  0x000000005504f000 JavaThread "Signal Dispatcher" daemon [_thread_blocked, id=12152, stack(0x0000000056690000,0x0000000056790000)]
  0x0000000055029800 JavaThread "Finalizer" daemon [_thread_blocked, id=11624, stack(0x0000000055ee0000,0x0000000055fe0000)]
  0x0000000054fe2000 JavaThread "Reference Handler" daemon [_thread_blocked, id=10100, stack(0x0000000056070000,0x0000000056170000)]
  0x0000000001f18000 JavaThread "main" [_thread_in_Java, id=7792, stack(0x0000000002280000,0x0000000002380000)]

Other Threads:
  0x0000000054fda800 VMThread [stack: 0x0000000055d90000,0x0000000055e90000] [id=12396]
  0x00000000561ec000 WatcherThread [stack: 0x00000000570c0000,0x00000000571c0000] [id=4072]

VM state:not at safepoint (normal execution)

VM Mutex/Monitor currently owned by a thread: None

Heap:
 PSYoungGen      total 35328K, used 8644K [0x00000000eab00000, 0x00000000ed000000, 0x0000000100000000)
  eden space 32768K, 18% used [0x00000000eab00000,0x00000000eb0f74d0,0x00000000ecb00000)
  from space 2560K, 99% used [0x00000000ecd80000,0x00000000ecff9c78,0x00000000ed000000)
  to   space 2560K, 0% used [0x00000000ecb00000,0x00000000ecb00000,0x00000000ecd80000)
 ParOldGen       total 44032K, used 4156K [0x00000000c0000000, 0x00000000c2b00000, 0x00000000eab00000)
  object space 44032K, 9% used [0x00000000c0000000,0x00000000c040f368,0x00000000c2b00000)
 Metaspace       used 5839K, capacity 7024K, committed 7296K, reserved 1056768K
  class space    used 560K, capacity 616K, committed 640K, reserved 1048576K

Card table byte_map: [0x0000000011a10000,0x0000000011c20000] byte_map_base: 0x0000000011410000

Marking Bits: (ParMarkBitMap*) 0x0000000070332f70
 Begin Bits: [0x0000000012450000, 0x0000000013450000)
 End Bits:   [0x0000000013450000, 0x0000000014450000)

Polling page: 0x0000000000110000

CodeCache: size=245760Kb used=5898Kb max_used=5905Kb free=239861Kb
 bounds [0x0000000002650000, 0x0000000002c20000, 0x0000000011650000]
 total_blobs=1643 nmethods=1380 adapters=176
 compilation: enabled

Compilation events (10 events):
Event: 4.235 Thread 0x00000000561cf800 1379   !   3       java.lang.Class::getEnumConstantsShared (73 bytes)
Event: 4.236 Thread 0x00000000561cf800 nmethod 1379 0x0000000002be5a50 code [0x0000000002be5c40, 0x0000000002be6628]
Event: 4.236 Thread 0x00000000561cf800 1380       3       com.android.dx.ssa.Optimizer::optimize (67 bytes)
Event: 4.236 Thread 0x0000000056174800 nmethod 1366 0x0000000002c18bd0 code [0x0000000002c18d40, 0x0000000002c191c8]
Event: 4.236 Thread 0x0000000056174800 1383       4       com.android.dx.ssa.SCCP::addBlockToWorklist (47 bytes)
Event: 4.237 Thread 0x00000000561cf800 nmethod 1380 0x0000000002c17b90 code [0x0000000002c17da0, 0x0000000002c18698]
Event: 4.240 Thread 0x00000000561cf800 1385       1       com.android.dx.cf.attrib.InnerClassList$Item::getInnerClass (5 bytes)
Event: 4.240 Thread 0x00000000561cf800 nmethod 1385 0x0000000002bd9650 code [0x0000000002bd97a0, 0x0000000002bd98b0]
Event: 4.245 Thread 0x00000000561cf800 1386       1       com.android.dx.rop.annotation.NameValuePair::getValue (5 bytes)
Event: 4.245 Thread 0x00000000561cf800 nmethod 1386 0x0000000002be5790 code [0x0000000002be58e0, 0x0000000002be59f0]

GC Heap History (4 events):
Event: 2.296 GC heap before
{Heap before GC invocations=1 (full 0):
 PSYoungGen      total 18944K, used 16384K [0x00000000eab00000, 0x00000000ec000000, 0x0000000100000000)
  eden space 16384K, 100% used [0x00000000eab00000,0x00000000ebb00000,0x00000000ebb00000)
  from space 2560K, 0% used [0x00000000ebd80000,0x00000000ebd80000,0x00000000ec000000)
  to   space 2560K, 0% used [0x00000000ebb00000,0x00000000ebb00000,0x00000000ebd80000)
 ParOldGen       total 44032K, used 0K [0x00000000c0000000, 0x00000000c2b00000, 0x00000000eab00000)
  object space 44032K, 0% used [0x00000000c0000000,0x00000000c0000000,0x00000000c2b00000)
 Metaspace       used 5560K, capacity 6768K, committed 7040K, reserved 1056768K
  class space    used 557K, capacity 616K, committed 640K, reserved 1048576K
Event: 2.928 GC heap after
Heap after GC invocations=1 (full 0):
 PSYoungGen      total 18944K, used 2551K [0x00000000eab00000, 0x00000000ed000000, 0x0000000100000000)
  eden space 16384K, 0% used [0x00000000eab00000,0x00000000eab00000,0x00000000ebb00000)
  from space 2560K, 99% used [0x00000000ebb00000,0x00000000ebd7dc78,0x00000000ebd80000)
  to   space 2560K, 0% used [0x00000000ecd80000,0x00000000ecd80000,0x00000000ed000000)
 ParOldGen       total 44032K, used 1654K [0x00000000c0000000, 0x00000000c2b00000, 0x00000000eab00000)
  object space 44032K, 3% used [0x00000000c0000000,0x00000000c019da78,0x00000000c2b00000)
 Metaspace       used 5560K, capacity 6768K, committed 7040K, reserved 1056768K
  class space    used 557K, capacity 616K, committed 640K, reserved 1048576K
}
Event: 3.650 GC heap before
{Heap before GC invocations=2 (full 0):
 PSYoungGen      total 18944K, used 18935K [0x00000000eab00000, 0x00000000ed000000, 0x0000000100000000)
  eden space 16384K, 100% used [0x00000000eab00000,0x00000000ebb00000,0x00000000ebb00000)
  from space 2560K, 99% used [0x00000000ebb00000,0x00000000ebd7dc78,0x00000000ebd80000)
  to   space 2560K, 0% used [0x00000000ecd80000,0x00000000ecd80000,0x00000000ed000000)
 ParOldGen       total 44032K, used 1654K [0x00000000c0000000, 0x00000000c2b00000, 0x00000000eab00000)
  object space 44032K, 3% used [0x00000000c0000000,0x00000000c019da78,0x00000000c2b00000)
 Metaspace       used 5828K, capacity 7024K, committed 7296K, reserved 1056768K
  class space    used 560K, capacity 616K, committed 640K, reserved 1048576K
Event: 4.100 GC heap after
Heap after GC invocations=2 (full 0):
 PSYoungGen      total 35328K, used 2535K [0x00000000eab00000, 0x00000000ed000000, 0x0000000100000000)
  eden space 32768K, 0% used [0x00000000eab00000,0x00000000eab00000,0x00000000ecb00000)
  from space 2560K, 99% used [0x00000000ecd80000,0x00000000ecff9c78,0x00000000ed000000)
  to   space 2560K, 0% used [0x00000000ecb00000,0x00000000ecb00000,0x00000000ecd80000)
 ParOldGen       total 44032K, used 4156K [0x00000000c0000000, 0x00000000c2b00000, 0x00000000eab00000)
  object space 44032K, 9% used [0x00000000c0000000,0x00000000c040f368,0x00000000c2b00000)
 Metaspace       used 5828K, capacity 7024K, committed 7296K, reserved 1056768K
  class space    used 560K, capacity 616K, committed 640K, reserved 1048576K
}

Deoptimization events (10 events):
Event: 1.850 Thread 0x0000000001f18000 Uncommon trap: reason=unstable_if action=reinterpret pc=0x0000000002871f7c method=com.android.dx.rop.code.RegisterSpec.equals(ILcom/android/dx/rop/type/TypeBearer;Lcom/android/dx/rop/code/LocalItem;)Z @ 16
Event: 1.855 Thread 0x0000000001f18000 Uncommon trap: reason=unstable_if action=reinterpret pc=0x00000000028dbee4 method=java.util.BitSet.ensureCapacity(I)V @ 6
Event: 2.964 Thread 0x0000000001f18000 Uncommon trap: reason=unstable_if action=reinterpret pc=0x00000000029d165c method=com.android.dx.rop.code.LocalItem.hashCode()I @ 25
Event: 2.964 Thread 0x0000000001f18000 Uncommon trap: reason=unstable_if action=reinterpret pc=0x000000000299b8ec method=com.android.dx.rop.code.LocalItem.hashCode()I @ 25
Event: 2.964 Thread 0x0000000001f18000 Uncommon trap: reason=unstable_if action=reinterpret pc=0x0000000002998694 method=com.android.dx.rop.code.LocalItem.hashCode()I @ 25
Event: 3.172 Thread 0x0000000001f18000 Uncommon trap: reason=unstable_if action=reinterpret pc=0x0000000002a16d5c method=com.android.dx.rop.code.RegisterSpecSet.put(Lcom/android/dx/rop/code/RegisterSpec;)V @ 77
Event: 3.172 Thread 0x0000000001f18000 Uncommon trap: reason=unstable_if action=reinterpret pc=0x0000000002a35698 method=com.android.dx.rop.code.RegisterSpecSet.put(Lcom/android/dx/rop/code/RegisterSpec;)V @ 77
Event: 3.365 Thread 0x0000000001f18000 Uncommon trap: reason=unstable_if action=reinterpret pc=0x0000000002a30740 method=com.android.dx.ssa.SsaRenamer$BlockRenamer.addMapping(ILcom/android/dx/rop/code/RegisterSpec;)V @ 120
Event: 3.367 Thread 0x0000000001f18000 Uncommon trap: reason=unstable_if action=reinterpret pc=0x0000000002b5a800 method=com.android.dx.util.IntList.sort()V @ 8
Event: 3.562 Thread 0x0000000001f18000 Uncommon trap: reason=unstable_if action=reinterpret pc=0x0000000002959244 method=com.android.dx.rop.cst.Constant.compareTo(Lcom/android/dx/rop/cst/Constant;)I @ 12

Internal exceptions (2 events):
Event: 0.057 Thread 0x0000000001f18000 Exception <a 'java/lang/NoSuchMethodError': Method sun.misc.Unsafe.defineClass(Ljava/lang/String;[BII)Ljava/lang/Class; name or signature does not match> (0x00000000eab07cc0) thrown at [C:\re\workspace\8-2-build-windows-amd64-cygwin\jdk8u91\7017\hotspot\sr07 –ì­?
Event: 0.057 Thread 0x0000000001f18000 Exception <a 'java/lang/NoSuchMethodError': Method sun.misc.Unsafe.prefetchRead(Ljava/lang/Object;J)V name or signature does not match> (0x00000000eab07fa8) thrown at [C:\re\workspace\8-2-build-windows-amd64-cygwin\jdk8u91\7017\hotspot\src\share\vm\prims\j

Events (10 events):
Event: 3.367 Thread 0x0000000001f18000 DEOPT UNPACKING pc=0x000000000269582a sp=0x000000000237e4f8 mode 2
Event: 3.367 loading class java/util/DualPivotQuicksort
Event: 3.367 loading class java/util/DualPivotQuicksort done
Event: 3.502 loading class com/android/dx/cf/attrib/AttExceptions
Event: 3.502 loading class com/android/dx/cf/attrib/AttExceptions done
Event: 3.562 Thread 0x0000000001f18000 Uncommon trap: trap_request=0xffffff65 fr.pc=0x0000000002959244
Event: 3.562 Thread 0x0000000001f18000 DEOPT PACKING pc=0x0000000002959244 sp=0x000000000237e1f0
Event: 3.562 Thread 0x0000000001f18000 DEOPT UNPACKING pc=0x000000000269582a sp=0x000000000237e190 mode 2
Event: 3.650 Executing VM operation: ParallelGCFailedAllocation
Event: 4.100 Executing VM operation: ParallelGCFailedAllocation done


Dynamic libraries:
0x000000013f6a0000 - 0x000000013f6d7000 	C:\Program Files\Java\jdk1.8.0_91\bin\java.exe
0x0000000077610000 - 0x00000000777ba000 	C:\Windows\SYSTEM32\ntdll.dll
0x00000000773f0000 - 0x000000007750f000 	C:\Windows\system32\kernel32.dll
0x000007fefd360000 - 0x000007fefd3ca000 	C:\Windows\system32\KERNELBASE.dll
0x000007fefebc0000 - 0x000007fefec9b000 	C:\Windows\system32\ADVAPI32.dll
0x000007feff510000 - 0x000007feff5af000 	C:\Windows\system32\msvcrt.dll
0x000007fefeba0000 - 0x000007fefebbf000 	C:\Windows\SYSTEM32\sechost.dll
0x000007fefdb70000 - 0x000007fefdc9d000 	C:\Windows\system32\RPCRT4.dll
0x0000000077510000 - 0x000000007760a000 	C:\Windows\system32\USER32.dll
0x000007feff7e0000 - 0x000007feff847000 	C:\Windows\system32\GDI32.dll
0x000007feff7d0000 - 0x000007feff7de000 	C:\Windows\system32\LPK.dll
0x000007feff850000 - 0x000007feff91a000 	C:\Windows\system32\USP10.dll
0x000007fefc400000 - 0x000007fefc5f4000 	C:\Windows\WinSxS\amd64_microsoft.windows.common-controls_6595b64144ccf1df_6.0.7601.17514_none_fa396087175ac9ac\COMCTL32.dll
0x000007fefda30000 - 0x000007fefdaa1000 	C:\Windows\system32\SHLWAPI.dll
0x000007feff610000 - 0x000007feff63e000 	C:\Windows\system32\IMM32.DLL
0x000007feff400000 - 0x000007feff509000 	C:\Windows\system32\MSCTF.dll
0x00000000748f0000 - 0x00000000749c2000 	C:\Program Files\Java\jdk1.8.0_91\jre\bin\msvcr100.dll
0x000000006fb20000 - 0x00000000703b3000 	C:\Program Files\Java\jdk1.8.0_91\jre\bin\server\jvm.dll
0x000007fef2c30000 - 0x000007fef2c39000 	C:\Windows\system32\WSOCK32.dll
0x000007fefd700000 - 0x000007fefd74d000 	C:\Windows\system32\WS2_32.dll
0x000007fefdd80000 - 0x000007fefdd88000 	C:\Windows\system32\NSI.dll
0x000007fefb1f0000 - 0x000007fefb22b000 	C:\Windows\system32\WINMM.dll
0x000007fefc0a0000 - 0x000007fefc0ac000 	C:\Windows\system32\VERSION.dll
0x00000000777e0000 - 0x00000000777e7000 	C:\Windows\system32\PSAPI.DLL
0x0000000074ee0000 - 0x0000000074eef000 	C:\Program Files\Java\jdk1.8.0_91\jre\bin\verify.dll
0x0000000074dd0000 - 0x0000000074df9000 	C:\Program Files\Java\jdk1.8.0_91\jre\bin\java.dll
0x0000000074ec0000 - 0x0000000074ed6000 	C:\Program Files\Java\jdk1.8.0_91\jre\bin\zip.dll
0x000007fefdd90000 - 0x000007fefeb18000 	C:\Windows\system32\SHELL32.dll
0x000007feff010000 - 0x000007feff213000 	C:\Windows\system32\ole32.dll
0x000007fefd340000 - 0x000007fefd34f000 	C:\Windows\system32\profapi.dll

VM Arguments:
jvm_args: -Djava.awt.headless=true -Xmx1024M -Dfile.encoding=windows-1256 -Duser.country=US -Duser.language=en -Duser.variant 
java_command: com.android.dx.command.Main --dex --force-jumbo --output E:\User\AndroidStudioProjects\Sunshine-Version-2\app\build\intermediates\pre-dexed\debug\internal_impl-21.0.3_b7ef93a3d117c3c33ccb191ab9191289961179ae.jar E:\User\AndroidStudioProjects\Sunshine-Version-2\app\build\intermediates\exploded-aar\com.android.support\support-v4\21.0.3\jars\libs\internal_impl-21.0.3.jar
java_class_path (initial): E:\User\AppData\Local\Android\sdk\build-tools\21.1.2\lib\dx.jar
Launcher Type: SUN_STANDARD

Environment Variables:
PATH=C:\oracle\product\10.2.0\db_2\bin;C:\oracle\product\10.2.0\db_1\bin;C:\ProgramData\Oracle\Java\javapath;C:\Windows\System32;C:\Windows\SysWOW64;C:\opencv248\build\x86\vc10\bin;C:\Python27;C:\Program Files (x86)\CodeBlocks\MinGW\bin;E:\programs\Matlab\R2013a\bin;C:\Program Files\IVI Foundation\VISA\Win64\Bin\;C:\Program Files (x86)\IVI Foundation\VISA\WinNT\Bin\;C:\Program Files (x86)\IVI Foundation\VISA\WinNT\Bin;C:\Program Files (x86)\Tesseract-OCR;E:\User\AppData\Local\Android\sdk\tools\lib;E:\Program Files\Git\cmd;E:\User\AppData\Local\Android\sdk\platform-tools;C:\Program Files\Canopy\User;C:\Program Files\Canopy\User\Scripts
USERNAME=user
OS=Windows_NT
PROCESSOR_IDENTIFIER=Intel64 Family 6 Model 58 Stepping 9, GenuineIntel



---------------  S Y S T E M  ---------------

OS: Windows 7 , 64 bit Build 7601 (6.1.7601.23572)

CPU:total 4 (2 cores per cpu, 2 threads per core) family 6 model 58 stepping 9, cmov, cx8, fxsr, mmx, sse, sse2, sse3, ssse3, sse4.1, sse4.2, popcnt, avx, aes, clmul, erms, ht, tsc, tscinvbit, tscinv

Memory: 4k page, physical 4094316k(455904k free), swap 5197556k(5116k free)

vm_info: Java HotSpot(TM) 64-Bit Server VM (25.91-b15) for windows-amd64 JRE (1.8.0_91-b15), built on May 20 2016 17:43:15 by "java_re" with MS VC++ 10.0 (VS2010)

time: Thu Jun 22 01:15:43 2017
elapsed time: 4 seconds (0d 0h 0m 4s)

