#
# There is insufficient memory for the Java Runtime Environment to continue.
# Native memory allocation (malloc) failed to allocate 32744 bytes for ChunkPool::allocate
# Possible reasons:
#   The system is out of physical RAM or swap space
#   In 32 bit mode, the process size limit was hit
# Possible solutions:
#   Reduce memory load on the system
#   Increase physical memory or swap space
#   Check if swap backing store is full
#   Use 64 bit Java on a 64 bit OS
#   Decrease Java heap size (-Xmx/-Xms)
#   Decrease number of Java threads
#   Decrease Java thread stack sizes (-Xss)
#   Set larger code cache with -XX:ReservedCodeCacheSize=
# This output file may be truncated or incomplete.
#
#  Out of Memory Error (allocation.cpp:273), pid=6448, tid=5872
#
# JRE version: Java(TM) SE Runtime Environment (8.0_91-b15) (build 1.8.0_91-b15)
# Java VM: Java HotSpot(TM) 64-Bit Server VM (25.91-b15 mixed mode windows-amd64 compressed oops)
# Failed to write core dump. Minidumps are not enabled by default on client versions of Windows
#

---------------  T H R E A D  ---------------

Current thread (0x00000000562f3800):  JavaThread "C2 CompilerThread1" daemon [_thread_in_native, id=5872, stack(0x0000000056c10000,0x0000000056d10000)]

Stack: [0x0000000056c10000,0x0000000056d10000]
[error occurred during error reporting (printing stack bounds), id 0xc0000005]

Native frames: (J=compiled Java code, j=interpreted, Vv=VM code, C=native code)


Current CompileTask:
C2:  12090 1819   !   4       com.android.dx.cf.cst.ConstantPoolParser::parse0 (731 bytes)


---------------  P R O C E S S  ---------------

Java Threads: ( => current thread )
  0x0000000056322000 JavaThread "Service Thread" daemon [_thread_blocked, id=6512, stack(0x0000000055cf0000,0x0000000055df0000)]
  0x00000000562fc000 JavaThread "C1 CompilerThread2" daemon [_thread_blocked, id=5516, stack(0x0000000056d50000,0x0000000056e50000)]
=>0x00000000562f3800 JavaThread "C2 CompilerThread1" daemon [_thread_in_native, id=5872, stack(0x0000000056c10000,0x0000000056d10000)]
  0x0000000056295800 JavaThread "C2 CompilerThread0" daemon [_thread_in_native, id=4280, stack(0x0000000056a40000,0x0000000056b40000)]
  0x0000000056290800 JavaThread "Attach Listener" daemon [_thread_blocked, id=3960, stack(0x0000000056870000,0x0000000056970000)]
  0x0000000054dd1000 JavaThread "Signal Dispatcher" daemon [_thread_blocked, id=6572, stack(0x0000000056740000,0x0000000056840000)]
  0x0000000054dbd000 JavaThread "Finalizer" daemon [_thread_blocked, id=5296, stack(0x0000000056190000,0x0000000056290000)]
  0x0000000054d76000 JavaThread "Reference Handler" daemon [_thread_blocked, id=2672, stack(0x0000000056030000,0x0000000056130000)]
  0x0000000001d68000 JavaThread "main" [_thread_blocked, id=4336, stack(0x0000000002230000,0x0000000002330000)]

Other Threads:
  0x0000000054d6e800 VMThread [stack: 0x0000000055e10000,0x0000000055f10000] [id=1084]
  0x0000000056351800 WatcherThread [stack: 0x0000000056f40000,0x0000000057040000] [id=2764]

VM state:at safepoint (normal execution)

VM Mutex/Monitor currently owned by a thread:  ([mutex/lock_event])
[0x0000000001ecc940] Threads_lock - owner thread: 0x0000000054d6e800
[0x0000000001ecce40] Heap_lock - owner thread: 0x0000000001d68000

Heap:
 PSYoungGen      total 68096K, used 68086K [0x00000000eab00000, 0x00000000f4400000, 0x0000000100000000)
  eden space 65536K, 100% used [0x00000000eab00000,0x00000000eeb00000,0x00000000eeb00000)
  from space 2560K, 99% used [0x00000000eeb00000,0x00000000eed7d918,0x00000000eed80000)
  to   space 12800K, 97% used [0x00000000f3780000,0x00000000f43a6f20,0x00000000f4400000)
 ParOldGen       total 44032K, used 23521K [0x00000000c0000000, 0x00000000c2b00000, 0x00000000eab00000)
  object space 44032K, 53% used [0x00000000c0000000,0x00000000c16f8498,0x00000000c2b00000)
 Metaspace       used 6075K, capacity 7088K, committed 7296K, reserved 1056768K
  class space    used 585K, capacity 616K, committed 640K, reserved 1048576K

Card table byte_map: [0x00000000119c0000,0x0000000011bd0000] byte_map_base: 0x00000000113c0000

Marking Bits: (ParMarkBitMap*) 0x000000006d642f70
 Begin Bits: [0x00000000121e0000, 0x00000000131e0000)
 End Bits:   [0x00000000131e0000, 0x00000000141e0000)

Polling page: 0x00000000004b0000

CodeCache: size=245760Kb used=7691Kb max_used=7691Kb free=238068Kb
 bounds [0x0000000002600000, 0x0000000002d90000, 0x0000000011600000]
 total_blobs=2014 nmethods=1751 adapters=176
 compilation: enabled

Compilation events (10 events):
Event: 11.786 Thread 0x00000000562fc000 1871       1       com.android.dx.cf.attrib.InnerClassList$Item::getAccessFlags (5 bytes)
Event: 11.786 Thread 0x00000000562fc000 nmethod 1871 0x0000000002d5d450 code [0x0000000002d5d5a0, 0x0000000002d5d6b0]
Event: 11.815 Thread 0x00000000562fc000 1872       1       com.android.dx.cf.attrib.AttConstantValue::byteLength (3 bytes)
Event: 11.815 Thread 0x00000000562fc000 nmethod 1872 0x0000000002d5d190 code [0x0000000002d5d2e0, 0x0000000002d5d3f0]
Event: 11.888 Thread 0x00000000562fc000 1873       1       com.android.dx.cf.attrib.AttConstantValue::getConstantValue (5 bytes)
Event: 11.888 Thread 0x00000000562fc000 nmethod 1873 0x0000000002d5ced0 code [0x0000000002d5d020, 0x0000000002d5d130]
Event: 11.966 Thread 0x00000000562fc000 1875 %     3       com.android.dx.ssa.back.FirstFitLocalCombiningAllocator::getLocalItemForReg @ 48 (97 bytes)
Event: 11.967 Thread 0x00000000562fc000 nmethod 1875% 0x0000000002d86d50 code [0x0000000002d86fa0, 0x0000000002d87fb8]
Event: 11.967 Thread 0x00000000562fc000 1876       3       com.android.dx.ssa.back.FirstFitLocalCombiningAllocator::getLocalItemForReg (97 bytes)
Event: 11.967 Thread 0x00000000562fc000 nmethod 1876 0x0000000002d88590 code [0x0000000002d887e0, 0x0000000002d89718]

GC Heap History (10 events):
Event: 1.957 GC heap after
Heap after GC invocations=1 (full 0):
 PSYoungGen      total 18944K, used 2535K [0x00000000eab00000, 0x00000000ed000000, 0x0000000100000000)
  eden space 16384K, 0% used [0x00000000eab00000,0x00000000eab00000,0x00000000ebb00000)
  from space 2560K, 99% used [0x00000000ebb00000,0x00000000ebd79c88,0x00000000ebd80000)
  to   space 2560K, 0% used [0x00000000ecd80000,0x00000000ecd80000,0x00000000ed000000)
 ParOldGen       total 44032K, used 1589K [0x00000000c0000000, 0x00000000c2b00000, 0x00000000eab00000)
  object space 44032K, 3% used [0x00000000c0000000,0x00000000c018d698,0x00000000c2b00000)
 Metaspace       used 5552K, capacity 6768K, committed 7040K, reserved 1056768K
  class space    used 559K, capacity 616K, committed 640K, reserved 1048576K
}
Event: 3.740 GC heap before
{Heap before GC invocations=2 (full 0):
 PSYoungGen      total 18944K, used 18919K [0x00000000eab00000, 0x00000000ed000000, 0x0000000100000000)
  eden space 16384K, 100% used [0x00000000eab00000,0x00000000ebb00000,0x00000000ebb00000)
  from space 2560K, 99% used [0x00000000ebb00000,0x00000000ebd79c88,0x00000000ebd80000)
  to   space 2560K, 0% used [0x00000000ecd80000,0x00000000ecd80000,0x00000000ed000000)
 ParOldGen       total 44032K, used 1589K [0x00000000c0000000, 0x00000000c2b00000, 0x00000000eab00000)
  object space 44032K, 3% used [0x00000000c0000000,0x00000000c018d698,0x00000000c2b00000)
 Metaspace       used 5844K, capacity 7024K, committed 7296K, reserved 1056768K
  class space    used 562K, capacity 616K, committed 640K, reserved 1048576K
Event: 4.581 GC heap after
Heap after GC invocations=2 (full 0):
 PSYoungGen      total 35328K, used 2535K [0x00000000eab00000, 0x00000000ed000000, 0x0000000100000000)
  eden space 32768K, 0% used [0x00000000eab00000,0x00000000eab00000,0x00000000ecb00000)
  from space 2560K, 99% used [0x00000000ecd80000,0x00000000ecff9c78,0x00000000ed000000)
  to   space 2560K, 0% used [0x00000000ecb00000,0x00000000ecb00000,0x00000000ecd80000)
 ParOldGen       total 44032K, used 4023K [0x00000000c0000000, 0x00000000c2b00000, 0x00000000eab00000)
  object space 44032K, 9% used [0x00000000c0000000,0x00000000c03ede78,0x00000000c2b00000)
 Metaspace       used 5844K, capacity 7024K, committed 7296K, reserved 1056768K
  class space    used 562K, capacity 616K, committed 640K, reserved 1048576K
}
Event: 5.525 GC heap before
{Heap before GC invocations=3 (full 0):
 PSYoungGen      total 35328K, used 35303K [0x00000000eab00000, 0x00000000ed000000, 0x0000000100000000)
  eden space 32768K, 100% used [0x00000000eab00000,0x00000000ecb00000,0x00000000ecb00000)
  from space 2560K, 99% used [0x00000000ecd80000,0x00000000ecff9c78,0x00000000ed000000)
  to   space 2560K, 0% used [0x00000000ecb00000,0x00000000ecb00000,0x00000000ecd80000)
 ParOldGen       total 44032K, used 4023K [0x00000000c0000000, 0x00000000c2b00000, 0x00000000eab00000)
  object space 44032K, 9% used [0x00000000c0000000,0x00000000c03ede78,0x00000000c2b00000)
 Metaspace       used 6011K, capacity 7088K, committed 7296K, reserved 1056768K
  class space    used 585K, capacity 616K, committed 640K, reserved 1048576K
Event: 6.398 GC heap after
Heap after GC invocations=3 (full 0):
 PSYoungGen      total 35328K, used 2534K [0x00000000eab00000, 0x00000000ef000000, 0x0000000100000000)
  eden space 32768K, 0% used [0x00000000eab00000,0x00000000eab00000,0x00000000ecb00000)
  from space 2560K, 98% used [0x00000000ecb00000,0x00000000ecd79930,0x00000000ecd80000)
  to   space 2560K, 0% used [0x00000000eed80000,0x00000000eed80000,0x00000000ef000000)
 ParOldGen       total 44032K, used 8624K [0x00000000c0000000, 0x00000000c2b00000, 0x00000000eab00000)
  object space 44032K, 19% used [0x00000000c0000000,0x00000000c086c0c8,0x00000000c2b00000)
 Metaspace       used 6011K, capacity 7088K, committed 7296K, reserved 1056768K
  class space    used 585K, capacity 616K, committed 640K, reserved 1048576K
}
Event: 6.763 GC heap before
{Heap before GC invocations=4 (full 0):
 PSYoungGen      total 35328K, used 35302K [0x00000000eab00000, 0x00000000ef000000, 0x0000000100000000)
  eden space 32768K, 100% used [0x00000000eab00000,0x00000000ecb00000,0x00000000ecb00000)
  from space 2560K, 98% used [0x00000000ecb00000,0x00000000ecd79930,0x00000000ecd80000)
  to   space 2560K, 0% used [0x00000000eed80000,0x00000000eed80000,0x00000000ef000000)
 ParOldGen       total 44032K, used 8624K [0x00000000c0000000, 0x00000000c2b00000, 0x00000000eab00000)
  object space 44032K, 19% used [0x00000000c0000000,0x00000000c086c0c8,0x00000000c2b00000)
 Metaspace       used 6030K, capacity 7088K, committed 7296K, reserved 1056768K
  class space    used 585K, capacity 616K, committed 640K, reserved 1048576K
Event: 7.441 GC heap after
Heap after GC invocations=4 (full 0):
 PSYoungGen      total 68096K, used 2546K [0x00000000eab00000, 0x00000000ef000000, 0x0000000100000000)
  eden space 65536K, 0% used [0x00000000eab00000,0x00000000eab00000,0x00000000eeb00000)
  from space 2560K, 99% used [0x00000000eed80000,0x00000000eeffc878,0x00000000ef000000)
  to   space 2560K, 0% used [0x00000000eeb00000,0x00000000eeb00000,0x00000000eed80000)
 ParOldGen       total 44032K, used 13537K [0x00000000c0000000, 0x00000000c2b00000, 0x00000000eab00000)
  object space 44032K, 30% used [0x00000000c0000000,0x00000000c0d38408,0x00000000c2b00000)
 Metaspace       used 6030K, capacity 7088K, committed 7296K, reserved 1056768K
  class space    used 585K, capacity 616K, committed 640K, reserved 1048576K
}
Event: 9.275 GC heap before
{Heap before GC invocations=5 (full 0):
 PSYoungGen      total 68096K, used 68082K [0x00000000eab00000, 0x00000000ef000000, 0x0000000100000000)
  eden space 65536K, 100% used [0x00000000eab00000,0x00000000eeb00000,0x00000000eeb00000)
  from space 2560K, 99% used [0x00000000eed80000,0x00000000eeffc878,0x00000000ef000000)
  to   space 2560K, 0% used [0x00000000eeb00000,0x00000000eeb00000,0x00000000eed80000)
 ParOldGen       total 44032K, used 13537K [0x00000000c0000000, 0x00000000c2b00000, 0x00000000eab00000)
  object space 44032K, 30% used [0x00000000c0000000,0x00000000c0d38408,0x00000000c2b00000)
 Metaspace       used 6068K, capacity 7088K, committed 7296K, reserved 1056768K
  class space    used 585K, capacity 616K, committed 640K, reserved 1048576K
Event: 10.211 GC heap after
Heap after GC invocations=5 (full 0):
 PSYoungGen      total 68096K, used 2550K [0x00000000eab00000, 0x00000000f4400000, 0x0000000100000000)
  eden space 65536K, 0% used [0x00000000eab00000,0x00000000eab00000,0x00000000eeb00000)
  from space 2560K, 99% used [0x00000000eeb00000,0x00000000eed7d918,0x00000000eed80000)
  to   space 12800K, 0% used [0x00000000f3780000,0x00000000f3780000,0x00000000f4400000)
 ParOldGen       total 44032K, used 23521K [0x00000000c0000000, 0x00000000c2b00000, 0x00000000eab00000)
  object space 44032K, 53% used [0x00000000c0000000,0x00000000c16f8498,0x00000000c2b00000)
 Metaspace       used 6068K, capacity 7088K, committed 7296K, reserved 1056768K
  class space    used 585K, capacity 616K, committed 640K, reserved 1048576K
}
Event: 11.979 GC heap before
{Heap before GC invocations=6 (full 0):
 PSYoungGen      total 68096K, used 68086K [0x00000000eab00000, 0x00000000f4400000, 0x0000000100000000)
  eden space 65536K, 100% used [0x00000000eab00000,0x00000000eeb00000,0x00000000eeb00000)
  from space 2560K, 99% used [0x00000000eeb00000,0x00000000eed7d918,0x00000000eed80000)
  to   space 12800K, 0% used [0x00000000f3780000,0x00000000f3780000,0x00000000f4400000)
 ParOldGen       total 44032K, used 23521K [0x00000000c0000000, 0x00000000c2b00000, 0x00000000eab00000)
  object space 44032K, 53% used [0x00000000c0000000,0x00000000c16f8498,0x00000000c2b00000)
 Metaspace       used 6075K, capacity 7088K, committed 7296K, reserved 1056768K
  class space    used 585K, capacity 616K, committed 640K, reserved 1048576K

Deoptimization events (10 events):
Event: 8.944 Thread 0x0000000001d68000 Uncommon trap: reason=bimorphic action=maybe_recompile pc=0x0000000002bb940c method=com.android.dx.cf.code.BytecodeArray.parseInstruction(ILcom/android/dx/cf/code/BytecodeArray$Visitor;)I @ 987
Event: 8.944 Thread 0x0000000001d68000 Uncommon trap: reason=bimorphic action=maybe_recompile pc=0x0000000002bb9380 method=com.android.dx.cf.code.BytecodeArray.parseInstruction(ILcom/android/dx/cf/code/BytecodeArray$Visitor;)I @ 971
Event: 8.944 Thread 0x0000000001d68000 Uncommon trap: reason=bimorphic action=maybe_recompile pc=0x0000000002bb940c method=com.android.dx.cf.code.BytecodeArray.parseInstruction(ILcom/android/dx/cf/code/BytecodeArray$Visitor;)I @ 987
Event: 11.373 Thread 0x0000000001d68000 Uncommon trap: reason=unstable_if action=reinterpret pc=0x0000000002c9e5a4 method=com.android.dx.ssa.SCCP.simulateStmt(Lcom/android/dx/ssa/SsaInsn;)V @ 59
Event: 11.463 Thread 0x0000000001d68000 Uncommon trap: reason=unstable_if action=reinterpret pc=0x0000000002c7a19c method=com.android.dx.rop.cst.CstNat.equals(Ljava/lang/Object;)Z @ 25
Event: 11.471 Thread 0x0000000001d68000 Uncommon trap: reason=bimorphic action=maybe_recompile pc=0x0000000002c9208c method=com.android.dx.rop.code.RegisterSpec.withSimpleType()Lcom/android/dx/rop/code/RegisterSpec; @ 21
Event: 11.474 Thread 0x0000000001d68000 Uncommon trap: reason=bimorphic action=maybe_recompile pc=0x0000000002c9208c method=com.android.dx.rop.code.RegisterSpec.withSimpleType()Lcom/android/dx/rop/code/RegisterSpec; @ 21
Event: 11.477 Thread 0x0000000001d68000 Uncommon trap: reason=bimorphic action=maybe_recompile pc=0x0000000002c9208c method=com.android.dx.rop.code.RegisterSpec.withSimpleType()Lcom/android/dx/rop/code/RegisterSpec; @ 21
Event: 11.480 Thread 0x0000000001d68000 Uncommon trap: reason=bimorphic action=maybe_recompile pc=0x0000000002c9208c method=com.android.dx.rop.code.RegisterSpec.withSimpleType()Lcom/android/dx/rop/code/RegisterSpec; @ 21
Event: 11.756 Thread 0x0000000001d68000 Uncommon trap: reason=unstable_if action=reinterpret pc=0x0000000002cfb4b4 method=com.android.dx.ssa.SCCP.simulateBranch(Lcom/android/dx/ssa/SsaInsn;)V @ 548

Internal exceptions (6 events):
Event: 0.069 Thread 0x0000000001d68000 Exception <a 'java/lang/NoSuchMethodError': Method sun.misc.Unsafe.defineClass(Ljava/lang/String;[BII)Ljava/lang/Class; name or signature does not match> (0x00000000eab07cc0) thrown at [C:\re\workspace\8-2-build-windows-amd64-cygwin\jdk8u91\7017\hotspot\srHÖGå.¦±?
Event: 0.069 Thread 0x0000000001d68000 Exception <a 'java/lang/NoSuchMethodError': Method sun.misc.Unsafe.prefetchRead(Ljava/lang/Object;J)V name or signature does not match> (0x00000000eab07fa8) thrown at [C:\re\workspace\8-2-build-windows-amd64-cygwin\jdk8u91\7017\hotspot\src\share\vm\prims\jöqúWœ³@
Event: 2.838 Thread 0x0000000001d68000 Implicit null exception at 0x0000000002957a52 to 0x0000000002957b51
Event: 4.661 Thread 0x0000000001d68000 Exception <a 'java/lang/ArrayIndexOutOfBoundsException': 18> (0x00000000eb092f18) thrown at [C:\re\workspace\8-2-build-windows-amd64-cygwin\jdk8u91\7017\hotspot\src\share\vm\interpreter\interpreterRuntime.cpp, line 366]
Event: 4.661 Thread 0x0000000001d68000 Exception <a 'java/lang/ArrayIndexOutOfBoundsException'> (0x00000000eb094a98) thrown at [C:\re\workspace\8-2-build-windows-amd64-cygwin\jdk8u91\7017\hotspot\src\share\vm\runtime\sharedRuntime.cpp, line 605]
Event: 4.662 Thread 0x0000000001d68000 Exception <a 'java/lang/ArrayIndexOutOfBoundsException'> (0x00000000eb095d80) thrown at [C:\re\workspace\8-2-build-windows-amd64-cygwin\jdk8u91\7017\hotspot\src\share\vm\runtime\sharedRuntime.cpp, line 605]

Events (10 events):
Event: 11.477 Thread 0x0000000001d68000 DEOPT UNPACKING pc=0x000000000264582a sp=0x000000000232e578 mode 2
Event: 11.480 Thread 0x0000000001d68000 Uncommon trap: trap_request=0xffffffc6 fr.pc=0x0000000002c9208c
Event: 11.480 Thread 0x0000000001d68000 DEOPT PACKING pc=0x0000000002c9208c sp=0x000000000232e540
Event: 11.480 Thread 0x0000000001d68000 DEOPT UNPACKING pc=0x000000000264582a sp=0x000000000232e4c8 mode 2
Event: 11.756 Thread 0x0000000001d68000 Uncommon trap: trap_request=0xffffff65 fr.pc=0x0000000002cfb4b4
Event: 11.756 Thread 0x0000000001d68000 DEOPT PACKING pc=0x0000000002cfb4b4 sp=0x000000000232e410
Event: 11.756 Thread 0x0000000001d68000 DEOPT UNPACKING pc=0x000000000264582a sp=0x000000000232e438 mode 2
Event: 11.967 Thread 0x0000000001d68000 DEOPT PACKING pc=0x0000000002c46f44 sp=0x000000000232e450
Event: 11.967 Thread 0x0000000001d68000 DEOPT UNPACKING pc=0x000000000264787f sp=0x000000000232e1d0 mode 0
Event: 11.979 Executing VM operation: ParallelGCFailedAllocation


Dynamic libraries:
0x000000013f250000 - 0x000000013f287000 	C:\Program Files\Java\jdk1.8.0_91\bin\java.exe
0x0000000077690000 - 0x000000007783a000 	C:\Windows\SYSTEM32\ntdll.dll
0x0000000077470000 - 0x000000007758f000 	C:\Windows\system32\kernel32.dll
0x000007fefd3e0000 - 0x000007fefd44a000 	C:\Windows\system32\KERNELBASE.dll
0x000007feff6d0000 - 0x000007feff7ab000 	C:\Windows\system32\ADVAPI32.dll
0x000007feff900000 - 0x000007feff99f000 	C:\Windows\system32\msvcrt.dll
0x000007feff340000 - 0x000007feff35f000 	C:\Windows\SYSTEM32\sechost.dll
0x000007fefec60000 - 0x000007fefed8d000 	C:\Windows\system32\RPCRT4.dll
0x0000000077590000 - 0x000000007768a000 	C:\Windows\system32\USER32.dll
0x000007fefed90000 - 0x000007fefedf7000 	C:\Windows\system32\GDI32.dll
0x000007fefd960000 - 0x000007fefd96e000 	C:\Windows\system32\LPK.dll
0x000007fefd890000 - 0x000007fefd95a000 	C:\Windows\system32\USP10.dll
0x000007fefc430000 - 0x000007fefc624000 	C:\Windows\WinSxS\amd64_microsoft.windows.common-controls_6595b64144ccf1df_6.0.7601.17514_none_fa396087175ac9ac\COMCTL32.dll
0x000007fefef80000 - 0x000007fefeff1000 	C:\Windows\system32\SHLWAPI.dll
0x000007fefe700000 - 0x000007fefe72e000 	C:\Windows\system32\IMM32.DLL
0x000007fefd780000 - 0x000007fefd889000 	C:\Windows\system32\MSCTF.dll
0x000000006f8e0000 - 0x000000006f9b2000 	C:\Program Files\Java\jdk1.8.0_91\jre\bin\msvcr100.dll
0x000000006ce30000 - 0x000000006d6c3000 	C:\Program Files\Java\jdk1.8.0_91\jre\bin\server\jvm.dll
0x000007fef0bc0000 - 0x000007fef0bc9000 	C:\Windows\system32\WSOCK32.dll
0x000007fefec10000 - 0x000007fefec5d000 	C:\Windows\system32\WS2_32.dll
0x000007feff7b0000 - 0x000007feff7b8000 	C:\Windows\system32\NSI.dll
0x000007fefb350000 - 0x000007fefb38b000 	C:\Windows\system32\WINMM.dll
0x000007fefc0f0000 - 0x000007fefc0fc000 	C:\Windows\system32\VERSION.dll
0x0000000077850000 - 0x0000000077857000 	C:\Windows\system32\PSAPI.DLL
0x0000000074a90000 - 0x0000000074a9f000 	C:\Program Files\Java\jdk1.8.0_91\jre\bin\verify.dll
0x0000000073df0000 - 0x0000000073e19000 	C:\Program Files\Java\jdk1.8.0_91\jre\bin\java.dll
0x0000000073dd0000 - 0x0000000073de6000 	C:\Program Files\Java\jdk1.8.0_91\jre\bin\zip.dll
0x000007fefd970000 - 0x000007fefe6f8000 	C:\Windows\system32\SHELL32.dll
0x000007fefea00000 - 0x000007fefec03000 	C:\Windows\system32\ole32.dll
0x000007fefd3d0000 - 0x000007fefd3df000 	C:\Windows\system32\profapi.dll

VM Arguments:
jvm_args: -Djava.awt.headless=true -Xmx1024M -Dfile.encoding=windows-1256 -Duser.country=US -Duser.language=en -Duser.variant 
java_command: com.android.dx.command.Main --dex --force-jumbo --output E:\User\AndroidStudioProjects\Sunshine-Version-2\app\build\intermediates\pre-dexed\debug\com.android.support-appcompat-v7-21.0.3_c62c1a7b3c1d7c37f76f30a9af26db376fcf9047.jar E:\User\AndroidStudioProjects\Sunshine-Version-2\app\build\intermediates\exploded-aar\com.android.support\appcompat-v7\21.0.3\jars\classes.jar
java_class_path (initial): E:\User\AppData\Local\Android\sdk\build-tools\21.1.2\lib\dx.jar
Launcher Type: SUN_STANDARD

Environment Variables:
PATH=C:\oracle\product\10.2.0\db_2\bin;C:\oracle\product\10.2.0\db_1\bin;C:\ProgramData\Oracle\Java\javapath;C:\Windows\System32;C:\Windows\SysWOW64;C:\opencv248\build\x86\vc10\bin;C:\Python27;C:\Program Files (x86)\CodeBlocks\MinGW\bin;E:\programs\Matlab\R2013a\bin;C:\Program Files\IVI Foundation\VISA\Win64\Bin\;C:\Program Files (x86)\IVI Foundation\VISA\WinNT\Bin\;C:\Program Files (x86)\IVI Foundation\VISA\WinNT\Bin;C:\Program Files (x86)\Tesseract-OCR;E:\User\AppData\Local\Android\sdk\tools\lib;E:\Program Files\Git\cmd;E:\User\AppData\Local\Android\sdk\platform-tools;C:\Program Files\Canopy\User;C:\Program Files\Canopy\User\Scripts
USERNAME=user
OS=Windows_NT
PROCESSOR_IDENTIFIER=Intel64 Family 6 Model 58 Stepping 9, GenuineIntel



---------------  S Y S T E M  ---------------

OS: Windows 7 , 64 bit Build 7601 (6.1.7601.23572)

CPU:total 4 (2 cores per cpu, 2 threads per core) family 6 model 58 stepping 9, cmov, cx8, fxsr, mmx, sse, sse2, sse3, ssse3, sse4.1, sse4.2, popcnt, avx, aes, clmul, erms, ht, tsc, tscinvbit, tscinv

Memory: 4k page, physical 4094316k(223648k free), swap 5628456k(71600k free)

vm_info: Java HotSpot(TM) 64-Bit Server VM (25.91-b15) for windows-amd64 JRE (1.8.0_91-b15), built on May 20 2016 17:43:15 by "java_re" with MS VC++ 10.0 (VS2010)

time: Sat Jun 17 20:33:30 2017
elapsed time: 12 seconds (0d 0h 0m 12s)

