#
# There is insufficient memory for the Java Runtime Environment to continue.
# Native memory allocation (malloc) failed to allocate 1690016 bytes for Chunk::new
# Possible reasons:
#   The system is out of physical RAM or swap space
#   In 32 bit mode, the process size limit was hit
# Possible solutions:
#   Reduce memory load on the system
#   Increase physical memory or swap space
#   Check if swap backing store is full
#   Use 64 bit Java on a 64 bit OS
#   Decrease Java heap size (-Xmx/-Xms)
#   Decrease number of Java threads
#   Decrease Java thread stack sizes (-Xss)
#   Set larger code cache with -XX:ReservedCodeCacheSize=
# This output file may be truncated or incomplete.
#
#  Out of Memory Error (allocation.cpp:390), pid=33736, tid=32024
#
# JRE version: Java(TM) SE Runtime Environment (8.0_91-b15) (build 1.8.0_91-b15)
# Java VM: Java HotSpot(TM) 64-Bit Server VM (25.91-b15 mixed mode windows-amd64 compressed oops)
# Failed to write core dump. Minidumps are not enabled by default on client versions of Windows
#

---------------  T H R E A D  ---------------

Current thread (0x0000000056288800):  JavaThread "C2 CompilerThread1" daemon [_thread_in_native, id=32024, stack(0x0000000056c30000,0x0000000056d30000)]

Stack: [0x0000000056c30000,0x0000000056d30000]
[error occurred during error reporting (printing stack bounds), id 0xc0000005]

Native frames: (J=compiled Java code, j=interpreted, Vv=VM code, C=native code)


Current CompileTask:
C2:   8764 1258   !   4       com.android.dx.cf.code.BytecodeArray::parseInstruction (2764 bytes)


---------------  P R O C E S S  ---------------

Java Threads: ( => current thread )
  0x0000000054efd800 JavaThread "Service Thread" daemon [_thread_blocked, id=33916, stack(0x0000000056fa0000,0x00000000570a0000)]
  0x0000000056289800 JavaThread "C1 CompilerThread2" daemon [_thread_blocked, id=32104, stack(0x0000000056dc0000,0x0000000056ec0000)]
=>0x0000000056288800 JavaThread "C2 CompilerThread1" daemon [_thread_in_native, id=32024, stack(0x0000000056c30000,0x0000000056d30000)]
  0x0000000056286800 JavaThread "C2 CompilerThread0" daemon [_thread_blocked, id=33844, stack(0x0000000056a20000,0x0000000056b20000)]
  0x0000000054eee000 JavaThread "Attach Listener" daemon [_thread_blocked, id=33544, stack(0x00000000567c0000,0x00000000568c0000)]
  0x000000005628c000 JavaThread "Signal Dispatcher" daemon [_thread_blocked, id=33824, stack(0x00000000566c0000,0x00000000567c0000)]
  0x0000000054ed9800 JavaThread "Finalizer" daemon [_thread_blocked, id=33244, stack(0x0000000056180000,0x0000000056280000)]
  0x0000000054e92000 JavaThread "Reference Handler" daemon [_thread_blocked, id=28264, stack(0x0000000055e30000,0x0000000055f30000)]
  0x0000000001de8000 JavaThread "main" [_thread_blocked, id=31836, stack(0x00000000020c0000,0x00000000021c0000)]

Other Threads:
  0x0000000054e8a800 VMThread [stack: 0x0000000055fd0000,0x00000000560d0000] [id=33800]
  0x0000000056328000 WatcherThread [stack: 0x00000000568f0000,0x00000000569f0000] [id=32892]

VM state:not at safepoint (normal execution)

VM Mutex/Monitor currently owned by a thread:  ([mutex/lock_event])
[0x00000000003acdc0] Heap_lock - owner thread: 0x0000000001de8000

Heap:
 PSYoungGen      total 35328K, used 2537K [0x00000000eab00000, 0x00000000ed000000, 0x0000000100000000)
  eden space 32768K, 0% used [0x00000000eab00000,0x00000000eab00038,0x00000000ecb00000)
  from space 2560K, 99% used [0x00000000ecd80000,0x00000000ecffa548,0x00000000ed000000)
  to   space 2560K, 0% used [0x00000000ecb00000,0x00000000ecb00000,0x00000000ecd80000)
 ParOldGen       total 44032K, used 5324K [0x00000000c0000000, 0x00000000c2b00000, 0x00000000eab00000)
  object space 44032K, 12% used [0x00000000c0000000,0x00000000c0533030,0x00000000c2b00000)
 Metaspace       used 5541K, capacity 6832K, committed 7040K, reserved 1056768K
  class space    used 548K, capacity 616K, committed 640K, reserved 1048576K

Card table byte_map: [0x0000000011850000,0x0000000011a60000] byte_map_base: 0x0000000011250000

Marking Bits: (ParMarkBitMap*) 0x0000000070a22f70
 Begin Bits: [0x0000000012300000, 0x0000000013300000)
 End Bits:   [0x0000000013300000, 0x0000000014300000)

Polling page: 0x0000000000320000

CodeCache: size=245760Kb used=5259Kb max_used=5278Kb free=240500Kb
 bounds [0x0000000002490000, 0x00000000029c0000, 0x0000000011490000]
 total_blobs=1517 nmethods=1259 adapters=171
 compilation: enabled

Compilation events (10 events):
Event: 7.756 Thread 0x0000000056289800 nmethod 1260 0x00000000029939d0 code [0x0000000002993b20, 0x0000000002993c30]
Event: 7.776 Thread 0x0000000056289800 1262       3       com.android.dx.cf.code.OneLocalsArray::makeInitialized (55 bytes)
Event: 7.777 Thread 0x0000000056289800 nmethod 1262 0x00000000029a6f90 code [0x00000000029a7140, 0x00000000029a77d8]
Event: 8.681 Thread 0x0000000056286800 nmethod 1228 0x00000000029b80d0 code [0x00000000029b83e0, 0x00000000029ba7d0]
Event: 8.681 Thread 0x0000000056286800 1259       4       com.android.dx.cf.code.ExecutionStack::peek (42 bytes)
Event: 8.683 Thread 0x0000000056286800 nmethod 1259 0x00000000029b5110 code [0x00000000029b5260, 0x00000000029b5318]
Event: 8.683 Thread 0x0000000056286800 1242       4       com.android.dx.rop.cst.TypedConstant::<init> (5 bytes)
Event: 8.683 Thread 0x0000000056286800 nmethod 1242 0x00000000028efb90 code [0x00000000028efcc0, 0x00000000028efd18]
Event: 8.683 Thread 0x0000000056286800 1261       4       com.android.dx.rop.type.Type::isIntlike (56 bytes)
Event: 8.684 Thread 0x0000000056286800 nmethod 1261 0x000000000291a950 code [0x000000000291aa80, 0x000000000291aaf8]

GC Heap History (4 events):
Event: 3.505 GC heap before
{Heap before GC invocations=1 (full 0):
 PSYoungGen      total 18944K, used 16384K [0x00000000eab00000, 0x00000000ec000000, 0x0000000100000000)
  eden space 16384K, 100% used [0x00000000eab00000,0x00000000ebb00000,0x00000000ebb00000)
  from space 2560K, 0% used [0x00000000ebd80000,0x00000000ebd80000,0x00000000ec000000)
  to   space 2560K, 0% used [0x00000000ebb00000,0x00000000ebb00000,0x00000000ebd80000)
 ParOldGen       total 44032K, used 0K [0x00000000c0000000, 0x00000000c2b00000, 0x00000000eab00000)
  object space 44032K, 0% used [0x00000000c0000000,0x00000000c0000000,0x00000000c2b00000)
 Metaspace       used 5443K, capacity 6768K, committed 7040K, reserved 1056768K
  class space    used 540K, capacity 616K, committed 640K, reserved 1048576K
Event: 4.487 GC heap after
Heap after GC invocations=1 (full 0):
 PSYoungGen      total 18944K, used 2528K [0x00000000eab00000, 0x00000000ed000000, 0x0000000100000000)
  eden space 16384K, 0% used [0x00000000eab00000,0x00000000eab00000,0x00000000ebb00000)
  from space 2560K, 98% used [0x00000000ebb00000,0x00000000ebd78018,0x00000000ebd80000)
  to   space 2560K, 0% used [0x00000000ecd80000,0x00000000ecd80000,0x00000000ed000000)
 ParOldGen       total 44032K, used 1717K [0x00000000c0000000, 0x00000000c2b00000, 0x00000000eab00000)
  object space 44032K, 3% used [0x00000000c0000000,0x00000000c01ad618,0x00000000c2b00000)
 Metaspace       used 5443K, capacity 6768K, committed 7040K, reserved 1056768K
  class space    used 540K, capacity 616K, committed 640K, reserved 1048576K
}
Event: 7.786 GC heap before
{Heap before GC invocations=2 (full 0):
 PSYoungGen      total 18944K, used 18912K [0x00000000eab00000, 0x00000000ed000000, 0x0000000100000000)
  eden space 16384K, 100% used [0x00000000eab00000,0x00000000ebb00000,0x00000000ebb00000)
  from space 2560K, 98% used [0x00000000ebb00000,0x00000000ebd78018,0x00000000ebd80000)
  to   space 2560K, 0% used [0x00000000ecd80000,0x00000000ecd80000,0x00000000ed000000)
 ParOldGen       total 44032K, used 1717K [0x00000000c0000000, 0x00000000c2b00000, 0x00000000eab00000)
  object space 44032K, 3% used [0x00000000c0000000,0x00000000c01ad618,0x00000000c2b00000)
 Metaspace       used 5541K, capacity 6832K, committed 7040K, reserved 1056768K
  class space    used 548K, capacity 616K, committed 640K, reserved 1048576K
Event: 8.676 GC heap after
Heap after GC invocations=2 (full 0):
 PSYoungGen      total 35328K, used 2537K [0x00000000eab00000, 0x00000000ed000000, 0x0000000100000000)
  eden space 32768K, 0% used [0x00000000eab00000,0x00000000eab00000,0x00000000ecb00000)
  from space 2560K, 99% used [0x00000000ecd80000,0x00000000ecffa548,0x00000000ed000000)
  to   space 2560K, 0% used [0x00000000ecb00000,0x00000000ecb00000,0x00000000ecd80000)
 ParOldGen       total 44032K, used 5324K [0x00000000c0000000, 0x00000000c2b00000, 0x00000000eab00000)
  object space 44032K, 12% used [0x00000000c0000000,0x00000000c0533030,0x00000000c2b00000)
 Metaspace       used 5541K, capacity 6832K, committed 7040K, reserved 1056768K
  class space    used 548K, capacity 616K, committed 640K, reserved 1048576K
}

Deoptimization events (10 events):
Event: 7.506 Thread 0x0000000001de8000 Uncommon trap: reason=class_check action=maybe_recompile pc=0x0000000002976470 method=com.android.dx.ssa.SsaMethod.isRegALocal(Lcom/android/dx/rop/code/RegisterSpec;)Z @ 16
Event: 7.514 Thread 0x0000000001de8000 Uncommon trap: reason=class_check action=maybe_recompile pc=0x0000000002976470 method=com.android.dx.ssa.SsaMethod.isRegALocal(Lcom/android/dx/rop/code/RegisterSpec;)Z @ 16
Event: 7.514 Thread 0x0000000001de8000 Uncommon trap: reason=class_check action=maybe_recompile pc=0x0000000002976470 method=com.android.dx.ssa.SsaMethod.isRegALocal(Lcom/android/dx/rop/code/RegisterSpec;)Z @ 16
Event: 7.522 Thread 0x0000000001de8000 Uncommon trap: reason=class_check action=maybe_recompile pc=0x0000000002827420 method=com.android.dx.rop.type.Type.equals(Ljava/lang/Object;)Z @ 8
Event: 7.522 Thread 0x0000000001de8000 Uncommon trap: reason=class_check action=maybe_recompile pc=0x0000000002827420 method=com.android.dx.rop.type.Type.equals(Ljava/lang/Object;)Z @ 8
Event: 7.522 Thread 0x0000000001de8000 Uncommon trap: reason=class_check action=maybe_recompile pc=0x0000000002827420 method=com.android.dx.rop.type.Type.equals(Ljava/lang/Object;)Z @ 8
Event: 7.522 Thread 0x0000000001de8000 Uncommon trap: reason=class_check action=maybe_recompile pc=0x0000000002827420 method=com.android.dx.rop.type.Type.equals(Ljava/lang/Object;)Z @ 8
Event: 7.522 Thread 0x0000000001de8000 Uncommon trap: reason=unstable_if action=reinterpret pc=0x000000000289c5a8 method=com.android.dx.cf.code.Ropper.labelToResultIndex(I)I @ 34
Event: 7.526 Thread 0x0000000001de8000 Uncommon trap: reason=unstable_if action=reinterpret pc=0x000000000296e62c method=com.android.dx.util.LabeledList.set(ILcom/android/dx/util/LabeledItem;)V @ 16
Event: 7.526 Thread 0x0000000001de8000 Uncommon trap: reason=unstable_if action=reinterpret pc=0x00000000028d033c method=com.android.dx.util.LabeledList.set(ILcom/android/dx/util/LabeledItem;)V @ 16

Internal exceptions (2 events):
Event: 1.838 Thread 0x0000000001de8000 Exception <a 'java/lang/NoSuchMethodError': Method sun.misc.Unsafe.defineClass(Ljava/lang/String;[BII)Ljava/lang/Class; name or signature does not match> (0x00000000eab07cc0) thrown at [C:\re\workspace\8-2-build-windows-amd64-cygwin\jdk8u91\7017\hotspot\srFªÉ†jý?
Event: 1.839 Thread 0x0000000001de8000 Exception <a 'java/lang/NoSuchMethodError': Method sun.misc.Unsafe.prefetchRead(Ljava/lang/Object;J)V name or signature does not match> (0x00000000eab07fa8) thrown at [C:\re\workspace\8-2-build-windows-amd64-cygwin\jdk8u91\7017\hotspot\src\share\vm\prims\j

Events (10 events):
Event: 7.744 Thread 0x0000000001de8000 DEOPT PACKING pc=0x00000000029824ba sp=0x00000000021be380
Event: 7.744 Thread 0x0000000001de8000 DEOPT UNPACKING pc=0x00000000024d787f sp=0x00000000021be0e8 mode 0
Event: 7.744 Thread 0x0000000001de8000 DEOPT PACKING pc=0x00000000029824ba sp=0x00000000021be380
Event: 7.744 Thread 0x0000000001de8000 DEOPT UNPACKING pc=0x00000000024d787f sp=0x00000000021be0e8 mode 0
Event: 7.745 Thread 0x0000000001de8000 DEOPT PACKING pc=0x00000000029824ba sp=0x00000000021be380
Event: 7.745 Thread 0x0000000001de8000 DEOPT UNPACKING pc=0x00000000024d787f sp=0x00000000021be0e8 mode 0
Event: 7.745 Thread 0x0000000001de8000 DEOPT PACKING pc=0x00000000029824ba sp=0x00000000021be380
Event: 7.745 Thread 0x0000000001de8000 DEOPT UNPACKING pc=0x00000000024d787f sp=0x00000000021be0e8 mode 0
Event: 7.786 Executing VM operation: ParallelGCFailedAllocation
Event: 8.676 Executing VM operation: ParallelGCFailedAllocation done


Dynamic libraries:
0x000000013f9b0000 - 0x000000013f9e7000 	C:\Program Files\Java\jdk1.8.0_91\bin\java.exe
0x0000000077340000 - 0x00000000774ea000 	C:\Windows\SYSTEM32\ntdll.dll
0x0000000077220000 - 0x000000007733f000 	C:\Windows\system32\kernel32.dll
0x000007fefd090000 - 0x000007fefd0fa000 	C:\Windows\system32\KERNELBASE.dll
0x000007fefead0000 - 0x000007fefebab000 	C:\Windows\system32\ADVAPI32.dll
0x000007feff5b0000 - 0x000007feff64f000 	C:\Windows\system32\msvcrt.dll
0x000007fefe860000 - 0x000007fefe87f000 	C:\Windows\SYSTEM32\sechost.dll
0x000007fefed20000 - 0x000007fefee4d000 	C:\Windows\system32\RPCRT4.dll
0x0000000077120000 - 0x000000007721a000 	C:\Windows\system32\USER32.dll
0x000007fefea60000 - 0x000007fefeac7000 	C:\Windows\system32\GDI32.dll
0x000007fefd6f0000 - 0x000007fefd6fe000 	C:\Windows\system32\LPK.dll
0x000007fefd620000 - 0x000007fefd6ea000 	C:\Windows\system32\USP10.dll
0x000007fefc130000 - 0x000007fefc324000 	C:\Windows\WinSxS\amd64_microsoft.windows.common-controls_6595b64144ccf1df_6.0.7601.17514_none_fa396087175ac9ac\COMCTL32.dll
0x000007fefe5d0000 - 0x000007fefe641000 	C:\Windows\system32\SHLWAPI.dll
0x000007fefe880000 - 0x000007fefe8ae000 	C:\Windows\system32\IMM32.DLL
0x000007feff120000 - 0x000007feff229000 	C:\Windows\system32\MSCTF.dll
0x0000000072570000 - 0x0000000072642000 	C:\Program Files\Java\jdk1.8.0_91\jre\bin\msvcr100.dll
0x0000000070210000 - 0x0000000070aa3000 	C:\Program Files\Java\jdk1.8.0_91\jre\bin\server\jvm.dll
0x000007fef57c0000 - 0x000007fef57c9000 	C:\Windows\system32\WSOCK32.dll
0x000007fefecd0000 - 0x000007fefed1d000 	C:\Windows\system32\WS2_32.dll
0x000007fefd610000 - 0x000007fefd618000 	C:\Windows\system32\NSI.dll
0x000007feface0000 - 0x000007fefad1b000 	C:\Windows\system32\WINMM.dll
0x000007fefbdd0000 - 0x000007fefbddc000 	C:\Windows\system32\VERSION.dll
0x0000000077510000 - 0x0000000077517000 	C:\Windows\system32\PSAPI.DLL
0x0000000074af0000 - 0x0000000074aff000 	C:\Program Files\Java\jdk1.8.0_91\jre\bin\verify.dll
0x0000000074ac0000 - 0x0000000074ae9000 	C:\Program Files\Java\jdk1.8.0_91\jre\bin\java.dll
0x0000000074aa0000 - 0x0000000074ab6000 	C:\Program Files\Java\jdk1.8.0_91\jre\bin\zip.dll
0x000007fefd700000 - 0x000007fefe488000 	C:\Windows\system32\SHELL32.dll
0x000007fefe650000 - 0x000007fefe853000 	C:\Windows\system32\ole32.dll
0x000007fefd070000 - 0x000007fefd07f000 	C:\Windows\system32\profapi.dll

VM Arguments:
jvm_args: -Djava.awt.headless=true -Xmx1024M -Dfile.encoding=windows-1256 -Duser.country=US -Duser.language=en -Duser.variant 
java_command: com.android.dx.command.Main --dex --force-jumbo --output E:\User\AndroidStudioProjects\Sunshine-Version-2\app\build\intermediates\pre-dexed\debug\main_ce6091204da083106fd240fc667f6564108714f7.jar E:\User\AndroidStudioProjects\Sunshine-Version-2\app\build\intermediates\transforms\instantRun\debug\folders\1\5\main
java_class_path (initial): E:\User\AppData\Local\Android\sdk\build-tools\21.1.2\lib\dx.jar
Launcher Type: SUN_STANDARD

Environment Variables:
PATH=C:\oracle\product\10.2.0\db_2\bin;C:\oracle\product\10.2.0\db_1\bin;C:\ProgramData\Oracle\Java\javapath;C:\Windows\System32;C:\Windows\SysWOW64;C:\opencv248\build\x86\vc10\bin;C:\Python27;C:\Program Files (x86)\CodeBlocks\MinGW\bin;E:\programs\Matlab\R2013a\bin;C:\Program Files\IVI Foundation\VISA\Win64\Bin\;C:\Program Files (x86)\IVI Foundation\VISA\WinNT\Bin\;C:\Program Files (x86)\IVI Foundation\VISA\WinNT\Bin;C:\Program Files (x86)\Tesseract-OCR;E:\User\AppData\Local\Android\sdk\tools\lib;E:\Program Files\Git\cmd;E:\User\AppData\Local\Android\sdk\platform-tools;C:\Program Files\Canopy\User;C:\Program Files\Canopy\User\Scripts
USERNAME=user
OS=Windows_NT
PROCESSOR_IDENTIFIER=Intel64 Family 6 Model 58 Stepping 9, GenuineIntel



---------------  S Y S T E M  ---------------

OS: Windows 7 , 64 bit Build 7601 (6.1.7601.23572)

CPU:total 4 (2 cores per cpu, 2 threads per core) family 6 model 58 stepping 9, cmov, cx8, fxsr, mmx, sse, sse2, sse3, ssse3, sse4.1, sse4.2, popcnt, avx, aes, clmul, erms, ht, tsc, tscinvbit, tscinv

Memory: 4k page, physical 4094316k(92400k free), swap 5628456k(6376k free)

vm_info: Java HotSpot(TM) 64-Bit Server VM (25.91-b15) for windows-amd64 JRE (1.8.0_91-b15), built on May 20 2016 17:43:15 by "java_re" with MS VC++ 10.0 (VS2010)

time: Tue Jul 04 03:36:16 2017
elapsed time: 8 seconds (0d 0h 0m 8s)

