#
# There is insufficient memory for the Java Runtime Environment to continue.
# Native memory allocation (malloc) failed to allocate 1061328 bytes for Chunk::new
# Possible reasons:
#   The system is out of physical RAM or swap space
#   In 32 bit mode, the process size limit was hit
# Possible solutions:
#   Reduce memory load on the system
#   Increase physical memory or swap space
#   Check if swap backing store is full
#   Use 64 bit Java on a 64 bit OS
#   Decrease Java heap size (-Xmx/-Xms)
#   Decrease number of Java threads
#   Decrease Java thread stack sizes (-Xss)
#   Set larger code cache with -XX:ReservedCodeCacheSize=
# This output file may be truncated or incomplete.
#
#  Out of Memory Error (allocation.cpp:390), pid=25376, tid=25136
#
# JRE version: Java(TM) SE Runtime Environment (8.0_91-b15) (build 1.8.0_91-b15)
# Java VM: Java HotSpot(TM) 64-Bit Server VM (25.91-b15 mixed mode windows-amd64 compressed oops)
# Failed to write core dump. Minidumps are not enabled by default on client versions of Windows
#

---------------  T H R E A D  ---------------

Current thread (0x0000000054e1b000):  JavaThread "C2 CompilerThread1" daemon [_thread_in_native, id=25136, stack(0x0000000056b90000,0x0000000056c90000)]

Stack: [0x0000000056b90000,0x0000000056c90000]
[error occurred during error reporting (printing stack bounds), id 0xc0000005]

Native frames: (J=compiled Java code, j=interpreted, Vv=VM code, C=native code)


Current CompileTask:
C2:  16674 2123   !   4       com.android.dx.cf.code.BytecodeArray::parseInstruction (2764 bytes)


---------------  P R O C E S S  ---------------

Java Threads: ( => current thread )
  0x00000000560d9800 JavaThread "Service Thread" daemon [_thread_blocked, id=19580, stack(0x0000000056f50000,0x0000000057050000)]
  0x0000000054e1c800 JavaThread "C1 CompilerThread2" daemon [_thread_in_native, id=25572, stack(0x0000000056d90000,0x0000000056e90000)]
=>0x0000000054e1b000 JavaThread "C2 CompilerThread1" daemon [_thread_in_native, id=25136, stack(0x0000000056b90000,0x0000000056c90000)]
  0x000000005605b000 JavaThread "C2 CompilerThread0" daemon [_thread_blocked, id=25588, stack(0x00000000569e0000,0x0000000056ae0000)]
  0x0000000056052800 JavaThread "Attach Listener" daemon [_thread_blocked, id=25204, stack(0x0000000056810000,0x0000000056910000)]
  0x0000000054e0d800 JavaThread "Signal Dispatcher" daemon [_thread_blocked, id=16480, stack(0x00000000565d0000,0x00000000566d0000)]
  0x0000000054df9800 JavaThread "Finalizer" daemon [_thread_blocked, id=25192, stack(0x0000000055f50000,0x0000000056050000)]
  0x0000000054db2800 JavaThread "Reference Handler" daemon [_thread_blocked, id=24224, stack(0x0000000055e10000,0x0000000055f10000)]
  0x0000000001ce8000 JavaThread "main" [_thread_in_vm, id=24760, stack(0x0000000001ed0000,0x0000000001fd0000)]

Other Threads:
  0x0000000054daa800 VMThread [stack: 0x0000000055d00000,0x0000000055e00000] [id=24588]
  0x000000005610b000 WatcherThread [stack: 0x00000000570b0000,0x00000000571b0000] [id=25496]

VM state:not at safepoint (normal execution)

VM Mutex/Monitor currently owned by a thread: None

Heap:
 PSYoungGen      total 144896K, used 21614K [0x00000000eab00000, 0x00000000fda00000, 0x0000000100000000)
  eden space 129536K, 9% used [0x00000000eab00000,0x00000000eb7a26d8,0x00000000f2980000)
  from space 15360K, 56% used [0x00000000f2980000,0x00000000f31f93e8,0x00000000f3880000)
  to   space 25600K, 0% used [0x00000000fc100000,0x00000000fc100000,0x00000000fda00000)
 ParOldGen       total 44032K, used 43796K [0x00000000c0000000, 0x00000000c2b00000, 0x00000000eab00000)
  object space 44032K, 99% used [0x00000000c0000000,0x00000000c2ac5200,0x00000000c2b00000)
 Metaspace       used 6446K, capacity 7408K, committed 7552K, reserved 1056768K
  class space    used 605K, capacity 616K, committed 640K, reserved 1048576K

Card table byte_map: [0x0000000011760000,0x0000000011970000] byte_map_base: 0x0000000011160000

Marking Bits: (ParMarkBitMap*) 0x0000000070572f70
 Begin Bits: [0x0000000012220000, 0x0000000013220000)
 End Bits:   [0x0000000013220000, 0x0000000014220000)

Polling page: 0x0000000000210000

CodeCache: size=245760Kb used=10060Kb max_used=10074Kb free=235699Kb
 bounds [0x00000000023a0000, 0x0000000002d80000, 0x00000000113a0000]
 total_blobs=2460 nmethods=2197 adapters=176
 compilation: enabled

Compilation events (10 events):
Event: 16.647 Thread 0x0000000054e1c800 2389       3       com.android.dx.dex.code.TargetInsn::getTargetOffset (13 bytes)
Event: 16.648 Thread 0x0000000054e1c800 nmethod 2389 0x0000000002d71150 code [0x0000000002d712e0, 0x0000000002d717f8]
Event: 16.648 Thread 0x0000000054e1c800 2390       3       com.android.dx.dex.code.DalvInsnList::makeImmutable (51 bytes)
Event: 16.649 Thread 0x0000000054e1c800 nmethod 2390 0x0000000002d77e90 code [0x0000000002d780e0, 0x0000000002d78fb8]
Event: 16.649 Thread 0x0000000054e1c800 2391       1       com.android.dx.dex.code.form.Form22x::codeSize (2 bytes)
Event: 16.649 Thread 0x0000000054e1c800 nmethod 2391 0x0000000002d70e90 code [0x0000000002d70fe0, 0x0000000002d710f0]
Event: 16.650 Thread 0x0000000054e1c800 2392       1       com.android.dx.dex.code.LocalList$Entry::getAddress (5 bytes)
Event: 16.650 Thread 0x0000000054e1c800 nmethod 2392 0x0000000002d70bd0 code [0x0000000002d70d20, 0x0000000002d70e30]
Event: 16.651 Thread 0x0000000054e1c800 2393       1       com.android.dx.dex.code.form.Form21t::codeSize (2 bytes)
Event: 16.651 Thread 0x0000000054e1c800 nmethod 2393 0x0000000002d70910 code [0x0000000002d70a60, 0x0000000002d70b70]

GC Heap History (10 events):
Event: 6.667 GC heap before
{Heap before GC invocations=4 (full 0):
 PSYoungGen      total 35328K, used 35305K [0x00000000eab00000, 0x00000000ef000000, 0x0000000100000000)
  eden space 32768K, 100% used [0x00000000eab00000,0x00000000ecb00000,0x00000000ecb00000)
  from space 2560K, 99% used [0x00000000ecb00000,0x00000000ecd7a758,0x00000000ecd80000)
  to   space 2560K, 0% used [0x00000000eed80000,0x00000000eed80000,0x00000000ef000000)
 ParOldGen       total 44032K, used 8728K [0x00000000c0000000, 0x00000000c2b00000, 0x00000000eab00000)
  object space 44032K, 19% used [0x00000000c0000000,0x00000000c0886050,0x00000000c2b00000)
 Metaspace       used 6060K, capacity 7088K, committed 7296K, reserved 1056768K
  class space    used 585K, capacity 616K, committed 640K, reserved 1048576K
Event: 6.892 GC heap after
Heap after GC invocations=4 (full 0):
 PSYoungGen      total 68096K, used 2539K [0x00000000eab00000, 0x00000000ef000000, 0x0000000100000000)
  eden space 65536K, 0% used [0x00000000eab00000,0x00000000eab00000,0x00000000eeb00000)
  from space 2560K, 99% used [0x00000000eed80000,0x00000000eeffaf18,0x00000000ef000000)
  to   space 2560K, 0% used [0x00000000eeb00000,0x00000000eeb00000,0x00000000eed80000)
 ParOldGen       total 44032K, used 14170K [0x00000000c0000000, 0x00000000c2b00000, 0x00000000eab00000)
  object space 44032K, 32% used [0x00000000c0000000,0x00000000c0dd6910,0x00000000c2b00000)
 Metaspace       used 6060K, capacity 7088K, committed 7296K, reserved 1056768K
  class space    used 585K, capacity 616K, committed 640K, reserved 1048576K
}
Event: 8.656 GC heap before
{Heap before GC invocations=5 (full 0):
 PSYoungGen      total 68096K, used 68075K [0x00000000eab00000, 0x00000000ef000000, 0x0000000100000000)
  eden space 65536K, 100% used [0x00000000eab00000,0x00000000eeb00000,0x00000000eeb00000)
  from space 2560K, 99% used [0x00000000eed80000,0x00000000eeffaf18,0x00000000ef000000)
  to   space 2560K, 0% used [0x00000000eeb00000,0x00000000eeb00000,0x00000000eed80000)
 ParOldGen       total 44032K, used 14170K [0x00000000c0000000, 0x00000000c2b00000, 0x00000000eab00000)
  object space 44032K, 32% used [0x00000000c0000000,0x00000000c0dd6910,0x00000000c2b00000)
 Metaspace       used 6070K, capacity 7088K, committed 7296K, reserved 1056768K
  class space    used 585K, capacity 616K, committed 640K, reserved 1048576K
Event: 8.801 GC heap after
Heap after GC invocations=5 (full 0):
 PSYoungGen      total 68096K, used 2545K [0x00000000eab00000, 0x00000000f4600000, 0x0000000100000000)
  eden space 65536K, 0% used [0x00000000eab00000,0x00000000eab00000,0x00000000eeb00000)
  from space 2560K, 99% used [0x00000000eeb00000,0x00000000eed7c438,0x00000000eed80000)
  to   space 13824K, 0% used [0x00000000f3880000,0x00000000f3880000,0x00000000f4600000)
 ParOldGen       total 44032K, used 25043K [0x00000000c0000000, 0x00000000c2b00000, 0x00000000eab00000)
  object space 44032K, 56% used [0x00000000c0000000,0x00000000c1874d38,0x00000000c2b00000)
 Metaspace       used 6070K, capacity 7088K, committed 7296K, reserved 1056768K
  class space    used 585K, capacity 616K, committed 640K, reserved 1048576K
}
Event: 10.612 GC heap before
{Heap before GC invocations=6 (full 0):
 PSYoungGen      total 68096K, used 68081K [0x00000000eab00000, 0x00000000f4600000, 0x0000000100000000)
  eden space 65536K, 100% used [0x00000000eab00000,0x00000000eeb00000,0x00000000eeb00000)
  from space 2560K, 99% used [0x00000000eeb00000,0x00000000eed7c438,0x00000000eed80000)
  to   space 13824K, 0% used [0x00000000f3880000,0x00000000f3880000,0x00000000f4600000)
 ParOldGen       total 44032K, used 25043K [0x00000000c0000000, 0x00000000c2b00000, 0x00000000eab00000)
  object space 44032K, 56% used [0x00000000c0000000,0x00000000c1874d38,0x00000000c2b00000)
 Metaspace       used 6125K, capacity 7152K, committed 7296K, reserved 1056768K
  class space    used 586K, capacity 616K, committed 640K, reserved 1048576K
Event: 11.638 GC heap after
Heap after GC invocations=6 (full 0):
 PSYoungGen      total 143360K, used 12532K [0x00000000eab00000, 0x00000000f4900000, 0x0000000100000000)
  eden space 129536K, 0% used [0x00000000eab00000,0x00000000eab00000,0x00000000f2980000)
  from space 13824K, 90% used [0x00000000f3880000,0x00000000f44bd1e8,0x00000000f4600000)
  to   space 15360K, 0% used [0x00000000f2980000,0x00000000f2980000,0x00000000f3880000)
 ParOldGen       total 44032K, used 25051K [0x00000000c0000000, 0x00000000c2b00000, 0x00000000eab00000)
  object space 44032K, 56% used [0x00000000c0000000,0x00000000c1876d38,0x00000000c2b00000)
 Metaspace       used 6125K, capacity 7152K, committed 7296K, reserved 1056768K
  class space    used 586K, capacity 616K, committed 640K, reserved 1048576K
}
Event: 14.732 GC heap before
{Heap before GC invocations=7 (full 0):
 PSYoungGen      total 143360K, used 142068K [0x00000000eab00000, 0x00000000f4900000, 0x0000000100000000)
  eden space 129536K, 100% used [0x00000000eab00000,0x00000000f2980000,0x00000000f2980000)
  from space 13824K, 90% used [0x00000000f3880000,0x00000000f44bd1e8,0x00000000f4600000)
  to   space 15360K, 0% used [0x00000000f2980000,0x00000000f2980000,0x00000000f3880000)
 ParOldGen       total 44032K, used 25051K [0x00000000c0000000, 0x00000000c2b00000, 0x00000000eab00000)
  object space 44032K, 56% used [0x00000000c0000000,0x00000000c1876d38,0x00000000c2b00000)
 Metaspace       used 6173K, capacity 7152K, committed 7296K, reserved 1056768K
  class space    used 586K, capacity 616K, committed 640K, reserved 1048576K
Event: 15.204 GC heap after
Heap after GC invocations=7 (full 0):
 PSYoungGen      total 144896K, used 15345K [0x00000000eab00000, 0x00000000fda00000, 0x0000000100000000)
  eden space 129536K, 0% used [0x00000000eab00000,0x00000000eab00000,0x00000000f2980000)
  from space 15360K, 99% used [0x00000000f2980000,0x00000000f387c788,0x00000000f3880000)
  to   space 25600K, 0% used [0x00000000fc100000,0x00000000fc100000,0x00000000fda00000)
 ParOldGen       total 44032K, used 40499K [0x00000000c0000000, 0x00000000c2b00000, 0x00000000eab00000)
  object space 44032K, 91% used [0x00000000c0000000,0x00000000c278ceb8,0x00000000c2b00000)
 Metaspace       used 6173K, capacity 7152K, committed 7296K, reserved 1056768K
  class space    used 586K, capacity 616K, committed 640K, reserved 1048576K
}
Event: 15.205 GC heap before
{Heap before GC invocations=8 (full 1):
 PSYoungGen      total 144896K, used 15345K [0x00000000eab00000, 0x00000000fda00000, 0x0000000100000000)
  eden space 129536K, 0% used [0x00000000eab00000,0x00000000eab00000,0x00000000f2980000)
  from space 15360K, 99% used [0x00000000f2980000,0x00000000f387c788,0x00000000f3880000)
  to   space 25600K, 0% used [0x00000000fc100000,0x00000000fc100000,0x00000000fda00000)
 ParOldGen       total 44032K, used 40499K [0x00000000c0000000, 0x00000000c2b00000, 0x00000000eab00000)
  object space 44032K, 91% used [0x00000000c0000000,0x00000000c278ceb8,0x00000000c2b00000)
 Metaspace       used 6173K, capacity 7152K, committed 7296K, reserved 1056768K
  class space    used 586K, capacity 616K, committed 640K, reserved 1048576K
Event: 16.253 GC heap after
Heap after GC invocations=8 (full 1):
 PSYoungGen      total 144896K, used 8676K [0x00000000eab00000, 0x00000000fda00000, 0x0000000100000000)
  eden space 129536K, 0% used [0x00000000eab00000,0x00000000eab00000,0x00000000f2980000)
  from space 15360K, 56% used [0x00000000f2980000,0x00000000f31f93e8,0x00000000f3880000)
  to   space 25600K, 0% used [0x00000000fc100000,0x00000000fc100000,0x00000000fda00000)
 ParOldGen       total 44032K, used 43796K [0x00000000c0000000, 0x00000000c2b00000, 0x00000000eab00000)
  object space 44032K, 99% used [0x00000000c0000000,0x00000000c2ac5200,0x00000000c2b00000)
 Metaspace       used 6173K, capacity 7152K, committed 7296K, reserved 1056768K
  class space    used 586K, capacity 616K, committed 640K, reserved 1048576K
}

Deoptimization events (10 events):
Event: 16.305 Thread 0x0000000001ce8000 Uncommon trap: reason=class_check action=maybe_recompile pc=0x00000000028a0ef8 method=java.util.Arrays.hashCode([Ljava/lang/Object;)I @ 43
Event: 16.305 Thread 0x0000000001ce8000 Uncommon trap: reason=class_check action=maybe_recompile pc=0x0000000002861974 method=java.util.Arrays.hashCode([Ljava/lang/Object;)I @ 43
Event: 16.344 Thread 0x0000000001ce8000 Uncommon trap: reason=class_check action=maybe_recompile pc=0x0000000002896ae4 method=java.util.HashMap.putVal(ILjava/lang/Object;Ljava/lang/Object;ZZ)Ljava/lang/Object; @ 203
Event: 16.344 Thread 0x0000000001ce8000 Uncommon trap: reason=class_check action=maybe_recompile pc=0x0000000002896ae4 method=java.util.HashMap.putVal(ILjava/lang/Object;Ljava/lang/Object;ZZ)Ljava/lang/Object; @ 203
Event: 16.593 Thread 0x0000000001ce8000 Uncommon trap: reason=speculate_class_check action=maybe_recompile pc=0x00000000026fc088 method=com.android.dx.util.FixedSizeList.equals(Ljava/lang/Object;)Z @ 25
Event: 16.593 Thread 0x0000000001ce8000 Uncommon trap: reason=speculate_class_check action=maybe_recompile pc=0x00000000026fc088 method=com.android.dx.util.FixedSizeList.equals(Ljava/lang/Object;)Z @ 25
Event: 16.593 Thread 0x0000000001ce8000 Uncommon trap: reason=speculate_class_check action=maybe_recompile pc=0x00000000026fc088 method=com.android.dx.util.FixedSizeList.equals(Ljava/lang/Object;)Z @ 25
Event: 16.594 Thread 0x0000000001ce8000 Uncommon trap: reason=speculate_class_check action=maybe_recompile pc=0x00000000026fc088 method=com.android.dx.util.FixedSizeList.equals(Ljava/lang/Object;)Z @ 25
Event: 16.594 Thread 0x0000000001ce8000 Uncommon trap: reason=unstable_if action=reinterpret pc=0x0000000002bbc718 method=java.util.TreeMap.put(Ljava/lang/Object;Ljava/lang/Object;)Ljava/lang/Object; @ 163
Event: 16.624 Thread 0x0000000001ce8000 Uncommon trap: reason=unstable_if action=reinterpret pc=0x0000000002d6033c method=com.android.dx.dex.code.OutputFinisher.findOpcodeForInsn(Lcom/android/dx/dex/code/DalvInsn;Lcom/android/dx/dex/code/Dop;)Lcom/android/dx/dex/code/Dop; @ 1

Internal exceptions (7 events):
Event: 0.688 Thread 0x0000000001ce8000 Exception <a 'java/lang/NoSuchMethodError': Method sun.misc.Unsafe.defineClass(Ljava/lang/String;[BII)Ljava/lang/Class; name or signature does not match> (0x00000000eab07cc0) thrown at [C:\re\workspace\8-2-build-windows-amd64-cygwin\jdk8u91\7017\hotspot\sr)×»jôæ?
Event: 0.688 Thread 0x0000000001ce8000 Exception <a 'java/lang/NoSuchMethodError': Method sun.misc.Unsafe.prefetchRead(Ljava/lang/Object;J)V name or signature does not match> (0x00000000eab07fa8) thrown at [C:\re\workspace\8-2-build-windows-amd64-cygwin\jdk8u91\7017\hotspot\src\share\vm\prims\jái¨ßö@
Event: 4.990 Thread 0x0000000001ce8000 Implicit null exception at 0x0000000002673312 to 0x0000000002673411
Event: 5.178 Thread 0x0000000001ce8000 Implicit null exception at 0x000000000291e291 to 0x000000000291f3c9
Event: 5.435 Thread 0x0000000001ce8000 Exception <a 'java/lang/ArrayIndexOutOfBoundsException': 18> (0x00000000eb9643a0) thrown at [C:\re\workspace\8-2-build-windows-amd64-cygwin\jdk8u91\7017\hotspot\src\share\vm\interpreter\interpreterRuntime.cpp, line 366]
Event: 5.435 Thread 0x0000000001ce8000 Exception <a 'java/lang/ArrayIndexOutOfBoundsException': 145> (0x00000000eb965f20) thrown at [C:\re\workspace\8-2-build-windows-amd64-cygwin\jdk8u91\7017\hotspot\src\share\vm\interpreter\interpreterRuntime.cpp, line 366]
Event: 5.504 Thread 0x0000000001ce8000 Exception <a 'java/lang/ArrayIndexOutOfBoundsException'> (0x00000000eb967208) thrown at [C:\re\workspace\8-2-build-windows-amd64-cygwin\jdk8u91\7017\hotspot\src\share\vm\runtime\sharedRuntime.cpp, line 605]

Events (10 events):
Event: 16.594 Thread 0x0000000001ce8000 Uncommon trap: trap_request=0xffffff65 fr.pc=0x0000000002bbc718
Event: 16.594 Thread 0x0000000001ce8000 DEOPT PACKING pc=0x0000000002bbc718 sp=0x0000000001fcf090
Event: 16.594 Thread 0x0000000001ce8000 DEOPT UNPACKING pc=0x00000000023e582a sp=0x0000000001fcf070 mode 2
Event: 16.594 loading class com/android/dx/util/ByteArrayAnnotatedOutput
Event: 16.594 loading class com/android/dx/util/ByteArrayAnnotatedOutput done
Event: 16.624 Thread 0x0000000001ce8000 Uncommon trap: trap_request=0xffffff65 fr.pc=0x0000000002d6033c
Event: 16.624 Thread 0x0000000001ce8000 DEOPT PACKING pc=0x0000000002d6033c sp=0x0000000001fcef20
Event: 16.624 Thread 0x0000000001ce8000 DEOPT UNPACKING pc=0x00000000023e582a sp=0x0000000001fceec0 mode 2
Event: 16.624 loading class com/android/dx/rop/code/RegisterSpecList$Expander
Event: 16.624 loading class com/android/dx/rop/code/RegisterSpecList$Expander done


Dynamic libraries:
0x000000013f7a0000 - 0x000000013f7d7000 	C:\Program Files\Java\jdk1.8.0_91\bin\java.exe
0x0000000077340000 - 0x00000000774ea000 	C:\Windows\SYSTEM32\ntdll.dll
0x0000000077220000 - 0x000000007733f000 	C:\Windows\system32\kernel32.dll
0x000007fefd090000 - 0x000007fefd0fa000 	C:\Windows\system32\KERNELBASE.dll
0x000007fefead0000 - 0x000007fefebab000 	C:\Windows\system32\ADVAPI32.dll
0x000007feff5b0000 - 0x000007feff64f000 	C:\Windows\system32\msvcrt.dll
0x000007fefe860000 - 0x000007fefe87f000 	C:\Windows\SYSTEM32\sechost.dll
0x000007fefed20000 - 0x000007fefee4d000 	C:\Windows\system32\RPCRT4.dll
0x0000000077120000 - 0x000000007721a000 	C:\Windows\system32\USER32.dll
0x000007fefea60000 - 0x000007fefeac7000 	C:\Windows\system32\GDI32.dll
0x000007fefd6f0000 - 0x000007fefd6fe000 	C:\Windows\system32\LPK.dll
0x000007fefd620000 - 0x000007fefd6ea000 	C:\Windows\system32\USP10.dll
0x000007fefc130000 - 0x000007fefc324000 	C:\Windows\WinSxS\amd64_microsoft.windows.common-controls_6595b64144ccf1df_6.0.7601.17514_none_fa396087175ac9ac\COMCTL32.dll
0x000007fefe5d0000 - 0x000007fefe641000 	C:\Windows\system32\SHLWAPI.dll
0x000007fefe880000 - 0x000007fefe8ae000 	C:\Windows\system32\IMM32.DLL
0x000007feff120000 - 0x000007feff229000 	C:\Windows\system32\MSCTF.dll
0x0000000073a40000 - 0x0000000073b12000 	C:\Program Files\Java\jdk1.8.0_91\jre\bin\msvcr100.dll
0x000000006fd60000 - 0x00000000705f3000 	C:\Program Files\Java\jdk1.8.0_91\jre\bin\server\jvm.dll
0x000007fef57c0000 - 0x000007fef57c9000 	C:\Windows\system32\WSOCK32.dll
0x000007fefecd0000 - 0x000007fefed1d000 	C:\Windows\system32\WS2_32.dll
0x000007fefd610000 - 0x000007fefd618000 	C:\Windows\system32\NSI.dll
0x000007feface0000 - 0x000007fefad1b000 	C:\Windows\system32\WINMM.dll
0x000007fefbdd0000 - 0x000007fefbddc000 	C:\Windows\system32\VERSION.dll
0x0000000077510000 - 0x0000000077517000 	C:\Windows\system32\PSAPI.DLL
0x00000000749c0000 - 0x00000000749cf000 	C:\Program Files\Java\jdk1.8.0_91\jre\bin\verify.dll
0x00000000747d0000 - 0x00000000747f9000 	C:\Program Files\Java\jdk1.8.0_91\jre\bin\java.dll
0x0000000074980000 - 0x0000000074996000 	C:\Program Files\Java\jdk1.8.0_91\jre\bin\zip.dll
0x000007fefd700000 - 0x000007fefe488000 	C:\Windows\system32\SHELL32.dll
0x000007fefe650000 - 0x000007fefe853000 	C:\Windows\system32\ole32.dll
0x000007fefd070000 - 0x000007fefd07f000 	C:\Windows\system32\profapi.dll

VM Arguments:
jvm_args: -Djava.awt.headless=true -Xmx1024M -Dfile.encoding=windows-1256 -Duser.country=US -Duser.language=en -Duser.variant 
java_command: com.android.dx.command.Main --dex --force-jumbo --output E:\User\AndroidStudioProjects\Sunshine-Version-2\app\build\intermediates\pre-dexed\debug\com.android.support-support-v4-21.0.3_3035d9c83d7289f90d6f43d640a8c8de139a0846.jar E:\User\AndroidStudioProjects\Sunshine-Version-2\app\build\intermediates\exploded-aar\com.android.support\support-v4\21.0.3\jars\classes.jar
java_class_path (initial): E:\User\AppData\Local\Android\sdk\build-tools\21.1.2\lib\dx.jar
Launcher Type: SUN_STANDARD

Environment Variables:
PATH=C:\oracle\product\10.2.0\db_2\bin;C:\oracle\product\10.2.0\db_1\bin;C:\ProgramData\Oracle\Java\javapath;C:\Windows\System32;C:\Windows\SysWOW64;C:\opencv248\build\x86\vc10\bin;C:\Python27;C:\Program Files (x86)\CodeBlocks\MinGW\bin;E:\programs\Matlab\R2013a\bin;C:\Program Files\IVI Foundation\VISA\Win64\Bin\;C:\Program Files (x86)\IVI Foundation\VISA\WinNT\Bin\;C:\Program Files (x86)\IVI Foundation\VISA\WinNT\Bin;C:\Program Files (x86)\Tesseract-OCR;E:\User\AppData\Local\Android\sdk\tools\lib;E:\Program Files\Git\cmd;E:\User\AppData\Local\Android\sdk\platform-tools;C:\Program Files\Canopy\User;C:\Program Files\Canopy\User\Scripts
USERNAME=user
OS=Windows_NT
PROCESSOR_IDENTIFIER=Intel64 Family 6 Model 58 Stepping 9, GenuineIntel



---------------  S Y S T E M  ---------------

OS: Windows 7 , 64 bit Build 7601 (6.1.7601.23572)

CPU:total 4 (2 cores per cpu, 2 threads per core) family 6 model 58 stepping 9, cmov, cx8, fxsr, mmx, sse, sse2, sse3, ssse3, sse4.1, sse4.2, popcnt, avx, aes, clmul, erms, ht, tsc, tscinvbit, tscinv

Memory: 4k page, physical 4094316k(218324k free), swap 5628456k(6076k free)

vm_info: Java HotSpot(TM) 64-Bit Server VM (25.91-b15) for windows-amd64 JRE (1.8.0_91-b15), built on May 20 2016 17:43:15 by "java_re" with MS VC++ 10.0 (VS2010)

time: Mon Jul 03 20:54:37 2017
elapsed time: 16 seconds (0d 0h 0m 16s)

