#
# There is insufficient memory for the Java Runtime Environment to continue.
# Native memory allocation (malloc) failed to allocate 1035232 bytes for Chunk::new
# Possible reasons:
#   The system is out of physical RAM or swap space
#   In 32 bit mode, the process size limit was hit
# Possible solutions:
#   Reduce memory load on the system
#   Increase physical memory or swap space
#   Check if swap backing store is full
#   Use 64 bit Java on a 64 bit OS
#   Decrease Java heap size (-Xmx/-Xms)
#   Decrease number of Java threads
#   Decrease Java thread stack sizes (-Xss)
#   Set larger code cache with -XX:ReservedCodeCacheSize=
# This output file may be truncated or incomplete.
#
#  Out of Memory Error (allocation.cpp:390), pid=1332, tid=1972
#
# JRE version: Java(TM) SE Runtime Environment (8.0_91-b15) (build 1.8.0_91-b15)
# Java VM: Java HotSpot(TM) 64-Bit Server VM (25.91-b15 mixed mode windows-amd64 compressed oops)
# Failed to write core dump. Minidumps are not enabled by default on client versions of Windows
#

---------------  T H R E A D  ---------------

Current thread (0x00000000563c4800):  JavaThread "C2 CompilerThread0" daemon [_thread_in_native, id=1972, stack(0x0000000056c50000,0x0000000056d50000)]

Stack: [0x0000000056c50000,0x0000000056d50000]
[error occurred during error reporting (printing stack bounds), id 0xc0000005]

Native frames: (J=compiled Java code, j=interpreted, Vv=VM code, C=native code)


Current CompileTask:
C2:  14129 1850       4       com.android.dx.ssa.SsaRenamer$BlockRenamer::process (191 bytes)


---------------  P R O C E S S  ---------------

Java Threads: ( => current thread )
  0x000000005642c800 JavaThread "Service Thread" daemon [_thread_blocked, id=4112, stack(0x00000000561a0000,0x00000000562a0000)]
  0x00000000563c7800 JavaThread "C1 CompilerThread2" daemon [_thread_blocked, id=6084, stack(0x0000000056d60000,0x0000000056e60000)]
  0x00000000563c6800 JavaThread "C2 CompilerThread1" daemon [_thread_in_native, id=1848, stack(0x0000000056e80000,0x0000000056f80000)]
=>0x00000000563c4800 JavaThread "C2 CompilerThread0" daemon [_thread_in_native, id=1972, stack(0x0000000056c50000,0x0000000056d50000)]
  0x0000000054f0e000 JavaThread "Attach Listener" daemon [_thread_blocked, id=5464, stack(0x0000000056a00000,0x0000000056b00000)]
  0x0000000054f1f000 JavaThread "Signal Dispatcher" daemon [_thread_blocked, id=4928, stack(0x00000000567f0000,0x00000000568f0000)]
  0x0000000054ef9800 JavaThread "Finalizer" daemon [_thread_blocked, id=5256, stack(0x00000000562c0000,0x00000000563c0000)]
  0x0000000054eb2000 JavaThread "Reference Handler" daemon [_thread_blocked, id=5980, stack(0x0000000056090000,0x0000000056190000)]
  0x0000000001ea8000 JavaThread "main" [_thread_in_Java, id=1380, stack(0x0000000002380000,0x0000000002480000)]

Other Threads:
  0x0000000054eaa800 VMThread [stack: 0x0000000055eb0000,0x0000000055fb0000] [id=4408]
  0x000000005644f000 WatcherThread [stack: 0x0000000056f80000,0x0000000057080000] [id=5012]

VM state:not at safepoint (normal execution)

VM Mutex/Monitor currently owned by a thread: None

Heap:
 PSYoungGen      total 73216K, used 58984K [0x00000000eab00000, 0x00000000efc00000, 0x0000000100000000)
  eden space 64512K, 77% used [0x00000000eab00000,0x00000000edc1d6c8,0x00000000eea00000)
  from space 8704K, 99% used [0x00000000eea00000,0x00000000ef27cc48,0x00000000ef280000)
  to   space 7680K, 0% used [0x00000000ef280000,0x00000000ef280000,0x00000000efa00000)
 ParOldGen       total 69632K, used 38058K [0x00000000c0000000, 0x00000000c4400000, 0x00000000eab00000)
  object space 69632K, 54% used [0x00000000c0000000,0x00000000c252a8f0,0x00000000c4400000)
 Metaspace       used 6275K, capacity 7216K, committed 7296K, reserved 1056768K
  class space    used 592K, capacity 616K, committed 640K, reserved 1048576K

Card table byte_map: [0x0000000011b10000,0x0000000011d20000] byte_map_base: 0x0000000011510000

Marking Bits: (ParMarkBitMap*) 0x00000000700b2f70
 Begin Bits: [0x0000000012320000, 0x0000000013320000)
 End Bits:   [0x0000000013320000, 0x0000000014320000)

Polling page: 0x0000000000110000

CodeCache: size=245760Kb used=8923Kb max_used=8923Kb free=236836Kb
 bounds [0x0000000002750000, 0x0000000003010000, 0x0000000011750000]
 total_blobs=2184 nmethods=1921 adapters=176
 compilation: enabled

Compilation events (10 events):
Event: 12.471 Thread 0x00000000563c7800 1895       2       com.android.dx.command.dexer.Main$1::processFileBytes (8 bytes)
Event: 12.471 Thread 0x00000000563c7800 nmethod 1895 0x0000000002fa7890 code [0x0000000002fa7a00, 0x0000000002fa7b88]
Event: 12.471 Thread 0x00000000563c7800 1896       2       com.android.dx.command.dexer.Main::fixPath (56 bytes)
Event: 12.472 Thread 0x00000000563c7800 nmethod 1896 0x0000000002fdd750 code [0x0000000002fdd900, 0x0000000002fddb88]
Event: 12.472 Thread 0x00000000563c7800 1897       2       com.android.dx.cf.code.SwitchList::getTarget (9 bytes)
Event: 12.472 Thread 0x00000000563c7800 nmethod 1897 0x0000000002fdddd0 code [0x0000000002fddf40, 0x0000000002fde0a8]
Event: 12.473 Thread 0x00000000563c7800 1898       2       com.android.dx.rop.cst.StdConstantPool::<init> (38 bytes)
Event: 12.474 Thread 0x00000000563c7800 nmethod 1898 0x0000000002fde190 code [0x0000000002fde300, 0x0000000002fde5a8]
Event: 12.474 Thread 0x00000000563c7800 1899   !   2       com.android.dx.dex.cf.CfTranslator::translate (44 bytes)
Event: 12.474 Thread 0x00000000563c7800 nmethod 1899 0x0000000002fde690 code [0x0000000002fde840, 0x0000000002fdebc8]

GC Heap History (10 events):
Event: 7.516 GC heap before
{Heap before GC invocations=6 (full 0):
 PSYoungGen      total 35328K, used 35301K [0x00000000eab00000, 0x00000000efa00000, 0x0000000100000000)
  eden space 32768K, 100% used [0x00000000eab00000,0x00000000ecb00000,0x00000000ecb00000)
  from space 2560K, 98% used [0x00000000ecb00000,0x00000000ecd796c8,0x00000000ecd80000)
  to   space 7680K, 0% used [0x00000000ef280000,0x00000000ef280000,0x00000000efa00000)
 ParOldGen       total 44032K, used 14165K [0x00000000c0000000, 0x00000000c2b00000, 0x00000000eab00000)
  object space 44032K, 32% used [0x00000000c0000000,0x00000000c0dd5628,0x00000000c2b00000)
 Metaspace       used 6068K, capacity 7088K, committed 7296K, reserved 1056768K
  class space    used 585K, capacity 616K, committed 640K, reserved 1048576K
Event: 7.905 GC heap after
Heap after GC invocations=6 (full 0):
 PSYoungGen      total 72192K, used 7672K [0x00000000eab00000, 0x00000000efc00000, 0x0000000100000000)
  eden space 64512K, 0% used [0x00000000eab00000,0x00000000eab00000,0x00000000eea00000)
  from space 7680K, 99% used [0x00000000ef280000,0x00000000ef9fe1f0,0x00000000efa00000)
  to   space 8704K, 0% used [0x00000000eea00000,0x00000000eea00000,0x00000000ef280000)
 ParOldGen       total 44032K, used 14259K [0x00000000c0000000, 0x00000000c2b00000, 0x00000000eab00000)
  object space 44032K, 32% used [0x00000000c0000000,0x00000000c0deced8,0x00000000c2b00000)
 Metaspace       used 6068K, capacity 7088K, committed 7296K, reserved 1056768K
  class space    used 585K, capacity 616K, committed 640K, reserved 1048576K
}
Event: 9.113 GC heap before
{Heap before GC invocations=7 (full 0):
 PSYoungGen      total 72192K, used 72184K [0x00000000eab00000, 0x00000000efc00000, 0x0000000100000000)
  eden space 64512K, 100% used [0x00000000eab00000,0x00000000eea00000,0x00000000eea00000)
  from space 7680K, 99% used [0x00000000ef280000,0x00000000ef9fe1f0,0x00000000efa00000)
  to   space 8704K, 0% used [0x00000000eea00000,0x00000000eea00000,0x00000000ef280000)
 ParOldGen       total 44032K, used 14259K [0x00000000c0000000, 0x00000000c2b00000, 0x00000000eab00000)
  object space 44032K, 32% used [0x00000000c0000000,0x00000000c0deced8,0x00000000c2b00000)
 Metaspace       used 6094K, capacity 7152K, committed 7296K, reserved 1056768K
  class space    used 585K, capacity 616K, committed 640K, reserved 1048576K
Event: 9.340 GC heap after
Heap after GC invocations=7 (full 0):
 PSYoungGen      total 73216K, used 8679K [0x00000000eab00000, 0x00000000efc00000, 0x0000000100000000)
  eden space 64512K, 0% used [0x00000000eab00000,0x00000000eab00000,0x00000000eea00000)
  from space 8704K, 99% used [0x00000000eea00000,0x00000000ef279f18,0x00000000ef280000)
  to   space 7680K, 0% used [0x00000000ef280000,0x00000000ef280000,0x00000000efa00000)
 ParOldGen       total 44032K, used 22802K [0x00000000c0000000, 0x00000000c2b00000, 0x00000000eab00000)
  object space 44032K, 51% used [0x00000000c0000000,0x00000000c16449a0,0x00000000c2b00000)
 Metaspace       used 6094K, capacity 7152K, committed 7296K, reserved 1056768K
  class space    used 585K, capacity 616K, committed 640K, reserved 1048576K
}
Event: 10.726 GC heap before
{Heap before GC invocations=8 (full 0):
 PSYoungGen      total 73216K, used 73191K [0x00000000eab00000, 0x00000000efc00000, 0x0000000100000000)
  eden space 64512K, 100% used [0x00000000eab00000,0x00000000eea00000,0x00000000eea00000)
  from space 8704K, 99% used [0x00000000eea00000,0x00000000ef279f18,0x00000000ef280000)
  to   space 7680K, 0% used [0x00000000ef280000,0x00000000ef280000,0x00000000efa00000)
 ParOldGen       total 44032K, used 22802K [0x00000000c0000000, 0x00000000c2b00000, 0x00000000eab00000)
  object space 44032K, 51% used [0x00000000c0000000,0x00000000c16449a0,0x00000000c2b00000)
 Metaspace       used 6140K, capacity 7152K, committed 7296K, reserved 1056768K
  class space    used 586K, capacity 616K, committed 640K, reserved 1048576K
Event: 10.827 GC heap after
Heap after GC invocations=8 (full 0):
 PSYoungGen      total 72192K, used 7659K [0x00000000eab00000, 0x00000000efc00000, 0x0000000100000000)
  eden space 64512K, 0% used [0x00000000eab00000,0x00000000eab00000,0x00000000eea00000)
  from space 7680K, 99% used [0x00000000ef280000,0x00000000ef9faff8,0x00000000efa00000)
  to   space 8704K, 0% used [0x00000000eea00000,0x00000000eea00000,0x00000000ef280000)
 ParOldGen       total 44032K, used 33975K [0x00000000c0000000, 0x00000000c2b00000, 0x00000000eab00000)
  object space 44032K, 77% used [0x00000000c0000000,0x00000000c212dd18,0x00000000c2b00000)
 Metaspace       used 6140K, capacity 7152K, committed 7296K, reserved 1056768K
  class space    used 586K, capacity 616K, committed 640K, reserved 1048576K
}
Event: 10.936 GC heap before
{Heap before GC invocations=9 (full 1):
 PSYoungGen      total 72192K, used 7659K [0x00000000eab00000, 0x00000000efc00000, 0x0000000100000000)
  eden space 64512K, 0% used [0x00000000eab00000,0x00000000eab00000,0x00000000eea00000)
  from space 7680K, 99% used [0x00000000ef280000,0x00000000ef9faff8,0x00000000efa00000)
  to   space 8704K, 0% used [0x00000000eea00000,0x00000000eea00000,0x00000000ef280000)
 ParOldGen       total 44032K, used 33975K [0x00000000c0000000, 0x00000000c2b00000, 0x00000000eab00000)
  object space 44032K, 77% used [0x00000000c0000000,0x00000000c212dd18,0x00000000c2b00000)
 Metaspace       used 6140K, capacity 7152K, committed 7296K, reserved 1056768K
  class space    used 586K, capacity 616K, committed 640K, reserved 1048576K
Event: 11.738 GC heap after
Heap after GC invocations=9 (full 1):
 PSYoungGen      total 72192K, used 0K [0x00000000eab00000, 0x00000000efc00000, 0x0000000100000000)
  eden space 64512K, 0% used [0x00000000eab00000,0x00000000eab00000,0x00000000eea00000)
  from space 7680K, 0% used [0x00000000ef280000,0x00000000ef280000,0x00000000efa00000)
  to   space 8704K, 0% used [0x00000000eea00000,0x00000000eea00000,0x00000000ef280000)
 ParOldGen       total 69632K, used 38042K [0x00000000c0000000, 0x00000000c4400000, 0x00000000eab00000)
  object space 69632K, 54% used [0x00000000c0000000,0x00000000c25268f0,0x00000000c4400000)
 Metaspace       used 6140K, capacity 7152K, committed 7296K, reserved 1056768K
  class space    used 586K, capacity 616K, committed 640K, reserved 1048576K
}
Event: 12.225 GC heap before
{Heap before GC invocations=10 (full 1):
 PSYoungGen      total 72192K, used 64512K [0x00000000eab00000, 0x00000000efc00000, 0x0000000100000000)
  eden space 64512K, 100% used [0x00000000eab00000,0x00000000eea00000,0x00000000eea00000)
  from space 7680K, 0% used [0x00000000ef280000,0x00000000ef280000,0x00000000efa00000)
  to   space 8704K, 0% used [0x00000000eea00000,0x00000000eea00000,0x00000000ef280000)
 ParOldGen       total 69632K, used 38042K [0x00000000c0000000, 0x00000000c4400000, 0x00000000eab00000)
  object space 69632K, 54% used [0x00000000c0000000,0x00000000c25268f0,0x00000000c4400000)
 Metaspace       used 6147K, capacity 7152K, committed 7296K, reserved 1056768K
  class space    used 586K, capacity 616K, committed 640K, reserved 1048576K
Event: 12.267 GC heap after
Heap after GC invocations=10 (full 1):
 PSYoungGen      total 73216K, used 8691K [0x00000000eab00000, 0x00000000efc00000, 0x0000000100000000)
  eden space 64512K, 0% used [0x00000000eab00000,0x00000000eab00000,0x00000000eea00000)
  from space 8704K, 99% used [0x00000000eea00000,0x00000000ef27cc48,0x00000000ef280000)
  to   space 7680K, 0% used [0x00000000ef280000,0x00000000ef280000,0x00000000efa00000)
 ParOldGen       total 69632K, used 38058K [0x00000000c0000000, 0x00000000c4400000, 0x00000000eab00000)
  object space 69632K, 54% used [0x00000000c0000000,0x00000000c252a8f0,0x00000000c4400000)
 Metaspace       used 6147K, capacity 7152K, committed 7296K, reserved 1056768K
  class space    used 586K, capacity 616K, committed 640K, reserved 1048576K
}

Deoptimization events (10 events):
Event: 8.879 Thread 0x0000000001ea8000 Uncommon trap: reason=bimorphic action=maybe_recompile pc=0x0000000002e89e8c method=com.android.dx.cf.code.BytecodeArray.parseInstruction(ILcom/android/dx/cf/code/BytecodeArray$Visitor;)I @ 1501
Event: 8.881 Thread 0x0000000001ea8000 Uncommon trap: reason=bimorphic action=maybe_recompile pc=0x0000000002e89e8c method=com.android.dx.cf.code.BytecodeArray.parseInstruction(ILcom/android/dx/cf/code/BytecodeArray$Visitor;)I @ 1501
Event: 9.630 Thread 0x0000000001ea8000 Uncommon trap: reason=unstable_if action=reinterpret pc=0x0000000002d8e510 method=com.android.dx.ssa.SCCP.simulateBranch(Lcom/android/dx/ssa/SsaInsn;)V @ 64
Event: 9.630 Thread 0x0000000001ea8000 Uncommon trap: reason=unstable_if action=reinterpret pc=0x0000000002e82f0c method=com.android.dx.ssa.LiteralOpUpgrader$1.visitNonMoveInsn(Lcom/android/dx/ssa/NormalSsaInsn;)V @ 55
Event: 9.865 Thread 0x0000000001ea8000 Uncommon trap: reason=unstable_if action=reinterpret pc=0x0000000002bcc48c method=com.android.dx.ssa.SsaMethod.updateOneDefinition(Lcom/android/dx/ssa/SsaInsn;Lcom/android/dx/rop/code/RegisterSpec;)V @ 4
Event: 10.503 Thread 0x0000000001ea8000 Uncommon trap: reason=class_check action=maybe_recompile pc=0x0000000002f32318 method=com.android.dx.cf.code.BytecodeArray.parseInstruction(ILcom/android/dx/cf/code/BytecodeArray$Visitor;)I @ 1287
Event: 10.503 Thread 0x0000000001ea8000 Uncommon trap: reason=class_check action=maybe_recompile pc=0x0000000002f32318 method=com.android.dx.cf.code.BytecodeArray.parseInstruction(ILcom/android/dx/cf/code/BytecodeArray$Visitor;)I @ 1287
Event: 12.199 Thread 0x0000000001ea8000 Uncommon trap: reason=class_check action=maybe_recompile pc=0x0000000002fb6544 method=com.android.dx.cf.code.BytecodeArray.parseInstruction(ILcom/android/dx/cf/code/BytecodeArray$Visitor;)I @ 2062
Event: 12.200 Thread 0x0000000001ea8000 Uncommon trap: reason=class_check action=maybe_recompile pc=0x0000000002fb6544 method=com.android.dx.cf.code.BytecodeArray.parseInstruction(ILcom/android/dx/cf/code/BytecodeArray$Visitor;)I @ 2062
Event: 12.393 Thread 0x0000000001ea8000 Uncommon trap: reason=unstable_if action=reinterpret pc=0x0000000002e48184 method=com.android.dx.ssa.MoveParamCombiner$1.visitNonMoveInsn(Lcom/android/dx/ssa/NormalSsaInsn;)V @ 27

Internal exceptions (5 events):
Event: 0.086 Thread 0x0000000001ea8000 Exception <a 'java/lang/NoSuchMethodError': Method sun.misc.Unsafe.defineClass(Ljava/lang/String;[BII)Ljava/lang/Class; name or signature does not match> (0x00000000eab07cc0) thrown at [C:\re\workspace\8-2-build-windows-amd64-cygwin\jdk8u91\7017\hotspot\sr».=S~ÿµ?
Event: 0.086 Thread 0x0000000001ea8000 Exception <a 'java/lang/NoSuchMethodError': Method sun.misc.Unsafe.prefetchRead(Ljava/lang/Object;J)V name or signature does not match> (0x00000000eab07fa8) thrown at [C:\re\workspace\8-2-build-windows-amd64-cygwin\jdk8u91\7017\hotspot\src\share\vm\prims\j’Œ`—L@
Event: 5.575 Thread 0x0000000001ea8000 Exception <a 'java/lang/ArrayIndexOutOfBoundsException': 18> (0x00000000eb94c988) thrown at [C:\re\workspace\8-2-build-windows-amd64-cygwin\jdk8u91\7017\hotspot\src\share\vm\interpreter\interpreterRuntime.cpp, line 366]
Event: 5.575 Thread 0x0000000001ea8000 Exception <a 'java/lang/ArrayIndexOutOfBoundsException': 145> (0x00000000eb94e508) thrown at [C:\re\workspace\8-2-build-windows-amd64-cygwin\jdk8u91\7017\hotspot\src\share\vm\interpreter\interpreterRuntime.cpp, line 366]
Event: 5.576 Thread 0x0000000001ea8000 Exception <a 'java/lang/ArrayIndexOutOfBoundsException'> (0x00000000eb94f7f0) thrown at [C:\re\workspace\8-2-build-windows-amd64-cygwin\jdk8u91\7017\hotspot\src\share\vm\runtime\sharedRuntime.cpp, line 605]

Events (10 events):
Event: 12.199 Thread 0x0000000001ea8000 DEOPT PACKING pc=0x0000000002fb6544 sp=0x000000000247e4f0
Event: 12.199 Thread 0x0000000001ea8000 DEOPT UNPACKING pc=0x000000000279582a sp=0x000000000247e4a8 mode 2
Event: 12.200 Thread 0x0000000001ea8000 Uncommon trap: trap_request=0xffffffde fr.pc=0x0000000002fb6544
Event: 12.200 Thread 0x0000000001ea8000 DEOPT PACKING pc=0x0000000002fb6544 sp=0x000000000247e4f0
Event: 12.200 Thread 0x0000000001ea8000 DEOPT UNPACKING pc=0x000000000279582a sp=0x000000000247e4a8 mode 2
Event: 12.224 Executing VM operation: ParallelGCFailedAllocation
Event: 12.268 Executing VM operation: ParallelGCFailedAllocation done
Event: 12.393 Thread 0x0000000001ea8000 Uncommon trap: trap_request=0xffffff65 fr.pc=0x0000000002e48184
Event: 12.393 Thread 0x0000000001ea8000 DEOPT PACKING pc=0x0000000002e48184 sp=0x000000000247e590
Event: 12.393 Thread 0x0000000001ea8000 DEOPT UNPACKING pc=0x000000000279582a sp=0x000000000247e4e8 mode 2


Dynamic libraries:
0x000000013fa30000 - 0x000000013fa67000 	C:\Program Files\Java\jdk1.8.0_91\bin\java.exe
0x0000000076ee0000 - 0x000000007708a000 	C:\Windows\SYSTEM32\ntdll.dll
0x0000000076cc0000 - 0x0000000076ddf000 	C:\Windows\system32\kernel32.dll
0x000007fefced0000 - 0x000007fefcf3a000 	C:\Windows\system32\KERNELBASE.dll
0x000007fefd410000 - 0x000007fefd4eb000 	C:\Windows\system32\ADVAPI32.dll
0x000007feff150000 - 0x000007feff1ef000 	C:\Windows\system32\msvcrt.dll
0x000007fefe7d0000 - 0x000007fefe7ef000 	C:\Windows\SYSTEM32\sechost.dll
0x000007fefec20000 - 0x000007fefed4d000 	C:\Windows\system32\RPCRT4.dll
0x0000000076de0000 - 0x0000000076eda000 	C:\Windows\system32\USER32.dll
0x000007fefd070000 - 0x000007fefd0d7000 	C:\Windows\system32\GDI32.dll
0x000007fefeee0000 - 0x000007fefeeee000 	C:\Windows\system32\LPK.dll
0x000007fefe820000 - 0x000007fefe8ea000 	C:\Windows\system32\USP10.dll
0x000007fefbcd0000 - 0x000007fefbec4000 	C:\Windows\WinSxS\amd64_microsoft.windows.common-controls_6595b64144ccf1df_6.0.7601.17514_none_fa396087175ac9ac\COMCTL32.dll
0x000007fefeef0000 - 0x000007fefef61000 	C:\Windows\system32\SHLWAPI.dll
0x000007fefe7f0000 - 0x000007fefe81e000 	C:\Windows\system32\IMM32.DLL
0x000007fefd2f0000 - 0x000007fefd3f9000 	C:\Windows\system32\MSCTF.dll
0x0000000072280000 - 0x0000000072352000 	C:\Program Files\Java\jdk1.8.0_91\jre\bin\msvcr100.dll
0x000000006f8a0000 - 0x0000000070133000 	C:\Program Files\Java\jdk1.8.0_91\jre\bin\server\jvm.dll
0x000007fef1c80000 - 0x000007fef1c89000 	C:\Windows\system32\WSOCK32.dll
0x000007fefe8f0000 - 0x000007fefe93d000 	C:\Windows\system32\WS2_32.dll
0x000007fefd400000 - 0x000007fefd408000 	C:\Windows\system32\NSI.dll
0x000007fefac10000 - 0x000007fefac4b000 	C:\Windows\system32\WINMM.dll
0x000007fefb970000 - 0x000007fefb97c000 	C:\Windows\system32\VERSION.dll
0x00000000770b0000 - 0x00000000770b7000 	C:\Windows\system32\PSAPI.DLL
0x00000000744f0000 - 0x00000000744ff000 	C:\Program Files\Java\jdk1.8.0_91\jre\bin\verify.dll
0x00000000744c0000 - 0x00000000744e9000 	C:\Program Files\Java\jdk1.8.0_91\jre\bin\java.dll
0x00000000744a0000 - 0x00000000744b6000 	C:\Program Files\Java\jdk1.8.0_91\jre\bin\zip.dll
0x000007fefd9e0000 - 0x000007fefe768000 	C:\Windows\system32\SHELL32.dll
0x000007fefd0e0000 - 0x000007fefd2e3000 	C:\Windows\system32\ole32.dll
0x000007fefcc20000 - 0x000007fefcc2f000 	C:\Windows\system32\profapi.dll

VM Arguments:
jvm_args: -Djava.awt.headless=true -Xmx1024M -Dfile.encoding=windows-1256 -Duser.country=US -Duser.language=en -Duser.variant 
java_command: com.android.dx.command.Main --dex --force-jumbo --output E:\User\AndroidStudioProjects\Sunshine-Version-2\app\build\intermediates\pre-dexed\debug\com.android.support-support-v4-21.0.3_3035d9c83d7289f90d6f43d640a8c8de139a0846.jar E:\User\AndroidStudioProjects\Sunshine-Version-2\app\build\intermediates\exploded-aar\com.android.support\support-v4\21.0.3\jars\classes.jar
java_class_path (initial): E:\User\AppData\Local\Android\sdk\build-tools\21.1.2\lib\dx.jar
Launcher Type: SUN_STANDARD

Environment Variables:
PATH=C:\oracle\product\10.2.0\db_2\bin;C:\oracle\product\10.2.0\db_1\bin;C:\ProgramData\Oracle\Java\javapath;C:\Windows\System32;C:\Windows\SysWOW64;C:\opencv248\build\x86\vc10\bin;C:\Python27;C:\Program Files (x86)\CodeBlocks\MinGW\bin;E:\programs\Matlab\R2013a\bin;C:\Program Files\IVI Foundation\VISA\Win64\Bin\;C:\Program Files (x86)\IVI Foundation\VISA\WinNT\Bin\;C:\Program Files (x86)\IVI Foundation\VISA\WinNT\Bin;C:\Program Files (x86)\Tesseract-OCR;E:\User\AppData\Local\Android\sdk\tools\lib;E:\Program Files\Git\cmd;E:\User\AppData\Local\Android\sdk\platform-tools;C:\Program Files\Canopy\User;C:\Program Files\Canopy\User\Scripts
USERNAME=user
OS=Windows_NT
PROCESSOR_IDENTIFIER=Intel64 Family 6 Model 58 Stepping 9, GenuineIntel



---------------  S Y S T E M  ---------------

OS: Windows 7 , 64 bit Build 7601 (6.1.7601.23572)

CPU:total 4 (2 cores per cpu, 2 threads per core) family 6 model 58 stepping 9, cmov, cx8, fxsr, mmx, sse, sse2, sse3, ssse3, sse4.1, sse4.2, popcnt, avx, aes, clmul, erms, ht, tsc, tscinvbit, tscinv

Memory: 4k page, physical 4094316k(40012k free), swap 5601120k(5000k free)

vm_info: Java HotSpot(TM) 64-Bit Server VM (25.91-b15) for windows-amd64 JRE (1.8.0_91-b15), built on May 20 2016 17:43:15 by "java_re" with MS VC++ 10.0 (VS2010)

time: Thu Jun 22 10:45:57 2017
elapsed time: 14 seconds (0d 0h 0m 14s)

