#
# There is insufficient memory for the Java Runtime Environment to continue.
# Native memory allocation (malloc) failed to allocate 2367056 bytes for Chunk::new
# Possible reasons:
#   The system is out of physical RAM or swap space
#   In 32 bit mode, the process size limit was hit
# Possible solutions:
#   Reduce memory load on the system
#   Increase physical memory or swap space
#   Check if swap backing store is full
#   Use 64 bit Java on a 64 bit OS
#   Decrease Java heap size (-Xmx/-Xms)
#   Decrease number of Java threads
#   Decrease Java thread stack sizes (-Xss)
#   Set larger code cache with -XX:ReservedCodeCacheSize=
# This output file may be truncated or incomplete.
#
#  Out of Memory Error (allocation.cpp:390), pid=5228, tid=6120
#
# JRE version: Java(TM) SE Runtime Environment (8.0_91-b15) (build 1.8.0_91-b15)
# Java VM: Java HotSpot(TM) 64-Bit Server VM (25.91-b15 mixed mode windows-amd64 compressed oops)
# Failed to write core dump. Minidumps are not enabled by default on client versions of Windows
#

---------------  T H R E A D  ---------------

Current thread (0x00000000561f0800):  JavaThread "C2 CompilerThread1" daemon [_thread_in_native, id=6120, stack(0x0000000056b10000,0x0000000056c10000)]

Stack: [0x0000000056b10000,0x0000000056c10000]
[error occurred during error reporting (printing stack bounds), id 0xc0000005]

Native frames: (J=compiled Java code, j=interpreted, Vv=VM code, C=native code)


Current CompileTask:
C2:   7695 1648   !   4       com.android.dx.cf.cst.ConstantPoolParser::parse0 (731 bytes)


---------------  P R O C E S S  ---------------

Java Threads: ( => current thread )
  0x00000000561f7800 JavaThread "Service Thread" daemon [_thread_blocked, id=5112, stack(0x0000000056e60000,0x0000000056f60000)]
  0x00000000561f1800 JavaThread "C1 CompilerThread2" daemon [_thread_blocked, id=2616, stack(0x0000000056c90000,0x0000000056d90000)]
=>0x00000000561f0800 JavaThread "C2 CompilerThread1" daemon [_thread_in_native, id=6120, stack(0x0000000056b10000,0x0000000056c10000)]
  0x0000000056192800 JavaThread "C2 CompilerThread0" daemon [_thread_in_native, id=4664, stack(0x0000000056920000,0x0000000056a20000)]
  0x0000000054c0d000 JavaThread "Attach Listener" daemon [_thread_blocked, id=2132, stack(0x0000000056780000,0x0000000056880000)]
  0x0000000054bff800 JavaThread "Signal Dispatcher" daemon [_thread_blocked, id=3116, stack(0x0000000055f40000,0x0000000056040000)]
  0x0000000054be9800 JavaThread "Finalizer" daemon [_thread_blocked, id=2476, stack(0x0000000056090000,0x0000000056190000)]
  0x0000000054ba2000 JavaThread "Reference Handler" daemon [_thread_blocked, id=5352, stack(0x0000000055e40000,0x0000000055f40000)]
  0x0000000001ef8000 JavaThread "main" [_thread_blocked, id=6032, stack(0x0000000002120000,0x0000000002220000)]

Other Threads:
  0x0000000054b9a800 VMThread [stack: 0x0000000055c60000,0x0000000055d60000] [id=3884]
  0x0000000056250000 WatcherThread [stack: 0x0000000056670000,0x0000000056770000] [id=5960]

VM state:at safepoint (normal execution)

VM Mutex/Monitor currently owned by a thread:  ([mutex/lock_event])
[0x0000000001ebc940] Threads_lock - owner thread: 0x0000000054b9a800
[0x0000000001ebce40] Heap_lock - owner thread: 0x0000000001ef8000

Heap:
 PSYoungGen      total 35328K, used 35312K [0x00000000eab00000, 0x00000000ef000000, 0x0000000100000000)
  eden space 32768K, 100% used [0x00000000eab00000,0x00000000ecb00000,0x00000000ecb00000)
  from space 2560K, 99% used [0x00000000ecb00000,0x00000000ecd7c1e0,0x00000000ecd80000)
  to   space 2560K, 99% used [0x00000000eed80000,0x00000000eeffef78,0x00000000ef000000)
 ParOldGen       total 44032K, used 12238K [0x00000000c0000000, 0x00000000c2b00000, 0x00000000eab00000)
  object space 44032K, 27% used [0x00000000c0000000,0x00000000c0bf3ae8,0x00000000c2b00000)
 Metaspace       used 6058K, capacity 7088K, committed 7296K, reserved 1056768K
  class space    used 585K, capacity 616K, committed 640K, reserved 1048576K

Card table byte_map: [0x00000000118b0000,0x0000000011ac0000] byte_map_base: 0x00000000112b0000

Marking Bits: (ParMarkBitMap*) 0x000000006d392f70
 Begin Bits: [0x0000000012010000, 0x0000000013010000)
 End Bits:   [0x0000000013010000, 0x0000000014010000)

Polling page: 0x0000000000110000

CodeCache: size=245760Kb used=6790Kb max_used=6790Kb free=238969Kb
 bounds [0x00000000024f0000, 0x0000000002ba0000, 0x00000000114f0000]
 total_blobs=1887 nmethods=1624 adapters=176
 compilation: enabled

Compilation events (10 events):
Event: 7.486 Thread 0x00000000561f1800 1686       2       com.android.dx.rop.annotation.Annotation::getNameValuePairs (11 bytes)
Event: 7.487 Thread 0x00000000561f1800 nmethod 1686 0x0000000002b57bd0 code [0x0000000002b57d40, 0x0000000002b58048]
Event: 7.491 Thread 0x00000000561f1800 1687       1       com.android.dx.cf.attrib.AttInnerClasses::getInnerClasses (5 bytes)
Event: 7.491 Thread 0x00000000561f1800 nmethod 1687 0x0000000002b7d1d0 code [0x0000000002b7d320, 0x0000000002b7d430]
Event: 7.492 Thread 0x00000000561f1800 1688       2       com.android.dx.dex.file.ValueEncoder::addContents (75 bytes)
Event: 7.493 Thread 0x00000000561f1800 nmethod 1688 0x0000000002b56d10 code [0x0000000002b56f00, 0x0000000002b57598]
Event: 7.588 Thread 0x00000000561f1800 1689       1       com.android.dx.cf.attrib.AttConstantValue::byteLength (3 bytes)
Event: 7.588 Thread 0x00000000561f1800 nmethod 1689 0x0000000002b56a50 code [0x0000000002b56ba0, 0x0000000002b56cb0]
Event: 7.589 Thread 0x00000000561f1800 1690       1       com.android.dx.cf.attrib.AttConstantValue::getConstantValue (5 bytes)
Event: 7.589 Thread 0x00000000561f1800 nmethod 1690 0x0000000002b56790 code [0x0000000002b568e0, 0x0000000002b569f0]

GC Heap History (7 events):
Event: 2.989 GC heap before
{Heap before GC invocations=1 (full 0):
 PSYoungGen      total 18944K, used 16384K [0x00000000eab00000, 0x00000000ec000000, 0x0000000100000000)
  eden space 16384K, 100% used [0x00000000eab00000,0x00000000ebb00000,0x00000000ebb00000)
  from space 2560K, 0% used [0x00000000ebd80000,0x00000000ebd80000,0x00000000ec000000)
  to   space 2560K, 0% used [0x00000000ebb00000,0x00000000ebb00000,0x00000000ebd80000)
 ParOldGen       total 44032K, used 0K [0x00000000c0000000, 0x00000000c2b00000, 0x00000000eab00000)
  object space 44032K, 0% used [0x00000000c0000000,0x00000000c0000000,0x00000000c2b00000)
 Metaspace       used 5527K, capacity 6768K, committed 7040K, reserved 1056768K
  class space    used 559K, capacity 616K, committed 640K, reserved 1048576K
Event: 3.128 GC heap after
Heap after GC invocations=1 (full 0):
 PSYoungGen      total 18944K, used 2538K [0x00000000eab00000, 0x00000000ed000000, 0x0000000100000000)
  eden space 16384K, 0% used [0x00000000eab00000,0x00000000eab00000,0x00000000ebb00000)
  from space 2560K, 99% used [0x00000000ebb00000,0x00000000ebd7aa90,0x00000000ebd80000)
  to   space 2560K, 0% used [0x00000000ecd80000,0x00000000ecd80000,0x00000000ed000000)
 ParOldGen       total 44032K, used 1765K [0x00000000c0000000, 0x00000000c2b00000, 0x00000000eab00000)
  object space 44032K, 4% used [0x00000000c0000000,0x00000000c01b9530,0x00000000c2b00000)
 Metaspace       used 5527K, capacity 6768K, committed 7040K, reserved 1056768K
  class space    used 559K, capacity 616K, committed 640K, reserved 1048576K
}
Event: 3.680 GC heap before
{Heap before GC invocations=2 (full 0):
 PSYoungGen      total 18944K, used 18922K [0x00000000eab00000, 0x00000000ed000000, 0x0000000100000000)
  eden space 16384K, 100% used [0x00000000eab00000,0x00000000ebb00000,0x00000000ebb00000)
  from space 2560K, 99% used [0x00000000ebb00000,0x00000000ebd7aa90,0x00000000ebd80000)
  to   space 2560K, 0% used [0x00000000ecd80000,0x00000000ecd80000,0x00000000ed000000)
 ParOldGen       total 44032K, used 1765K [0x00000000c0000000, 0x00000000c2b00000, 0x00000000eab00000)
  object space 44032K, 4% used [0x00000000c0000000,0x00000000c01b9530,0x00000000c2b00000)
 Metaspace       used 5780K, capacity 6960K, committed 7040K, reserved 1056768K
  class space    used 563K, capacity 616K, committed 640K, reserved 1048576K
Event: 3.942 GC heap after
Heap after GC invocations=2 (full 0):
 PSYoungGen      total 35328K, used 2539K [0x00000000eab00000, 0x00000000ed000000, 0x0000000100000000)
  eden space 32768K, 0% used [0x00000000eab00000,0x00000000eab00000,0x00000000ecb00000)
  from space 2560K, 99% used [0x00000000ecd80000,0x00000000ecffaed8,0x00000000ed000000)
  to   space 2560K, 0% used [0x00000000ecb00000,0x00000000ecb00000,0x00000000ecd80000)
 ParOldGen       total 44032K, used 3988K [0x00000000c0000000, 0x00000000c2b00000, 0x00000000eab00000)
  object space 44032K, 9% used [0x00000000c0000000,0x00000000c03e5190,0x00000000c2b00000)
 Metaspace       used 5780K, capacity 6960K, committed 7040K, reserved 1056768K
  class space    used 563K, capacity 616K, committed 640K, reserved 1048576K
}
Event: 5.330 GC heap before
{Heap before GC invocations=3 (full 0):
 PSYoungGen      total 35328K, used 35307K [0x00000000eab00000, 0x00000000ed000000, 0x0000000100000000)
  eden space 32768K, 100% used [0x00000000eab00000,0x00000000ecb00000,0x00000000ecb00000)
  from space 2560K, 99% used [0x00000000ecd80000,0x00000000ecffaed8,0x00000000ed000000)
  to   space 2560K, 0% used [0x00000000ecb00000,0x00000000ecb00000,0x00000000ecd80000)
 ParOldGen       total 44032K, used 3988K [0x00000000c0000000, 0x00000000c2b00000, 0x00000000eab00000)
  object space 44032K, 9% used [0x00000000c0000000,0x00000000c03e5190,0x00000000c2b00000)
 Metaspace       used 6011K, capacity 7088K, committed 7296K, reserved 1056768K
  class space    used 584K, capacity 616K, committed 640K, reserved 1048576K
Event: 5.552 GC heap after
Heap after GC invocations=3 (full 0):
 PSYoungGen      total 35328K, used 2544K [0x00000000eab00000, 0x00000000ef000000, 0x0000000100000000)
  eden space 32768K, 0% used [0x00000000eab00000,0x00000000eab00000,0x00000000ecb00000)
  from space 2560K, 99% used [0x00000000ecb00000,0x00000000ecd7c1e0,0x00000000ecd80000)
  to   space 2560K, 0% used [0x00000000eed80000,0x00000000eed80000,0x00000000ef000000)
 ParOldGen       total 44032K, used 8620K [0x00000000c0000000, 0x00000000c2b00000, 0x00000000eab00000)
  object space 44032K, 19% used [0x00000000c0000000,0x00000000c086b150,0x00000000c2b00000)
 Metaspace       used 6011K, capacity 7088K, committed 7296K, reserved 1056768K
  class space    used 584K, capacity 616K, committed 640K, reserved 1048576K
}
Event: 7.596 GC heap before
{Heap before GC invocations=4 (full 0):
 PSYoungGen      total 35328K, used 35312K [0x00000000eab00000, 0x00000000ef000000, 0x0000000100000000)
  eden space 32768K, 100% used [0x00000000eab00000,0x00000000ecb00000,0x00000000ecb00000)
  from space 2560K, 99% used [0x00000000ecb00000,0x00000000ecd7c1e0,0x00000000ecd80000)
  to   space 2560K, 0% used [0x00000000eed80000,0x00000000eed80000,0x00000000ef000000)
 ParOldGen       total 44032K, used 8620K [0x00000000c0000000, 0x00000000c2b00000, 0x00000000eab00000)
  object space 44032K, 19% used [0x00000000c0000000,0x00000000c086b150,0x00000000c2b00000)
 Metaspace       used 6058K, capacity 7088K, committed 7296K, reserved 1056768K
  class space    used 585K, capacity 616K, committed 640K, reserved 1048576K

Deoptimization events (10 events):
Event: 5.256 Thread 0x0000000001ef8000 Uncommon trap: reason=bimorphic action=maybe_recompile pc=0x0000000002abc2c8 method=com.android.dx.cf.code.BytecodeArray.parseInstruction(ILcom/android/dx/cf/code/BytecodeArray$Visitor;)I @ 1501
Event: 6.174 Thread 0x0000000001ef8000 Uncommon trap: reason=unstable_if action=reinterpret pc=0x0000000002a738e4 method=java.util.HashMap.getNode(ILjava/lang/Object;)Ljava/util/HashMap$Node; @ 84
Event: 6.194 Thread 0x0000000001ef8000 Uncommon trap: reason=unstable_if action=reinterpret pc=0x0000000002ad1548 method=com.android.dx.rop.code.LocalItem.hashCode()I @ 25
Event: 6.194 Thread 0x0000000001ef8000 Uncommon trap: reason=unstable_if action=reinterpret pc=0x0000000002801ca4 method=com.android.dx.rop.code.LocalItem.hashCode()I @ 25
Event: 6.210 Thread 0x0000000001ef8000 Uncommon trap: reason=unstable_if action=reinterpret pc=0x00000000027adb9c method=com.android.dx.rop.code.LocalItem.hashCode()I @ 25
Event: 6.450 Thread 0x0000000001ef8000 Uncommon trap: reason=unstable_if action=reinterpret pc=0x0000000002b0ad5c method=com.android.dx.cf.code.BaseMachine.getLocalTarget(Z)Lcom/android/dx/rop/code/RegisterSpec; @ 131
Event: 7.403 Thread 0x0000000001ef8000 Uncommon trap: reason=class_check action=maybe_recompile pc=0x0000000002b61acc method=com.android.dx.cf.code.BytecodeArray.parseInstruction(ILcom/android/dx/cf/code/BytecodeArray$Visitor;)I @ 1672
Event: 7.409 Thread 0x0000000001ef8000 Uncommon trap: reason=class_check action=maybe_recompile pc=0x0000000002b61acc method=com.android.dx.cf.code.BytecodeArray.parseInstruction(ILcom/android/dx/cf/code/BytecodeArray$Visitor;)I @ 1672
Event: 7.449 Thread 0x0000000001ef8000 Uncommon trap: reason=class_check action=maybe_recompile pc=0x0000000002b61acc method=com.android.dx.cf.code.BytecodeArray.parseInstruction(ILcom/android/dx/cf/code/BytecodeArray$Visitor;)I @ 1672
Event: 7.453 Thread 0x0000000001ef8000 Uncommon trap: reason=class_check action=maybe_recompile pc=0x0000000002b61acc method=com.android.dx.cf.code.BytecodeArray.parseInstruction(ILcom/android/dx/cf/code/BytecodeArray$Visitor;)I @ 1672

Internal exceptions (7 events):
Event: 0.164 Thread 0x0000000001ef8000 Exception <a 'java/lang/NoSuchMethodError': Method sun.misc.Unsafe.defineClass(Ljava/lang/String;[BII)Ljava/lang/Class; name or signature does not match> (0x00000000eab07cc0) thrown at [C:\re\workspace\8-2-build-windows-amd64-cygwin\jdk8u91\7017\hotspot\sr:¶|GúÄ?
Event: 0.164 Thread 0x0000000001ef8000 Exception <a 'java/lang/NoSuchMethodError': Method sun.misc.Unsafe.prefetchRead(Ljava/lang/Object;J)V name or signature does not match> (0x00000000eab07fa8) thrown at [C:\re\workspace\8-2-build-windows-amd64-cygwin\jdk8u91\7017\hotspot\src\share\vm\prims\j3cA`@
Event: 3.672 Thread 0x0000000001ef8000 Implicit null exception at 0x00000000027fdb12 to 0x00000000027fdc11
Event: 3.979 Thread 0x0000000001ef8000 Implicit null exception at 0x000000000280cd5f to 0x000000000280e475
Event: 4.553 Thread 0x0000000001ef8000 Exception <a 'java/lang/ArrayIndexOutOfBoundsException': 18> (0x00000000eb9741d8) thrown at [C:\re\workspace\8-2-build-windows-amd64-cygwin\jdk8u91\7017\hotspot\src\share\vm\interpreter\interpreterRuntime.cpp, line 366]
Event: 4.636 Thread 0x0000000001ef8000 Exception <a 'java/lang/ArrayIndexOutOfBoundsException'> (0x00000000eb975d58) thrown at [C:\re\workspace\8-2-build-windows-amd64-cygwin\jdk8u91\7017\hotspot\src\share\vm\runtime\sharedRuntime.cpp, line 605]
Event: 4.637 Thread 0x0000000001ef8000 Exception <a 'java/lang/ArrayIndexOutOfBoundsException'> (0x00000000eb977040) thrown at [C:\re\workspace\8-2-build-windows-amd64-cygwin\jdk8u91\7017\hotspot\src\share\vm\runtime\sharedRuntime.cpp, line 605]

Events (10 events):
Event: 7.409 Thread 0x0000000001ef8000 DEOPT UNPACKING pc=0x000000000253582a sp=0x000000000221ea48 mode 2
Event: 7.449 Thread 0x0000000001ef8000 Uncommon trap: trap_request=0xffffffde fr.pc=0x0000000002b61acc
Event: 7.450 Thread 0x0000000001ef8000 DEOPT PACKING pc=0x0000000002b61acc sp=0x000000000221eab0
Event: 7.450 Thread 0x0000000001ef8000 DEOPT UNPACKING pc=0x000000000253582a sp=0x000000000221ea48 mode 2
Event: 7.453 Thread 0x0000000001ef8000 Uncommon trap: trap_request=0xffffffde fr.pc=0x0000000002b61acc
Event: 7.453 Thread 0x0000000001ef8000 DEOPT PACKING pc=0x0000000002b61acc sp=0x000000000221eab0
Event: 7.453 Thread 0x0000000001ef8000 DEOPT UNPACKING pc=0x000000000253582a sp=0x000000000221ea48 mode 2
Event: 7.478 loading class com/android/dx/cf/attrib/AttExceptions
Event: 7.478 loading class com/android/dx/cf/attrib/AttExceptions done
Event: 7.596 Executing VM operation: ParallelGCFailedAllocation


Dynamic libraries:
0x000000013f6c0000 - 0x000000013f6f7000 	C:\Program Files\Java\jdk1.8.0_91\bin\java.exe
0x0000000077a40000 - 0x0000000077bea000 	C:\Windows\SYSTEM32\ntdll.dll
0x0000000077920000 - 0x0000000077a3f000 	C:\Windows\system32\kernel32.dll
0x000007fefd7d0000 - 0x000007fefd83a000 	C:\Windows\system32\KERNELBASE.dll
0x000007fefebf0000 - 0x000007fefeccb000 	C:\Windows\system32\ADVAPI32.dll
0x000007fefeb50000 - 0x000007fefebef000 	C:\Windows\system32\msvcrt.dll
0x000007feff3c0000 - 0x000007feff3df000 	C:\Windows\SYSTEM32\sechost.dll
0x000007feff6c0000 - 0x000007feff7ed000 	C:\Windows\system32\RPCRT4.dll
0x0000000077820000 - 0x000000007791a000 	C:\Windows\system32\USER32.dll
0x000007fefea90000 - 0x000007fefeaf7000 	C:\Windows\system32\GDI32.dll
0x000007feff3b0000 - 0x000007feff3be000 	C:\Windows\system32\LPK.dll
0x000007fefe8c0000 - 0x000007fefe98a000 	C:\Windows\system32\USP10.dll
0x000007fefc7a0000 - 0x000007fefc994000 	C:\Windows\WinSxS\amd64_microsoft.windows.common-controls_6595b64144ccf1df_6.0.7601.17514_none_fa396087175ac9ac\COMCTL32.dll
0x000007feff090000 - 0x000007feff101000 	C:\Windows\system32\SHLWAPI.dll
0x000007feff870000 - 0x000007feff89e000 	C:\Windows\system32\IMM32.DLL
0x000007feff2a0000 - 0x000007feff3a9000 	C:\Windows\system32\MSCTF.dll
0x0000000073a40000 - 0x0000000073b12000 	C:\Program Files\Java\jdk1.8.0_91\jre\bin\msvcr100.dll
0x000000006cb80000 - 0x000000006d413000 	C:\Program Files\Java\jdk1.8.0_91\jre\bin\server\jvm.dll
0x000007fef36e0000 - 0x000007fef36e9000 	C:\Windows\system32\WSOCK32.dll
0x000007fefeb00000 - 0x000007fefeb4d000 	C:\Windows\system32\WS2_32.dll
0x000007feff080000 - 0x000007feff088000 	C:\Windows\system32\NSI.dll
0x000007fefb550000 - 0x000007fefb58b000 	C:\Windows\system32\WINMM.dll
0x000007fefc4a0000 - 0x000007fefc4ac000 	C:\Windows\system32\VERSION.dll
0x0000000077c00000 - 0x0000000077c07000 	C:\Windows\system32\PSAPI.DLL
0x0000000074930000 - 0x000000007493f000 	C:\Program Files\Java\jdk1.8.0_91\jre\bin\verify.dll
0x0000000074900000 - 0x0000000074929000 	C:\Program Files\Java\jdk1.8.0_91\jre\bin\java.dll
0x00000000748e0000 - 0x00000000748f6000 	C:\Program Files\Java\jdk1.8.0_91\jre\bin\zip.dll
0x000007fefdb30000 - 0x000007fefe8b8000 	C:\Windows\system32\SHELL32.dll
0x000007fefedd0000 - 0x000007fefefd3000 	C:\Windows\system32\ole32.dll
0x000007fefd780000 - 0x000007fefd78f000 	C:\Windows\system32\profapi.dll

VM Arguments:
jvm_args: -Djava.awt.headless=true -Xmx1024M -Dfile.encoding=windows-1256 -Duser.country=US -Duser.language=en -Duser.variant 
java_command: com.android.dx.command.Main --dex --force-jumbo --output E:\User\AndroidStudioProjects\Sunshine-Version-2\app\build\intermediates\pre-dexed\debug\com.android.support-support-v4-21.0.3_3035d9c83d7289f90d6f43d640a8c8de139a0846.jar E:\User\AndroidStudioProjects\Sunshine-Version-2\app\build\intermediates\exploded-aar\com.android.support\support-v4\21.0.3\jars\classes.jar
java_class_path (initial): E:\User\AppData\Local\Android\sdk\build-tools\21.1.2\lib\dx.jar
Launcher Type: SUN_STANDARD

Environment Variables:
PATH=C:\oracle\product\10.2.0\db_2\bin;C:\oracle\product\10.2.0\db_1\bin;C:\ProgramData\Oracle\Java\javapath;C:\Windows\System32;C:\Windows\SysWOW64;C:\opencv248\build\x86\vc10\bin;C:\Python27;C:\Program Files (x86)\CodeBlocks\MinGW\bin;E:\programs\Matlab\R2013a\bin;C:\Program Files\IVI Foundation\VISA\Win64\Bin\;C:\Program Files (x86)\IVI Foundation\VISA\WinNT\Bin\;C:\Program Files (x86)\IVI Foundation\VISA\WinNT\Bin;C:\Program Files (x86)\Tesseract-OCR;E:\User\AppData\Local\Android\sdk\tools\lib;E:\Program Files\Git\cmd;E:\User\AppData\Local\Android\sdk\platform-tools;C:\Program Files\Canopy\User;C:\Program Files\Canopy\User\Scripts
USERNAME=user
OS=Windows_NT
PROCESSOR_IDENTIFIER=Intel64 Family 6 Model 58 Stepping 9, GenuineIntel



---------------  S Y S T E M  ---------------

OS: Windows 7 , 64 bit Build 7601 (6.1.7601.23572)

CPU:total 4 (2 cores per cpu, 2 threads per core) family 6 model 58 stepping 9, cmov, cx8, fxsr, mmx, sse, sse2, sse3, ssse3, sse4.1, sse4.2, popcnt, avx, aes, clmul, erms, ht, tsc, tscinvbit, tscinv

Memory: 4k page, physical 4094316k(701200k free), swap 5386356k(6772k free)

vm_info: Java HotSpot(TM) 64-Bit Server VM (25.91-b15) for windows-amd64 JRE (1.8.0_91-b15), built on May 20 2016 17:43:15 by "java_re" with MS VC++ 10.0 (VS2010)

time: Wed Jun 07 06:29:51 2017
elapsed time: 7 seconds (0d 0h 0m 7s)

