#
# There is insufficient memory for the Java Runtime Environment to continue.
# Native memory allocation (malloc) failed to allocate 32744 bytes for ChunkPool::allocate
# Possible reasons:
#   The system is out of physical RAM or swap space
#   In 32 bit mode, the process size limit was hit
# Possible solutions:
#   Reduce memory load on the system
#   Increase physical memory or swap space
#   Check if swap backing store is full
#   Use 64 bit Java on a 64 bit OS
#   Decrease Java heap size (-Xmx/-Xms)
#   Decrease number of Java threads
#   Decrease Java thread stack sizes (-Xss)
#   Set larger code cache with -XX:ReservedCodeCacheSize=
# This output file may be truncated or incomplete.
#
#  Out of Memory Error (allocation.cpp:273), pid=208, tid=3120
#
# JRE version: Java(TM) SE Runtime Environment (8.0_91-b15) (build 1.8.0_91-b15)
# Java VM: Java HotSpot(TM) 64-Bit Server VM (25.91-b15 mixed mode windows-amd64 compressed oops)
# Failed to write core dump. Minidumps are not enabled by default on client versions of Windows
#

---------------  T H R E A D  ---------------

Current thread (0x000000005607a800):  JavaThread "C1 CompilerThread2" daemon [_thread_in_native, id=3120, stack(0x0000000056c70000,0x0000000056d70000)]

Stack: [0x0000000056c70000,0x0000000056d70000]
[error occurred during error reporting (printing stack bounds), id 0xc0000005]

Native frames: (J=compiled Java code, j=interpreted, Vv=VM code, C=native code)


Current CompileTask:
C1:   4669 1189       2       com.android.dx.ssa.SsaConverter::placePhiFunctions (394 bytes)


---------------  P R O C E S S  ---------------

Java Threads: ( => current thread )
  0x00000000560e2800 JavaThread "Service Thread" daemon [_thread_blocked, id=6944, stack(0x0000000056e40000,0x0000000056f40000)]
=>0x000000005607a800 JavaThread "C1 CompilerThread2" daemon [_thread_in_native, id=3120, stack(0x0000000056c70000,0x0000000056d70000)]
  0x0000000056079800 JavaThread "C2 CompilerThread1" daemon [_thread_in_native, id=1908, stack(0x0000000056ae0000,0x0000000056be0000)]
  0x0000000056077800 JavaThread "C2 CompilerThread0" daemon [_thread_in_native, id=6536, stack(0x0000000056810000,0x0000000056910000)]
  0x0000000056072800 JavaThread "Attach Listener" daemon [_thread_blocked, id=6052, stack(0x00000000566d0000,0x00000000567d0000)]
  0x0000000054cad800 JavaThread "Signal Dispatcher" daemon [_thread_blocked, id=6952, stack(0x0000000056580000,0x0000000056680000)]
  0x0000000054c99800 JavaThread "Finalizer" daemon [_thread_blocked, id=6384, stack(0x0000000055e70000,0x0000000055f70000)]
  0x0000000054c52000 JavaThread "Reference Handler" daemon [_thread_blocked, id=6204, stack(0x0000000055f70000,0x0000000056070000)]
  0x0000000001d18000 JavaThread "main" [_thread_in_Java, id=7020, stack(0x0000000001f40000,0x0000000002040000)]

Other Threads:
  0x0000000054c4a800 VMThread [stack: 0x0000000055d10000,0x0000000055e10000] [id=3648]
  0x000000005610d800 WatcherThread [stack: 0x0000000056480000,0x0000000056580000] [id=3160]

VM state:not at safepoint (normal execution)

VM Mutex/Monitor currently owned by a thread: None

Heap:
 PSYoungGen      total 35328K, used 14437K [0x00000000eab00000, 0x00000000ed000000, 0x0000000100000000)
  eden space 32768K, 36% used [0x00000000eab00000,0x00000000eb69ca90,0x00000000ecb00000)
  from space 2560K, 99% used [0x00000000ecd80000,0x00000000ecffc9b8,0x00000000ed000000)
  to   space 2560K, 0% used [0x00000000ecb00000,0x00000000ecb00000,0x00000000ecd80000)
 ParOldGen       total 44032K, used 2929K [0x00000000c0000000, 0x00000000c2b00000, 0x00000000eab00000)
  object space 44032K, 6% used [0x00000000c0000000,0x00000000c02dc550,0x00000000c2b00000)
 Metaspace       used 5612K, capacity 6832K, committed 7040K, reserved 1056768K
  class space    used 559K, capacity 616K, committed 640K, reserved 1048576K

Card table byte_map: [0x00000000116d0000,0x00000000118e0000] byte_map_base: 0x00000000110d0000

Marking Bits: (ParMarkBitMap*) 0x000000006d642f70
 Begin Bits: [0x00000000120c0000, 0x00000000130c0000)
 End Bits:   [0x00000000130c0000, 0x00000000140c0000)

Polling page: 0x0000000000210000

CodeCache: size=245760Kb used=4659Kb max_used=4659Kb free=241100Kb
 bounds [0x0000000002310000, 0x00000000027b0000, 0x0000000011310000]
 total_blobs=1434 nmethods=1171 adapters=176
 compilation: enabled

Compilation events (10 events):
Event: 4.638 Thread 0x000000005607a800 nmethod 1184 0x000000000279cc90 code [0x000000000279ce20, 0x000000000279d198]
Event: 4.639 Thread 0x000000005607a800 1185       2       com.android.dx.cf.code.BasicBlocker::visitBranch (98 bytes)
Event: 4.640 Thread 0x000000005607a800 nmethod 1185 0x000000000279d3d0 code [0x000000000279d5e0, 0x000000000279dd98]
Event: 4.640 Thread 0x000000005607a800 1186       2       com.android.dx.cf.code.Simulator$SimVisitor::visitBranch (341 bytes)
Event: 4.641 Thread 0x000000005607a800 nmethod 1186 0x000000000279ec90 code [0x000000000279eec0, 0x000000000279f668]
Event: 4.642 Thread 0x000000005607a800 1187       1       com.android.dx.cf.code.BaseMachine::getPrototype (5 bytes)
Event: 4.642 Thread 0x000000005607a800 nmethod 1187 0x0000000002779b50 code [0x0000000002779ca0, 0x0000000002779db0]
Event: 4.642 Thread 0x000000005607a800 1188       2       com.android.dx.rop.cst.CstLong::getType (4 bytes)
Event: 4.642 Thread 0x000000005607a800 nmethod 1188 0x000000000279fd10 code [0x000000000279fe60, 0x000000000279ffb0]
Event: 4.643 Thread 0x000000005607a800 1189       2       com.android.dx.ssa.SsaConverter::placePhiFunctions (394 bytes)

GC Heap History (4 events):
Event: 2.516 GC heap before
{Heap before GC invocations=1 (full 0):
 PSYoungGen      total 18944K, used 16384K [0x00000000eab00000, 0x00000000ec000000, 0x0000000100000000)
  eden space 16384K, 100% used [0x00000000eab00000,0x00000000ebb00000,0x00000000ebb00000)
  from space 2560K, 0% used [0x00000000ebd80000,0x00000000ebd80000,0x00000000ec000000)
  to   space 2560K, 0% used [0x00000000ebb00000,0x00000000ebb00000,0x00000000ebd80000)
 ParOldGen       total 44032K, used 0K [0x00000000c0000000, 0x00000000c2b00000, 0x00000000eab00000)
  object space 44032K, 0% used [0x00000000c0000000,0x00000000c0000000,0x00000000c2b00000)
 Metaspace       used 5512K, capacity 6768K, committed 7040K, reserved 1056768K
  class space    used 558K, capacity 616K, committed 640K, reserved 1048576K
Event: 2.764 GC heap after
Heap after GC invocations=1 (full 0):
 PSYoungGen      total 18944K, used 2538K [0x00000000eab00000, 0x00000000ed000000, 0x0000000100000000)
  eden space 16384K, 0% used [0x00000000eab00000,0x00000000eab00000,0x00000000ebb00000)
  from space 2560K, 99% used [0x00000000ebb00000,0x00000000ebd7aaa8,0x00000000ebd80000)
  to   space 2560K, 0% used [0x00000000ecd80000,0x00000000ecd80000,0x00000000ed000000)
 ParOldGen       total 44032K, used 1542K [0x00000000c0000000, 0x00000000c2b00000, 0x00000000eab00000)
  object space 44032K, 3% used [0x00000000c0000000,0x00000000c0181a70,0x00000000c2b00000)
 Metaspace       used 5512K, capacity 6768K, committed 7040K, reserved 1056768K
  class space    used 558K, capacity 616K, committed 640K, reserved 1048576K
}
Event: 3.334 GC heap before
{Heap before GC invocations=2 (full 0):
 PSYoungGen      total 18944K, used 18922K [0x00000000eab00000, 0x00000000ed000000, 0x0000000100000000)
  eden space 16384K, 100% used [0x00000000eab00000,0x00000000ebb00000,0x00000000ebb00000)
  from space 2560K, 99% used [0x00000000ebb00000,0x00000000ebd7aaa8,0x00000000ebd80000)
  to   space 2560K, 0% used [0x00000000ecd80000,0x00000000ecd80000,0x00000000ed000000)
 ParOldGen       total 44032K, used 1542K [0x00000000c0000000, 0x00000000c2b00000, 0x00000000eab00000)
  object space 44032K, 3% used [0x00000000c0000000,0x00000000c0181a70,0x00000000c2b00000)
 Metaspace       used 5566K, capacity 6768K, committed 7040K, reserved 1056768K
  class space    used 558K, capacity 616K, committed 640K, reserved 1048576K
Event: 3.787 GC heap after
Heap after GC invocations=2 (full 0):
 PSYoungGen      total 35328K, used 2546K [0x00000000eab00000, 0x00000000ed000000, 0x0000000100000000)
  eden space 32768K, 0% used [0x00000000eab00000,0x00000000eab00000,0x00000000ecb00000)
  from space 2560K, 99% used [0x00000000ecd80000,0x00000000ecffc9b8,0x00000000ed000000)
  to   space 2560K, 0% used [0x00000000ecb00000,0x00000000ecb00000,0x00000000ecd80000)
 ParOldGen       total 44032K, used 2929K [0x00000000c0000000, 0x00000000c2b00000, 0x00000000eab00000)
  object space 44032K, 6% used [0x00000000c0000000,0x00000000c02dc550,0x00000000c2b00000)
 Metaspace       used 5566K, capacity 6768K, committed 7040K, reserved 1056768K
  class space    used 558K, capacity 616K, committed 640K, reserved 1048576K
}

Deoptimization events (10 events):
Event: 3.148 Thread 0x0000000001d18000 Uncommon trap: reason=bimorphic action=maybe_recompile pc=0x00000000026fc260 method=com.android.dx.cf.code.Merger.mergeType(Lcom/android/dx/rop/type/TypeBearer;Lcom/android/dx/rop/type/TypeBearer;)Lcom/android/dx/rop/type/TypeBearer; @ 21
Event: 3.321 Thread 0x0000000001d18000 Uncommon trap: reason=bimorphic action=maybe_recompile pc=0x00000000026fc260 method=com.android.dx.cf.code.Merger.mergeType(Lcom/android/dx/rop/type/TypeBearer;Lcom/android/dx/rop/type/TypeBearer;)Lcom/android/dx/rop/type/TypeBearer; @ 21
Event: 3.323 Thread 0x0000000001d18000 Uncommon trap: reason=bimorphic action=maybe_recompile pc=0x00000000026fc260 method=com.android.dx.cf.code.Merger.mergeType(Lcom/android/dx/rop/type/TypeBearer;Lcom/android/dx/rop/type/TypeBearer;)Lcom/android/dx/rop/type/TypeBearer; @ 21
Event: 3.332 Thread 0x0000000001d18000 Uncommon trap: reason=bimorphic action=maybe_recompile pc=0x00000000026fc260 method=com.android.dx.cf.code.Merger.mergeType(Lcom/android/dx/rop/type/TypeBearer;Lcom/android/dx/rop/type/TypeBearer;)Lcom/android/dx/rop/type/TypeBearer; @ 21
Event: 4.392 Thread 0x0000000001d18000 Uncommon trap: reason=bimorphic action=maybe_recompile pc=0x000000000270785c method=com.android.dx.ssa.SCCP.setLatticeValueTo(IILcom/android/dx/rop/cst/Constant;)Z @ 43
Event: 4.393 Thread 0x0000000001d18000 Uncommon trap: reason=bimorphic action=maybe_recompile pc=0x000000000270785c method=com.android.dx.ssa.SCCP.setLatticeValueTo(IILcom/android/dx/rop/cst/Constant;)Z @ 43
Event: 4.393 Thread 0x0000000001d18000 Uncommon trap: reason=bimorphic action=maybe_recompile pc=0x00000000025a0284 method=java.util.HashMap.getNode(ILjava/lang/Object;)Ljava/util/HashMap$Node; @ 126
Event: 4.393 Thread 0x0000000001d18000 Uncommon trap: reason=class_check action=maybe_recompile pc=0x00000000026b15e4 method=java.util.HashMap.putVal(ILjava/lang/Object;Ljava/lang/Object;ZZ)Ljava/lang/Object; @ 203
Event: 4.400 Thread 0x0000000001d18000 Uncommon trap: reason=bimorphic action=maybe_recompile pc=0x000000000270785c method=com.android.dx.ssa.SCCP.setLatticeValueTo(IILcom/android/dx/rop/cst/Constant;)Z @ 43
Event: 4.400 Thread 0x0000000001d18000 Uncommon trap: reason=bimorphic action=maybe_recompile pc=0x000000000270785c method=com.android.dx.ssa.SCCP.setLatticeValueTo(IILcom/android/dx/rop/cst/Constant;)Z @ 43

Internal exceptions (2 events):
Event: 0.060 Thread 0x0000000001d18000 Exception <a 'java/lang/NoSuchMethodError': Method sun.misc.Unsafe.defineClass(Ljava/lang/String;[BII)Ljava/lang/Class; name or signature does not match> (0x00000000eab07cc0) thrown at [C:\re\workspace\8-2-build-windows-amd64-cygwin\jdk8u91\7017\hotspot\srWµëœôº®?
Event: 0.060 Thread 0x0000000001d18000 Exception <a 'java/lang/NoSuchMethodError': Method sun.misc.Unsafe.prefetchRead(Ljava/lang/Object;J)V name or signature does not match> (0x00000000eab07fa8) thrown at [C:\re\workspace\8-2-build-windows-amd64-cygwin\jdk8u91\7017\hotspot\src\share\vm\prims\j

Events (10 events):
Event: 4.413 Thread 0x0000000001d18000 DEOPT PACKING pc=0x000000000268a6de sp=0x000000000203eb50
Event: 4.413 Thread 0x0000000001d18000 DEOPT UNPACKING pc=0x000000000235787f sp=0x000000000203e8b8 mode 0
Event: 4.415 Thread 0x0000000001d18000 DEOPT PACKING pc=0x000000000268a6de sp=0x000000000203eb50
Event: 4.415 Thread 0x0000000001d18000 DEOPT UNPACKING pc=0x000000000235787f sp=0x000000000203e8b8 mode 0
Event: 4.436 Thread 0x0000000001d18000 DEOPT PACKING pc=0x00000000026b3d81 sp=0x000000000203eb60
Event: 4.436 Thread 0x0000000001d18000 DEOPT UNPACKING pc=0x000000000235787f sp=0x000000000203e928 mode 0
Event: 4.558 Thread 0x0000000001d18000 DEOPT PACKING pc=0x000000000268a6de sp=0x000000000203eb50
Event: 4.558 Thread 0x0000000001d18000 DEOPT UNPACKING pc=0x000000000235787f sp=0x000000000203e8b8 mode 0
Event: 4.619 Thread 0x0000000001d18000 DEOPT PACKING pc=0x00000000026b3d81 sp=0x000000000203eb80
Event: 4.619 Thread 0x0000000001d18000 DEOPT UNPACKING pc=0x000000000235787f sp=0x000000000203e948 mode 0


Dynamic libraries:
0x000000013fb30000 - 0x000000013fb67000 	C:\Program Files\Java\jdk1.8.0_91\bin\java.exe
0x0000000077690000 - 0x000000007783a000 	C:\Windows\SYSTEM32\ntdll.dll
0x0000000077470000 - 0x000000007758f000 	C:\Windows\system32\kernel32.dll
0x000007fefd3e0000 - 0x000007fefd44a000 	C:\Windows\system32\KERNELBASE.dll
0x000007feff6d0000 - 0x000007feff7ab000 	C:\Windows\system32\ADVAPI32.dll
0x000007feff900000 - 0x000007feff99f000 	C:\Windows\system32\msvcrt.dll
0x000007feff340000 - 0x000007feff35f000 	C:\Windows\SYSTEM32\sechost.dll
0x000007fefec60000 - 0x000007fefed8d000 	C:\Windows\system32\RPCRT4.dll
0x0000000077590000 - 0x000000007768a000 	C:\Windows\system32\USER32.dll
0x000007fefed90000 - 0x000007fefedf7000 	C:\Windows\system32\GDI32.dll
0x000007fefd960000 - 0x000007fefd96e000 	C:\Windows\system32\LPK.dll
0x000007fefd890000 - 0x000007fefd95a000 	C:\Windows\system32\USP10.dll
0x000007fefc430000 - 0x000007fefc624000 	C:\Windows\WinSxS\amd64_microsoft.windows.common-controls_6595b64144ccf1df_6.0.7601.17514_none_fa396087175ac9ac\COMCTL32.dll
0x000007fefef80000 - 0x000007fefeff1000 	C:\Windows\system32\SHLWAPI.dll
0x000007fefe700000 - 0x000007fefe72e000 	C:\Windows\system32\IMM32.DLL
0x000007fefd780000 - 0x000007fefd889000 	C:\Windows\system32\MSCTF.dll
0x000000006e160000 - 0x000000006e232000 	C:\Program Files\Java\jdk1.8.0_91\jre\bin\msvcr100.dll
0x000000006ce30000 - 0x000000006d6c3000 	C:\Program Files\Java\jdk1.8.0_91\jre\bin\server\jvm.dll
0x000007fef0bc0000 - 0x000007fef0bc9000 	C:\Windows\system32\WSOCK32.dll
0x000007fefec10000 - 0x000007fefec5d000 	C:\Windows\system32\WS2_32.dll
0x000007feff7b0000 - 0x000007feff7b8000 	C:\Windows\system32\NSI.dll
0x000007fefb350000 - 0x000007fefb38b000 	C:\Windows\system32\WINMM.dll
0x000007fefc0f0000 - 0x000007fefc0fc000 	C:\Windows\system32\VERSION.dll
0x0000000077850000 - 0x0000000077857000 	C:\Windows\system32\PSAPI.DLL
0x0000000074a90000 - 0x0000000074a9f000 	C:\Program Files\Java\jdk1.8.0_91\jre\bin\verify.dll
0x0000000073df0000 - 0x0000000073e19000 	C:\Program Files\Java\jdk1.8.0_91\jre\bin\java.dll
0x0000000073dd0000 - 0x0000000073de6000 	C:\Program Files\Java\jdk1.8.0_91\jre\bin\zip.dll
0x000007fefd970000 - 0x000007fefe6f8000 	C:\Windows\system32\SHELL32.dll
0x000007fefea00000 - 0x000007fefec03000 	C:\Windows\system32\ole32.dll
0x000007fefd3d0000 - 0x000007fefd3df000 	C:\Windows\system32\profapi.dll

VM Arguments:
jvm_args: -Djava.awt.headless=true -Xmx1024M -Dfile.encoding=windows-1256 -Duser.country=US -Duser.language=en -Duser.variant 
java_command: com.android.dx.command.Main --dex --force-jumbo --output E:\User\AndroidStudioProjects\Sunshine-Version-2\app\build\intermediates\pre-dexed\debug\instant-run_bdad2f8fe3a1ff2c2b373d24a9d7be698eab1c3f.jar E:\User\AndroidStudioProjects\Sunshine-Version-2\app\build\intermediates\incremental-runtime-classes\debug\instant-run.jar
java_class_path (initial): E:\User\AppData\Local\Android\sdk\build-tools\21.1.2\lib\dx.jar
Launcher Type: SUN_STANDARD

Environment Variables:
PATH=C:\oracle\product\10.2.0\db_2\bin;C:\oracle\product\10.2.0\db_1\bin;C:\ProgramData\Oracle\Java\javapath;C:\Windows\System32;C:\Windows\SysWOW64;C:\opencv248\build\x86\vc10\bin;C:\Python27;C:\Program Files (x86)\CodeBlocks\MinGW\bin;E:\programs\Matlab\R2013a\bin;C:\Program Files\IVI Foundation\VISA\Win64\Bin\;C:\Program Files (x86)\IVI Foundation\VISA\WinNT\Bin\;C:\Program Files (x86)\IVI Foundation\VISA\WinNT\Bin;C:\Program Files (x86)\Tesseract-OCR;E:\User\AppData\Local\Android\sdk\tools\lib;E:\Program Files\Git\cmd;E:\User\AppData\Local\Android\sdk\platform-tools;C:\Program Files\Canopy\User;C:\Program Files\Canopy\User\Scripts
USERNAME=user
OS=Windows_NT
PROCESSOR_IDENTIFIER=Intel64 Family 6 Model 58 Stepping 9, GenuineIntel



---------------  S Y S T E M  ---------------

OS: Windows 7 , 64 bit Build 7601 (6.1.7601.23572)

CPU:total 4 (2 cores per cpu, 2 threads per core) family 6 model 58 stepping 9, cmov, cx8, fxsr, mmx, sse, sse2, sse3, ssse3, sse4.1, sse4.2, popcnt, avx, aes, clmul, erms, ht, tsc, tscinvbit, tscinv

Memory: 4k page, physical 4094316k(140164k free), swap 5628456k(4916k free)

vm_info: Java HotSpot(TM) 64-Bit Server VM (25.91-b15) for windows-amd64 JRE (1.8.0_91-b15), built on May 20 2016 17:43:15 by "java_re" with MS VC++ 10.0 (VS2010)

time: Sat Jun 17 22:34:00 2017
elapsed time: 4 seconds (0d 0h 0m 4s)

