#
# There is insufficient memory for the Java Runtime Environment to continue.
# Native memory allocation (malloc) failed to allocate 419616 bytes for Chunk::new
# Possible reasons:
#   The system is out of physical RAM or swap space
#   In 32 bit mode, the process size limit was hit
# Possible solutions:
#   Reduce memory load on the system
#   Increase physical memory or swap space
#   Check if swap backing store is full
#   Use 64 bit Java on a 64 bit OS
#   Decrease Java heap size (-Xmx/-Xms)
#   Decrease number of Java threads
#   Decrease Java thread stack sizes (-Xss)
#   Set larger code cache with -XX:ReservedCodeCacheSize=
# This output file may be truncated or incomplete.
#
#  Out of Memory Error (allocation.cpp:390), pid=5716, tid=896
#
# JRE version: Java(TM) SE Runtime Environment (8.0_91-b15) (build 1.8.0_91-b15)
# Java VM: Java HotSpot(TM) 64-Bit Server VM (25.91-b15 mixed mode windows-amd64 compressed oops)
# Failed to write core dump. Minidumps are not enabled by default on client versions of Windows
#

---------------  T H R E A D  ---------------

Current thread (0x00000000560f9800):  JavaThread "C2 CompilerThread1" daemon [_thread_in_native, id=896, stack(0x0000000056ba0000,0x0000000056ca0000)]

Stack: [0x0000000056ba0000,0x0000000056ca0000]
[error occurred during error reporting (printing stack bounds), id 0xc0000005]

Native frames: (J=compiled Java code, j=interpreted, Vv=VM code, C=native code)


Current CompileTask:
C2:   2510 1065       4       com.android.dx.ssa.DeadCodeRemover::isCircularNoSideEffect (140 bytes)


---------------  P R O C E S S  ---------------

Java Threads: ( => current thread )
  0x00000000560fd000 JavaThread "Service Thread" daemon [_thread_blocked, id=4536, stack(0x0000000056e70000,0x0000000056f70000)]
  0x00000000560fa800 JavaThread "C1 CompilerThread2" daemon [_thread_blocked, id=5144, stack(0x0000000056520000,0x0000000056620000)]
=>0x00000000560f9800 JavaThread "C2 CompilerThread1" daemon [_thread_in_native, id=896, stack(0x0000000056ba0000,0x0000000056ca0000)]
  0x00000000560f7800 JavaThread "C2 CompilerThread0" daemon [_thread_in_native, id=5228, stack(0x00000000569c0000,0x0000000056ac0000)]
  0x00000000560f2800 JavaThread "Attach Listener" daemon [_thread_blocked, id=1428, stack(0x0000000056870000,0x0000000056970000)]
  0x0000000054bdd800 JavaThread "Signal Dispatcher" daemon [_thread_blocked, id=3572, stack(0x00000000566e0000,0x00000000567e0000)]
  0x0000000054bc9800 JavaThread "Finalizer" daemon [_thread_blocked, id=7156, stack(0x0000000055f30000,0x0000000056030000)]
  0x0000000054b82800 JavaThread "Reference Handler" daemon [_thread_blocked, id=2952, stack(0x0000000055c60000,0x0000000055d60000)]
  0x0000000001e88000 JavaThread "main" [_thread_in_Java, id=6108, stack(0x0000000002180000,0x0000000002280000)]

Other Threads:
  0x0000000054b7a800 VMThread [stack: 0x0000000055dc0000,0x0000000055ec0000] [id=6968]
  0x000000005619f000 WatcherThread [stack: 0x0000000056fe0000,0x00000000570e0000] [id=5304]

VM state:not at safepoint (normal execution)

VM Mutex/Monitor currently owned by a thread: None

Heap:
 PSYoungGen      total 18944K, used 14717K [0x00000000eab00000, 0x00000000ec000000, 0x0000000100000000)
  eden space 16384K, 74% used [0x00000000eab00000,0x00000000eb6e0c58,0x00000000ebb00000)
  from space 2560K, 99% used [0x00000000ebb00000,0x00000000ebd7ea98,0x00000000ebd80000)
  to   space 2560K, 0% used [0x00000000ebd80000,0x00000000ebd80000,0x00000000ec000000)
 ParOldGen       total 44032K, used 1527K [0x00000000c0000000, 0x00000000c2b00000, 0x00000000eab00000)
  object space 44032K, 3% used [0x00000000c0000000,0x00000000c017df70,0x00000000c2b00000)
 Metaspace       used 5574K, capacity 6768K, committed 7040K, reserved 1056768K
  class space    used 558K, capacity 616K, committed 640K, reserved 1048576K

Card table byte_map: [0x0000000011910000,0x0000000011b20000] byte_map_base: 0x0000000011310000

Marking Bits: (ParMarkBitMap*) 0x000000006d642f70
 Begin Bits: [0x0000000011ff0000, 0x0000000012ff0000)
 End Bits:   [0x0000000012ff0000, 0x0000000013ff0000)

Polling page: 0x0000000000110000

CodeCache: size=245760Kb used=4335Kb max_used=4335Kb free=241424Kb
 bounds [0x0000000002550000, 0x0000000002990000, 0x0000000011550000]
 total_blobs=1363 nmethods=1100 adapters=176
 compilation: enabled

Compilation events (10 events):
Event: 2.424 Thread 0x00000000560f9800 1065       4       com.android.dx.ssa.DeadCodeRemover::isCircularNoSideEffect (140 bytes)
Event: 2.431 Thread 0x00000000560f7800 1070       4       com.android.dx.ssa.SsaMethod::updateOneDefinition (70 bytes)
Event: 2.431 Thread 0x00000000560fa800 1066       3       com.android.dx.rop.code.DexTranslationAdvice::hasConstantOperation (163 bytes)
Event: 2.432 Thread 0x00000000560f7800 nmethod 1070 0x0000000002975f10 code [0x0000000002976040, 0x00000000029760b8]
Event: 2.432 Thread 0x00000000560f7800 1071       4       com.android.dx.ssa.SsaInsn::mapRegisters (35 bytes)
Event: 2.432 Thread 0x00000000560fa800 nmethod 1066 0x000000000297e190 code [0x000000000297e3e0, 0x000000000297fbf8]
Event: 2.432 Thread 0x00000000560fa800 1068       1       java.lang.Integer::intValue (5 bytes)
Event: 2.432 Thread 0x00000000560fa800 nmethod 1068 0x0000000002975c50 code [0x0000000002975da0, 0x0000000002975eb0]
Event: 2.432 Thread 0x00000000560fa800 1069       3       java.util.TreeMap$PrivateEntryIterator::nextEntry (54 bytes)
Event: 2.433 Thread 0x00000000560fa800 nmethod 1069 0x0000000002975590 code [0x0000000002975720, 0x0000000002975aa8]

GC Heap History (2 events):
Event: 2.071 GC heap before
{Heap before GC invocations=1 (full 0):
 PSYoungGen      total 18944K, used 16384K [0x00000000eab00000, 0x00000000ec000000, 0x0000000100000000)
  eden space 16384K, 100% used [0x00000000eab00000,0x00000000ebb00000,0x00000000ebb00000)
  from space 2560K, 0% used [0x00000000ebd80000,0x00000000ebd80000,0x00000000ec000000)
  to   space 2560K, 0% used [0x00000000ebb00000,0x00000000ebb00000,0x00000000ebd80000)
 ParOldGen       total 44032K, used 0K [0x00000000c0000000, 0x00000000c2b00000, 0x00000000eab00000)
  object space 44032K, 0% used [0x00000000c0000000,0x00000000c0000000,0x00000000c2b00000)
 Metaspace       used 5531K, capacity 6704K, committed 6784K, reserved 1056768K
  class space    used 558K, capacity 616K, committed 640K, reserved 1048576K
Event: 2.215 GC heap after
Heap after GC invocations=1 (full 0):
 PSYoungGen      total 18944K, used 2554K [0x00000000eab00000, 0x00000000ec000000, 0x0000000100000000)
  eden space 16384K, 0% used [0x00000000eab00000,0x00000000eab00000,0x00000000ebb00000)
  from space 2560K, 99% used [0x00000000ebb00000,0x00000000ebd7ea98,0x00000000ebd80000)
  to   space 2560K, 0% used [0x00000000ebd80000,0x00000000ebd80000,0x00000000ec000000)
 ParOldGen       total 44032K, used 1527K [0x00000000c0000000, 0x00000000c2b00000, 0x00000000eab00000)
  object space 44032K, 3% used [0x00000000c0000000,0x00000000c017df70,0x00000000c2b00000)
 Metaspace       used 5531K, capacity 6704K, committed 6784K, reserved 1056768K
  class space    used 558K, capacity 616K, committed 640K, reserved 1048576K
}

Deoptimization events (6 events):
Event: 1.330 Thread 0x0000000001e88000 Uncommon trap: reason=unstable_if action=reinterpret pc=0x0000000002754a44 method=java.util.HashMap.getNode(ILjava/lang/Object;)Ljava/util/HashMap$Node; @ 129
Event: 1.986 Thread 0x0000000001e88000 Uncommon trap: reason=class_check action=maybe_recompile pc=0x0000000002839b9c method=com.android.dx.ssa.NormalSsaInsn.accept(Lcom/android/dx/ssa/SsaInsn$Visitor;)V @ 9
Event: 1.986 Thread 0x0000000001e88000 Uncommon trap: reason=class_check action=maybe_recompile pc=0x0000000002839b9c method=com.android.dx.ssa.NormalSsaInsn.accept(Lcom/android/dx/ssa/SsaInsn$Visitor;)V @ 9
Event: 1.986 Thread 0x0000000001e88000 Uncommon trap: reason=class_check action=maybe_recompile pc=0x0000000002839b9c method=com.android.dx.ssa.NormalSsaInsn.accept(Lcom/android/dx/ssa/SsaInsn$Visitor;)V @ 9
Event: 1.991 Thread 0x0000000001e88000 Uncommon trap: reason=class_check action=maybe_recompile pc=0x0000000002839b9c method=com.android.dx.ssa.NormalSsaInsn.accept(Lcom/android/dx/ssa/SsaInsn$Visitor;)V @ 9
Event: 1.994 Thread 0x0000000001e88000 Uncommon trap: reason=class_check action=maybe_recompile pc=0x00000000027b4960 method=com.android.dx.ssa.NormalSsaInsn.accept(Lcom/android/dx/ssa/SsaInsn$Visitor;)V @ 9

Internal exceptions (2 events):
Event: 0.066 Thread 0x0000000001e88000 Exception <a 'java/lang/NoSuchMethodError': Method sun.misc.Unsafe.defineClass(Ljava/lang/String;[BII)Ljava/lang/Class; name or signature does not match> (0x00000000eab07cc0) thrown at [C:\re\workspace\8-2-build-windows-amd64-cygwin\jdk8u91\7017\hotspot\sróž°Cý°?
Event: 0.066 Thread 0x0000000001e88000 Exception <a 'java/lang/NoSuchMethodError': Method sun.misc.Unsafe.prefetchRead(Ljava/lang/Object;J)V name or signature does not match> (0x00000000eab07fa8) thrown at [C:\re\workspace\8-2-build-windows-amd64-cygwin\jdk8u91\7017\hotspot\src\share\vm\prims\j

Events (10 events):
Event: 2.071 Executing VM operation: ParallelGCFailedAllocation
Event: 2.215 Executing VM operation: ParallelGCFailedAllocation done
Event: 2.385 Thread 0x0000000001e88000 DEOPT PACKING pc=0x00000000027f41fa sp=0x000000000227e660
Event: 2.385 Thread 0x0000000001e88000 DEOPT UNPACKING pc=0x000000000259787f sp=0x000000000227e3c8 mode 0
Event: 2.389 Thread 0x0000000001e88000 DEOPT PACKING pc=0x00000000027f41fa sp=0x000000000227e660
Event: 2.389 Thread 0x0000000001e88000 DEOPT UNPACKING pc=0x000000000259787f sp=0x000000000227e3c8 mode 0
Event: 2.392 Thread 0x0000000001e88000 DEOPT PACKING pc=0x00000000027f41fa sp=0x000000000227e660
Event: 2.392 Thread 0x0000000001e88000 DEOPT UNPACKING pc=0x000000000259787f sp=0x000000000227e3c8 mode 0
Event: 2.393 Thread 0x0000000001e88000 DEOPT PACKING pc=0x00000000027f41fa sp=0x000000000227e660
Event: 2.393 Thread 0x0000000001e88000 DEOPT UNPACKING pc=0x000000000259787f sp=0x000000000227e3c8 mode 0


Dynamic libraries:
0x000000013f250000 - 0x000000013f287000 	C:\Program Files\Java\jdk1.8.0_91\bin\java.exe
0x0000000077690000 - 0x000000007783a000 	C:\Windows\SYSTEM32\ntdll.dll
0x0000000077470000 - 0x000000007758f000 	C:\Windows\system32\kernel32.dll
0x000007fefd3e0000 - 0x000007fefd44a000 	C:\Windows\system32\KERNELBASE.dll
0x000007feff6d0000 - 0x000007feff7ab000 	C:\Windows\system32\ADVAPI32.dll
0x000007feff900000 - 0x000007feff99f000 	C:\Windows\system32\msvcrt.dll
0x000007feff340000 - 0x000007feff35f000 	C:\Windows\SYSTEM32\sechost.dll
0x000007fefec60000 - 0x000007fefed8d000 	C:\Windows\system32\RPCRT4.dll
0x0000000077590000 - 0x000000007768a000 	C:\Windows\system32\USER32.dll
0x000007fefed90000 - 0x000007fefedf7000 	C:\Windows\system32\GDI32.dll
0x000007fefd960000 - 0x000007fefd96e000 	C:\Windows\system32\LPK.dll
0x000007fefd890000 - 0x000007fefd95a000 	C:\Windows\system32\USP10.dll
0x000007fefc430000 - 0x000007fefc624000 	C:\Windows\WinSxS\amd64_microsoft.windows.common-controls_6595b64144ccf1df_6.0.7601.17514_none_fa396087175ac9ac\COMCTL32.dll
0x000007fefef80000 - 0x000007fefeff1000 	C:\Windows\system32\SHLWAPI.dll
0x000007fefe700000 - 0x000007fefe72e000 	C:\Windows\system32\IMM32.DLL
0x000007fefd780000 - 0x000007fefd889000 	C:\Windows\system32\MSCTF.dll
0x000000006f8e0000 - 0x000000006f9b2000 	C:\Program Files\Java\jdk1.8.0_91\jre\bin\msvcr100.dll
0x000000006ce30000 - 0x000000006d6c3000 	C:\Program Files\Java\jdk1.8.0_91\jre\bin\server\jvm.dll
0x000007fef0bc0000 - 0x000007fef0bc9000 	C:\Windows\system32\WSOCK32.dll
0x000007fefec10000 - 0x000007fefec5d000 	C:\Windows\system32\WS2_32.dll
0x000007feff7b0000 - 0x000007feff7b8000 	C:\Windows\system32\NSI.dll
0x000007fefb350000 - 0x000007fefb38b000 	C:\Windows\system32\WINMM.dll
0x000007fefc0f0000 - 0x000007fefc0fc000 	C:\Windows\system32\VERSION.dll
0x0000000077850000 - 0x0000000077857000 	C:\Windows\system32\PSAPI.DLL
0x0000000074a90000 - 0x0000000074a9f000 	C:\Program Files\Java\jdk1.8.0_91\jre\bin\verify.dll
0x0000000073df0000 - 0x0000000073e19000 	C:\Program Files\Java\jdk1.8.0_91\jre\bin\java.dll
0x0000000073dd0000 - 0x0000000073de6000 	C:\Program Files\Java\jdk1.8.0_91\jre\bin\zip.dll
0x000007fefd970000 - 0x000007fefe6f8000 	C:\Windows\system32\SHELL32.dll
0x000007fefea00000 - 0x000007fefec03000 	C:\Windows\system32\ole32.dll
0x000007fefd3d0000 - 0x000007fefd3df000 	C:\Windows\system32\profapi.dll

VM Arguments:
jvm_args: -Djava.awt.headless=true -Xmx1024M -Dfile.encoding=windows-1256 -Duser.country=US -Duser.language=en -Duser.variant 
java_command: com.android.dx.command.Main --dex --force-jumbo --output E:\User\AndroidStudioProjects\Sunshine-Version-2\app\build\intermediates\pre-dexed\debug\instant-run_bdad2f8fe3a1ff2c2b373d24a9d7be698eab1c3f.jar E:\User\AndroidStudioProjects\Sunshine-Version-2\app\build\intermediates\incremental-runtime-classes\debug\instant-run.jar
java_class_path (initial): E:\User\AppData\Local\Android\sdk\build-tools\21.1.2\lib\dx.jar
Launcher Type: SUN_STANDARD

Environment Variables:
PATH=C:\oracle\product\10.2.0\db_2\bin;C:\oracle\product\10.2.0\db_1\bin;C:\ProgramData\Oracle\Java\javapath;C:\Windows\System32;C:\Windows\SysWOW64;C:\opencv248\build\x86\vc10\bin;C:\Python27;C:\Program Files (x86)\CodeBlocks\MinGW\bin;E:\programs\Matlab\R2013a\bin;C:\Program Files\IVI Foundation\VISA\Win64\Bin\;C:\Program Files (x86)\IVI Foundation\VISA\WinNT\Bin\;C:\Program Files (x86)\IVI Foundation\VISA\WinNT\Bin;C:\Program Files (x86)\Tesseract-OCR;E:\User\AppData\Local\Android\sdk\tools\lib;E:\Program Files\Git\cmd;E:\User\AppData\Local\Android\sdk\platform-tools;C:\Program Files\Canopy\User;C:\Program Files\Canopy\User\Scripts
USERNAME=user
OS=Windows_NT
PROCESSOR_IDENTIFIER=Intel64 Family 6 Model 58 Stepping 9, GenuineIntel



---------------  S Y S T E M  ---------------

OS: Windows 7 , 64 bit Build 7601 (6.1.7601.23572)

CPU:total 4 (2 cores per cpu, 2 threads per core) family 6 model 58 stepping 9, cmov, cx8, fxsr, mmx, sse, sse2, sse3, ssse3, sse4.1, sse4.2, popcnt, avx, aes, clmul, erms, ht, tsc, tscinvbit, tscinv

Memory: 4k page, physical 4094316k(141788k free), swap 5628456k(5048k free)

vm_info: Java HotSpot(TM) 64-Bit Server VM (25.91-b15) for windows-amd64 JRE (1.8.0_91-b15), built on May 20 2016 17:43:15 by "java_re" with MS VC++ 10.0 (VS2010)

time: Sat Jun 17 20:57:35 2017
elapsed time: 2 seconds (0d 0h 0m 2s)

