#
# There is insufficient memory for the Java Runtime Environment to continue.
# Native memory allocation (malloc) failed to allocate 704496 bytes for Chunk::new
# Possible reasons:
#   The system is out of physical RAM or swap space
#   In 32 bit mode, the process size limit was hit
# Possible solutions:
#   Reduce memory load on the system
#   Increase physical memory or swap space
#   Check if swap backing store is full
#   Use 64 bit Java on a 64 bit OS
#   Decrease Java heap size (-Xmx/-Xms)
#   Decrease number of Java threads
#   Decrease Java thread stack sizes (-Xss)
#   Set larger code cache with -XX:ReservedCodeCacheSize=
# This output file may be truncated or incomplete.
#
#  Out of Memory Error (allocation.cpp:390), pid=6320, tid=6960
#
# JRE version: Java(TM) SE Runtime Environment (8.0_91-b15) (build 1.8.0_91-b15)
# Java VM: Java HotSpot(TM) 64-Bit Server VM (25.91-b15 mixed mode windows-amd64 compressed oops)
# Failed to write core dump. Minidumps are not enabled by default on client versions of Windows
#

---------------  T H R E A D  ---------------

Current thread (0x0000000054d2b000):  JavaThread "C2 CompilerThread1" daemon [_thread_in_native, id=6960, stack(0x00000000567c0000,0x00000000568c0000)]

Stack: [0x00000000567c0000,0x00000000568c0000]
[error occurred during error reporting (printing stack bounds), id 0xc0000005]

Native frames: (J=compiled Java code, j=interpreted, Vv=VM code, C=native code)


Current CompileTask:
C2:   4717 1415       4       com.android.dx.ssa.SsaMethod::forEachBlockDepthFirst (194 bytes)


---------------  P R O C E S S  ---------------

Java Threads: ( => current thread )
  0x0000000056138000 JavaThread "Service Thread" daemon [_thread_blocked, id=1488, stack(0x0000000056c70000,0x0000000056d70000)]
  0x0000000056132000 JavaThread "C1 CompilerThread2" daemon [_thread_blocked, id=7148, stack(0x0000000056a90000,0x0000000056b90000)]
=>0x0000000054d2b000 JavaThread "C2 CompilerThread1" daemon [_thread_in_native, id=6960, stack(0x00000000567c0000,0x00000000568c0000)]
  0x00000000560d7800 JavaThread "C2 CompilerThread0" daemon [_thread_in_native, id=7096, stack(0x0000000056680000,0x0000000056780000)]
  0x00000000560d2800 JavaThread "Attach Listener" daemon [_thread_blocked, id=6364, stack(0x00000000564d0000,0x00000000565d0000)]
  0x0000000054d1d800 JavaThread "Signal Dispatcher" daemon [_thread_blocked, id=6392, stack(0x0000000055e80000,0x0000000055f80000)]
  0x0000000054d09800 JavaThread "Finalizer" daemon [_thread_blocked, id=6768, stack(0x0000000055fd0000,0x00000000560d0000)]
  0x0000000054cc2800 JavaThread "Reference Handler" daemon [_thread_blocked, id=4040, stack(0x0000000055d80000,0x0000000055e80000)]
  0x0000000001d18000 JavaThread "main" [_thread_in_Java, id=1092, stack(0x0000000001fd0000,0x00000000020d0000)]

Other Threads:
  0x0000000054cba800 VMThread [stack: 0x0000000055c80000,0x0000000055d80000] [id=6508]
  0x0000000056190000 WatcherThread [stack: 0x0000000056da0000,0x0000000056ea0000] [id=5964]

VM state:not at safepoint (normal execution)

VM Mutex/Monitor currently owned by a thread: None

Heap:
 PSYoungGen      total 35328K, used 14534K [0x00000000eab00000, 0x00000000ed000000, 0x0000000100000000)
  eden space 32768K, 36% used [0x00000000eab00000,0x00000000eb6b9af8,0x00000000ecb00000)
  from space 2560K, 98% used [0x00000000ecd80000,0x00000000ecff8048,0x00000000ed000000)
  to   space 2560K, 0% used [0x00000000ecb00000,0x00000000ecb00000,0x00000000ecd80000)
 ParOldGen       total 44032K, used 4128K [0x00000000c0000000, 0x00000000c2b00000, 0x00000000eab00000)
  object space 44032K, 9% used [0x00000000c0000000,0x00000000c0408030,0x00000000c2b00000)
 Metaspace       used 5872K, capacity 7024K, committed 7296K, reserved 1056768K
  class space    used 560K, capacity 616K, committed 640K, reserved 1048576K

Card table byte_map: [0x0000000011760000,0x0000000011970000] byte_map_base: 0x0000000011160000

Marking Bits: (ParMarkBitMap*) 0x000000006ad92f70
 Begin Bits: [0x0000000012130000, 0x0000000013130000)
 End Bits:   [0x0000000013130000, 0x0000000014130000)

Polling page: 0x0000000000220000

CodeCache: size=245760Kb used=6042Kb max_used=6042Kb free=239717Kb
 bounds [0x00000000023a0000, 0x0000000002990000, 0x00000000113a0000]
 total_blobs=1716 nmethods=1453 adapters=176
 compilation: enabled

Compilation events (10 events):
Event: 4.703 Thread 0x0000000056132000 1458       3       com.android.dx.cf.direct.DirectClassFile::getFields (9 bytes)
Event: 4.703 Thread 0x0000000056132000 nmethod 1458 0x000000000298af10 code [0x000000000298b080, 0x000000000298b2c8]
Event: 4.703 Thread 0x0000000056132000 1459       3       com.android.dx.cf.direct.DirectClassFile::getMethods (9 bytes)
Event: 4.704 Thread 0x0000000056132000 nmethod 1459 0x000000000298b390 code [0x000000000298b500, 0x000000000298b748]
Event: 4.707 Thread 0x0000000056132000 1460       1       com.android.dx.dex.file.ClassDefItem::getThisClass (5 bytes)
Event: 4.707 Thread 0x0000000056132000 nmethod 1460 0x000000000298b810 code [0x000000000298b960, 0x000000000298ba70]
Event: 4.714 Thread 0x0000000056132000 1461       3       com.android.dx.rop.code.ThrowingInsn::accept (8 bytes)
Event: 4.715 Thread 0x0000000056132000 nmethod 1461 0x000000000298bad0 code [0x000000000298bc40, 0x000000000298be68]
Event: 4.715 Thread 0x0000000056132000 1462       3       com.android.dx.dex.code.SimpleInsn::<init> (8 bytes)
Event: 4.715 Thread 0x0000000056132000 nmethod 1462 0x000000000298bf50 code [0x000000000298c0c0, 0x000000000298c2a8]

GC Heap History (4 events):
Event: 3.115 GC heap before
{Heap before GC invocations=1 (full 0):
 PSYoungGen      total 18944K, used 16384K [0x00000000eab00000, 0x00000000ec000000, 0x0000000100000000)
  eden space 16384K, 100% used [0x00000000eab00000,0x00000000ebb00000,0x00000000ebb00000)
  from space 2560K, 0% used [0x00000000ebd80000,0x00000000ebd80000,0x00000000ec000000)
  to   space 2560K, 0% used [0x00000000ebb00000,0x00000000ebb00000,0x00000000ebd80000)
 ParOldGen       total 44032K, used 0K [0x00000000c0000000, 0x00000000c2b00000, 0x00000000eab00000)
  object space 44032K, 0% used [0x00000000c0000000,0x00000000c0000000,0x00000000c2b00000)
 Metaspace       used 5582K, capacity 6768K, committed 7040K, reserved 1056768K
  class space    used 557K, capacity 616K, committed 640K, reserved 1048576K
Event: 3.453 GC heap after
Heap after GC invocations=1 (full 0):
 PSYoungGen      total 18944K, used 2551K [0x00000000eab00000, 0x00000000ed000000, 0x0000000100000000)
  eden space 16384K, 0% used [0x00000000eab00000,0x00000000eab00000,0x00000000ebb00000)
  from space 2560K, 99% used [0x00000000ebb00000,0x00000000ebd7dc78,0x00000000ebd80000)
  to   space 2560K, 0% used [0x00000000ecd80000,0x00000000ecd80000,0x00000000ed000000)
 ParOldGen       total 44032K, used 1623K [0x00000000c0000000, 0x00000000c2b00000, 0x00000000eab00000)
  object space 44032K, 3% used [0x00000000c0000000,0x00000000c0195c00,0x00000000c2b00000)
 Metaspace       used 5582K, capacity 6768K, committed 7040K, reserved 1056768K
  class space    used 557K, capacity 616K, committed 640K, reserved 1048576K
}
Event: 4.013 GC heap before
{Heap before GC invocations=2 (full 0):
 PSYoungGen      total 18944K, used 18935K [0x00000000eab00000, 0x00000000ed000000, 0x0000000100000000)
  eden space 16384K, 100% used [0x00000000eab00000,0x00000000ebb00000,0x00000000ebb00000)
  from space 2560K, 99% used [0x00000000ebb00000,0x00000000ebd7dc78,0x00000000ebd80000)
  to   space 2560K, 0% used [0x00000000ecd80000,0x00000000ecd80000,0x00000000ed000000)
 ParOldGen       total 44032K, used 1623K [0x00000000c0000000, 0x00000000c2b00000, 0x00000000eab00000)
  object space 44032K, 3% used [0x00000000c0000000,0x00000000c0195c00,0x00000000c2b00000)
 Metaspace       used 5824K, capacity 6960K, committed 7040K, reserved 1056768K
  class space    used 560K, capacity 616K, committed 640K, reserved 1048576K
Event: 4.425 GC heap after
Heap after GC invocations=2 (full 0):
 PSYoungGen      total 35328K, used 2528K [0x00000000eab00000, 0x00000000ed000000, 0x0000000100000000)
  eden space 32768K, 0% used [0x00000000eab00000,0x00000000eab00000,0x00000000ecb00000)
  from space 2560K, 98% used [0x00000000ecd80000,0x00000000ecff8048,0x00000000ed000000)
  to   space 2560K, 0% used [0x00000000ecb00000,0x00000000ecb00000,0x00000000ecd80000)
 ParOldGen       total 44032K, used 4128K [0x00000000c0000000, 0x00000000c2b00000, 0x00000000eab00000)
  object space 44032K, 9% used [0x00000000c0000000,0x00000000c0408030,0x00000000c2b00000)
 Metaspace       used 5824K, capacity 6960K, committed 7040K, reserved 1056768K
  class space    used 560K, capacity 616K, committed 640K, reserved 1048576K
}

Deoptimization events (10 events):
Event: 2.361 Thread 0x0000000001d18000 Uncommon trap: reason=unstable_if action=reinterpret pc=0x00000000025c9f64 method=java.util.HashMap.getNode(ILjava/lang/Object;)Ljava/util/HashMap$Node; @ 62
Event: 2.625 Thread 0x0000000001d18000 Uncommon trap: reason=unstable_if action=reinterpret pc=0x00000000025a78a0 method=java.util.BitSet.nextSetBit(I)I @ 87
Event: 2.844 Thread 0x0000000001d18000 Uncommon trap: reason=unstable_if action=reinterpret pc=0x00000000026adb58 method=java.lang.String.<init>([CII)V @ 18
Event: 2.946 Thread 0x0000000001d18000 Uncommon trap: reason=unstable_if action=reinterpret pc=0x0000000002646164 method=java.util.BitSet.ensureCapacity(I)V @ 6
Event: 3.488 Thread 0x0000000001d18000 Uncommon trap: reason=unstable_if action=reinterpret pc=0x0000000002737710 method=com.android.dx.rop.code.LocalItem.hashCode()I @ 25
Event: 3.488 Thread 0x0000000001d18000 Uncommon trap: reason=unstable_if action=reinterpret pc=0x0000000002712b5c method=com.android.dx.rop.code.LocalItem.hashCode()I @ 25
Event: 3.682 Thread 0x0000000001d18000 Uncommon trap: reason=unstable_if action=reinterpret pc=0x000000000279c49c method=com.android.dx.rop.code.RegisterSpecSet.put(Lcom/android/dx/rop/code/RegisterSpec;)V @ 77
Event: 3.682 Thread 0x0000000001d18000 Uncommon trap: reason=unstable_if action=reinterpret pc=0x00000000027d9958 method=com.android.dx.rop.code.RegisterSpecSet.put(Lcom/android/dx/rop/code/RegisterSpec;)V @ 77
Event: 3.746 Thread 0x0000000001d18000 Uncommon trap: reason=unstable_if action=reinterpret pc=0x0000000002869e00 method=com.android.dx.ssa.SsaRenamer$BlockRenamer.addMapping(ILcom/android/dx/rop/code/RegisterSpec;)V @ 120
Event: 3.949 Thread 0x0000000001d18000 Uncommon trap: reason=unstable_if action=reinterpret pc=0x00000000026df984 method=com.android.dx.rop.cst.Constant.compareTo(Lcom/android/dx/rop/cst/Constant;)I @ 12

Internal exceptions (2 events):
Event: 0.054 Thread 0x0000000001d18000 Exception <a 'java/lang/NoSuchMethodError': Method sun.misc.Unsafe.defineClass(Ljava/lang/String;[BII)Ljava/lang/Class; name or signature does not match> (0x00000000eab07cc0) thrown at [C:\re\workspace\8-2-build-windows-amd64-cygwin\jdk8u91\7017\hotspot\srv´Åü´?
Event: 0.054 Thread 0x0000000001d18000 Exception <a 'java/lang/NoSuchMethodError': Method sun.misc.Unsafe.prefetchRead(Ljava/lang/Object;J)V name or signature does not match> (0x00000000eab07fa8) thrown at [C:\re\workspace\8-2-build-windows-amd64-cygwin\jdk8u91\7017\hotspot\src\share\vm\prims\j

Events (10 events):
Event: 3.746 Thread 0x0000000001d18000 DEOPT UNPACKING pc=0x00000000023e582a sp=0x00000000020ce410 mode 2
Event: 3.747 loading class java/util/DualPivotQuicksort
Event: 3.754 loading class java/util/DualPivotQuicksort done
Event: 3.890 loading class com/android/dx/cf/attrib/AttExceptions
Event: 3.890 loading class com/android/dx/cf/attrib/AttExceptions done
Event: 3.949 Thread 0x0000000001d18000 Uncommon trap: trap_request=0xffffff65 fr.pc=0x00000000026df984
Event: 3.949 Thread 0x0000000001d18000 DEOPT PACKING pc=0x00000000026df984 sp=0x00000000020ce160
Event: 3.949 Thread 0x0000000001d18000 DEOPT UNPACKING pc=0x00000000023e582a sp=0x00000000020ce100 mode 2
Event: 4.012 Executing VM operation: ParallelGCFailedAllocation
Event: 4.425 Executing VM operation: ParallelGCFailedAllocation done


Dynamic libraries:
0x000000013fd80000 - 0x000000013fdb7000 	C:\Program Files\Java\jdk1.8.0_91\bin\java.exe
0x0000000077470000 - 0x0000000077619000 	C:\Windows\SYSTEM32\ntdll.dll
0x0000000077350000 - 0x000000007746f000 	C:\Windows\system32\kernel32.dll
0x000007fefd570000 - 0x000007fefd5db000 	C:\Windows\system32\KERNELBASE.dll
0x000007fefdb20000 - 0x000007fefdbfb000 	C:\Windows\system32\ADVAPI32.dll
0x000007fefda80000 - 0x000007fefdb1f000 	C:\Windows\system32\msvcrt.dll
0x000007fefd5e0000 - 0x000007fefd5ff000 	C:\Windows\SYSTEM32\sechost.dll
0x000007fefe1b0000 - 0x000007fefe2dd000 	C:\Windows\system32\RPCRT4.dll
0x0000000077250000 - 0x000000007734a000 	C:\Windows\system32\USER32.dll
0x000007fefdc00000 - 0x000007fefdc67000 	C:\Windows\system32\GDI32.dll
0x000007fefe0b0000 - 0x000007fefe0be000 	C:\Windows\system32\LPK.dll
0x000007fefdfe0000 - 0x000007fefe0a9000 	C:\Windows\system32\USP10.dll
0x000007fefc2e0000 - 0x000007fefc4d4000 	C:\Windows\WinSxS\amd64_microsoft.windows.common-controls_6595b64144ccf1df_6.0.7601.17514_none_fa396087175ac9ac\COMCTL32.dll
0x000007fefe130000 - 0x000007fefe1a1000 	C:\Windows\system32\SHLWAPI.dll
0x000007feff750000 - 0x000007feff77e000 	C:\Windows\system32\IMM32.DLL
0x000007fefe8b0000 - 0x000007fefe9b9000 	C:\Windows\system32\MSCTF.dll
0x0000000063ba0000 - 0x0000000063c72000 	C:\Program Files\Java\jdk1.8.0_91\jre\bin\msvcr100.dll
0x000000006a580000 - 0x000000006ae13000 	C:\Program Files\Java\jdk1.8.0_91\jre\bin\server\jvm.dll
0x000007fef8da0000 - 0x000007fef8da9000 	C:\Windows\system32\WSOCK32.dll
0x000007fefe0e0000 - 0x000007fefe12d000 	C:\Windows\system32\WS2_32.dll
0x000007fefd600000 - 0x000007fefd608000 	C:\Windows\system32\NSI.dll
0x000007fefb1a0000 - 0x000007fefb1db000 	C:\Windows\system32\WINMM.dll
0x000007fefbf80000 - 0x000007fefbf8c000 	C:\Windows\system32\VERSION.dll
0x0000000077640000 - 0x0000000077647000 	C:\Windows\system32\PSAPI.DLL
0x00000000747c0000 - 0x00000000747cf000 	C:\Program Files\Java\jdk1.8.0_91\jre\bin\verify.dll
0x0000000074790000 - 0x00000000747b9000 	C:\Program Files\Java\jdk1.8.0_91\jre\bin\java.dll
0x0000000074770000 - 0x0000000074786000 	C:\Program Files\Java\jdk1.8.0_91\jre\bin\zip.dll
0x000007fefe9c0000 - 0x000007feff748000 	C:\Windows\system32\SHELL32.dll
0x000007fefd690000 - 0x000007fefd893000 	C:\Windows\system32\ole32.dll
0x000007fefd230000 - 0x000007fefd23f000 	C:\Windows\system32\profapi.dll

VM Arguments:
jvm_args: -Djava.awt.headless=true -Xmx1024M -Dfile.encoding=windows-1256 -Duser.country=US -Duser.language=en -Duser.variant 
java_command: com.android.dx.command.Main --dex --force-jumbo --output E:\User\AndroidStudioProjects\Sunshine-Version-2\app\build\intermediates\pre-dexed\debug\internal_impl-21.0.3_b7ef93a3d117c3c33ccb191ab9191289961179ae.jar E:\User\AndroidStudioProjects\Sunshine-Version-2\app\build\intermediates\exploded-aar\com.android.support\support-v4\21.0.3\jars\libs\internal_impl-21.0.3.jar
java_class_path (initial): E:\User\AppData\Local\Android\sdk\build-tools\21.1.2\lib\dx.jar
Launcher Type: SUN_STANDARD

Environment Variables:
PATH=C:\oracle\product\10.2.0\db_2\bin;C:\oracle\product\10.2.0\db_1\bin;C:\ProgramData\Oracle\Java\javapath;C:\Windows\System32;C:\Windows\SysWOW64;C:\opencv248\build\x86\vc10\bin;C:\Python27;C:\Program Files (x86)\CodeBlocks\MinGW\bin;E:\programs\Matlab\R2013a\bin;C:\Program Files\IVI Foundation\VISA\Win64\Bin\;C:\Program Files (x86)\IVI Foundation\VISA\WinNT\Bin\;C:\Program Files (x86)\IVI Foundation\VISA\WinNT\Bin;C:\Program Files (x86)\Tesseract-OCR;E:\User\AppData\Local\Android\sdk\tools\lib;E:\Program Files\Git\cmd;E:\User\AppData\Local\Android\sdk\platform-tools;C:\Program Files\Canopy\User;C:\Program Files\Canopy\User\Scripts
USERNAME=user
OS=Windows_NT
PROCESSOR_IDENTIFIER=Intel64 Family 6 Model 58 Stepping 9, GenuineIntel



---------------  S Y S T E M  ---------------

OS: Windows 7 , 64 bit Build 7601 (6.1.7601.18015)

CPU:total 4 (2 cores per cpu, 2 threads per core) family 6 model 58 stepping 9, cmov, cx8, fxsr, mmx, sse, sse2, sse3, ssse3, sse4.1, sse4.2, popcnt, avx, aes, clmul, erms, ht, tsc, tscinvbit, tscinv

Memory: 4k page, physical 4094316k(304288k free), swap 5367192k(5676k free)

vm_info: Java HotSpot(TM) 64-Bit Server VM (25.91-b15) for windows-amd64 JRE (1.8.0_91-b15), built on May 20 2016 17:43:15 by "java_re" with MS VC++ 10.0 (VS2010)

time: Tue Aug 02 22:24:27 2016
elapsed time: 4 seconds (0d 0h 0m 4s)

