#
# There is insufficient memory for the Java Runtime Environment to continue.
# Native memory allocation (malloc) failed to allocate 1370416 bytes for Chunk::new
# Possible reasons:
#   The system is out of physical RAM or swap space
#   In 32 bit mode, the process size limit was hit
# Possible solutions:
#   Reduce memory load on the system
#   Increase physical memory or swap space
#   Check if swap backing store is full
#   Use 64 bit Java on a 64 bit OS
#   Decrease Java heap size (-Xmx/-Xms)
#   Decrease number of Java threads
#   Decrease Java thread stack sizes (-Xss)
#   Set larger code cache with -XX:ReservedCodeCacheSize=
# This output file may be truncated or incomplete.
#
#  Out of Memory Error (allocation.cpp:390), pid=5908, tid=2688
#
# JRE version: Java(TM) SE Runtime Environment (8.0_91-b15) (build 1.8.0_91-b15)
# Java VM: Java HotSpot(TM) 64-Bit Server VM (25.91-b15 mixed mode windows-amd64 compressed oops)
# Failed to write core dump. Minidumps are not enabled by default on client versions of Windows
#

---------------  T H R E A D  ---------------

Current thread (0x00000000561e9800):  JavaThread "C2 CompilerThread1" daemon [_thread_in_native, id=2688, stack(0x0000000056a20000,0x0000000056b20000)]

Stack: [0x0000000056a20000,0x0000000056b20000]
[error occurred during error reporting (printing stack bounds), id 0xc0000005]

Native frames: (J=compiled Java code, j=interpreted, Vv=VM code, C=native code)


Current CompileTask:
C2:  12939 1593   !   4       com.android.dx.cf.code.Ropper::processBlock (1101 bytes)


---------------  P R O C E S S  ---------------

Java Threads: ( => current thread )
  0x000000005624a800 JavaThread "Service Thread" daemon [_thread_blocked, id=4548, stack(0x0000000056e60000,0x0000000056f60000)]
  0x00000000561ea800 JavaThread "C1 CompilerThread2" daemon [_thread_blocked, id=4752, stack(0x0000000056c10000,0x0000000056d10000)]
=>0x00000000561e9800 JavaThread "C2 CompilerThread1" daemon [_thread_in_native, id=2688, stack(0x0000000056a20000,0x0000000056b20000)]
  0x00000000561e7800 JavaThread "C2 CompilerThread0" daemon [_thread_in_native, id=5364, stack(0x0000000056900000,0x0000000056a00000)]
  0x00000000561e2800 JavaThread "Attach Listener" daemon [_thread_blocked, id=5184, stack(0x0000000056800000,0x0000000056900000)]
  0x0000000054f3d800 JavaThread "Signal Dispatcher" daemon [_thread_blocked, id=4816, stack(0x0000000056620000,0x0000000056720000)]
  0x0000000054f23800 JavaThread "Finalizer" daemon [_thread_blocked, id=5940, stack(0x00000000560e0000,0x00000000561e0000)]
  0x0000000054ee2000 JavaThread "Reference Handler" daemon [_thread_blocked, id=5116, stack(0x0000000055fd0000,0x00000000560d0000)]
  0x0000000001eb8000 JavaThread "main" [_thread_in_native, id=6048, stack(0x0000000002060000,0x0000000002160000)]

Other Threads:
  0x0000000054eda800 VMThread [stack: 0x0000000055e90000,0x0000000055f90000] [id=5992]
  0x00000000562a8000 WatcherThread [stack: 0x0000000056fd0000,0x00000000570d0000] [id=5748]

VM state:not at safepoint (normal execution)

VM Mutex/Monitor currently owned by a thread: None

Heap:
 PSYoungGen      total 68096K, used 18148K [0x00000000eab00000, 0x00000000ef000000, 0x0000000100000000)
  eden space 65536K, 23% used [0x00000000eab00000,0x00000000eba3db50,0x00000000eeb00000)
  from space 2560K, 99% used [0x00000000eed80000,0x00000000eeffb4e8,0x00000000ef000000)
  to   space 2560K, 0% used [0x00000000eeb00000,0x00000000eeb00000,0x00000000eed80000)
 ParOldGen       total 44032K, used 24254K [0x00000000c0000000, 0x00000000c2b00000, 0x00000000eab00000)
  object space 44032K, 55% used [0x00000000c0000000,0x00000000c17af8d8,0x00000000c2b00000)
 Metaspace       used 5690K, capacity 6960K, committed 7040K, reserved 1056768K
  class space    used 551K, capacity 616K, committed 640K, reserved 1048576K

Card table byte_map: [0x00000000118a0000,0x0000000011ab0000] byte_map_base: 0x00000000112a0000

Marking Bits: (ParMarkBitMap*) 0x00000000700b2f70
 Begin Bits: [0x0000000012350000, 0x0000000013350000)
 End Bits:   [0x0000000013350000, 0x0000000014350000)

Polling page: 0x0000000000110000

CodeCache: size=245760Kb used=6832Kb max_used=6845Kb free=238927Kb
 bounds [0x00000000024e0000, 0x0000000002ba0000, 0x00000000114e0000]
 total_blobs=1819 nmethods=1561 adapters=171
 compilation: enabled

Compilation events (10 events):
Event: 12.891 Thread 0x00000000561e7800 nmethod 1585 0x0000000002b7d010 code [0x0000000002b7d1c0, 0x0000000002b7e028]
Event: 12.891 Thread 0x00000000561e7800 1590   !   4       com.android.dx.cf.code.Simulator::simulate (74 bytes)
Event: 12.894 Thread 0x00000000561ea800 1599       3       java.util.TreeMap::<init> (20 bytes)
Event: 12.894 Thread 0x00000000561ea800 nmethod 1599 0x0000000002b7cb90 code [0x0000000002b7cd00, 0x0000000002b7cf30]
Event: 12.895 Thread 0x00000000561e7800 nmethod 1590 0x0000000002b7f250 code [0x0000000002b7f3c0, 0x0000000002b7f578]
Event: 12.895 Thread 0x00000000561e7800 1597       4       com.android.dx.cf.code.Merger::isPossiblyAssignableFrom (202 bytes)
Event: 12.906 Thread 0x00000000561e7800 nmethod 1597 0x0000000002b94ad0 code [0x0000000002b94ca0, 0x0000000002b952d0]
Event: 12.906 Thread 0x00000000561e7800 1602       4       com.android.dx.rop.code.RegisterSpecSet::intersect (117 bytes)
Event: 12.922 Thread 0x00000000561e7800 nmethod 1602 0x0000000002b95d10 code [0x0000000002b95ea0, 0x0000000002b966d8]
Event: 12.922 Thread 0x00000000561e7800 1601       4       com.android.dx.cf.code.ValueAwareMachine::run (1142 bytes)

GC Heap History (8 events):
Event: 5.778 GC heap before
{Heap before GC invocations=1 (full 0):
 PSYoungGen      total 18944K, used 16384K [0x00000000eab00000, 0x00000000ec000000, 0x0000000100000000)
  eden space 16384K, 100% used [0x00000000eab00000,0x00000000ebb00000,0x00000000ebb00000)
  from space 2560K, 0% used [0x00000000ebd80000,0x00000000ebd80000,0x00000000ec000000)
  to   space 2560K, 0% used [0x00000000ebb00000,0x00000000ebb00000,0x00000000ebd80000)
 ParOldGen       total 44032K, used 0K [0x00000000c0000000, 0x00000000c2b00000, 0x00000000eab00000)
  object space 44032K, 0% used [0x00000000c0000000,0x00000000c0000000,0x00000000c2b00000)
 Metaspace       used 5456K, capacity 6768K, committed 7040K, reserved 1056768K
  class space    used 540K, capacity 616K, committed 640K, reserved 1048576K
Event: 9.459 GC heap after
Heap after GC invocations=1 (full 0):
 PSYoungGen      total 18944K, used 2544K [0x00000000eab00000, 0x00000000ed000000, 0x0000000100000000)
  eden space 16384K, 0% used [0x00000000eab00000,0x00000000eab00000,0x00000000ebb00000)
  from space 2560K, 99% used [0x00000000ebb00000,0x00000000ebd7c010,0x00000000ebd80000)
  to   space 2560K, 0% used [0x00000000ecd80000,0x00000000ecd80000,0x00000000ed000000)
 ParOldGen       total 44032K, used 1706K [0x00000000c0000000, 0x00000000c2b00000, 0x00000000eab00000)
  object space 44032K, 3% used [0x00000000c0000000,0x00000000c01aa868,0x00000000c2b00000)
 Metaspace       used 5456K, capacity 6768K, committed 7040K, reserved 1056768K
  class space    used 540K, capacity 616K, committed 640K, reserved 1048576K
}
Event: 10.396 GC heap before
{Heap before GC invocations=2 (full 0):
 PSYoungGen      total 18944K, used 18928K [0x00000000eab00000, 0x00000000ed000000, 0x0000000100000000)
  eden space 16384K, 100% used [0x00000000eab00000,0x00000000ebb00000,0x00000000ebb00000)
  from space 2560K, 99% used [0x00000000ebb00000,0x00000000ebd7c010,0x00000000ebd80000)
  to   space 2560K, 0% used [0x00000000ecd80000,0x00000000ecd80000,0x00000000ed000000)
 ParOldGen       total 44032K, used 1706K [0x00000000c0000000, 0x00000000c2b00000, 0x00000000eab00000)
  object space 44032K, 3% used [0x00000000c0000000,0x00000000c01aa868,0x00000000c2b00000)
 Metaspace       used 5551K, capacity 6832K, committed 7040K, reserved 1056768K
  class space    used 548K, capacity 616K, committed 640K, reserved 1048576K
Event: 10.656 GC heap after
Heap after GC invocations=2 (full 0):
 PSYoungGen      total 35328K, used 2544K [0x00000000eab00000, 0x00000000ed000000, 0x0000000100000000)
  eden space 32768K, 0% used [0x00000000eab00000,0x00000000eab00000,0x00000000ecb00000)
  from space 2560K, 99% used [0x00000000ecd80000,0x00000000ecffc390,0x00000000ed000000)
  to   space 2560K, 0% used [0x00000000ecb00000,0x00000000ecb00000,0x00000000ecd80000)
 ParOldGen       total 44032K, used 5203K [0x00000000c0000000, 0x00000000c2b00000, 0x00000000eab00000)
  object space 44032K, 11% used [0x00000000c0000000,0x00000000c0514e48,0x00000000c2b00000)
 Metaspace       used 5551K, capacity 6832K, committed 7040K, reserved 1056768K
  class space    used 548K, capacity 616K, committed 640K, reserved 1048576K
}
Event: 11.315 GC heap before
{Heap before GC invocations=3 (full 0):
 PSYoungGen      total 35328K, used 35312K [0x00000000eab00000, 0x00000000ed000000, 0x0000000100000000)
  eden space 32768K, 100% used [0x00000000eab00000,0x00000000ecb00000,0x00000000ecb00000)
  from space 2560K, 99% used [0x00000000ecd80000,0x00000000ecffc390,0x00000000ed000000)
  to   space 2560K, 0% used [0x00000000ecb00000,0x00000000ecb00000,0x00000000ecd80000)
 ParOldGen       total 44032K, used 5203K [0x00000000c0000000, 0x00000000c2b00000, 0x00000000eab00000)
  object space 44032K, 11% used [0x00000000c0000000,0x00000000c0514e48,0x00000000c2b00000)
 Metaspace       used 5652K, capacity 6960K, committed 7040K, reserved 1056768K
  class space    used 550K, capacity 616K, committed 640K, reserved 1048576K
Event: 11.448 GC heap after
Heap after GC invocations=3 (full 0):
 PSYoungGen      total 35328K, used 2549K [0x00000000eab00000, 0x00000000ef000000, 0x0000000100000000)
  eden space 32768K, 0% used [0x00000000eab00000,0x00000000eab00000,0x00000000ecb00000)
  from space 2560K, 99% used [0x00000000ecb00000,0x00000000ecd7d6e0,0x00000000ecd80000)
  to   space 2560K, 0% used [0x00000000eed80000,0x00000000eed80000,0x00000000ef000000)
 ParOldGen       total 44032K, used 15325K [0x00000000c0000000, 0x00000000c2b00000, 0x00000000eab00000)
  object space 44032K, 34% used [0x00000000c0000000,0x00000000c0ef75c8,0x00000000c2b00000)
 Metaspace       used 5652K, capacity 6960K, committed 7040K, reserved 1056768K
  class space    used 550K, capacity 616K, committed 640K, reserved 1048576K
}
Event: 11.967 GC heap before
{Heap before GC invocations=4 (full 0):
 PSYoungGen      total 35328K, used 35317K [0x00000000eab00000, 0x00000000ef000000, 0x0000000100000000)
  eden space 32768K, 100% used [0x00000000eab00000,0x00000000ecb00000,0x00000000ecb00000)
  from space 2560K, 99% used [0x00000000ecb00000,0x00000000ecd7d6e0,0x00000000ecd80000)
  to   space 2560K, 0% used [0x00000000eed80000,0x00000000eed80000,0x00000000ef000000)
 ParOldGen       total 44032K, used 15325K [0x00000000c0000000, 0x00000000c2b00000, 0x00000000eab00000)
  object space 44032K, 34% used [0x00000000c0000000,0x00000000c0ef75c8,0x00000000c2b00000)
 Metaspace       used 5685K, capacity 6960K, committed 7040K, reserved 1056768K
  class space    used 551K, capacity 616K, committed 640K, reserved 1048576K
Event: 12.017 GC heap after
Heap after GC invocations=4 (full 0):
 PSYoungGen      total 68096K, used 2541K [0x00000000eab00000, 0x00000000ef000000, 0x0000000100000000)
  eden space 65536K, 0% used [0x00000000eab00000,0x00000000eab00000,0x00000000eeb00000)
  from space 2560K, 99% used [0x00000000eed80000,0x00000000eeffb4e8,0x00000000ef000000)
  to   space 2560K, 0% used [0x00000000eeb00000,0x00000000eeb00000,0x00000000eed80000)
 ParOldGen       total 44032K, used 24254K [0x00000000c0000000, 0x00000000c2b00000, 0x00000000eab00000)
  object space 44032K, 55% used [0x00000000c0000000,0x00000000c17af8d8,0x00000000c2b00000)
 Metaspace       used 5685K, capacity 6960K, committed 7040K, reserved 1056768K
  class space    used 551K, capacity 616K, committed 640K, reserved 1048576K
}

Deoptimization events (10 events):
Event: 10.101 Thread 0x0000000001eb8000 Uncommon trap: reason=class_check action=maybe_recompile pc=0x0000000002841a20 method=com.android.dx.rop.type.Type.equals(Ljava/lang/Object;)Z @ 8
Event: 10.102 Thread 0x0000000001eb8000 Uncommon trap: reason=unstable_if action=reinterpret pc=0x0000000002921f28 method=com.android.dx.cf.code.Ropper.labelToResultIndex(I)I @ 34
Event: 10.106 Thread 0x0000000001eb8000 Uncommon trap: reason=unstable_if action=reinterpret pc=0x0000000002930af4 method=com.android.dx.util.LabeledList.set(ILcom/android/dx/util/LabeledItem;)V @ 16
Event: 11.464 Thread 0x0000000001eb8000 Uncommon trap: reason=unstable_if action=reinterpret pc=0x00000000029fa780 method=com.android.dx.rop.code.RegisterSpecSet.localItemToSpec(Lcom/android/dx/rop/code/LocalItem;)Lcom/android/dx/rop/code/RegisterSpec; @ 35
Event: 11.856 Thread 0x0000000001eb8000 Uncommon trap: reason=uninitialized action=reinterpret pc=0x0000000002a51180 method=com.android.dx.cf.code.BytecodeArray.parseInstruction(ILcom/android/dx/cf/code/BytecodeArray$Visitor;)I @ 1031
Event: 11.870 Thread 0x0000000001eb8000 Uncommon trap: reason=class_check action=maybe_recompile pc=0x0000000002ab5944 method=com.android.dx.rop.cst.CstLiteral32.equals(Ljava/lang/Object;)Z @ 20
Event: 11.870 Thread 0x0000000001eb8000 Uncommon trap: reason=class_check action=maybe_recompile pc=0x0000000002ab5944 method=com.android.dx.rop.cst.CstLiteral32.equals(Ljava/lang/Object;)Z @ 20
Event: 11.871 Thread 0x0000000001eb8000 Uncommon trap: reason=bimorphic action=maybe_recompile pc=0x0000000002934a30 method=java.util.HashMap.putVal(ILjava/lang/Object;Ljava/lang/Object;ZZ)Ljava/lang/Object; @ 91
Event: 11.871 Thread 0x0000000001eb8000 Uncommon trap: reason=class_check action=maybe_recompile pc=0x0000000002ab5944 method=com.android.dx.rop.cst.CstLiteral32.equals(Ljava/lang/Object;)Z @ 20
Event: 11.871 Thread 0x0000000001eb8000 Uncommon trap: reason=class_check action=maybe_recompile pc=0x0000000002ab5944 method=com.android.dx.rop.cst.CstLiteral32.equals(Ljava/lang/Object;)Z @ 20

Internal exceptions (2 events):
Event: 2.006 Thread 0x0000000001eb8000 Exception <a 'java/lang/NoSuchMethodError': Method sun.misc.Unsafe.defineClass(Ljava/lang/String;[BII)Ljava/lang/Class; name or signature does not match> (0x00000000eab07cc0) thrown at [C:\re\workspace\8-2-build-windows-amd64-cygwin\jdk8u91\7017\hotspot\srЮ.Ми
Event: 2.006 Thread 0x0000000001eb8000 Exception <a 'java/lang/NoSuchMethodError': Method sun.misc.Unsafe.prefetchRead(Ljava/lang/Object;J)V name or signature does not match> (0x00000000eab07fa8) thrown at [C:\re\workspace\8-2-build-windows-amd64-cygwin\jdk8u91\7017\hotspot\src\share\vm\prims\j

Events (10 events):
Event: 12.069 Executing VM operation: RevokeBias
Event: 12.069 Executing VM operation: RevokeBias done
Event: 12.069 Executing VM operation: RevokeBias
Event: 12.069 Executing VM operation: RevokeBias done
Event: 12.069 Executing VM operation: RevokeBias
Event: 12.069 Executing VM operation: RevokeBias done
Event: 12.070 Executing VM operation: RevokeBias
Event: 12.070 Executing VM operation: RevokeBias done
Event: 12.865 Thread 0x0000000001eb8000 DEOPT PACKING pc=0x0000000002a40bd7 sp=0x000000000215e2d0
Event: 12.865 Thread 0x0000000001eb8000 DEOPT UNPACKING pc=0x000000000252787f sp=0x000000000215e000 mode 0


Dynamic libraries:
0x000000013fa30000 - 0x000000013fa67000 	C:\Program Files\Java\jdk1.8.0_91\bin\java.exe
0x0000000076ee0000 - 0x000000007708a000 	C:\Windows\SYSTEM32\ntdll.dll
0x0000000076cc0000 - 0x0000000076ddf000 	C:\Windows\system32\kernel32.dll
0x000007fefced0000 - 0x000007fefcf3a000 	C:\Windows\system32\KERNELBASE.dll
0x000007fefd410000 - 0x000007fefd4eb000 	C:\Windows\system32\ADVAPI32.dll
0x000007feff150000 - 0x000007feff1ef000 	C:\Windows\system32\msvcrt.dll
0x000007fefe7d0000 - 0x000007fefe7ef000 	C:\Windows\SYSTEM32\sechost.dll
0x000007fefec20000 - 0x000007fefed4d000 	C:\Windows\system32\RPCRT4.dll
0x0000000076de0000 - 0x0000000076eda000 	C:\Windows\system32\USER32.dll
0x000007fefd070000 - 0x000007fefd0d7000 	C:\Windows\system32\GDI32.dll
0x000007fefeee0000 - 0x000007fefeeee000 	C:\Windows\system32\LPK.dll
0x000007fefe820000 - 0x000007fefe8ea000 	C:\Windows\system32\USP10.dll
0x000007fefbcd0000 - 0x000007fefbec4000 	C:\Windows\WinSxS\amd64_microsoft.windows.common-controls_6595b64144ccf1df_6.0.7601.17514_none_fa396087175ac9ac\COMCTL32.dll
0x000007fefeef0000 - 0x000007fefef61000 	C:\Windows\system32\SHLWAPI.dll
0x000007fefe7f0000 - 0x000007fefe81e000 	C:\Windows\system32\IMM32.DLL
0x000007fefd2f0000 - 0x000007fefd3f9000 	C:\Windows\system32\MSCTF.dll
0x0000000072280000 - 0x0000000072352000 	C:\Program Files\Java\jdk1.8.0_91\jre\bin\msvcr100.dll
0x000000006f8a0000 - 0x0000000070133000 	C:\Program Files\Java\jdk1.8.0_91\jre\bin\server\jvm.dll
0x000007fef1c80000 - 0x000007fef1c89000 	C:\Windows\system32\WSOCK32.dll
0x000007fefe8f0000 - 0x000007fefe93d000 	C:\Windows\system32\WS2_32.dll
0x000007fefd400000 - 0x000007fefd408000 	C:\Windows\system32\NSI.dll
0x000007fefac10000 - 0x000007fefac4b000 	C:\Windows\system32\WINMM.dll
0x000007fefb970000 - 0x000007fefb97c000 	C:\Windows\system32\VERSION.dll
0x00000000770b0000 - 0x00000000770b7000 	C:\Windows\system32\PSAPI.DLL
0x00000000744f0000 - 0x00000000744ff000 	C:\Program Files\Java\jdk1.8.0_91\jre\bin\verify.dll
0x00000000744c0000 - 0x00000000744e9000 	C:\Program Files\Java\jdk1.8.0_91\jre\bin\java.dll
0x00000000744a0000 - 0x00000000744b6000 	C:\Program Files\Java\jdk1.8.0_91\jre\bin\zip.dll
0x000007fefd9e0000 - 0x000007fefe768000 	C:\Windows\system32\SHELL32.dll
0x000007fefd0e0000 - 0x000007fefd2e3000 	C:\Windows\system32\ole32.dll
0x000007fefcc20000 - 0x000007fefcc2f000 	C:\Windows\system32\profapi.dll

VM Arguments:
jvm_args: -Djava.awt.headless=true -Xmx1024M -Dfile.encoding=windows-1256 -Duser.country=US -Duser.language=en -Duser.variant 
java_command: com.android.dx.command.Main --dex --force-jumbo --output E:\User\AndroidStudioProjects\Sunshine-Version-2\app\build\intermediates\pre-dexed\debug\main_ce6091204da083106fd240fc667f6564108714f7.jar E:\User\AndroidStudioProjects\Sunshine-Version-2\app\build\intermediates\transforms\instantRun\debug\folders\1\5\main
java_class_path (initial): E:\User\AppData\Local\Android\sdk\build-tools\21.1.2\lib\dx.jar
Launcher Type: SUN_STANDARD

Environment Variables:
PATH=C:\oracle\product\10.2.0\db_2\bin;C:\oracle\product\10.2.0\db_1\bin;C:\ProgramData\Oracle\Java\javapath;C:\Windows\System32;C:\Windows\SysWOW64;C:\opencv248\build\x86\vc10\bin;C:\Python27;C:\Program Files (x86)\CodeBlocks\MinGW\bin;E:\programs\Matlab\R2013a\bin;C:\Program Files\IVI Foundation\VISA\Win64\Bin\;C:\Program Files (x86)\IVI Foundation\VISA\WinNT\Bin\;C:\Program Files (x86)\IVI Foundation\VISA\WinNT\Bin;C:\Program Files (x86)\Tesseract-OCR;E:\User\AppData\Local\Android\sdk\tools\lib;E:\Program Files\Git\cmd;E:\User\AppData\Local\Android\sdk\platform-tools;C:\Program Files\Canopy\User;C:\Program Files\Canopy\User\Scripts
USERNAME=user
OS=Windows_NT
PROCESSOR_IDENTIFIER=Intel64 Family 6 Model 58 Stepping 9, GenuineIntel



---------------  S Y S T E M  ---------------

OS: Windows 7 , 64 bit Build 7601 (6.1.7601.23572)

CPU:total 4 (2 cores per cpu, 2 threads per core) family 6 model 58 stepping 9, cmov, cx8, fxsr, mmx, sse, sse2, sse3, ssse3, sse4.1, sse4.2, popcnt, avx, aes, clmul, erms, ht, tsc, tscinvbit, tscinv

Memory: 4k page, physical 4094316k(185596k free), swap 5601120k(5564k free)

vm_info: Java HotSpot(TM) 64-Bit Server VM (25.91-b15) for windows-amd64 JRE (1.8.0_91-b15), built on May 20 2016 17:43:15 by "java_re" with MS VC++ 10.0 (VS2010)

time: Thu Jun 22 10:37:49 2017
elapsed time: 12 seconds (0d 0h 0m 12s)

