#
# There is insufficient memory for the Java Runtime Environment to continue.
# Native memory allocation (malloc) failed to allocate 142576 bytes for Chunk::new
# Possible reasons:
#   The system is out of physical RAM or swap space
#   In 32 bit mode, the process size limit was hit
# Possible solutions:
#   Reduce memory load on the system
#   Increase physical memory or swap space
#   Check if swap backing store is full
#   Use 64 bit Java on a 64 bit OS
#   Decrease Java heap size (-Xmx/-Xms)
#   Decrease number of Java threads
#   Decrease Java thread stack sizes (-Xss)
#   Set larger code cache with -XX:ReservedCodeCacheSize=
# This output file may be truncated or incomplete.
#
#  Out of Memory Error (allocation.cpp:390), pid=5824, tid=6176
#
# JRE version: Java(TM) SE Runtime Environment (8.0_91-b15) (build 1.8.0_91-b15)
# Java VM: Java HotSpot(TM) 64-Bit Server VM (25.91-b15 mixed mode windows-amd64 compressed oops)
# Failed to write core dump. Minidumps are not enabled by default on client versions of Windows
#

---------------  T H R E A D  ---------------

Current thread (0x00000000562a5000):  JavaThread "C2 CompilerThread0" daemon [_thread_in_native, id=6176, stack(0x0000000056820000,0x0000000056920000)]

Stack: [0x0000000056820000,0x0000000056920000]
[error occurred during error reporting (printing stack bounds), id 0xc0000005]

Native frames: (J=compiled Java code, j=interpreted, Vv=VM code, C=native code)


Current CompileTask:
C2:   4836 1191   !   4       com.android.dx.cf.code.BytecodeArray::parseInstruction (2764 bytes)


---------------  P R O C E S S  ---------------

Java Threads: ( => current thread )
  0x000000005630f800 JavaThread "Service Thread" daemon [_thread_blocked, id=3428, stack(0x0000000011f00000,0x0000000012000000)]
  0x00000000562a8000 JavaThread "C1 CompilerThread2" daemon [_thread_in_native, id=6604, stack(0x0000000056cc0000,0x0000000056dc0000)]
  0x00000000562a7000 JavaThread "C2 CompilerThread1" daemon [_thread_in_native, id=6584, stack(0x00000000569e0000,0x0000000056ae0000)]
=>0x00000000562a5000 JavaThread "C2 CompilerThread0" daemon [_thread_in_native, id=6176, stack(0x0000000056820000,0x0000000056920000)]
  0x00000000562a0800 JavaThread "Attach Listener" daemon [_thread_blocked, id=4348, stack(0x0000000055e80000,0x0000000055f80000)]
  0x0000000054e00800 JavaThread "Signal Dispatcher" daemon [_thread_blocked, id=5168, stack(0x00000000566b0000,0x00000000567b0000)]
  0x0000000054dec800 JavaThread "Finalizer" daemon [_thread_blocked, id=3688, stack(0x00000000561a0000,0x00000000562a0000)]
  0x0000000054da5800 JavaThread "Reference Handler" daemon [_thread_blocked, id=6044, stack(0x0000000056000000,0x0000000056100000)]
  0x0000000001e58000 JavaThread "main" [_thread_in_Java, id=5196, stack(0x0000000002230000,0x0000000002330000)]

Other Threads:
  0x0000000054d9a800 VMThread [stack: 0x0000000055d50000,0x0000000055e50000] [id=5636]
  0x0000000056349800 WatcherThread [stack: 0x0000000056af0000,0x0000000056bf0000] [id=5612]

VM state:not at safepoint (normal execution)

VM Mutex/Monitor currently owned by a thread: None

Heap:
 PSYoungGen      total 18944K, used 10572K [0x00000000eab00000, 0x00000000ed000000, 0x0000000100000000)
  eden space 16384K, 48% used [0x00000000eab00000,0x00000000eb2d47b8,0x00000000ebb00000)
  from space 2560K, 99% used [0x00000000ebb00000,0x00000000ebd7ea80,0x00000000ebd80000)
  to   space 2560K, 0% used [0x00000000ecd80000,0x00000000ecd80000,0x00000000ed000000)
 ParOldGen       total 44032K, used 1781K [0x00000000c0000000, 0x00000000c2b00000, 0x00000000eab00000)
  object space 44032K, 4% used [0x00000000c0000000,0x00000000c01bd4c0,0x00000000c2b00000)
 Metaspace       used 5702K, capacity 6896K, committed 7040K, reserved 1056768K
  class space    used 560K, capacity 616K, committed 640K, reserved 1048576K

Card table byte_map: [0x00000000119c0000,0x0000000011bd0000] byte_map_base: 0x00000000113c0000

Marking Bits: (ParMarkBitMap*) 0x00000000667f2f70
 Begin Bits: [0x0000000012210000, 0x0000000013210000)
 End Bits:   [0x0000000013210000, 0x0000000014210000)

Polling page: 0x0000000000210000

CodeCache: size=245760Kb used=4880Kb max_used=4893Kb free=240879Kb
 bounds [0x0000000002600000, 0x0000000002ad0000, 0x0000000011600000]
 total_blobs=1460 nmethods=1197 adapters=176
 compilation: enabled

Compilation events (10 events):
Event: 4.777 Thread 0x00000000562a8000 nmethod 1203 0x0000000002ac0b10 code [0x0000000002ac0d80, 0x0000000002ac1be8]
Event: 4.777 Thread 0x00000000562a8000 1204       3       com.android.dx.ssa.DomFront::run (264 bytes)
Event: 4.781 Thread 0x00000000562a8000 nmethod 1204 0x0000000002ac2690 code [0x0000000002ac2c00, 0x0000000002ac61c8]
Event: 4.799 Thread 0x00000000562a7000 nmethod 1196 0x0000000002ac9a50 code [0x0000000002ac9bc0, 0x0000000002ac9e78]
Event: 4.799 Thread 0x00000000562a7000 1201       4       java.util.HashMap::putVal (300 bytes)
Event: 4.811 Thread 0x00000000562a7000 nmethod 1201 0x0000000002ac8ad0 code [0x0000000002ac8c80, 0x0000000002ac9488]
Event: 4.811 Thread 0x00000000562a7000 1200       4       java.util.HashMap::put (13 bytes)
Event: 4.829 Thread 0x00000000562a7000 nmethod 1200 0x0000000002acc2d0 code [0x0000000002acc480, 0x0000000002accc88]
Event: 4.830 Thread 0x00000000562a7000 1205       4       com.android.dx.rop.code.PlainInsn::withNewRegisters (18 bytes)
Event: 4.832 Thread 0x00000000562a8000 1209       3       com.android.dx.ssa.ConstCollector::getConstsSortedByCountUse (386 bytes)

GC Heap History (2 events):
Event: 4.068 GC heap before
{Heap before GC invocations=1 (full 0):
 PSYoungGen      total 18944K, used 16384K [0x00000000eab00000, 0x00000000ec000000, 0x0000000100000000)
  eden space 16384K, 100% used [0x00000000eab00000,0x00000000ebb00000,0x00000000ebb00000)
  from space 2560K, 0% used [0x00000000ebd80000,0x00000000ebd80000,0x00000000ec000000)
  to   space 2560K, 0% used [0x00000000ebb00000,0x00000000ebb00000,0x00000000ebd80000)
 ParOldGen       total 44032K, used 0K [0x00000000c0000000, 0x00000000c2b00000, 0x00000000eab00000)
  object space 44032K, 0% used [0x00000000c0000000,0x00000000c0000000,0x00000000c2b00000)
 Metaspace       used 5577K, capacity 6768K, committed 7040K, reserved 1056768K
  class space    used 559K, capacity 616K, committed 640K, reserved 1048576K
Event: 4.258 GC heap after
Heap after GC invocations=1 (full 0):
 PSYoungGen      total 18944K, used 2554K [0x00000000eab00000, 0x00000000ed000000, 0x0000000100000000)
  eden space 16384K, 0% used [0x00000000eab00000,0x00000000eab00000,0x00000000ebb00000)
  from space 2560K, 99% used [0x00000000ebb00000,0x00000000ebd7ea80,0x00000000ebd80000)
  to   space 2560K, 0% used [0x00000000ecd80000,0x00000000ecd80000,0x00000000ed000000)
 ParOldGen       total 44032K, used 1781K [0x00000000c0000000, 0x00000000c2b00000, 0x00000000eab00000)
  object space 44032K, 4% used [0x00000000c0000000,0x00000000c01bd4c0,0x00000000c2b00000)
 Metaspace       used 5577K, capacity 6768K, committed 7040K, reserved 1056768K
  class space    used 559K, capacity 616K, committed 640K, reserved 1048576K
}

Deoptimization events (7 events):
Event: 2.589 Thread 0x0000000001e58000 Uncommon trap: reason=unstable_if action=reinterpret pc=0x000000000281066c method=java.util.HashMap.getNode(ILjava/lang/Object;)Ljava/util/HashMap$Node; @ 62
Event: 2.590 Thread 0x0000000001e58000 Uncommon trap: reason=unstable_if action=reinterpret pc=0x0000000002839fa0 method=java.util.BitSet.nextSetBit(I)I @ 87
Event: 2.928 Thread 0x0000000001e58000 Uncommon trap: reason=unstable_if action=reinterpret pc=0x000000000298776c method=com.android.dx.ssa.SsaMethod.onSourcesChanged(Lcom/android/dx/ssa/SsaInsn;Lcom/android/dx/rop/code/RegisterSpecList;)V @ 4
Event: 3.991 Thread 0x0000000001e58000 Uncommon trap: reason=unstable_if action=reinterpret pc=0x000000000288a8d4 method=java.util.HashMap.getNode(ILjava/lang/Object;)Ljava/util/HashMap$Node; @ 62
Event: 4.067 Thread 0x0000000001e58000 Uncommon trap: reason=unstable_if action=reinterpret pc=0x00000000029d4a9c method=com.android.dx.rop.code.RegisterSpecSet.put(Lcom/android/dx/rop/code/RegisterSpec;)V @ 77
Event: 4.481 Thread 0x0000000001e58000 Uncommon trap: reason=unstable_if action=reinterpret pc=0x0000000002a509c0 method=com.android.dx.ssa.SsaRenamer$BlockRenamer.addMapping(ILcom/android/dx/rop/code/RegisterSpec;)V @ 120
Event: 4.655 Thread 0x0000000001e58000 Uncommon trap: reason=unstable_if action=reinterpret pc=0x000000000291b104 method=com.android.dx.rop.cst.Constant.compareTo(Lcom/android/dx/rop/cst/Constant;)I @ 12

Internal exceptions (2 events):
Event: 0.057 Thread 0x0000000001e58000 Exception <a 'java/lang/NoSuchMethodError': Method sun.misc.Unsafe.defineClass(Ljava/lang/String;[BII)Ljava/lang/Class; name or signature does not match> (0x00000000eab07cc0) thrown at [C:\re\workspace\8-2-build-windows-amd64-cygwin\jdk8u91\7017\hotspot\sr
Event: 0.057 Thread 0x0000000001e58000 Exception <a 'java/lang/NoSuchMethodError': Method sun.misc.Unsafe.prefetchRead(Ljava/lang/Object;J)V name or signature does not match> (0x00000000eab07fa8) thrown at [C:\re\workspace\8-2-build-windows-amd64-cygwin\jdk8u91\7017\hotspot\src\share\vm\prims\j

Events (10 events):
Event: 4.481 Thread 0x0000000001e58000 Uncommon trap: trap_request=0xffffff65 fr.pc=0x0000000002a509c0
Event: 4.481 Thread 0x0000000001e58000 DEOPT PACKING pc=0x0000000002a509c0 sp=0x000000000232e900
Event: 4.481 Thread 0x0000000001e58000 DEOPT UNPACKING pc=0x000000000264582a sp=0x000000000232e890 mode 2
Event: 4.655 Thread 0x0000000001e58000 Uncommon trap: trap_request=0xffffff65 fr.pc=0x000000000291b104
Event: 4.655 Thread 0x0000000001e58000 DEOPT PACKING pc=0x000000000291b104 sp=0x000000000232e890
Event: 4.655 Thread 0x0000000001e58000 DEOPT UNPACKING pc=0x000000000264582a sp=0x000000000232e830 mode 2
Event: 4.659 loading class com/android/dx/cf/code/BytecodeArray$ConstantParserVisitor
Event: 4.659 loading class com/android/dx/cf/code/BytecodeArray$ConstantParserVisitor done
Event: 4.679 loading class com/android/dx/cf/code/SwitchList
Event: 4.679 loading class com/android/dx/cf/code/SwitchList done


Dynamic libraries:
0x000000013f940000 - 0x000000013f977000 	C:\Program Files\Java\jdk1.8.0_91\bin\java.exe
0x0000000076f00000 - 0x00000000770a9000 	C:\Windows\SYSTEM32\ntdll.dll
0x0000000076ce0000 - 0x0000000076dff000 	C:\Windows\system32\kernel32.dll
0x000007fefcce0000 - 0x000007fefcd4b000 	C:\Windows\system32\KERNELBASE.dll
0x000007fefe710000 - 0x000007fefe7eb000 	C:\Windows\system32\ADVAPI32.dll
0x000007fefe3a0000 - 0x000007fefe43f000 	C:\Windows\system32\msvcrt.dll
0x000007fefe2e0000 - 0x000007fefe2ff000 	C:\Windows\SYSTEM32\sechost.dll
0x000007fefe560000 - 0x000007fefe68d000 	C:\Windows\system32\RPCRT4.dll
0x0000000076e00000 - 0x0000000076efa000 	C:\Windows\system32\USER32.dll
0x000007feff1a0000 - 0x000007feff207000 	C:\Windows\system32\GDI32.dll
0x000007fefe440000 - 0x000007fefe44e000 	C:\Windows\system32\LPK.dll
0x000007fefed80000 - 0x000007fefee49000 	C:\Windows\system32\USP10.dll
0x000007fefbd70000 - 0x000007fefbf64000 	C:\Windows\WinSxS\amd64_microsoft.windows.common-controls_6595b64144ccf1df_6.0.7601.17514_none_fa396087175ac9ac\COMCTL32.dll
0x000007fefe690000 - 0x000007fefe701000 	C:\Windows\system32\SHLWAPI.dll
0x000007fefee50000 - 0x000007fefee7e000 	C:\Windows\system32\IMM32.DLL
0x000007fefe450000 - 0x000007fefe559000 	C:\Windows\system32\MSCTF.dll
0x000000006a3a0000 - 0x000000006a472000 	C:\Program Files\Java\jdk1.8.0_91\jre\bin\msvcr100.dll
0x0000000065fe0000 - 0x0000000066873000 	C:\Program Files\Java\jdk1.8.0_91\jre\bin\server\jvm.dll
0x000007fef8760000 - 0x000007fef8769000 	C:\Windows\system32\WSOCK32.dll
0x000007fefe8d0000 - 0x000007fefe91d000 	C:\Windows\system32\WS2_32.dll
0x000007feff090000 - 0x000007feff098000 	C:\Windows\system32\NSI.dll
0x000007fefaaa0000 - 0x000007fefaadb000 	C:\Windows\system32\WINMM.dll
0x000007fefba10000 - 0x000007fefba1c000 	C:\Windows\system32\VERSION.dll
0x00000000770d0000 - 0x00000000770d7000 	C:\Windows\system32\PSAPI.DLL
0x000000006c190000 - 0x000000006c19f000 	C:\Program Files\Java\jdk1.8.0_91\jre\bin\verify.dll
0x000000006c160000 - 0x000000006c189000 	C:\Program Files\Java\jdk1.8.0_91\jre\bin\java.dll
0x000000006c140000 - 0x000000006c156000 	C:\Program Files\Java\jdk1.8.0_91\jre\bin\zip.dll
0x000007fefd550000 - 0x000007fefe2d8000 	C:\Windows\system32\SHELL32.dll
0x000007fefee80000 - 0x000007feff083000 	C:\Windows\system32\ole32.dll
0x000007fefccb0000 - 0x000007fefccbf000 	C:\Windows\system32\profapi.dll

VM Arguments:
jvm_args: -Djava.awt.headless=true -Xmx1024M -Dfile.encoding=windows-1256 -Duser.country=US -Duser.language=en -Duser.variant 
java_command: com.android.dx.command.Main --dex --force-jumbo --output E:\User\AndroidStudioProjects\Sunshine-Version-2\app\build\intermediates\pre-dexed\debug\com.android.support-support-v4-21.0.3_3035d9c83d7289f90d6f43d640a8c8de139a0846.jar E:\User\AndroidStudioProjects\Sunshine-Version-2\app\build\intermediates\exploded-aar\com.android.support\support-v4\21.0.3\jars\classes.jar
java_class_path (initial): E:\User\AppData\Local\Android\sdk\build-tools\21.1.2\lib\dx.jar
Launcher Type: SUN_STANDARD

Environment Variables:
PATH=C:\oracle\product\10.2.0\db_2\bin;C:\oracle\product\10.2.0\db_1\bin;C:\ProgramData\Oracle\Java\javapath;C:\Windows\System32;C:\Windows\SysWOW64;C:\opencv248\build\x86\vc10\bin;C:\Python27;C:\Program Files (x86)\CodeBlocks\MinGW\bin;E:\programs\Matlab\R2013a\bin;C:\Program Files\IVI Foundation\VISA\Win64\Bin\;C:\Program Files (x86)\IVI Foundation\VISA\WinNT\Bin\;C:\Program Files (x86)\IVI Foundation\VISA\WinNT\Bin;C:\Program Files (x86)\Tesseract-OCR;E:\User\AppData\Local\Android\sdk\tools\lib;E:\Program Files\Git\cmd;E:\User\AppData\Local\Android\sdk\platform-tools;C:\Program Files\Canopy\User;C:\Program Files\Canopy\User\Scripts
USERNAME=user
OS=Windows_NT
PROCESSOR_IDENTIFIER=Intel64 Family 6 Model 58 Stepping 9, GenuineIntel



---------------  S Y S T E M  ---------------

OS: Windows 7 , 64 bit Build 7601 (6.1.7601.18015)

CPU:total 4 (2 cores per cpu, 2 threads per core) family 6 model 58 stepping 9, cmov, cx8, fxsr, mmx, sse, sse2, sse3, ssse3, sse4.1, sse4.2, popcnt, avx, aes, clmul, erms, ht, tsc, tscinvbit, tscinv

Memory: 4k page, physical 4094316k(229008k free), swap 5628452k(5056k free)

vm_info: Java HotSpot(TM) 64-Bit Server VM (25.91-b15) for windows-amd64 JRE (1.8.0_91-b15), built on May 20 2016 17:43:15 by "java_re" with MS VC++ 10.0 (VS2010)

time: Thu Aug 04 21:01:56 2016
elapsed time: 4 seconds (0d 0h 0m 4s)

