#
# There is insufficient memory for the Java Runtime Environment to continue.
# Native memory allocation (malloc) failed to allocate 32784 bytes for Chunk::new
# Possible reasons:
#   The system is out of physical RAM or swap space
#   In 32 bit mode, the process size limit was hit
# Possible solutions:
#   Reduce memory load on the system
#   Increase physical memory or swap space
#   Check if swap backing store is full
#   Use 64 bit Java on a 64 bit OS
#   Decrease Java heap size (-Xmx/-Xms)
#   Decrease number of Java threads
#   Decrease Java thread stack sizes (-Xss)
#   Set larger code cache with -XX:ReservedCodeCacheSize=
# This output file may be truncated or incomplete.
#
#  Out of Memory Error (allocation.cpp:390), pid=6056, tid=3812
#
# JRE version: Java(TM) SE Runtime Environment (8.0_91-b15) (build 1.8.0_91-b15)
# Java VM: Java HotSpot(TM) 64-Bit Server VM (25.91-b15 mixed mode windows-amd64 compressed oops)
# Failed to write core dump. Minidumps are not enabled by default on client versions of Windows
#

---------------  T H R E A D  ---------------

Current thread (0x00000000560a7800):  JavaThread "C2 CompilerThread0" daemon [_thread_in_native, id=3812, stack(0x0000000056980000,0x0000000056a80000)]

Stack: [0x0000000056980000,0x0000000056a80000]
[error occurred during error reporting (printing stack bounds), id 0xc0000005]

Native frames: (J=compiled Java code, j=interpreted, Vv=VM code, C=native code)


Current CompileTask:
C2:   7541 1252       4       com.android.dx.ssa.back.LivenessAnalyzer::run (231 bytes)


---------------  P R O C E S S  ---------------

Java Threads: ( => current thread )
  0x0000000056116000 JavaThread "Service Thread" daemon [_thread_blocked, id=4368, stack(0x0000000055e60000,0x0000000055f60000)]
  0x0000000056102000 JavaThread "C1 CompilerThread2" daemon [_thread_blocked, id=3712, stack(0x0000000056d20000,0x0000000056e20000)]
  0x00000000560c6000 JavaThread "C2 CompilerThread1" daemon [_thread_in_native, id=1068, stack(0x0000000056b70000,0x0000000056c70000)]
=>0x00000000560a7800 JavaThread "C2 CompilerThread0" daemon [_thread_in_native, id=3812, stack(0x0000000056980000,0x0000000056a80000)]
  0x00000000560a2800 JavaThread "Attach Listener" daemon [_thread_blocked, id=6512, stack(0x0000000056800000,0x0000000056900000)]
  0x0000000054cfd800 JavaThread "Signal Dispatcher" daemon [_thread_blocked, id=3896, stack(0x0000000056570000,0x0000000056670000)]
  0x0000000054ce9800 JavaThread "Finalizer" daemon [_thread_blocked, id=6996, stack(0x0000000055fa0000,0x00000000560a0000)]
  0x0000000054ca2000 JavaThread "Reference Handler" daemon [_thread_blocked, id=6216, stack(0x0000000055c10000,0x0000000055d10000)]
  0x0000000001d88000 JavaThread "main" [_thread_blocked, id=5296, stack(0x0000000002020000,0x0000000002120000)]

Other Threads:
  0x0000000054c9a800 VMThread [stack: 0x0000000055d60000,0x0000000055e60000] [id=2676]
  0x0000000056167800 WatcherThread [stack: 0x0000000056690000,0x0000000056790000] [id=6236]

VM state:not at safepoint (normal execution)

VM Mutex/Monitor currently owned by a thread: None

Heap:
 PSYoungGen      total 35328K, used 27025K [0x00000000eab00000, 0x00000000ed000000, 0x0000000100000000)
  eden space 32768K, 74% used [0x00000000eab00000,0x00000000ec2e7b40,0x00000000ecb00000)
  from space 2560K, 99% used [0x00000000ecd80000,0x00000000ecffc9d8,0x00000000ed000000)
  to   space 2560K, 0% used [0x00000000ecb00000,0x00000000ecb00000,0x00000000ecd80000)
 ParOldGen       total 44032K, used 2923K [0x00000000c0000000, 0x00000000c2b00000, 0x00000000eab00000)
  object space 44032K, 6% used [0x00000000c0000000,0x00000000c02daf70,0x00000000c2b00000)
 Metaspace       used 5967K, capacity 7088K, committed 7296K, reserved 1056768K
  class space    used 584K, capacity 616K, committed 640K, reserved 1048576K

Card table byte_map: [0x00000000117b0000,0x00000000119c0000] byte_map_base: 0x00000000111b0000

Marking Bits: (ParMarkBitMap*) 0x000000006d642f70
 Begin Bits: [0x0000000012110000, 0x0000000013110000)
 End Bits:   [0x0000000013110000, 0x0000000014110000)

Polling page: 0x0000000000310000

CodeCache: size=245760Kb used=5269Kb max_used=5269Kb free=240490Kb
 bounds [0x00000000023f0000, 0x0000000002920000, 0x00000000113f0000]
 total_blobs=1642 nmethods=1379 adapters=176
 compilation: enabled

Compilation events (10 events):
Event: 6.794 Thread 0x0000000056102000 1368       2       com.android.dx.dex.file.TypeIdsSection::intern (62 bytes)
Event: 6.795 Thread 0x0000000056102000 nmethod 1368 0x0000000002906810 code [0x00000000029069c0, 0x0000000002906e48]
Event: 6.795 Thread 0x0000000056102000 1369       2       com.android.dx.dex.file.MixedItemSection::intern (39 bytes)
Event: 6.795 Thread 0x0000000056102000 nmethod 1369 0x0000000002907110 code [0x00000000029072a0, 0x0000000002907578]
Event: 6.796 Thread 0x0000000056102000 1370       2       com.android.dx.rop.cst.CstString::stringToUtf8Bytes (175 bytes)
Event: 6.797 Thread 0x0000000056102000 nmethod 1370 0x0000000002907710 code [0x00000000029078a0, 0x0000000002907dd8]
Event: 6.798 Thread 0x0000000056102000 1371       1       com.android.dx.dex.file.IdItem::getDefiningClass (5 bytes)
Event: 6.798 Thread 0x0000000056102000 nmethod 1371 0x0000000002908190 code [0x00000000029082e0, 0x00000000029083f0]
Event: 6.852 Thread 0x00000000560a7800 nmethod 1240 0x000000000290d310 code [0x000000000290d620, 0x000000000290f7f8]
Event: 6.853 Thread 0x00000000560a7800 1252       4       com.android.dx.ssa.back.LivenessAnalyzer::run (231 bytes)

GC Heap History (4 events):
Event: 3.786 GC heap before
{Heap before GC invocations=1 (full 0):
 PSYoungGen      total 18944K, used 16384K [0x00000000eab00000, 0x00000000ec000000, 0x0000000100000000)
  eden space 16384K, 100% used [0x00000000eab00000,0x00000000ebb00000,0x00000000ebb00000)
  from space 2560K, 0% used [0x00000000ebd80000,0x00000000ebd80000,0x00000000ec000000)
  to   space 2560K, 0% used [0x00000000ebb00000,0x00000000ebb00000,0x00000000ebd80000)
 ParOldGen       total 44032K, used 0K [0x00000000c0000000, 0x00000000c2b00000, 0x00000000eab00000)
  object space 44032K, 0% used [0x00000000c0000000,0x00000000c0000000,0x00000000c2b00000)
 Metaspace       used 5517K, capacity 6768K, committed 7040K, reserved 1056768K
  class space    used 558K, capacity 616K, committed 640K, reserved 1048576K
Event: 4.571 GC heap after
Heap after GC invocations=1 (full 0):
 PSYoungGen      total 18944K, used 2538K [0x00000000eab00000, 0x00000000ed000000, 0x0000000100000000)
  eden space 16384K, 0% used [0x00000000eab00000,0x00000000eab00000,0x00000000ebb00000)
  from space 2560K, 99% used [0x00000000ebb00000,0x00000000ebd7aaa8,0x00000000ebd80000)
  to   space 2560K, 0% used [0x00000000ecd80000,0x00000000ecd80000,0x00000000ed000000)
 ParOldGen       total 44032K, used 1537K [0x00000000c0000000, 0x00000000c2b00000, 0x00000000eab00000)
  object space 44032K, 3% used [0x00000000c0000000,0x00000000c0180490,0x00000000c2b00000)
 Metaspace       used 5517K, capacity 6768K, committed 7040K, reserved 1056768K
  class space    used 558K, capacity 616K, committed 640K, reserved 1048576K
}
Event: 4.900 GC heap before
{Heap before GC invocations=2 (full 0):
 PSYoungGen      total 18944K, used 18922K [0x00000000eab00000, 0x00000000ed000000, 0x0000000100000000)
  eden space 16384K, 100% used [0x00000000eab00000,0x00000000ebb00000,0x00000000ebb00000)
  from space 2560K, 99% used [0x00000000ebb00000,0x00000000ebd7aaa8,0x00000000ebd80000)
  to   space 2560K, 0% used [0x00000000ecd80000,0x00000000ecd80000,0x00000000ed000000)
 ParOldGen       total 44032K, used 1537K [0x00000000c0000000, 0x00000000c2b00000, 0x00000000eab00000)
  object space 44032K, 3% used [0x00000000c0000000,0x00000000c0180490,0x00000000c2b00000)
 Metaspace       used 5621K, capacity 6832K, committed 7040K, reserved 1056768K
  class space    used 558K, capacity 616K, committed 640K, reserved 1048576K
Event: 5.899 GC heap after
Heap after GC invocations=2 (full 0):
 PSYoungGen      total 35328K, used 2546K [0x00000000eab00000, 0x00000000ed000000, 0x0000000100000000)
  eden space 32768K, 0% used [0x00000000eab00000,0x00000000eab00000,0x00000000ecb00000)
  from space 2560K, 99% used [0x00000000ecd80000,0x00000000ecffc9d8,0x00000000ed000000)
  to   space 2560K, 0% used [0x00000000ecb00000,0x00000000ecb00000,0x00000000ecd80000)
 ParOldGen       total 44032K, used 2923K [0x00000000c0000000, 0x00000000c2b00000, 0x00000000eab00000)
  object space 44032K, 6% used [0x00000000c0000000,0x00000000c02daf70,0x00000000c2b00000)
 Metaspace       used 5621K, capacity 6832K, committed 7040K, reserved 1056768K
  class space    used 558K, capacity 616K, committed 640K, reserved 1048576K
}

Deoptimization events (10 events):
Event: 5.921 Thread 0x0000000001d88000 Uncommon trap: reason=bimorphic action=maybe_recompile pc=0x0000000002811dcc method=com.android.dx.ssa.SCCP.setLatticeValueTo(IILcom/android/dx/rop/cst/Constant;)Z @ 43
Event: 5.921 Thread 0x0000000001d88000 Uncommon trap: reason=bimorphic action=maybe_recompile pc=0x0000000002681dec method=java.util.HashMap.getNode(ILjava/lang/Object;)Ljava/util/HashMap$Node; @ 126
Event: 5.921 Thread 0x0000000001d88000 Uncommon trap: reason=class_check action=maybe_recompile pc=0x0000000002786570 method=java.util.HashMap.putVal(ILjava/lang/Object;Ljava/lang/Object;ZZ)Ljava/lang/Object; @ 203
Event: 5.928 Thread 0x0000000001d88000 Uncommon trap: reason=bimorphic action=maybe_recompile pc=0x0000000002811dcc method=com.android.dx.ssa.SCCP.setLatticeValueTo(IILcom/android/dx/rop/cst/Constant;)Z @ 43
Event: 5.928 Thread 0x0000000001d88000 Uncommon trap: reason=bimorphic action=maybe_recompile pc=0x0000000002811dcc method=com.android.dx.ssa.SCCP.setLatticeValueTo(IILcom/android/dx/rop/cst/Constant;)Z @ 43
Event: 6.751 Thread 0x0000000001d88000 Uncommon trap: reason=unstable_if action=reinterpret pc=0x000000000278652c method=java.util.HashMap.putVal(ILjava/lang/Object;Ljava/lang/Object;ZZ)Ljava/lang/Object; @ 94
Event: 6.780 Thread 0x0000000001d88000 Uncommon trap: reason=bimorphic action=maybe_recompile pc=0x0000000002681dec method=java.util.HashMap.getNode(ILjava/lang/Object;)Ljava/util/HashMap$Node; @ 126
Event: 6.794 Thread 0x0000000001d88000 Uncommon trap: reason=bimorphic action=maybe_recompile pc=0x0000000002681dec method=java.util.HashMap.getNode(ILjava/lang/Object;)Ljava/util/HashMap$Node; @ 126
Event: 6.794 Thread 0x0000000001d88000 Uncommon trap: reason=bimorphic action=maybe_recompile pc=0x0000000002681dec method=java.util.HashMap.getNode(ILjava/lang/Object;)Ljava/util/HashMap$Node; @ 126
Event: 6.794 Thread 0x0000000001d88000 Uncommon trap: reason=bimorphic action=maybe_recompile pc=0x00000000025d89c8 method=java.util.HashMap.getNode(ILjava/lang/Object;)Ljava/util/HashMap$Node; @ 126

Internal exceptions (2 events):
Event: 0.039 Thread 0x0000000001d88000 Exception <a 'java/lang/NoSuchMethodError': Method sun.misc.Unsafe.defineClass(Ljava/lang/String;[BII)Ljava/lang/Class; name or signature does not match> (0x00000000eab07cc0) thrown at [C:\re\workspace\8-2-build-windows-amd64-cygwin\jdk8u91\7017\hotspot\sr@/Ÿ»J6¤?
Event: 0.039 Thread 0x0000000001d88000 Exception <a 'java/lang/NoSuchMethodError': Method sun.misc.Unsafe.prefetchRead(Ljava/lang/Object;J)V name or signature does not match> (0x00000000eab07fa8) thrown at [C:\re\workspace\8-2-build-windows-amd64-cygwin\jdk8u91\7017\hotspot\src\share\vm\prims\j

Events (10 events):
Event: 6.794 Thread 0x0000000001d88000 DEOPT PACKING pc=0x0000000002681dec sp=0x000000000211ee70
Event: 6.794 Thread 0x0000000001d88000 DEOPT UNPACKING pc=0x000000000243582a sp=0x000000000211ed98 mode 2
Event: 6.794 Thread 0x0000000001d88000 Uncommon trap: trap_request=0xffffffc6 fr.pc=0x0000000002681dec
Event: 6.794 Thread 0x0000000001d88000 DEOPT PACKING pc=0x0000000002681dec sp=0x000000000211ee70
Event: 6.794 Thread 0x0000000001d88000 DEOPT UNPACKING pc=0x000000000243582a sp=0x000000000211ed98 mode 2
Event: 6.794 Thread 0x0000000001d88000 Uncommon trap: trap_request=0xffffffc6 fr.pc=0x00000000025d89c8
Event: 6.794 Thread 0x0000000001d88000 DEOPT PACKING pc=0x00000000025d89c8 sp=0x000000000211ee10
Event: 6.794 Thread 0x0000000001d88000 DEOPT UNPACKING pc=0x000000000243582a sp=0x000000000211ed98 mode 2
Event: 6.799 loading class com/android/dex/Leb128
Event: 6.799 loading class com/android/dex/Leb128 done


Dynamic libraries:
0x000000013fb30000 - 0x000000013fb67000 	C:\Program Files\Java\jdk1.8.0_91\bin\java.exe
0x0000000077690000 - 0x000000007783a000 	C:\Windows\SYSTEM32\ntdll.dll
0x0000000077470000 - 0x000000007758f000 	C:\Windows\system32\kernel32.dll
0x000007fefd3e0000 - 0x000007fefd44a000 	C:\Windows\system32\KERNELBASE.dll
0x000007feff6d0000 - 0x000007feff7ab000 	C:\Windows\system32\ADVAPI32.dll
0x000007feff900000 - 0x000007feff99f000 	C:\Windows\system32\msvcrt.dll
0x000007feff340000 - 0x000007feff35f000 	C:\Windows\SYSTEM32\sechost.dll
0x000007fefec60000 - 0x000007fefed8d000 	C:\Windows\system32\RPCRT4.dll
0x0000000077590000 - 0x000000007768a000 	C:\Windows\system32\USER32.dll
0x000007fefed90000 - 0x000007fefedf7000 	C:\Windows\system32\GDI32.dll
0x000007fefd960000 - 0x000007fefd96e000 	C:\Windows\system32\LPK.dll
0x000007fefd890000 - 0x000007fefd95a000 	C:\Windows\system32\USP10.dll
0x000007fefc430000 - 0x000007fefc624000 	C:\Windows\WinSxS\amd64_microsoft.windows.common-controls_6595b64144ccf1df_6.0.7601.17514_none_fa396087175ac9ac\COMCTL32.dll
0x000007fefef80000 - 0x000007fefeff1000 	C:\Windows\system32\SHLWAPI.dll
0x000007fefe700000 - 0x000007fefe72e000 	C:\Windows\system32\IMM32.DLL
0x000007fefd780000 - 0x000007fefd889000 	C:\Windows\system32\MSCTF.dll
0x000000006e160000 - 0x000000006e232000 	C:\Program Files\Java\jdk1.8.0_91\jre\bin\msvcr100.dll
0x000000006ce30000 - 0x000000006d6c3000 	C:\Program Files\Java\jdk1.8.0_91\jre\bin\server\jvm.dll
0x000007fef0bc0000 - 0x000007fef0bc9000 	C:\Windows\system32\WSOCK32.dll
0x000007fefec10000 - 0x000007fefec5d000 	C:\Windows\system32\WS2_32.dll
0x000007feff7b0000 - 0x000007feff7b8000 	C:\Windows\system32\NSI.dll
0x000007fefb350000 - 0x000007fefb38b000 	C:\Windows\system32\WINMM.dll
0x000007fefc0f0000 - 0x000007fefc0fc000 	C:\Windows\system32\VERSION.dll
0x0000000077850000 - 0x0000000077857000 	C:\Windows\system32\PSAPI.DLL
0x0000000074a90000 - 0x0000000074a9f000 	C:\Program Files\Java\jdk1.8.0_91\jre\bin\verify.dll
0x0000000073df0000 - 0x0000000073e19000 	C:\Program Files\Java\jdk1.8.0_91\jre\bin\java.dll
0x0000000073dd0000 - 0x0000000073de6000 	C:\Program Files\Java\jdk1.8.0_91\jre\bin\zip.dll
0x000007fefd970000 - 0x000007fefe6f8000 	C:\Windows\system32\SHELL32.dll
0x000007fefea00000 - 0x000007fefec03000 	C:\Windows\system32\ole32.dll
0x000007fefd3d0000 - 0x000007fefd3df000 	C:\Windows\system32\profapi.dll

VM Arguments:
jvm_args: -Djava.awt.headless=true -Xmx1024M -Dfile.encoding=windows-1256 -Duser.country=US -Duser.language=en -Duser.variant 
java_command: com.android.dx.command.Main --dex --force-jumbo --output E:\User\AndroidStudioProjects\Sunshine-Version-2\app\build\intermediates\pre-dexed\debug\instant-run_bdad2f8fe3a1ff2c2b373d24a9d7be698eab1c3f.jar E:\User\AndroidStudioProjects\Sunshine-Version-2\app\build\intermediates\incremental-runtime-classes\debug\instant-run.jar
java_class_path (initial): E:\User\AppData\Local\Android\sdk\build-tools\21.1.2\lib\dx.jar
Launcher Type: SUN_STANDARD

Environment Variables:
PATH=C:\oracle\product\10.2.0\db_2\bin;C:\oracle\product\10.2.0\db_1\bin;C:\ProgramData\Oracle\Java\javapath;C:\Windows\System32;C:\Windows\SysWOW64;C:\opencv248\build\x86\vc10\bin;C:\Python27;C:\Program Files (x86)\CodeBlocks\MinGW\bin;E:\programs\Matlab\R2013a\bin;C:\Program Files\IVI Foundation\VISA\Win64\Bin\;C:\Program Files (x86)\IVI Foundation\VISA\WinNT\Bin\;C:\Program Files (x86)\IVI Foundation\VISA\WinNT\Bin;C:\Program Files (x86)\Tesseract-OCR;E:\User\AppData\Local\Android\sdk\tools\lib;E:\Program Files\Git\cmd;E:\User\AppData\Local\Android\sdk\platform-tools;C:\Program Files\Canopy\User;C:\Program Files\Canopy\User\Scripts
USERNAME=user
OS=Windows_NT
PROCESSOR_IDENTIFIER=Intel64 Family 6 Model 58 Stepping 9, GenuineIntel



---------------  S Y S T E M  ---------------

OS: Windows 7 , 64 bit Build 7601 (6.1.7601.23572)

CPU:total 4 (2 cores per cpu, 2 threads per core) family 6 model 58 stepping 9, cmov, cx8, fxsr, mmx, sse, sse2, sse3, ssse3, sse4.1, sse4.2, popcnt, avx, aes, clmul, erms, ht, tsc, tscinvbit, tscinv

Memory: 4k page, physical 4094316k(94632k free), swap 5628456k(5048k free)

vm_info: Java HotSpot(TM) 64-Bit Server VM (25.91-b15) for windows-amd64 JRE (1.8.0_91-b15), built on May 20 2016 17:43:15 by "java_re" with MS VC++ 10.0 (VS2010)

time: Sat Jun 17 22:38:13 2017
elapsed time: 7 seconds (0d 0h 0m 7s)

