#
# There is insufficient memory for the Java Runtime Environment to continue.
# Native memory allocation (malloc) failed to allocate 1234736 bytes for Chunk::new
# Possible reasons:
#   The system is out of physical RAM or swap space
#   In 32 bit mode, the process size limit was hit
# Possible solutions:
#   Reduce memory load on the system
#   Increase physical memory or swap space
#   Check if swap backing store is full
#   Use 64 bit Java on a 64 bit OS
#   Decrease Java heap size (-Xmx/-Xms)
#   Decrease number of Java threads
#   Decrease Java thread stack sizes (-Xss)
#   Set larger code cache with -XX:ReservedCodeCacheSize=
# This output file may be truncated or incomplete.
#
#  Out of Memory Error (allocation.cpp:390), pid=6528, tid=6600
#
# JRE version: Java(TM) SE Runtime Environment (8.0_91-b15) (build 1.8.0_91-b15)
# Java VM: Java HotSpot(TM) 64-Bit Server VM (25.91-b15 mixed mode windows-amd64 compressed oops)
# Failed to write core dump. Minidumps are not enabled by default on client versions of Windows
#

---------------  T H R E A D  ---------------

Current thread (0x0000000054d80000):  JavaThread "C2 CompilerThread0" daemon [_thread_in_native, id=6600, stack(0x0000000056900000,0x0000000056a00000)]

Stack: [0x0000000056900000,0x0000000056a00000]
[error occurred during error reporting (printing stack bounds), id 0xc0000005]

Native frames: (J=compiled Java code, j=interpreted, Vv=VM code, C=native code)


Current CompileTask:
C2:   8893 1560   !   4       com.android.dx.cf.code.Ropper::processBlock (1101 bytes)


---------------  P R O C E S S  ---------------

Java Threads: ( => current thread )
  0x00000000560ed000 JavaThread "Service Thread" daemon [_thread_blocked, id=4420, stack(0x0000000056d70000,0x0000000056e70000)]
  0x00000000560e6800 JavaThread "C1 CompilerThread2" daemon [_thread_blocked, id=6200, stack(0x0000000056af0000,0x0000000056bf0000)]
  0x00000000560e5800 JavaThread "C2 CompilerThread1" daemon [_thread_in_native, id=6352, stack(0x0000000056540000,0x0000000056640000)]
=>0x0000000054d80000 JavaThread "C2 CompilerThread0" daemon [_thread_in_native, id=6600, stack(0x0000000056900000,0x0000000056a00000)]
  0x0000000054d8f800 JavaThread "Attach Listener" daemon [_thread_blocked, id=3280, stack(0x00000000567e0000,0x00000000568e0000)]
  0x00000000560ec000 JavaThread "Signal Dispatcher" daemon [_thread_blocked, id=6856, stack(0x0000000056660000,0x0000000056760000)]
  0x0000000054d69800 JavaThread "Finalizer" daemon [_thread_blocked, id=3512, stack(0x0000000055e20000,0x0000000055f20000)]
  0x0000000054d22800 JavaThread "Reference Handler" daemon [_thread_blocked, id=6452, stack(0x0000000055f20000,0x0000000056020000)]
  0x0000000001e98000 JavaThread "main" [_thread_in_Java, id=6436, stack(0x00000000022c0000,0x00000000023c0000)]

Other Threads:
  0x0000000054d1a800 VMThread [stack: 0x0000000055ce0000,0x0000000055de0000] [id=6692]
  0x0000000056173800 WatcherThread [stack: 0x0000000056ef0000,0x0000000056ff0000] [id=6720]

VM state:not at safepoint (normal execution)

VM Mutex/Monitor currently owned by a thread: None

Heap:
 PSYoungGen      total 68096K, used 10543K [0x00000000eab00000, 0x00000000ef000000, 0x0000000100000000)
  eden space 65536K, 12% used [0x00000000eab00000,0x00000000eb2d3b50,0x00000000eeb00000)
  from space 2560K, 98% used [0x00000000eed80000,0x00000000eeff8198,0x00000000ef000000)
  to   space 2560K, 0% used [0x00000000eeb00000,0x00000000eeb00000,0x00000000eed80000)
 ParOldGen       total 44032K, used 14182K [0x00000000c0000000, 0x00000000c2b00000, 0x00000000eab00000)
  object space 44032K, 32% used [0x00000000c0000000,0x00000000c0dd9b08,0x00000000c2b00000)
 Metaspace       used 6024K, capacity 7088K, committed 7296K, reserved 1056768K
  class space    used 585K, capacity 616K, committed 640K, reserved 1048576K

Card table byte_map: [0x0000000011a50000,0x0000000011c60000] byte_map_base: 0x0000000011450000

Marking Bits: (ParMarkBitMap*) 0x000000006ad92f70
 Begin Bits: [0x0000000012190000, 0x0000000013190000)
 End Bits:   [0x0000000013190000, 0x0000000014190000)

Polling page: 0x0000000000110000

CodeCache: size=245760Kb used=7120Kb max_used=7129Kb free=238639Kb
 bounds [0x0000000002690000, 0x0000000002d90000, 0x0000000011690000]
 total_blobs=1882 nmethods=1619 adapters=176
 compilation: enabled

Compilation events (10 events):
Event: 8.711 Thread 0x00000000560e6800 1637       1       com.android.dx.cf.attrib.AttConstantValue::byteLength (3 bytes)
Event: 8.712 Thread 0x00000000560e6800 nmethod 1637 0x0000000002d697d0 code [0x0000000002d69920, 0x0000000002d69a30]
Event: 8.713 Thread 0x00000000560e6800 1638       1       com.android.dx.cf.attrib.AttConstantValue::getConstantValue (5 bytes)
Event: 8.713 Thread 0x00000000560e6800 nmethod 1638 0x0000000002d62d90 code [0x0000000002d62ee0, 0x0000000002d62ff0]
Event: 8.716 Thread 0x00000000560e6800 1639       1       com.android.dx.rop.cst.TypedConstant::getFrameType (2 bytes)
Event: 8.716 Thread 0x00000000560e6800 nmethod 1639 0x0000000002d62ad0 code [0x0000000002d62c20, 0x0000000002d62d30]
Event: 8.719 Thread 0x00000000560e6800 1640       2       com.android.dx.ssa.LocalVariableExtractor::processBlock (383 bytes)
Event: 8.721 Thread 0x00000000560e5800 nmethod 1599 0x0000000002d82350 code [0x0000000002d82760, 0x0000000002d835f8]
Event: 8.721 Thread 0x00000000560e5800 1627       4       com.android.dx.ssa.DeadCodeRemover::pruneDeadInstructions (246 bytes)
Event: 8.722 Thread 0x00000000560e6800 nmethod 1640 0x0000000002d84f50 code [0x0000000002d852c0, 0x0000000002d86458]

GC Heap History (8 events):
Event: 4.558 GC heap before
{Heap before GC invocations=1 (full 0):
 PSYoungGen      total 18944K, used 16384K [0x00000000eab00000, 0x00000000ec000000, 0x0000000100000000)
  eden space 16384K, 100% used [0x00000000eab00000,0x00000000ebb00000,0x00000000ebb00000)
  from space 2560K, 0% used [0x00000000ebd80000,0x00000000ebd80000,0x00000000ec000000)
  to   space 2560K, 0% used [0x00000000ebb00000,0x00000000ebb00000,0x00000000ebd80000)
 ParOldGen       total 44032K, used 0K [0x00000000c0000000, 0x00000000c2b00000, 0x00000000eab00000)
  object space 44032K, 0% used [0x00000000c0000000,0x00000000c0000000,0x00000000c2b00000)
 Metaspace       used 5599K, capacity 6832K, committed 7040K, reserved 1056768K
  class space    used 559K, capacity 616K, committed 640K, reserved 1048576K
Event: 4.826 GC heap after
Heap after GC invocations=1 (full 0):
 PSYoungGen      total 18944K, used 2554K [0x00000000eab00000, 0x00000000ed000000, 0x0000000100000000)
  eden space 16384K, 0% used [0x00000000eab00000,0x00000000eab00000,0x00000000ebb00000)
  from space 2560K, 99% used [0x00000000ebb00000,0x00000000ebd7eab8,0x00000000ebd80000)
  to   space 2560K, 0% used [0x00000000ecd80000,0x00000000ecd80000,0x00000000ed000000)
 ParOldGen       total 44032K, used 1771K [0x00000000c0000000, 0x00000000c2b00000, 0x00000000eab00000)
  object space 44032K, 4% used [0x00000000c0000000,0x00000000c01bae38,0x00000000c2b00000)
 Metaspace       used 5599K, capacity 6832K, committed 7040K, reserved 1056768K
  class space    used 559K, capacity 616K, committed 640K, reserved 1048576K
}
Event: 5.871 GC heap before
{Heap before GC invocations=2 (full 0):
 PSYoungGen      total 18944K, used 18938K [0x00000000eab00000, 0x00000000ed000000, 0x0000000100000000)
  eden space 16384K, 100% used [0x00000000eab00000,0x00000000ebb00000,0x00000000ebb00000)
  from space 2560K, 99% used [0x00000000ebb00000,0x00000000ebd7eab8,0x00000000ebd80000)
  to   space 2560K, 0% used [0x00000000ecd80000,0x00000000ecd80000,0x00000000ed000000)
 ParOldGen       total 44032K, used 1771K [0x00000000c0000000, 0x00000000c2b00000, 0x00000000eab00000)
  object space 44032K, 4% used [0x00000000c0000000,0x00000000c01bae38,0x00000000c2b00000)
 Metaspace       used 5805K, capacity 6960K, committed 7040K, reserved 1056768K
  class space    used 563K, capacity 616K, committed 640K, reserved 1048576K
Event: 6.112 GC heap after
Heap after GC invocations=2 (full 0):
 PSYoungGen      total 35328K, used 2548K [0x00000000eab00000, 0x00000000ed000000, 0x0000000100000000)
  eden space 32768K, 0% used [0x00000000eab00000,0x00000000eab00000,0x00000000ecb00000)
  from space 2560K, 99% used [0x00000000ecd80000,0x00000000ecffd290,0x00000000ed000000)
  to   space 2560K, 0% used [0x00000000ecb00000,0x00000000ecb00000,0x00000000ecd80000)
 ParOldGen       total 44032K, used 4130K [0x00000000c0000000, 0x00000000c2b00000, 0x00000000eab00000)
  object space 44032K, 9% used [0x00000000c0000000,0x00000000c04089e8,0x00000000c2b00000)
 Metaspace       used 5805K, capacity 6960K, committed 7040K, reserved 1056768K
  class space    used 563K, capacity 616K, committed 640K, reserved 1048576K
}
Event: 7.181 GC heap before
{Heap before GC invocations=3 (full 0):
 PSYoungGen      total 35328K, used 35316K [0x00000000eab00000, 0x00000000ed000000, 0x0000000100000000)
  eden space 32768K, 100% used [0x00000000eab00000,0x00000000ecb00000,0x00000000ecb00000)
  from space 2560K, 99% used [0x00000000ecd80000,0x00000000ecffd290,0x00000000ed000000)
  to   space 2560K, 0% used [0x00000000ecb00000,0x00000000ecb00000,0x00000000ecd80000)
 ParOldGen       total 44032K, used 4130K [0x00000000c0000000, 0x00000000c2b00000, 0x00000000eab00000)
  object space 44032K, 9% used [0x00000000c0000000,0x00000000c04089e8,0x00000000c2b00000)
 Metaspace       used 5991K, capacity 7024K, committed 7296K, reserved 1056768K
  class space    used 584K, capacity 616K, committed 640K, reserved 1048576K
Event: 7.511 GC heap after
Heap after GC invocations=3 (full 0):
 PSYoungGen      total 35328K, used 2534K [0x00000000eab00000, 0x00000000ef000000, 0x0000000100000000)
  eden space 32768K, 0% used [0x00000000eab00000,0x00000000eab00000,0x00000000ecb00000)
  from space 2560K, 99% used [0x00000000ecb00000,0x00000000ecd79a58,0x00000000ecd80000)
  to   space 2560K, 0% used [0x00000000eed80000,0x00000000eed80000,0x00000000ef000000)
 ParOldGen       total 44032K, used 8847K [0x00000000c0000000, 0x00000000c2b00000, 0x00000000eab00000)
  object space 44032K, 20% used [0x00000000c0000000,0x00000000c08a3fc0,0x00000000c2b00000)
 Metaspace       used 5991K, capacity 7024K, committed 7296K, reserved 1056768K
  class space    used 584K, capacity 616K, committed 640K, reserved 1048576K
}
Event: 8.723 GC heap before
{Heap before GC invocations=4 (full 0):
 PSYoungGen      total 35328K, used 35302K [0x00000000eab00000, 0x00000000ef000000, 0x0000000100000000)
  eden space 32768K, 100% used [0x00000000eab00000,0x00000000ecb00000,0x00000000ecb00000)
  from space 2560K, 99% used [0x00000000ecb00000,0x00000000ecd79a58,0x00000000ecd80000)
  to   space 2560K, 0% used [0x00000000eed80000,0x00000000eed80000,0x00000000ef000000)
 ParOldGen       total 44032K, used 8847K [0x00000000c0000000, 0x00000000c2b00000, 0x00000000eab00000)
  object space 44032K, 20% used [0x00000000c0000000,0x00000000c08a3fc0,0x00000000c2b00000)
 Metaspace       used 6023K, capacity 7088K, committed 7296K, reserved 1056768K
  class space    used 585K, capacity 616K, committed 640K, reserved 1048576K
Event: 8.831 GC heap after
Heap after GC invocations=4 (full 0):
 PSYoungGen      total 68096K, used 2528K [0x00000000eab00000, 0x00000000ef000000, 0x0000000100000000)
  eden space 65536K, 0% used [0x00000000eab00000,0x00000000eab00000,0x00000000eeb00000)
  from space 2560K, 98% used [0x00000000eed80000,0x00000000eeff8198,0x00000000ef000000)
  to   space 2560K, 0% used [0x00000000eeb00000,0x00000000eeb00000,0x00000000eed80000)
 ParOldGen       total 44032K, used 14182K [0x00000000c0000000, 0x00000000c2b00000, 0x00000000eab00000)
  object space 44032K, 32% used [0x00000000c0000000,0x00000000c0dd9b08,0x00000000c2b00000)
 Metaspace       used 6023K, capacity 7088K, committed 7296K, reserved 1056768K
  class space    used 585K, capacity 616K, committed 640K, reserved 1048576K
}

Deoptimization events (10 events):
Event: 8.051 Thread 0x0000000001e98000 Uncommon trap: reason=unstable_if action=reinterpret pc=0x0000000002b47a10 method=java.util.HashMap.putVal(ILjava/lang/Object;Ljava/lang/Object;ZZ)Ljava/lang/Object; @ 162
Event: 8.054 Thread 0x0000000001e98000 Uncommon trap: reason=bimorphic action=maybe_recompile pc=0x0000000002c647fc method=com.android.dx.ssa.LiteralOpUpgrader.tryReplacingWithConstant(Lcom/android/dx/ssa/NormalSsaInsn;)Z @ 52
Event: 8.067 Thread 0x0000000001e98000 Uncommon trap: reason=bimorphic action=maybe_recompile pc=0x0000000002c647fc method=com.android.dx.ssa.LiteralOpUpgrader.tryReplacingWithConstant(Lcom/android/dx/ssa/NormalSsaInsn;)Z @ 52
Event: 8.068 Thread 0x0000000001e98000 Uncommon trap: reason=bimorphic action=maybe_recompile pc=0x0000000002c647fc method=com.android.dx.ssa.LiteralOpUpgrader.tryReplacingWithConstant(Lcom/android/dx/ssa/NormalSsaInsn;)Z @ 52
Event: 8.124 Thread 0x0000000001e98000 Uncommon trap: reason=bimorphic action=maybe_recompile pc=0x0000000002c5978c method=com.android.dx.ssa.LiteralOpUpgrader.tryReplacingWithConstant(Lcom/android/dx/ssa/NormalSsaInsn;)Z @ 52
Event: 8.155 Thread 0x0000000001e98000 Uncommon trap: reason=unstable_if action=reinterpret pc=0x0000000002d08460 method=com.android.dx.ssa.InterferenceRegisterMapper.interferes(III)Z @ 69
Event: 8.232 Thread 0x0000000001e98000 Uncommon trap: reason=unstable_if action=reinterpret pc=0x0000000002d2821c method=com.android.dx.cf.code.BaseMachine.getLocalTarget(Z)Lcom/android/dx/rop/code/RegisterSpec; @ 131
Event: 8.718 Thread 0x0000000001e98000 Uncommon trap: reason=bimorphic action=maybe_recompile pc=0x0000000002cd0abc method=com.android.dx.rop.code.RegisterSpec.withSimpleType()Lcom/android/dx/rop/code/RegisterSpec; @ 21
Event: 8.719 Thread 0x0000000001e98000 Uncommon trap: reason=bimorphic action=maybe_recompile pc=0x0000000002cd0abc method=com.android.dx.rop.code.RegisterSpec.withSimpleType()Lcom/android/dx/rop/code/RegisterSpec; @ 21
Event: 8.719 Thread 0x0000000001e98000 Uncommon trap: reason=bimorphic action=maybe_recompile pc=0x0000000002cd0abc method=com.android.dx.rop.code.RegisterSpec.withSimpleType()Lcom/android/dx/rop/code/RegisterSpec; @ 21

Internal exceptions (6 events):
Event: 0.103 Thread 0x0000000001e98000 Exception <a 'java/lang/NoSuchMethodError': Method sun.misc.Unsafe.defineClass(Ljava/lang/String;[BII)Ljava/lang/Class; name or signature does not match> (0x00000000eab07cc0) thrown at [C:\re\workspace\8-2-build-windows-amd64-cygwin\jdk8u91\7017\hotspot\sri—Ò≠Ç∫?
Event: 0.104 Thread 0x0000000001e98000 Exception <a 'java/lang/NoSuchMethodError': Method sun.misc.Unsafe.prefetchRead(Ljava/lang/Object;J)V name or signature does not match> (0x00000000eab07fa8) thrown at [C:\re\workspace\8-2-build-windows-amd64-cygwin\jdk8u91\7017\hotspot\src\share\vm\prims\j’çbÌàù@
Event: 6.154 Thread 0x0000000001e98000 Implicit null exception at 0x0000000002b4d4f3 to 0x0000000002b4e24d
Event: 6.508 Thread 0x0000000001e98000 Exception <a 'java/lang/ArrayIndexOutOfBoundsException': 18> (0x00000000eb93d7b8) thrown at [C:\re\workspace\8-2-build-windows-amd64-cygwin\jdk8u91\7017\hotspot\src\share\vm\interpreter\interpreterRuntime.cpp, line 366]
Event: 6.509 Thread 0x0000000001e98000 Exception <a 'java/lang/ArrayIndexOutOfBoundsException'> (0x00000000eb93f338) thrown at [C:\re\workspace\8-2-build-windows-amd64-cygwin\jdk8u91\7017\hotspot\src\share\vm\runtime\sharedRuntime.cpp, line 605]
Event: 6.510 Thread 0x0000000001e98000 Exception <a 'java/lang/ArrayIndexOutOfBoundsException'> (0x00000000eb940620) thrown at [C:\re\workspace\8-2-build-windows-amd64-cygwin\jdk8u91\7017\hotspot\src\share\vm\runtime\sharedRuntime.cpp, line 605]

Events (10 events):
Event: 8.718 Thread 0x0000000001e98000 DEOPT PACKING pc=0x0000000002cd0abc sp=0x00000000023be9f0
Event: 8.718 Thread 0x0000000001e98000 DEOPT UNPACKING pc=0x00000000026d582a sp=0x00000000023be968 mode 2
Event: 8.719 Thread 0x0000000001e98000 Uncommon trap: trap_request=0xffffffc6 fr.pc=0x0000000002cd0abc
Event: 8.719 Thread 0x0000000001e98000 DEOPT PACKING pc=0x0000000002cd0abc sp=0x00000000023be9f0
Event: 8.719 Thread 0x0000000001e98000 DEOPT UNPACKING pc=0x00000000026d582a sp=0x00000000023be968 mode 2
Event: 8.719 Thread 0x0000000001e98000 Uncommon trap: trap_request=0xffffffc6 fr.pc=0x0000000002cd0abc
Event: 8.719 Thread 0x0000000001e98000 DEOPT PACKING pc=0x0000000002cd0abc sp=0x00000000023be9f0
Event: 8.719 Thread 0x0000000001e98000 DEOPT UNPACKING pc=0x00000000026d582a sp=0x00000000023be968 mode 2
Event: 8.723 Executing VM operation: ParallelGCFailedAllocation
Event: 8.831 Executing VM operation: ParallelGCFailedAllocation done


Dynamic libraries:
0x000000013fd80000 - 0x000000013fdb7000 	C:\Program Files\Java\jdk1.8.0_91\bin\java.exe
0x0000000077470000 - 0x0000000077619000 	C:\Windows\SYSTEM32\ntdll.dll
0x0000000077350000 - 0x000000007746f000 	C:\Windows\system32\kernel32.dll
0x000007fefd570000 - 0x000007fefd5db000 	C:\Windows\system32\KERNELBASE.dll
0x000007fefdb20000 - 0x000007fefdbfb000 	C:\Windows\system32\ADVAPI32.dll
0x000007fefda80000 - 0x000007fefdb1f000 	C:\Windows\system32\msvcrt.dll
0x000007fefd5e0000 - 0x000007fefd5ff000 	C:\Windows\SYSTEM32\sechost.dll
0x000007fefe1b0000 - 0x000007fefe2dd000 	C:\Windows\system32\RPCRT4.dll
0x0000000077250000 - 0x000000007734a000 	C:\Windows\system32\USER32.dll
0x000007fefdc00000 - 0x000007fefdc67000 	C:\Windows\system32\GDI32.dll
0x000007fefe0b0000 - 0x000007fefe0be000 	C:\Windows\system32\LPK.dll
0x000007fefdfe0000 - 0x000007fefe0a9000 	C:\Windows\system32\USP10.dll
0x000007fefc2e0000 - 0x000007fefc4d4000 	C:\Windows\WinSxS\amd64_microsoft.windows.common-controls_6595b64144ccf1df_6.0.7601.17514_none_fa396087175ac9ac\COMCTL32.dll
0x000007fefe130000 - 0x000007fefe1a1000 	C:\Windows\system32\SHLWAPI.dll
0x000007feff750000 - 0x000007feff77e000 	C:\Windows\system32\IMM32.DLL
0x000007fefe8b0000 - 0x000007fefe9b9000 	C:\Windows\system32\MSCTF.dll
0x0000000063ba0000 - 0x0000000063c72000 	C:\Program Files\Java\jdk1.8.0_91\jre\bin\msvcr100.dll
0x000000006a580000 - 0x000000006ae13000 	C:\Program Files\Java\jdk1.8.0_91\jre\bin\server\jvm.dll
0x000007fef8da0000 - 0x000007fef8da9000 	C:\Windows\system32\WSOCK32.dll
0x000007fefe0e0000 - 0x000007fefe12d000 	C:\Windows\system32\WS2_32.dll
0x000007fefd600000 - 0x000007fefd608000 	C:\Windows\system32\NSI.dll
0x000007fefb1a0000 - 0x000007fefb1db000 	C:\Windows\system32\WINMM.dll
0x000007fefbf80000 - 0x000007fefbf8c000 	C:\Windows\system32\VERSION.dll
0x0000000077640000 - 0x0000000077647000 	C:\Windows\system32\PSAPI.DLL
0x00000000747c0000 - 0x00000000747cf000 	C:\Program Files\Java\jdk1.8.0_91\jre\bin\verify.dll
0x0000000074790000 - 0x00000000747b9000 	C:\Program Files\Java\jdk1.8.0_91\jre\bin\java.dll
0x0000000074770000 - 0x0000000074786000 	C:\Program Files\Java\jdk1.8.0_91\jre\bin\zip.dll
0x000007fefe9c0000 - 0x000007feff748000 	C:\Windows\system32\SHELL32.dll
0x000007fefd690000 - 0x000007fefd893000 	C:\Windows\system32\ole32.dll
0x000007fefd230000 - 0x000007fefd23f000 	C:\Windows\system32\profapi.dll

VM Arguments:
jvm_args: -Djava.awt.headless=true -Xmx1024M -Dfile.encoding=windows-1256 -Duser.country=US -Duser.language=en -Duser.variant 
java_command: com.android.dx.command.Main --dex --force-jumbo --output E:\User\AndroidStudioProjects\Sunshine-Version-2\app\build\intermediates\pre-dexed\debug\com.android.support-support-v4-21.0.3_3035d9c83d7289f90d6f43d640a8c8de139a0846.jar E:\User\AndroidStudioProjects\Sunshine-Version-2\app\build\intermediates\exploded-aar\com.android.support\support-v4\21.0.3\jars\classes.jar
java_class_path (initial): E:\User\AppData\Local\Android\sdk\build-tools\21.1.2\lib\dx.jar
Launcher Type: SUN_STANDARD

Environment Variables:
PATH=C:\oracle\product\10.2.0\db_2\bin;C:\oracle\product\10.2.0\db_1\bin;C:\ProgramData\Oracle\Java\javapath;C:\Windows\System32;C:\Windows\SysWOW64;C:\opencv248\build\x86\vc10\bin;C:\Python27;C:\Program Files (x86)\CodeBlocks\MinGW\bin;E:\programs\Matlab\R2013a\bin;C:\Program Files\IVI Foundation\VISA\Win64\Bin\;C:\Program Files (x86)\IVI Foundation\VISA\WinNT\Bin\;C:\Program Files (x86)\IVI Foundation\VISA\WinNT\Bin;C:\Program Files (x86)\Tesseract-OCR;E:\User\AppData\Local\Android\sdk\tools\lib;E:\Program Files\Git\cmd;E:\User\AppData\Local\Android\sdk\platform-tools;C:\Program Files\Canopy\User;C:\Program Files\Canopy\User\Scripts
USERNAME=user
OS=Windows_NT
PROCESSOR_IDENTIFIER=Intel64 Family 6 Model 58 Stepping 9, GenuineIntel



---------------  S Y S T E M  ---------------

OS: Windows 7 , 64 bit Build 7601 (6.1.7601.18015)

CPU:total 4 (2 cores per cpu, 2 threads per core) family 6 model 58 stepping 9, cmov, cx8, fxsr, mmx, sse, sse2, sse3, ssse3, sse4.1, sse4.2, popcnt, avx, aes, clmul, erms, ht, tsc, tscinvbit, tscinv

Memory: 4k page, physical 4094316k(323248k free), swap 5367192k(5284k free)

vm_info: Java HotSpot(TM) 64-Bit Server VM (25.91-b15) for windows-amd64 JRE (1.8.0_91-b15), built on May 20 2016 17:43:15 by "java_re" with MS VC++ 10.0 (VS2010)

time: Tue Aug 02 22:24:31 2016
elapsed time: 8 seconds (0d 0h 0m 8s)

