#
# There is insufficient memory for the Java Runtime Environment to continue.
# Native memory allocation (malloc) failed to allocate 1814736 bytes for Chunk::new
# Possible reasons:
#   The system is out of physical RAM or swap space
#   In 32 bit mode, the process size limit was hit
# Possible solutions:
#   Reduce memory load on the system
#   Increase physical memory or swap space
#   Check if swap backing store is full
#   Use 64 bit Java on a 64 bit OS
#   Decrease Java heap size (-Xmx/-Xms)
#   Decrease number of Java threads
#   Decrease Java thread stack sizes (-Xss)
#   Set larger code cache with -XX:ReservedCodeCacheSize=
# This output file may be truncated or incomplete.
#
#  Out of Memory Error (allocation.cpp:390), pid=52988, tid=51008
#
# JRE version: Java(TM) SE Runtime Environment (8.0_91-b15) (build 1.8.0_91-b15)
# Java VM: Java HotSpot(TM) 64-Bit Server VM (25.91-b15 mixed mode windows-amd64 compressed oops)
# Failed to write core dump. Minidumps are not enabled by default on client versions of Windows
#

---------------  T H R E A D  ---------------

Current thread (0x00000000560c6800):  JavaThread "C2 CompilerThread1" daemon [_thread_in_native, id=51008, stack(0x0000000056840000,0x0000000056940000)]

Stack: [0x0000000056840000,0x0000000056940000]
[error occurred during error reporting (printing stack bounds), id 0xc0000005]

Native frames: (J=compiled Java code, j=interpreted, Vv=VM code, C=native code)


Current CompileTask:
C2:   7372 1873   !   4       com.android.dx.cf.code.BytecodeArray::parseInstruction (2764 bytes)


---------------  P R O C E S S  ---------------

Java Threads: ( => current thread )
  0x0000000056151000 JavaThread "Service Thread" daemon [_thread_blocked, id=51824, stack(0x0000000056a70000,0x0000000056b70000)]
  0x00000000560c7800 JavaThread "C1 CompilerThread2" daemon [_thread_blocked, id=52672, stack(0x0000000056940000,0x0000000056a40000)]
=>0x00000000560c6800 JavaThread "C2 CompilerThread1" daemon [_thread_in_native, id=51008, stack(0x0000000056840000,0x0000000056940000)]
  0x00000000560c4800 JavaThread "C2 CompilerThread0" daemon [_thread_in_native, id=49260, stack(0x0000000056500000,0x0000000056600000)]
  0x0000000054cee000 JavaThread "Attach Listener" daemon [_thread_blocked, id=52608, stack(0x00000000566b0000,0x00000000567b0000)]
  0x0000000054cff000 JavaThread "Signal Dispatcher" daemon [_thread_blocked, id=52528, stack(0x0000000055d00000,0x0000000055e00000)]
  0x0000000054cd9800 JavaThread "Finalizer" daemon [_thread_blocked, id=27208, stack(0x0000000055fc0000,0x00000000560c0000)]
  0x0000000054c92000 JavaThread "Reference Handler" daemon [_thread_blocked, id=50560, stack(0x0000000055ec0000,0x0000000055fc0000)]
  0x0000000001d98000 JavaThread "main" [_thread_blocked, id=28536, stack(0x0000000001ff0000,0x00000000020f0000)]

Other Threads:
  0x0000000054c8a800 VMThread [stack: 0x0000000055c00000,0x0000000055d00000] [id=52348]
  0x0000000056198800 WatcherThread [stack: 0x0000000056b70000,0x0000000056c70000] [id=52360]

VM state:not at safepoint (normal execution)

VM Mutex/Monitor currently owned by a thread: None

Heap:
 PSYoungGen      total 141312K, used 53928K [0x00000000eab00000, 0x00000000f4900000, 0x0000000100000000)
  eden space 128512K, 32% used [0x00000000eab00000,0x00000000ed3406d8,0x00000000f2880000)
  from space 12800K, 99% used [0x00000000f3780000,0x00000000f43e9c88,0x00000000f4400000)
  to   space 15360K, 0% used [0x00000000f2880000,0x00000000f2880000,0x00000000f3780000)
 ParOldGen       total 44032K, used 23662K [0x00000000c0000000, 0x00000000c2b00000, 0x00000000eab00000)
  object space 44032K, 53% used [0x00000000c0000000,0x00000000c171bb08,0x00000000c2b00000)
 Metaspace       used 6159K, capacity 7152K, committed 7296K, reserved 1056768K
  class space    used 592K, capacity 616K, committed 640K, reserved 1048576K

Card table byte_map: [0x0000000011780000,0x0000000011990000] byte_map_base: 0x0000000011180000

Marking Bits: (ParMarkBitMap*) 0x0000000070572f70
 Begin Bits: [0x0000000012100000, 0x0000000013100000)
 End Bits:   [0x0000000013100000, 0x0000000014100000)

Polling page: 0x0000000000410000

CodeCache: size=245760Kb used=8048Kb max_used=8077Kb free=237711Kb
 bounds [0x00000000023c0000, 0x0000000002bb0000, 0x00000000113c0000]
 total_blobs=2086 nmethods=1823 adapters=176
 compilation: enabled

Compilation events (10 events):
Event: 7.119 Thread 0x00000000560c7800 1910   !   2       com.android.dx.rop.cst.CstType::intern (48 bytes)
Event: 7.120 Thread 0x00000000560c7800 nmethod 1910 0x0000000002b88890 code [0x0000000002b88a40, 0x0000000002b88f28]
Event: 7.120 Thread 0x00000000560c7800 1911       2       com.android.dx.dex.code.OutputFinisher::addConstants (93 bytes)
Event: 7.120 Thread 0x00000000560c6800 nmethod 1755 0x0000000002b978d0 code [0x0000000002b985a0, 0x0000000002ba00e0]
Event: 7.120 Thread 0x00000000560c6800 1873   !   4       com.android.dx.cf.code.BytecodeArray::parseInstruction (2764 bytes)
Event: 7.121 Thread 0x00000000560c7800 nmethod 1911 0x0000000002b87d90 code [0x0000000002b87f60, 0x0000000002b88428]
Event: 7.121 Thread 0x00000000560c7800 1912       1       com.android.dx.dex.code.LocalStart::getLocal (5 bytes)
Event: 7.121 Thread 0x00000000560c7800 nmethod 1912 0x0000000002b80490 code [0x0000000002b805e0, 0x0000000002b806f0]
Event: 7.121 Thread 0x00000000560c7800 1887       1       com.android.dx.dex.file.TypeListItem::getList (5 bytes)
Event: 7.121 Thread 0x00000000560c7800 nmethod 1887 0x0000000002b801d0 code [0x0000000002b80320, 0x0000000002b80430]

GC Heap History (10 events):
Event: 2.258 GC heap before
{Heap before GC invocations=2 (full 0):
 PSYoungGen      total 18944K, used 18919K [0x00000000eab00000, 0x00000000ed000000, 0x0000000100000000)
  eden space 16384K, 100% used [0x00000000eab00000,0x00000000ebb00000,0x00000000ebb00000)
  from space 2560K, 99% used [0x00000000ebb00000,0x00000000ebd79c88,0x00000000ebd80000)
  to   space 2560K, 0% used [0x00000000ecd80000,0x00000000ecd80000,0x00000000ed000000)
 ParOldGen       total 44032K, used 1574K [0x00000000c0000000, 0x00000000c2b00000, 0x00000000eab00000)
  object space 44032K, 3% used [0x00000000c0000000,0x00000000c0189ab8,0x00000000c2b00000)
 Metaspace       used 5763K, capacity 6960K, committed 7040K, reserved 1056768K
  class space    used 562K, capacity 616K, committed 640K, reserved 1048576K
Event: 2.790 GC heap after
Heap after GC invocations=2 (full 0):
 PSYoungGen      total 35328K, used 2528K [0x00000000eab00000, 0x00000000ed000000, 0x0000000100000000)
  eden space 32768K, 0% used [0x00000000eab00000,0x00000000eab00000,0x00000000ecb00000)
  from space 2560K, 98% used [0x00000000ecd80000,0x00000000ecff8028,0x00000000ed000000)
  to   space 2560K, 0% used [0x00000000ecb00000,0x00000000ecb00000,0x00000000ecd80000)
 ParOldGen       total 44032K, used 3976K [0x00000000c0000000, 0x00000000c2b00000, 0x00000000eab00000)
  object space 44032K, 9% used [0x00000000c0000000,0x00000000c03e2230,0x00000000c2b00000)
 Metaspace       used 5763K, capacity 6960K, committed 7040K, reserved 1056768K
  class space    used 562K, capacity 616K, committed 640K, reserved 1048576K
}
Event: 3.516 GC heap before
{Heap before GC invocations=3 (full 0):
 PSYoungGen      total 35328K, used 35296K [0x00000000eab00000, 0x00000000ed000000, 0x0000000100000000)
  eden space 32768K, 100% used [0x00000000eab00000,0x00000000ecb00000,0x00000000ecb00000)
  from space 2560K, 98% used [0x00000000ecd80000,0x00000000ecff8028,0x00000000ed000000)
  to   space 2560K, 0% used [0x00000000ecb00000,0x00000000ecb00000,0x00000000ecd80000)
 ParOldGen       total 44032K, used 3976K [0x00000000c0000000, 0x00000000c2b00000, 0x00000000eab00000)
  object space 44032K, 9% used [0x00000000c0000000,0x00000000c03e2230,0x00000000c2b00000)
 Metaspace       used 6001K, capacity 7088K, committed 7296K, reserved 1056768K
  class space    used 585K, capacity 616K, committed 640K, reserved 1048576K
Event: 3.563 GC heap after
Heap after GC invocations=3 (full 0):
 PSYoungGen      total 35328K, used 2545K [0x00000000eab00000, 0x00000000ef000000, 0x0000000100000000)
  eden space 32768K, 0% used [0x00000000eab00000,0x00000000eab00000,0x00000000ecb00000)
  from space 2560K, 99% used [0x00000000ecb00000,0x00000000ecd7c480,0x00000000ecd80000)
  to   space 2560K, 0% used [0x00000000eed80000,0x00000000eed80000,0x00000000ef000000)
 ParOldGen       total 44032K, used 8618K [0x00000000c0000000, 0x00000000c2b00000, 0x00000000eab00000)
  object space 44032K, 19% used [0x00000000c0000000,0x00000000c086a840,0x00000000c2b00000)
 Metaspace       used 6001K, capacity 7088K, committed 7296K, reserved 1056768K
  class space    used 585K, capacity 616K, committed 640K, reserved 1048576K
}
Event: 4.038 GC heap before
{Heap before GC invocations=4 (full 0):
 PSYoungGen      total 35328K, used 35313K [0x00000000eab00000, 0x00000000ef000000, 0x0000000100000000)
  eden space 32768K, 100% used [0x00000000eab00000,0x00000000ecb00000,0x00000000ecb00000)
  from space 2560K, 99% used [0x00000000ecb00000,0x00000000ecd7c480,0x00000000ecd80000)
  to   space 2560K, 0% used [0x00000000eed80000,0x00000000eed80000,0x00000000ef000000)
 ParOldGen       total 44032K, used 8618K [0x00000000c0000000, 0x00000000c2b00000, 0x00000000eab00000)
  object space 44032K, 19% used [0x00000000c0000000,0x00000000c086a840,0x00000000c2b00000)
 Metaspace       used 6024K, capacity 7088K, committed 7296K, reserved 1056768K
  class space    used 585K, capacity 616K, committed 640K, reserved 1048576K
Event: 4.128 GC heap after
Heap after GC invocations=4 (full 0):
 PSYoungGen      total 68096K, used 2559K [0x00000000eab00000, 0x00000000ef000000, 0x0000000100000000)
  eden space 65536K, 0% used [0x00000000eab00000,0x00000000eab00000,0x00000000eeb00000)
  from space 2560K, 99% used [0x00000000eed80000,0x00000000eefffcd0,0x00000000ef000000)
  to   space 2560K, 0% used [0x00000000eeb00000,0x00000000eeb00000,0x00000000eed80000)
 ParOldGen       total 44032K, used 13539K [0x00000000c0000000, 0x00000000c2b00000, 0x00000000eab00000)
  object space 44032K, 30% used [0x00000000c0000000,0x00000000c0d38fa8,0x00000000c2b00000)
 Metaspace       used 6024K, capacity 7088K, committed 7296K, reserved 1056768K
  class space    used 585K, capacity 616K, committed 640K, reserved 1048576K
}
Event: 5.068 GC heap before
{Heap before GC invocations=5 (full 0):
 PSYoungGen      total 68096K, used 68095K [0x00000000eab00000, 0x00000000ef000000, 0x0000000100000000)
  eden space 65536K, 100% used [0x00000000eab00000,0x00000000eeb00000,0x00000000eeb00000)
  from space 2560K, 99% used [0x00000000eed80000,0x00000000eefffcd0,0x00000000ef000000)
  to   space 2560K, 0% used [0x00000000eeb00000,0x00000000eeb00000,0x00000000eed80000)
 ParOldGen       total 44032K, used 13539K [0x00000000c0000000, 0x00000000c2b00000, 0x00000000eab00000)
  object space 44032K, 30% used [0x00000000c0000000,0x00000000c0d38fa8,0x00000000c2b00000)
 Metaspace       used 6061K, capacity 7088K, committed 7296K, reserved 1056768K
  class space    used 585K, capacity 616K, committed 640K, reserved 1048576K
Event: 5.272 GC heap after
Heap after GC invocations=5 (full 0):
 PSYoungGen      total 68096K, used 2533K [0x00000000eab00000, 0x00000000f4400000, 0x0000000100000000)
  eden space 65536K, 0% used [0x00000000eab00000,0x00000000eab00000,0x00000000eeb00000)
  from space 2560K, 98% used [0x00000000eeb00000,0x00000000eed79528,0x00000000eed80000)
  to   space 12800K, 0% used [0x00000000f3780000,0x00000000f3780000,0x00000000f4400000)
 ParOldGen       total 44032K, used 23662K [0x00000000c0000000, 0x00000000c2b00000, 0x00000000eab00000)
  object space 44032K, 53% used [0x00000000c0000000,0x00000000c171bb08,0x00000000c2b00000)
 Metaspace       used 6061K, capacity 7088K, committed 7296K, reserved 1056768K
  class space    used 585K, capacity 616K, committed 640K, reserved 1048576K
}
Event: 6.129 GC heap before
{Heap before GC invocations=6 (full 0):
 PSYoungGen      total 68096K, used 68069K [0x00000000eab00000, 0x00000000f4400000, 0x0000000100000000)
  eden space 65536K, 100% used [0x00000000eab00000,0x00000000eeb00000,0x00000000eeb00000)
  from space 2560K, 98% used [0x00000000eeb00000,0x00000000eed79528,0x00000000eed80000)
  to   space 12800K, 0% used [0x00000000f3780000,0x00000000f3780000,0x00000000f4400000)
 ParOldGen       total 44032K, used 23662K [0x00000000c0000000, 0x00000000c2b00000, 0x00000000eab00000)
  object space 44032K, 53% used [0x00000000c0000000,0x00000000c171bb08,0x00000000c2b00000)
 Metaspace       used 6069K, capacity 7088K, committed 7296K, reserved 1056768K
  class space    used 586K, capacity 616K, committed 640K, reserved 1048576K
Event: 6.663 GC heap after
Heap after GC invocations=6 (full 0):
 PSYoungGen      total 141312K, used 12711K [0x00000000eab00000, 0x00000000f4900000, 0x0000000100000000)
  eden space 128512K, 0% used [0x00000000eab00000,0x00000000eab00000,0x00000000f2880000)
  from space 12800K, 99% used [0x00000000f3780000,0x00000000f43e9c88,0x00000000f4400000)
  to   space 15360K, 0% used [0x00000000f2880000,0x00000000f2880000,0x00000000f3780000)
 ParOldGen       total 44032K, used 23662K [0x00000000c0000000, 0x00000000c2b00000, 0x00000000eab00000)
  object space 44032K, 53% used [0x00000000c0000000,0x00000000c171bb08,0x00000000c2b00000)
 Metaspace       used 6069K, capacity 7088K, committed 7296K, reserved 1056768K
  class space    used 586K, capacity 616K, committed 640K, reserved 1048576K
}

Deoptimization events (10 events):
Event: 5.832 Thread 0x0000000001d98000 Uncommon trap: reason=unstable_if action=reinterpret pc=0x0000000002a006cc method=com.android.dx.ssa.SCCP.simulateBranch(Lcom/android/dx/ssa/SsaInsn;)V @ 548
Event: 5.914 Thread 0x0000000001d98000 Uncommon trap: reason=unstable_if action=reinterpret pc=0x0000000002afa754 method=com.android.dx.cf.code.ByteCatchList.listFor(I)Lcom/android/dx/cf/code/ByteCatchList; @ 47
Event: 6.918 Thread 0x0000000001d98000 Uncommon trap: reason=bimorphic action=maybe_recompile pc=0x0000000002ac5918 method=com.android.dx.cf.code.BytecodeArray.parseInstruction(ILcom/android/dx/cf/code/BytecodeArray$Visitor;)I @ 1597
Event: 6.918 Thread 0x0000000001d98000 Uncommon trap: reason=bimorphic action=maybe_recompile pc=0x0000000002ac5918 method=com.android.dx.cf.code.BytecodeArray.parseInstruction(ILcom/android/dx/cf/code/BytecodeArray$Visitor;)I @ 1597
Event: 7.012 Thread 0x0000000001d98000 Uncommon trap: reason=unloaded action=reinterpret pc=0x0000000002b006e0 method=com.android.dx.cf.cst.ConstantPoolParser.parse0(ILjava/util/BitSet;)Lcom/android/dx/rop/cst/Constant; @ 220
Event: 7.097 Thread 0x0000000001d98000 Uncommon trap: reason=class_check action=maybe_recompile pc=0x00000000028a3478 method=java.util.Arrays.hashCode([Ljava/lang/Object;)I @ 43
Event: 7.097 Thread 0x0000000001d98000 Uncommon trap: reason=class_check action=maybe_recompile pc=0x00000000028a3478 method=java.util.Arrays.hashCode([Ljava/lang/Object;)I @ 43
Event: 7.097 Thread 0x0000000001d98000 Uncommon trap: reason=class_check action=maybe_recompile pc=0x00000000028a3478 method=java.util.Arrays.hashCode([Ljava/lang/Object;)I @ 43
Event: 7.097 Thread 0x0000000001d98000 Uncommon trap: reason=class_check action=maybe_recompile pc=0x00000000028a3478 method=java.util.Arrays.hashCode([Ljava/lang/Object;)I @ 43
Event: 7.098 Thread 0x0000000001d98000 Uncommon trap: reason=class_check action=maybe_recompile pc=0x0000000002899768 method=java.util.Arrays.hashCode([Ljava/lang/Object;)I @ 43

Internal exceptions (7 events):
Event: 0.063 Thread 0x0000000001d98000 Exception <a 'java/lang/NoSuchMethodError': Method sun.misc.Unsafe.defineClass(Ljava/lang/String;[BII)Ljava/lang/Class; name or signature does not match> (0x00000000eab07cc0) thrown at [C:\re\workspace\8-2-build-windows-amd64-cygwin\jdk8u91\7017\hotspot\srOt­¸Ž°?
Event: 0.063 Thread 0x0000000001d98000 Exception <a 'java/lang/NoSuchMethodError': Method sun.misc.Unsafe.prefetchRead(Ljava/lang/Object;J)V name or signature does not match> (0x00000000eab07fa8) thrown at [C:\re\workspace\8-2-build-windows-amd64-cygwin\jdk8u91\7017\hotspot\src\share\vm\prims\jõÑ&fH@ÿ?
Event: 1.953 Thread 0x0000000001d98000 Implicit null exception at 0x000000000271e812 to 0x000000000271e902
Event: 2.085 Thread 0x0000000001d98000 Implicit null exception at 0x000000000261ef46 to 0x00000000026204b1
Event: 3.034 Thread 0x0000000001d98000 Exception <a 'java/lang/ArrayIndexOutOfBoundsException': 18> (0x00000000eb097490) thrown at [C:\re\workspace\8-2-build-windows-amd64-cygwin\jdk8u91\7017\hotspot\src\share\vm\interpreter\interpreterRuntime.cpp, line 366]
Event: 3.034 Thread 0x0000000001d98000 Exception <a 'java/lang/ArrayIndexOutOfBoundsException': 145> (0x00000000eb099010) thrown at [C:\re\workspace\8-2-build-windows-amd64-cygwin\jdk8u91\7017\hotspot\src\share\vm\interpreter\interpreterRuntime.cpp, line 366]
Event: 3.057 Thread 0x0000000001d98000 Exception <a 'java/lang/ArrayIndexOutOfBoundsException'> (0x00000000eb09a2f8) thrown at [C:\re\workspace\8-2-build-windows-amd64-cygwin\jdk8u91\7017\hotspot\src\share\vm\runtime\sharedRuntime.cpp, line 605]

Events (10 events):
Event: 7.097 loading class java/util/ComparableTimSort done
Event: 7.098 Thread 0x0000000001d98000 Uncommon trap: trap_request=0xffffffde fr.pc=0x0000000002899768
Event: 7.098 Thread 0x0000000001d98000 DEOPT PACKING pc=0x0000000002899768 sp=0x00000000020ef140
Event: 7.098 Thread 0x0000000001d98000 DEOPT UNPACKING pc=0x000000000240582a sp=0x00000000020ef0c8 mode 2
Event: 7.099 loading class com/android/dx/rop/cst/Zeroes
Event: 7.099 loading class com/android/dx/rop/cst/Zeroes done
Event: 7.119 loading class java/util/HashMap$KeySet
Event: 7.119 loading class java/util/HashMap$KeySet done
Event: 7.119 loading class java/util/HashMap$KeyIterator
Event: 7.119 loading class java/util/HashMap$KeyIterator done


Dynamic libraries:
0x000000013f7a0000 - 0x000000013f7d7000 	C:\Program Files\Java\jdk1.8.0_91\bin\java.exe
0x0000000077340000 - 0x00000000774ea000 	C:\Windows\SYSTEM32\ntdll.dll
0x0000000077220000 - 0x000000007733f000 	C:\Windows\system32\kernel32.dll
0x000007fefd090000 - 0x000007fefd0fa000 	C:\Windows\system32\KERNELBASE.dll
0x000007fefead0000 - 0x000007fefebab000 	C:\Windows\system32\ADVAPI32.dll
0x000007feff5b0000 - 0x000007feff64f000 	C:\Windows\system32\msvcrt.dll
0x000007fefe860000 - 0x000007fefe87f000 	C:\Windows\SYSTEM32\sechost.dll
0x000007fefed20000 - 0x000007fefee4d000 	C:\Windows\system32\RPCRT4.dll
0x0000000077120000 - 0x000000007721a000 	C:\Windows\system32\USER32.dll
0x000007fefea60000 - 0x000007fefeac7000 	C:\Windows\system32\GDI32.dll
0x000007fefd6f0000 - 0x000007fefd6fe000 	C:\Windows\system32\LPK.dll
0x000007fefd620000 - 0x000007fefd6ea000 	C:\Windows\system32\USP10.dll
0x000007fefc130000 - 0x000007fefc324000 	C:\Windows\WinSxS\amd64_microsoft.windows.common-controls_6595b64144ccf1df_6.0.7601.17514_none_fa396087175ac9ac\COMCTL32.dll
0x000007fefe5d0000 - 0x000007fefe641000 	C:\Windows\system32\SHLWAPI.dll
0x000007fefe880000 - 0x000007fefe8ae000 	C:\Windows\system32\IMM32.DLL
0x000007feff120000 - 0x000007feff229000 	C:\Windows\system32\MSCTF.dll
0x0000000073a40000 - 0x0000000073b12000 	C:\Program Files\Java\jdk1.8.0_91\jre\bin\msvcr100.dll
0x000000006fd60000 - 0x00000000705f3000 	C:\Program Files\Java\jdk1.8.0_91\jre\bin\server\jvm.dll
0x000007fef57c0000 - 0x000007fef57c9000 	C:\Windows\system32\WSOCK32.dll
0x000007fefecd0000 - 0x000007fefed1d000 	C:\Windows\system32\WS2_32.dll
0x000007fefd610000 - 0x000007fefd618000 	C:\Windows\system32\NSI.dll
0x000007feface0000 - 0x000007fefad1b000 	C:\Windows\system32\WINMM.dll
0x000007fefbdd0000 - 0x000007fefbddc000 	C:\Windows\system32\VERSION.dll
0x0000000077510000 - 0x0000000077517000 	C:\Windows\system32\PSAPI.DLL
0x00000000749c0000 - 0x00000000749cf000 	C:\Program Files\Java\jdk1.8.0_91\jre\bin\verify.dll
0x00000000747d0000 - 0x00000000747f9000 	C:\Program Files\Java\jdk1.8.0_91\jre\bin\java.dll
0x0000000074980000 - 0x0000000074996000 	C:\Program Files\Java\jdk1.8.0_91\jre\bin\zip.dll
0x000007fefd700000 - 0x000007fefe488000 	C:\Windows\system32\SHELL32.dll
0x000007fefe650000 - 0x000007fefe853000 	C:\Windows\system32\ole32.dll
0x000007fefd070000 - 0x000007fefd07f000 	C:\Windows\system32\profapi.dll

VM Arguments:
jvm_args: -Djava.awt.headless=true -Xmx1024M -Dfile.encoding=windows-1256 -Duser.country=US -Duser.language=en -Duser.variant 
java_command: com.android.dx.command.Main --dex --force-jumbo --output E:\User\AndroidStudioProjects\Sunshine-Version-2\app\build\intermediates\pre-dexed\debug\com.android.support-appcompat-v7-21.0.3_c62c1a7b3c1d7c37f76f30a9af26db376fcf9047.jar E:\User\AndroidStudioProjects\Sunshine-Version-2\app\build\intermediates\exploded-aar\com.android.support\appcompat-v7\21.0.3\jars\classes.jar
java_class_path (initial): E:\User\AppData\Local\Android\sdk\build-tools\21.1.2\lib\dx.jar
Launcher Type: SUN_STANDARD

Environment Variables:
PATH=C:\oracle\product\10.2.0\db_2\bin;C:\oracle\product\10.2.0\db_1\bin;C:\ProgramData\Oracle\Java\javapath;C:\Windows\System32;C:\Windows\SysWOW64;C:\opencv248\build\x86\vc10\bin;C:\Python27;C:\Program Files (x86)\CodeBlocks\MinGW\bin;E:\programs\Matlab\R2013a\bin;C:\Program Files\IVI Foundation\VISA\Win64\Bin\;C:\Program Files (x86)\IVI Foundation\VISA\WinNT\Bin\;C:\Program Files (x86)\IVI Foundation\VISA\WinNT\Bin;C:\Program Files (x86)\Tesseract-OCR;E:\User\AppData\Local\Android\sdk\tools\lib;E:\Program Files\Git\cmd;E:\User\AppData\Local\Android\sdk\platform-tools;C:\Program Files\Canopy\User;C:\Program Files\Canopy\User\Scripts
USERNAME=user
OS=Windows_NT
PROCESSOR_IDENTIFIER=Intel64 Family 6 Model 58 Stepping 9, GenuineIntel



---------------  S Y S T E M  ---------------

OS: Windows 7 , 64 bit Build 7601 (6.1.7601.23572)

CPU:total 4 (2 cores per cpu, 2 threads per core) family 6 model 58 stepping 9, cmov, cx8, fxsr, mmx, sse, sse2, sse3, ssse3, sse4.1, sse4.2, popcnt, avx, aes, clmul, erms, ht, tsc, tscinvbit, tscinv

Memory: 4k page, physical 4094316k(117736k free), swap 5628456k(8508k free)

vm_info: Java HotSpot(TM) 64-Bit Server VM (25.91-b15) for windows-amd64 JRE (1.8.0_91-b15), built on May 20 2016 17:43:15 by "java_re" with MS VC++ 10.0 (VS2010)

time: Tue Jul 04 01:23:59 2017
elapsed time: 7 seconds (0d 0h 0m 7s)

