#
# There is insufficient memory for the Java Runtime Environment to continue.
# Native memory allocation (malloc) failed to allocate 703056 bytes for Chunk::new
# Possible reasons:
#   The system is out of physical RAM or swap space
#   In 32 bit mode, the process size limit was hit
# Possible solutions:
#   Reduce memory load on the system
#   Increase physical memory or swap space
#   Check if swap backing store is full
#   Use 64 bit Java on a 64 bit OS
#   Decrease Java heap size (-Xmx/-Xms)
#   Decrease number of Java threads
#   Decrease Java thread stack sizes (-Xss)
#   Set larger code cache with -XX:ReservedCodeCacheSize=
# This output file may be truncated or incomplete.
#
#  Out of Memory Error (allocation.cpp:390), pid=7052, tid=5388
#
# JRE version: Java(TM) SE Runtime Environment (8.0_91-b15) (build 1.8.0_91-b15)
# Java VM: Java HotSpot(TM) 64-Bit Server VM (25.91-b15 mixed mode windows-amd64 compressed oops)
# Failed to write core dump. Minidumps are not enabled by default on client versions of Windows
#

---------------  T H R E A D  ---------------

Current thread (0x00000000562f1000):  JavaThread "C2 CompilerThread1" daemon [_thread_in_native, id=5388, stack(0x0000000056ae0000,0x0000000056be0000)]

Stack: [0x0000000056ae0000,0x0000000056be0000]
[error occurred during error reporting (printing stack bounds), id 0xc0000005]

Native frames: (J=compiled Java code, j=interpreted, Vv=VM code, C=native code)


Current CompileTask:
C2:   9088 1545       4       com.android.dx.cf.code.ValueAwareMachine::run (1142 bytes)


---------------  P R O C E S S  ---------------

Java Threads: ( => current thread )
  0x00000000562f7800 JavaThread "Service Thread" daemon [_thread_blocked, id=4116, stack(0x00000000567d0000,0x00000000568d0000)]
  0x00000000562f2000 JavaThread "C1 CompilerThread2" daemon [_thread_blocked, id=1084, stack(0x0000000056cb0000,0x0000000056db0000)]
=>0x00000000562f1000 JavaThread "C2 CompilerThread1" daemon [_thread_in_native, id=5388, stack(0x0000000056ae0000,0x0000000056be0000)]
  0x0000000056297800 JavaThread "C2 CompilerThread0" daemon [_thread_in_native, id=6708, stack(0x00000000569e0000,0x0000000056ae0000)]
  0x0000000056292800 JavaThread "Attach Listener" daemon [_thread_blocked, id=6864, stack(0x00000000568e0000,0x00000000569e0000)]
  0x0000000054ffd800 JavaThread "Signal Dispatcher" daemon [_thread_blocked, id=6236, stack(0x0000000056690000,0x0000000056790000)]
  0x0000000054fe9800 JavaThread "Finalizer" daemon [_thread_blocked, id=6688, stack(0x0000000056190000,0x0000000056290000)]
  0x0000000054fa2800 JavaThread "Reference Handler" daemon [_thread_blocked, id=6668, stack(0x0000000055ff0000,0x00000000560f0000)]
  0x0000000001dd8000 JavaThread "main" [_thread_in_Java, id=5840, stack(0x0000000002130000,0x0000000002230000)]

Other Threads:
  0x0000000054f9a800 VMThread [stack: 0x0000000055e90000,0x0000000055f90000] [id=6992]
  0x0000000056340000 WatcherThread [stack: 0x0000000056f00000,0x0000000057000000] [id=6168]

VM state:not at safepoint (normal execution)

VM Mutex/Monitor currently owned by a thread: None

Heap:
 PSYoungGen      total 35328K, used 31122K [0x00000000eab00000, 0x00000000ef000000, 0x0000000100000000)
  eden space 32768K, 87% used [0x00000000eab00000,0x00000000ec6ea478,0x00000000ecb00000)
  from space 2560K, 99% used [0x00000000ecb00000,0x00000000ecd7a758,0x00000000ecd80000)
  to   space 2560K, 0% used [0x00000000eed80000,0x00000000eed80000,0x00000000ef000000)
 ParOldGen       total 44032K, used 8624K [0x00000000c0000000, 0x00000000c2b00000, 0x00000000eab00000)
  object space 44032K, 19% used [0x00000000c0000000,0x00000000c086c1a0,0x00000000c2b00000)
 Metaspace       used 6041K, capacity 7088K, committed 7296K, reserved 1056768K
  class space    used 585K, capacity 616K, committed 640K, reserved 1048576K

Card table byte_map: [0x00000000118c0000,0x0000000011ad0000] byte_map_base: 0x00000000112c0000

Marking Bits: (ParMarkBitMap*) 0x000000006db72f70
 Begin Bits: [0x0000000012410000, 0x0000000013410000)
 End Bits:   [0x0000000013410000, 0x0000000014410000)

Polling page: 0x00000000001a0000

CodeCache: size=245760Kb used=6973Kb max_used=7006Kb free=238786Kb
 bounds [0x0000000002500000, 0x0000000002be0000, 0x0000000011500000]
 total_blobs=1858 nmethods=1595 adapters=176
 compilation: enabled

Compilation events (10 events):
Event: 9.006 Thread 0x00000000562f2000 1623       2       com.android.dx.cf.direct.DirectClassFile::getFields (9 bytes)
Event: 9.006 Thread 0x00000000562f2000 nmethod 1623 0x0000000002bc4e50 code [0x0000000002bc4fc0, 0x0000000002bc5148]
Event: 9.007 Thread 0x00000000562f2000 1624       1       com.android.dx.dex.file.ClassDefItem::getThisClass (5 bytes)
Event: 9.008 Thread 0x00000000562f2000 nmethod 1624 0x0000000002bc5210 code [0x0000000002bc5360, 0x0000000002bc5470]
Event: 9.009 Thread 0x00000000562f2000 1625       2       com.android.dx.dex.code.RopTranslator::access$600 (6 bytes)
Event: 9.009 Thread 0x00000000562f2000 nmethod 1625 0x0000000002bc54d0 code [0x0000000002bc5620, 0x0000000002bc5768]
Event: 9.021 Thread 0x00000000562f2000 1626       2       com.android.dx.cf.direct.AttributeFactory::parse0 (53 bytes)
Event: 9.022 Thread 0x00000000562f2000 nmethod 1626 0x0000000002bc5810 code [0x0000000002bc59c0, 0x0000000002bc5e28]
Event: 9.042 Thread 0x00000000562f1000 nmethod 1544 0x0000000002bce690 code [0x0000000002bcec40, 0x0000000002bd4178]
Event: 9.042 Thread 0x00000000562f1000 1545       4       com.android.dx.cf.code.ValueAwareMachine::run (1142 bytes)

GC Heap History (6 events):
Event: 3.530 GC heap before
{Heap before GC invocations=1 (full 0):
 PSYoungGen      total 18944K, used 16384K [0x00000000eab00000, 0x00000000ec000000, 0x0000000100000000)
  eden space 16384K, 100% used [0x00000000eab00000,0x00000000ebb00000,0x00000000ebb00000)
  from space 2560K, 0% used [0x00000000ebd80000,0x00000000ebd80000,0x00000000ec000000)
  to   space 2560K, 0% used [0x00000000ebb00000,0x00000000ebb00000,0x00000000ebd80000)
 ParOldGen       total 44032K, used 0K [0x00000000c0000000, 0x00000000c2b00000, 0x00000000eab00000)
  object space 44032K, 0% used [0x00000000c0000000,0x00000000c0000000,0x00000000c2b00000)
 Metaspace       used 5608K, capacity 6832K, committed 7040K, reserved 1056768K
  class space    used 559K, capacity 616K, committed 640K, reserved 1048576K
Event: 3.617 GC heap after
Heap after GC invocations=1 (full 0):
 PSYoungGen      total 18944K, used 2554K [0x00000000eab00000, 0x00000000ed000000, 0x0000000100000000)
  eden space 16384K, 0% used [0x00000000eab00000,0x00000000eab00000,0x00000000ebb00000)
  from space 2560K, 99% used [0x00000000ebb00000,0x00000000ebd7ea80,0x00000000ebd80000)
  to   space 2560K, 0% used [0x00000000ecd80000,0x00000000ecd80000,0x00000000ed000000)
 ParOldGen       total 44032K, used 1764K [0x00000000c0000000, 0x00000000c2b00000, 0x00000000eab00000)
  object space 44032K, 4% used [0x00000000c0000000,0x00000000c01b9188,0x00000000c2b00000)
 Metaspace       used 5608K, capacity 6832K, committed 7040K, reserved 1056768K
  class space    used 559K, capacity 616K, committed 640K, reserved 1048576K
}
Event: 4.880 GC heap before
{Heap before GC invocations=2 (full 0):
 PSYoungGen      total 18944K, used 18938K [0x00000000eab00000, 0x00000000ed000000, 0x0000000100000000)
  eden space 16384K, 100% used [0x00000000eab00000,0x00000000ebb00000,0x00000000ebb00000)
  from space 2560K, 99% used [0x00000000ebb00000,0x00000000ebd7ea80,0x00000000ebd80000)
  to   space 2560K, 0% used [0x00000000ecd80000,0x00000000ecd80000,0x00000000ed000000)
 ParOldGen       total 44032K, used 1764K [0x00000000c0000000, 0x00000000c2b00000, 0x00000000eab00000)
  object space 44032K, 4% used [0x00000000c0000000,0x00000000c01b9188,0x00000000c2b00000)
 Metaspace       used 5839K, capacity 7024K, committed 7296K, reserved 1056768K
  class space    used 563K, capacity 616K, committed 640K, reserved 1048576K
Event: 5.759 GC heap after
Heap after GC invocations=2 (full 0):
 PSYoungGen      total 35328K, used 2559K [0x00000000eab00000, 0x00000000ed000000, 0x0000000100000000)
  eden space 32768K, 0% used [0x00000000eab00000,0x00000000eab00000,0x00000000ecb00000)
  from space 2560K, 99% used [0x00000000ecd80000,0x00000000ecfffd08,0x00000000ed000000)
  to   space 2560K, 0% used [0x00000000ecb00000,0x00000000ecb00000,0x00000000ecd80000)
 ParOldGen       total 44032K, used 4019K [0x00000000c0000000, 0x00000000c2b00000, 0x00000000eab00000)
  object space 44032K, 9% used [0x00000000c0000000,0x00000000c03ecde8,0x00000000c2b00000)
 Metaspace       used 5839K, capacity 7024K, committed 7296K, reserved 1056768K
  class space    used 563K, capacity 616K, committed 640K, reserved 1048576K
}
Event: 7.152 GC heap before
{Heap before GC invocations=3 (full 0):
 PSYoungGen      total 35328K, used 35327K [0x00000000eab00000, 0x00000000ed000000, 0x0000000100000000)
  eden space 32768K, 100% used [0x00000000eab00000,0x00000000ecb00000,0x00000000ecb00000)
  from space 2560K, 99% used [0x00000000ecd80000,0x00000000ecfffd08,0x00000000ed000000)
  to   space 2560K, 0% used [0x00000000ecb00000,0x00000000ecb00000,0x00000000ecd80000)
 ParOldGen       total 44032K, used 4019K [0x00000000c0000000, 0x00000000c2b00000, 0x00000000eab00000)
  object space 44032K, 9% used [0x00000000c0000000,0x00000000c03ecde8,0x00000000c2b00000)
 Metaspace       used 5996K, capacity 7088K, committed 7296K, reserved 1056768K
  class space    used 584K, capacity 616K, committed 640K, reserved 1048576K
Event: 7.815 GC heap after
Heap after GC invocations=3 (full 0):
 PSYoungGen      total 35328K, used 2537K [0x00000000eab00000, 0x00000000ef000000, 0x0000000100000000)
  eden space 32768K, 0% used [0x00000000eab00000,0x00000000eab00000,0x00000000ecb00000)
  from space 2560K, 99% used [0x00000000ecb00000,0x00000000ecd7a758,0x00000000ecd80000)
  to   space 2560K, 0% used [0x00000000eed80000,0x00000000eed80000,0x00000000ef000000)
 ParOldGen       total 44032K, used 8624K [0x00000000c0000000, 0x00000000c2b00000, 0x00000000eab00000)
  object space 44032K, 19% used [0x00000000c0000000,0x00000000c086c1a0,0x00000000c2b00000)
 Metaspace       used 5996K, capacity 7088K, committed 7296K, reserved 1056768K
  class space    used 584K, capacity 616K, committed 640K, reserved 1048576K
}

Deoptimization events (10 events):
Event: 6.757 Thread 0x0000000001dd8000 Uncommon trap: reason=unstable_if action=reinterpret pc=0x000000000286e8ec method=java.util.HashMap.putVal(ILjava/lang/Object;Ljava/lang/Object;ZZ)Ljava/lang/Object; @ 162
Event: 6.761 Thread 0x0000000001dd8000 Uncommon trap: reason=unstable_if action=reinterpret pc=0x0000000002a882d0 method=java.util.HashMap.getNode(ILjava/lang/Object;)Ljava/util/HashMap$Node; @ 84
Event: 6.803 Thread 0x0000000001dd8000 Uncommon trap: reason=null_check action=make_not_entrant pc=0x0000000002ac516c method=com.android.dx.ssa.SsaRenamer.getLocalForNewReg(I)Lcom/android/dx/rop/code/LocalItem; @ 19
Event: 6.907 Thread 0x0000000001dd8000 Uncommon trap: reason=class_check action=maybe_recompile pc=0x00000000029d5430 method=java.util.HashMap.putVal(ILjava/lang/Object;Ljava/lang/Object;ZZ)Ljava/lang/Object; @ 203
Event: 6.907 Thread 0x0000000001dd8000 Uncommon trap: reason=class_check action=maybe_recompile pc=0x00000000029d5430 method=java.util.HashMap.putVal(ILjava/lang/Object;Ljava/lang/Object;ZZ)Ljava/lang/Object; @ 203
Event: 8.256 Thread 0x0000000001dd8000 Uncommon trap: reason=unstable_if action=reinterpret pc=0x0000000002b829bc method=com.android.dx.rop.code.LocalItem.hashCode()I @ 25
Event: 8.256 Thread 0x0000000001dd8000 Uncommon trap: reason=unstable_if action=reinterpret pc=0x0000000002876ae8 method=com.android.dx.rop.code.LocalItem.hashCode()I @ 25
Event: 8.258 Thread 0x0000000001dd8000 Uncommon trap: reason=unstable_if action=reinterpret pc=0x00000000027bb45c method=com.android.dx.rop.code.LocalItem.hashCode()I @ 25
Event: 8.597 Thread 0x0000000001dd8000 Uncommon trap: reason=unstable_if action=reinterpret pc=0x0000000002ba1cbc method=com.android.dx.rop.code.LocalItem.hashCode()I @ 25
Event: 8.601 Thread 0x0000000001dd8000 Uncommon trap: reason=class_check action=maybe_recompile pc=0x0000000002b5dee0 method=com.android.dx.cf.code.BytecodeArray.parseInstruction(ILcom/android/dx/cf/code/BytecodeArray$Visitor;)I @ 1099

Internal exceptions (7 events):
Event: 0.078 Thread 0x0000000001dd8000 Exception <a 'java/lang/NoSuchMethodError': Method sun.misc.Unsafe.defineClass(Ljava/lang/String;[BII)Ljava/lang/Class; name or signature does not match> (0x00000000eab07cc0) thrown at [C:\re\workspace\8-2-build-windows-amd64-cygwin\jdk8u91\7017\hotspot\sr
Event: 0.078 Thread 0x0000000001dd8000 Exception <a 'java/lang/NoSuchMethodError': Method sun.misc.Unsafe.prefetchRead(Ljava/lang/Object;J)V name or signature does not match> (0x00000000eab07fa8) thrown at [C:\re\workspace\8-2-build-windows-amd64-cygwin\jdk8u91\7017\hotspot\src\share\vm\prims\jhá`Lu@
Event: 4.865 Thread 0x0000000001dd8000 Implicit null exception at 0x00000000029bfdd2 to 0x00000000029bfed1
Event: 6.759 Thread 0x0000000001dd8000 Exception <a 'java/lang/ArrayIndexOutOfBoundsException': 18> (0x00000000eb9c94e0) thrown at [C:\re\workspace\8-2-build-windows-amd64-cygwin\jdk8u91\7017\hotspot\src\share\vm\interpreter\interpreterRuntime.cpp, line 366]
Event: 6.760 Thread 0x0000000001dd8000 Exception <a 'java/lang/ArrayIndexOutOfBoundsException': 145> (0x00000000eb9cb060) thrown at [C:\re\workspace\8-2-build-windows-amd64-cygwin\jdk8u91\7017\hotspot\src\share\vm\interpreter\interpreterRuntime.cpp, line 366]
Event: 6.761 Thread 0x0000000001dd8000 Exception <a 'java/lang/ArrayIndexOutOfBoundsException': 40> (0x00000000eb9cc348) thrown at [C:\re\workspace\8-2-build-windows-amd64-cygwin\jdk8u91\7017\hotspot\src\share\vm\interpreter\interpreterRuntime.cpp, line 366]
Event: 6.803 Thread 0x0000000001dd8000 Implicit null exception at 0x0000000002ac2056 to 0x0000000002ac512d

Events (10 events):
Event: 8.256 Thread 0x0000000001dd8000 DEOPT UNPACKING pc=0x000000000254582a sp=0x000000000222dca8 mode 2
Event: 8.258 Thread 0x0000000001dd8000 Uncommon trap: trap_request=0xffffff65 fr.pc=0x00000000027bb45c
Event: 8.258 Thread 0x0000000001dd8000 DEOPT PACKING pc=0x00000000027bb45c sp=0x000000000222e410
Event: 8.258 Thread 0x0000000001dd8000 DEOPT UNPACKING pc=0x000000000254582a sp=0x000000000222e348 mode 2
Event: 8.597 Thread 0x0000000001dd8000 Uncommon trap: trap_request=0xffffff65 fr.pc=0x0000000002ba1cbc
Event: 8.597 Thread 0x0000000001dd8000 DEOPT PACKING pc=0x0000000002ba1cbc sp=0x000000000222e5e0
Event: 8.597 Thread 0x0000000001dd8000 DEOPT UNPACKING pc=0x000000000254582a sp=0x000000000222e1b0 mode 2
Event: 8.601 Thread 0x0000000001dd8000 Uncommon trap: trap_request=0xffffffde fr.pc=0x0000000002b5dee0
Event: 8.601 Thread 0x0000000001dd8000 DEOPT PACKING pc=0x0000000002b5dee0 sp=0x000000000222e510
Event: 8.601 Thread 0x0000000001dd8000 DEOPT UNPACKING pc=0x000000000254582a sp=0x000000000222e4a0 mode 2


Dynamic libraries:
0x000000013fa40000 - 0x000000013fa77000 	C:\Program Files\Java\jdk1.8.0_91\bin\java.exe
0x0000000077a80000 - 0x0000000077c29000 	C:\Windows\SYSTEM32\ntdll.dll
0x0000000077860000 - 0x000000007797f000 	C:\Windows\system32\kernel32.dll
0x000007fefd990000 - 0x000007fefd9fb000 	C:\Windows\system32\KERNELBASE.dll
0x000007fefdfc0000 - 0x000007fefe09b000 	C:\Windows\system32\ADVAPI32.dll
0x000007feff5e0000 - 0x000007feff67f000 	C:\Windows\system32\msvcrt.dll
0x000007fefe0a0000 - 0x000007fefe0bf000 	C:\Windows\SYSTEM32\sechost.dll
0x000007fefe390000 - 0x000007fefe4bd000 	C:\Windows\system32\RPCRT4.dll
0x0000000077980000 - 0x0000000077a7a000 	C:\Windows\system32\USER32.dll
0x000007feffaf0000 - 0x000007feffb57000 	C:\Windows\system32\GDI32.dll
0x000007fefdc10000 - 0x000007fefdc1e000 	C:\Windows\system32\LPK.dll
0x000007fefdc20000 - 0x000007fefdce9000 	C:\Windows\system32\USP10.dll
0x000007fefc8f0000 - 0x000007fefcae4000 	C:\Windows\WinSxS\amd64_microsoft.windows.common-controls_6595b64144ccf1df_6.0.7601.17514_none_fa396087175ac9ac\COMCTL32.dll
0x000007feff560000 - 0x000007feff5d1000 	C:\Windows\system32\SHLWAPI.dll
0x000007fefdf90000 - 0x000007fefdfbe000 	C:\Windows\system32\IMM32.DLL
0x000007fefdcf0000 - 0x000007fefddf9000 	C:\Windows\system32\MSCTF.dll
0x000000006c370000 - 0x000000006c442000 	C:\Program Files\Java\jdk1.8.0_91\jre\bin\msvcr100.dll
0x000000006d360000 - 0x000000006dbf3000 	C:\Program Files\Java\jdk1.8.0_91\jre\bin\server\jvm.dll
0x000007fef3fc0000 - 0x000007fef3fc9000 	C:\Windows\system32\WSOCK32.dll
0x000007feffce0000 - 0x000007feffd2d000 	C:\Windows\system32\WS2_32.dll
0x000007feff4b0000 - 0x000007feff4b8000 	C:\Windows\system32\NSI.dll
0x000007fefb2b0000 - 0x000007fefb2eb000 	C:\Windows\system32\WINMM.dll
0x000007fefc590000 - 0x000007fefc59c000 	C:\Windows\system32\VERSION.dll
0x0000000077c50000 - 0x0000000077c57000 	C:\Windows\system32\PSAPI.DLL
0x0000000071b80000 - 0x0000000071b8f000 	C:\Program Files\Java\jdk1.8.0_91\jre\bin\verify.dll
0x0000000071b30000 - 0x0000000071b59000 	C:\Program Files\Java\jdk1.8.0_91\jre\bin\java.dll
0x0000000071b10000 - 0x0000000071b26000 	C:\Program Files\Java\jdk1.8.0_91\jre\bin\zip.dll
0x000007fefe4c0000 - 0x000007feff248000 	C:\Windows\system32\SHELL32.dll
0x000007feff8e0000 - 0x000007feffae3000 	C:\Windows\system32\ole32.dll
0x000007fefd840000 - 0x000007fefd84f000 	C:\Windows\system32\profapi.dll

VM Arguments:
jvm_args: -Djava.awt.headless=true -Xmx1024M -Dfile.encoding=windows-1256 -Duser.country=US -Duser.language=en -Duser.variant 
java_command: com.android.dx.command.Main --dex --force-jumbo --output E:\User\AndroidStudioProjects\Sunshine-Version-2\app\build\intermediates\pre-dexed\debug\com.android.support-support-v4-21.0.3_3035d9c83d7289f90d6f43d640a8c8de139a0846.jar E:\User\AndroidStudioProjects\Sunshine-Version-2\app\build\intermediates\exploded-aar\com.android.support\support-v4\21.0.3\jars\classes.jar
java_class_path (initial): E:\User\AppData\Local\Android\sdk\build-tools\21.1.2\lib\dx.jar
Launcher Type: SUN_STANDARD

Environment Variables:
PATH=C:\oracle\product\10.2.0\db_2\bin;C:\oracle\product\10.2.0\db_1\bin;C:\ProgramData\Oracle\Java\javapath;C:\Windows\System32;C:\Windows\SysWOW64;C:\opencv248\build\x86\vc10\bin;C:\Python27;C:\Program Files (x86)\CodeBlocks\MinGW\bin;E:\programs\Matlab\R2013a\bin;C:\Program Files\IVI Foundation\VISA\Win64\Bin\;C:\Program Files (x86)\IVI Foundation\VISA\WinNT\Bin\;C:\Program Files (x86)\IVI Foundation\VISA\WinNT\Bin;C:\Program Files (x86)\Tesseract-OCR;E:\User\AppData\Local\Android\sdk\tools\lib;E:\Program Files\Git\cmd;E:\User\AppData\Local\Android\sdk\platform-tools;C:\Program Files\Canopy\User;C:\Program Files\Canopy\User\Scripts
USERNAME=user
OS=Windows_NT
PROCESSOR_IDENTIFIER=Intel64 Family 6 Model 58 Stepping 9, GenuineIntel



---------------  S Y S T E M  ---------------

OS: Windows 7 , 64 bit Build 7601 (6.1.7601.18015)

CPU:total 4 (2 cores per cpu, 2 threads per core) family 6 model 58 stepping 9, cmov, cx8, fxsr, mmx, sse, sse2, sse3, ssse3, sse4.1, sse4.2, popcnt, avx, aes, clmul, erms, ht, tsc, tscinvbit, tscinv

Memory: 4k page, physical 4094316k(164084k free), swap 5628452k(5564k free)

vm_info: Java HotSpot(TM) 64-Bit Server VM (25.91-b15) for windows-amd64 JRE (1.8.0_91-b15), built on May 20 2016 17:43:15 by "java_re" with MS VC++ 10.0 (VS2010)

time: Sun Aug 07 19:38:58 2016
elapsed time: 9 seconds (0d 0h 0m 9s)

