#
# There is insufficient memory for the Java Runtime Environment to continue.
# Native memory allocation (malloc) failed to allocate 1122096 bytes for Chunk::new
# Possible reasons:
#   The system is out of physical RAM or swap space
#   In 32 bit mode, the process size limit was hit
# Possible solutions:
#   Reduce memory load on the system
#   Increase physical memory or swap space
#   Check if swap backing store is full
#   Use 64 bit Java on a 64 bit OS
#   Decrease Java heap size (-Xmx/-Xms)
#   Decrease number of Java threads
#   Decrease Java thread stack sizes (-Xss)
#   Set larger code cache with -XX:ReservedCodeCacheSize=
# This output file may be truncated or incomplete.
#
#  Out of Memory Error (allocation.cpp:390), pid=5796, tid=3988
#
# JRE version: Java(TM) SE Runtime Environment (8.0_91-b15) (build 1.8.0_91-b15)
# Java VM: Java HotSpot(TM) 64-Bit Server VM (25.91-b15 mixed mode windows-amd64 compressed oops)
# Failed to write core dump. Minidumps are not enabled by default on client versions of Windows
#

---------------  T H R E A D  ---------------

Current thread (0x00000000561c9000):  JavaThread "C2 CompilerThread1" daemon [_thread_in_native, id=3988, stack(0x0000000056c80000,0x0000000056d80000)]

Stack: [0x0000000056c80000,0x0000000056d80000]
[error occurred during error reporting (printing stack bounds), id 0xc0000005]

Native frames: (J=compiled Java code, j=interpreted, Vv=VM code, C=native code)


Current CompileTask:
C2:  14382 1843       4       com.android.dx.ssa.SsaConverter::placePhiFunctions (394 bytes)


---------------  P R O C E S S  ---------------

Java Threads: ( => current thread )
  0x0000000056252000 JavaThread "Service Thread" daemon [_thread_blocked, id=7036, stack(0x0000000057040000,0x0000000057140000)]
  0x00000000561ca000 JavaThread "C1 CompilerThread2" daemon [_thread_blocked, id=5624, stack(0x0000000056e60000,0x0000000056f60000)]
=>0x00000000561c9000 JavaThread "C2 CompilerThread1" daemon [_thread_in_native, id=3988, stack(0x0000000056c80000,0x0000000056d80000)]
  0x0000000054f80800 JavaThread "C2 CompilerThread0" daemon [_thread_in_native, id=5320, stack(0x0000000056ae0000,0x0000000056be0000)]
  0x0000000054f8f800 JavaThread "Attach Listener" daemon [_thread_blocked, id=6944, stack(0x00000000568d0000,0x00000000569d0000)]
  0x00000000561cc000 JavaThread "Signal Dispatcher" daemon [_thread_blocked, id=4532, stack(0x0000000056630000,0x0000000056730000)]
  0x0000000054f69800 JavaThread "Finalizer" daemon [_thread_blocked, id=6396, stack(0x00000000560c0000,0x00000000561c0000)]
  0x0000000054f22800 JavaThread "Reference Handler" daemon [_thread_blocked, id=6376, stack(0x0000000055f90000,0x0000000056090000)]
  0x0000000001d98000 JavaThread "main" [_thread_in_Java, id=6604, stack(0x0000000002200000,0x0000000002300000)]

Other Threads:
  0x0000000054f1a800 VMThread [stack: 0x0000000055e10000,0x0000000055f10000] [id=7148]
  0x000000005628a000 WatcherThread [stack: 0x0000000057200000,0x0000000057300000] [id=6596]

VM state:not at safepoint (normal execution)

VM Mutex/Monitor currently owned by a thread: None

Heap:
 PSYoungGen      total 75264K, used 32031K [0x00000000eab00000, 0x00000000efe00000, 0x0000000100000000)
  eden space 65536K, 34% used [0x00000000eab00000,0x00000000ec0c9120,0x00000000eeb00000)
  from space 9728K, 99% used [0x00000000eeb00000,0x00000000ef47ed68,0x00000000ef480000)
  to   space 9728K, 0% used [0x00000000ef480000,0x00000000ef480000,0x00000000efe00000)
 ParOldGen       total 44032K, used 25539K [0x00000000c0000000, 0x00000000c2b00000, 0x00000000eab00000)
  object space 44032K, 58% used [0x00000000c0000000,0x00000000c18f0e40,0x00000000c2b00000)
 Metaspace       used 6092K, capacity 7152K, committed 7296K, reserved 1056768K
  class space    used 586K, capacity 616K, committed 640K, reserved 1048576K

Card table byte_map: [0x0000000011990000,0x0000000011ba0000] byte_map_base: 0x0000000011390000

Marking Bits: (ParMarkBitMap*) 0x00000000667f2f70
 Begin Bits: [0x0000000012390000, 0x0000000013390000)
 End Bits:   [0x0000000013390000, 0x0000000014390000)

Polling page: 0x0000000000210000

CodeCache: size=245760Kb used=7948Kb max_used=7948Kb free=237811Kb
 bounds [0x00000000025d0000, 0x0000000002da0000, 0x00000000115d0000]
 total_blobs=2028 nmethods=1765 adapters=176
 compilation: enabled

Compilation events (10 events):
Event: 11.399 Thread 0x00000000561ca000 1844       2       com.android.dx.ssa.SsaBasicBlock::addPhiInsnForReg (18 bytes)
Event: 11.400 Thread 0x00000000561ca000 nmethod 1844 0x0000000002d1d050 code [0x0000000002d1d1e0, 0x0000000002d1d588]
Event: 11.400 Thread 0x00000000561ca000 1845       2       com.android.dx.ssa.PhiInsn::<init> (29 bytes)
Event: 11.400 Thread 0x00000000561ca000 nmethod 1845 0x0000000002d1ca50 code [0x0000000002d1cbe0, 0x0000000002d1ced8]
Event: 11.403 Thread 0x00000000561ca000 1846       1       com.android.dx.cf.attrib.AttConstantValue::byteLength (3 bytes)
Event: 11.403 Thread 0x00000000561ca000 nmethod 1846 0x0000000002d1c790 code [0x0000000002d1c8e0, 0x0000000002d1c9f0]
Event: 11.445 Thread 0x00000000561ca000 1859       2       com.android.dx.dex.code.FixedSizeInsn::<init> (8 bytes)
Event: 11.445 Thread 0x00000000561ca000 nmethod 1859 0x0000000002d1c410 code [0x0000000002d1c580, 0x0000000002d1c6e8]
Event: 11.922 Thread 0x00000000561c9000 nmethod 1820 0x0000000002d7c510 code [0x0000000002d7c940, 0x0000000002d801b0]
Event: 11.922 Thread 0x00000000561c9000 1843       4       com.android.dx.ssa.SsaConverter::placePhiFunctions (394 bytes)

GC Heap History (10 events):
Event: 3.645 GC heap before
{Heap before GC invocations=2 (full 0):
 PSYoungGen      total 18944K, used 18919K [0x00000000eab00000, 0x00000000ed000000, 0x0000000100000000)
  eden space 16384K, 100% used [0x00000000eab00000,0x00000000ebb00000,0x00000000ebb00000)
  from space 2560K, 99% used [0x00000000ebb00000,0x00000000ebd79c88,0x00000000ebd80000)
  to   space 2560K, 0% used [0x00000000ecd80000,0x00000000ecd80000,0x00000000ed000000)
 ParOldGen       total 44032K, used 1573K [0x00000000c0000000, 0x00000000c2b00000, 0x00000000eab00000)
  object space 44032K, 3% used [0x00000000c0000000,0x00000000c0189520,0x00000000c2b00000)
 Metaspace       used 5790K, capacity 6960K, committed 7040K, reserved 1056768K
  class space    used 562K, capacity 616K, committed 640K, reserved 1048576K
Event: 4.315 GC heap after
Heap after GC invocations=2 (full 0):
 PSYoungGen      total 35328K, used 2535K [0x00000000eab00000, 0x00000000ed000000, 0x0000000100000000)
  eden space 32768K, 0% used [0x00000000eab00000,0x00000000eab00000,0x00000000ecb00000)
  from space 2560K, 99% used [0x00000000ecd80000,0x00000000ecff9c78,0x00000000ed000000)
  to   space 2560K, 0% used [0x00000000ecb00000,0x00000000ecb00000,0x00000000ecd80000)
 ParOldGen       total 44032K, used 4015K [0x00000000c0000000, 0x00000000c2b00000, 0x00000000eab00000)
  object space 44032K, 9% used [0x00000000c0000000,0x00000000c03ebd00,0x00000000c2b00000)
 Metaspace       used 5790K, capacity 6960K, committed 7040K, reserved 1056768K
  class space    used 562K, capacity 616K, committed 640K, reserved 1048576K
}
Event: 4.951 GC heap before
{Heap before GC invocations=3 (full 0):
 PSYoungGen      total 35328K, used 35303K [0x00000000eab00000, 0x00000000ed000000, 0x0000000100000000)
  eden space 32768K, 100% used [0x00000000eab00000,0x00000000ecb00000,0x00000000ecb00000)
  from space 2560K, 99% used [0x00000000ecd80000,0x00000000ecff9c78,0x00000000ed000000)
  to   space 2560K, 0% used [0x00000000ecb00000,0x00000000ecb00000,0x00000000ecd80000)
 ParOldGen       total 44032K, used 4015K [0x00000000c0000000, 0x00000000c2b00000, 0x00000000eab00000)
  object space 44032K, 9% used [0x00000000c0000000,0x00000000c03ebd00,0x00000000c2b00000)
 Metaspace       used 6007K, capacity 7088K, committed 7296K, reserved 1056768K
  class space    used 585K, capacity 616K, committed 640K, reserved 1048576K
Event: 5.094 GC heap after
Heap after GC invocations=3 (full 0):
 PSYoungGen      total 35328K, used 2545K [0x00000000eab00000, 0x00000000ed000000, 0x0000000100000000)
  eden space 32768K, 0% used [0x00000000eab00000,0x00000000eab00000,0x00000000ecb00000)
  from space 2560K, 99% used [0x00000000ecb00000,0x00000000ecd7c498,0x00000000ecd80000)
  to   space 2560K, 0% used [0x00000000ecd80000,0x00000000ecd80000,0x00000000ed000000)
 ParOldGen       total 44032K, used 8630K [0x00000000c0000000, 0x00000000c2b00000, 0x00000000eab00000)
  object space 44032K, 19% used [0x00000000c0000000,0x00000000c086db30,0x00000000c2b00000)
 Metaspace       used 6007K, capacity 7088K, committed 7296K, reserved 1056768K
  class space    used 585K, capacity 616K, committed 640K, reserved 1048576K
}
Event: 5.697 GC heap before
{Heap before GC invocations=4 (full 0):
 PSYoungGen      total 35328K, used 35313K [0x00000000eab00000, 0x00000000ed000000, 0x0000000100000000)
  eden space 32768K, 100% used [0x00000000eab00000,0x00000000ecb00000,0x00000000ecb00000)
  from space 2560K, 99% used [0x00000000ecb00000,0x00000000ecd7c498,0x00000000ecd80000)
  to   space 2560K, 0% used [0x00000000ecd80000,0x00000000ecd80000,0x00000000ed000000)
 ParOldGen       total 44032K, used 8630K [0x00000000c0000000, 0x00000000c2b00000, 0x00000000eab00000)
  object space 44032K, 19% used [0x00000000c0000000,0x00000000c086db30,0x00000000c2b00000)
 Metaspace       used 6026K, capacity 7088K, committed 7296K, reserved 1056768K
  class space    used 585K, capacity 616K, committed 640K, reserved 1048576K
Event: 7.680 GC heap after
Heap after GC invocations=4 (full 0):
 PSYoungGen      total 35328K, used 2534K [0x00000000eab00000, 0x00000000ef000000, 0x0000000100000000)
  eden space 32768K, 0% used [0x00000000eab00000,0x00000000eab00000,0x00000000ecb00000)
  from space 2560K, 98% used [0x00000000ecd80000,0x00000000ecff98e8,0x00000000ed000000)
  to   space 2560K, 0% used [0x00000000ecb00000,0x00000000ecb00000,0x00000000ecd80000)
 ParOldGen       total 44032K, used 13541K [0x00000000c0000000, 0x00000000c2b00000, 0x00000000eab00000)
  object space 44032K, 30% used [0x00000000c0000000,0x00000000c0d39538,0x00000000c2b00000)
 Metaspace       used 6026K, capacity 7088K, committed 7296K, reserved 1056768K
  class space    used 585K, capacity 616K, committed 640K, reserved 1048576K
}
Event: 8.008 GC heap before
{Heap before GC invocations=5 (full 0):
 PSYoungGen      total 35328K, used 35302K [0x00000000eab00000, 0x00000000ef000000, 0x0000000100000000)
  eden space 32768K, 100% used [0x00000000eab00000,0x00000000ecb00000,0x00000000ecb00000)
  from space 2560K, 98% used [0x00000000ecd80000,0x00000000ecff98e8,0x00000000ed000000)
  to   space 2560K, 0% used [0x00000000ecb00000,0x00000000ecb00000,0x00000000ecd80000)
 ParOldGen       total 44032K, used 13541K [0x00000000c0000000, 0x00000000c2b00000, 0x00000000eab00000)
  object space 44032K, 30% used [0x00000000c0000000,0x00000000c0d39538,0x00000000c2b00000)
 Metaspace       used 6057K, capacity 7088K, committed 7296K, reserved 1056768K
  class space    used 585K, capacity 616K, committed 640K, reserved 1048576K
Event: 8.301 GC heap after
Heap after GC invocations=5 (full 0):
 PSYoungGen      total 35328K, used 2545K [0x00000000eab00000, 0x00000000efe00000, 0x0000000100000000)
  eden space 32768K, 0% used [0x00000000eab00000,0x00000000eab00000,0x00000000ecb00000)
  from space 2560K, 99% used [0x00000000ecb00000,0x00000000ecd7c700,0x00000000ecd80000)
  to   space 9728K, 0% used [0x00000000ef480000,0x00000000ef480000,0x00000000efe00000)
 ParOldGen       total 44032K, used 18899K [0x00000000c0000000, 0x00000000c2b00000, 0x00000000eab00000)
  object space 44032K, 42% used [0x00000000c0000000,0x00000000c1274c00,0x00000000c2b00000)
 Metaspace       used 6057K, capacity 7088K, committed 7296K, reserved 1056768K
  class space    used 585K, capacity 616K, committed 640K, reserved 1048576K
}
Event: 8.667 GC heap before
{Heap before GC invocations=6 (full 0):
 PSYoungGen      total 35328K, used 35313K [0x00000000eab00000, 0x00000000efe00000, 0x0000000100000000)
  eden space 32768K, 100% used [0x00000000eab00000,0x00000000ecb00000,0x00000000ecb00000)
  from space 2560K, 99% used [0x00000000ecb00000,0x00000000ecd7c700,0x00000000ecd80000)
  to   space 9728K, 0% used [0x00000000ef480000,0x00000000ef480000,0x00000000efe00000)
 ParOldGen       total 44032K, used 18899K [0x00000000c0000000, 0x00000000c2b00000, 0x00000000eab00000)
  object space 44032K, 42% used [0x00000000c0000000,0x00000000c1274c00,0x00000000c2b00000)
 Metaspace       used 6064K, capacity 7088K, committed 7296K, reserved 1056768K
  class space    used 585K, capacity 616K, committed 640K, reserved 1048576K
Event: 9.308 GC heap after
Heap after GC invocations=6 (full 0):
 PSYoungGen      total 75264K, used 7417K [0x00000000eab00000, 0x00000000efe00000, 0x0000000100000000)
  eden space 65536K, 0% used [0x00000000eab00000,0x00000000eab00000,0x00000000eeb00000)
  from space 9728K, 76% used [0x00000000ef480000,0x00000000efbbe6b8,0x00000000efe00000)
  to   space 9728K, 0% used [0x00000000eeb00000,0x00000000eeb00000,0x00000000ef480000)
 ParOldGen       total 44032K, used 18899K [0x00000000c0000000, 0x00000000c2b00000, 0x00000000eab00000)
  object space 44032K, 42% used [0x00000000c0000000,0x00000000c1274c00,0x00000000c2b00000)
 Metaspace       used 6064K, capacity 7088K, committed 7296K, reserved 1056768K
  class space    used 585K, capacity 616K, committed 640K, reserved 1048576K
}

Deoptimization events (10 events):
Event: 8.432 Thread 0x0000000001d98000 Uncommon trap: reason=bimorphic action=maybe_recompile pc=0x0000000002ba309c method=com.android.dx.cf.code.BytecodeArray.parseInstruction(ILcom/android/dx/cf/code/BytecodeArray$Visitor;)I @ 971
Event: 8.432 Thread 0x0000000001d98000 Uncommon trap: reason=bimorphic action=maybe_recompile pc=0x0000000002ba3128 method=com.android.dx.cf.code.BytecodeArray.parseInstruction(ILcom/android/dx/cf/code/BytecodeArray$Visitor;)I @ 987
Event: 9.701 Thread 0x0000000001d98000 Uncommon trap: reason=unstable_if action=reinterpret pc=0x0000000002c5de40 method=com.android.dx.ssa.SCCP.simulateStmt(Lcom/android/dx/ssa/SsaInsn;)V @ 59
Event: 10.024 Thread 0x0000000001d98000 Uncommon trap: reason=unloaded action=reinterpret pc=0x0000000002cf1714 method=com.android.dx.cf.cst.ConstantPoolParser.parse0(ILjava/util/BitSet;)Lcom/android/dx/rop/cst/Constant; @ 220
Event: 10.084 Thread 0x0000000001d98000 Uncommon trap: reason=unstable_if action=reinterpret pc=0x0000000002cbd0dc method=com.android.dx.rop.cst.CstNat.equals(Ljava/lang/Object;)Z @ 25
Event: 10.111 Thread 0x0000000001d98000 Uncommon trap: reason=bimorphic action=maybe_recompile pc=0x0000000002c1fbec method=com.android.dx.rop.code.RegisterSpec.withSimpleType()Lcom/android/dx/rop/code/RegisterSpec; @ 21
Event: 10.115 Thread 0x0000000001d98000 Uncommon trap: reason=bimorphic action=maybe_recompile pc=0x0000000002c1fbec method=com.android.dx.rop.code.RegisterSpec.withSimpleType()Lcom/android/dx/rop/code/RegisterSpec; @ 21
Event: 10.118 Thread 0x0000000001d98000 Uncommon trap: reason=bimorphic action=maybe_recompile pc=0x0000000002c1fbec method=com.android.dx.rop.code.RegisterSpec.withSimpleType()Lcom/android/dx/rop/code/RegisterSpec; @ 21
Event: 10.120 Thread 0x0000000001d98000 Uncommon trap: reason=bimorphic action=maybe_recompile pc=0x0000000002c1fbec method=com.android.dx.rop.code.RegisterSpec.withSimpleType()Lcom/android/dx/rop/code/RegisterSpec; @ 21
Event: 10.295 Thread 0x0000000001d98000 Uncommon trap: reason=unstable_if action=reinterpret pc=0x0000000002c4d41c method=com.android.dx.ssa.SCCP.simulateBranch(Lcom/android/dx/ssa/SsaInsn;)V @ 548

Internal exceptions (7 events):
Event: 0.445 Thread 0x0000000001d98000 Exception <a 'java/lang/NoSuchMethodError': Method sun.misc.Unsafe.defineClass(Ljava/lang/String;[BII)Ljava/lang/Class; name or signature does not match> (0x00000000eab07cc0) thrown at [C:\re\workspace\8-2-build-windows-amd64-cygwin\jdk8u91\7017\hotspot\sr\«x”ƒÜ?
Event: 0.446 Thread 0x0000000001d98000 Exception <a 'java/lang/NoSuchMethodError': Method sun.misc.Unsafe.prefetchRead(Ljava/lang/Object;J)V name or signature does not match> (0x00000000eab07fa8) thrown at [C:\re\workspace\8-2-build-windows-amd64-cygwin\jdk8u91\7017\hotspot\src\share\vm\prims\j²h¾.Wä
@
Event: 3.361 Thread 0x0000000001d98000 Implicit null exception at 0x0000000002964952 to 0x0000000002964a42
Event: 3.534 Thread 0x0000000001d98000 Implicit null exception at 0x00000000028bc218 to 0x00000000028bdf8d
Event: 4.514 Thread 0x0000000001d98000 Exception <a 'java/lang/ArrayIndexOutOfBoundsException': 18> (0x00000000eb0929c0) thrown at [C:\re\workspace\8-2-build-windows-amd64-cygwin\jdk8u91\7017\hotspot\src\share\vm\interpreter\interpreterRuntime.cpp, line 366]
Event: 4.515 Thread 0x0000000001d98000 Exception <a 'java/lang/ArrayIndexOutOfBoundsException'> (0x00000000eb094540) thrown at [C:\re\workspace\8-2-build-windows-amd64-cygwin\jdk8u91\7017\hotspot\src\share\vm\runtime\sharedRuntime.cpp, line 605]
Event: 4.516 Thread 0x0000000001d98000 Exception <a 'java/lang/ArrayIndexOutOfBoundsException'> (0x00000000eb095828) thrown at [C:\re\workspace\8-2-build-windows-amd64-cygwin\jdk8u91\7017\hotspot\src\share\vm\runtime\sharedRuntime.cpp, line 605]

Events (10 events):
Event: 10.118 Thread 0x0000000001d98000 DEOPT PACKING pc=0x0000000002c1fbec sp=0x00000000022feb80
Event: 10.118 Thread 0x0000000001d98000 DEOPT UNPACKING pc=0x000000000261582a sp=0x00000000022feb08 mode 2
Event: 10.120 Thread 0x0000000001d98000 Uncommon trap: trap_request=0xffffffc6 fr.pc=0x0000000002c1fbec
Event: 10.120 Thread 0x0000000001d98000 DEOPT PACKING pc=0x0000000002c1fbec sp=0x00000000022fead0
Event: 10.120 Thread 0x0000000001d98000 DEOPT UNPACKING pc=0x000000000261582a sp=0x00000000022fea58 mode 2
Event: 10.295 Thread 0x0000000001d98000 Uncommon trap: trap_request=0xffffff65 fr.pc=0x0000000002c4d41c
Event: 10.295 Thread 0x0000000001d98000 DEOPT PACKING pc=0x0000000002c4d41c sp=0x00000000022fe9c0
Event: 10.295 Thread 0x0000000001d98000 DEOPT UNPACKING pc=0x000000000261582a sp=0x00000000022fe9c8 mode 2
Event: 11.399 Thread 0x0000000001d98000 DEOPT PACKING pc=0x0000000002a08ef9 sp=0x00000000022feb20
Event: 11.399 Thread 0x0000000001d98000 DEOPT UNPACKING pc=0x000000000261787f sp=0x00000000022fe950 mode 0


Dynamic libraries:
0x000000013f940000 - 0x000000013f977000 	C:\Program Files\Java\jdk1.8.0_91\bin\java.exe
0x0000000076f00000 - 0x00000000770a9000 	C:\Windows\SYSTEM32\ntdll.dll
0x0000000076ce0000 - 0x0000000076dff000 	C:\Windows\system32\kernel32.dll
0x000007fefcce0000 - 0x000007fefcd4b000 	C:\Windows\system32\KERNELBASE.dll
0x000007fefe710000 - 0x000007fefe7eb000 	C:\Windows\system32\ADVAPI32.dll
0x000007fefe3a0000 - 0x000007fefe43f000 	C:\Windows\system32\msvcrt.dll
0x000007fefe2e0000 - 0x000007fefe2ff000 	C:\Windows\SYSTEM32\sechost.dll
0x000007fefe560000 - 0x000007fefe68d000 	C:\Windows\system32\RPCRT4.dll
0x0000000076e00000 - 0x0000000076efa000 	C:\Windows\system32\USER32.dll
0x000007feff1a0000 - 0x000007feff207000 	C:\Windows\system32\GDI32.dll
0x000007fefe440000 - 0x000007fefe44e000 	C:\Windows\system32\LPK.dll
0x000007fefed80000 - 0x000007fefee49000 	C:\Windows\system32\USP10.dll
0x000007fefbd70000 - 0x000007fefbf64000 	C:\Windows\WinSxS\amd64_microsoft.windows.common-controls_6595b64144ccf1df_6.0.7601.17514_none_fa396087175ac9ac\COMCTL32.dll
0x000007fefe690000 - 0x000007fefe701000 	C:\Windows\system32\SHLWAPI.dll
0x000007fefee50000 - 0x000007fefee7e000 	C:\Windows\system32\IMM32.DLL
0x000007fefe450000 - 0x000007fefe559000 	C:\Windows\system32\MSCTF.dll
0x000000006a3a0000 - 0x000000006a472000 	C:\Program Files\Java\jdk1.8.0_91\jre\bin\msvcr100.dll
0x0000000065fe0000 - 0x0000000066873000 	C:\Program Files\Java\jdk1.8.0_91\jre\bin\server\jvm.dll
0x000007fef8760000 - 0x000007fef8769000 	C:\Windows\system32\WSOCK32.dll
0x000007fefe8d0000 - 0x000007fefe91d000 	C:\Windows\system32\WS2_32.dll
0x000007feff090000 - 0x000007feff098000 	C:\Windows\system32\NSI.dll
0x000007fefaaa0000 - 0x000007fefaadb000 	C:\Windows\system32\WINMM.dll
0x000007fefba10000 - 0x000007fefba1c000 	C:\Windows\system32\VERSION.dll
0x00000000770d0000 - 0x00000000770d7000 	C:\Windows\system32\PSAPI.DLL
0x000000006c190000 - 0x000000006c19f000 	C:\Program Files\Java\jdk1.8.0_91\jre\bin\verify.dll
0x000000006c160000 - 0x000000006c189000 	C:\Program Files\Java\jdk1.8.0_91\jre\bin\java.dll
0x000000006c140000 - 0x000000006c156000 	C:\Program Files\Java\jdk1.8.0_91\jre\bin\zip.dll
0x000007fefd550000 - 0x000007fefe2d8000 	C:\Windows\system32\SHELL32.dll
0x000007fefee80000 - 0x000007feff083000 	C:\Windows\system32\ole32.dll
0x000007fefccb0000 - 0x000007fefccbf000 	C:\Windows\system32\profapi.dll

VM Arguments:
jvm_args: -Djava.awt.headless=true -Xmx1024M -Dfile.encoding=windows-1256 -Duser.country=US -Duser.language=en -Duser.variant 
java_command: com.android.dx.command.Main --dex --force-jumbo --output E:\User\AndroidStudioProjects\Sunshine-Version-2\app\build\intermediates\pre-dexed\debug\com.android.support-appcompat-v7-21.0.3_c62c1a7b3c1d7c37f76f30a9af26db376fcf9047.jar E:\User\AndroidStudioProjects\Sunshine-Version-2\app\build\intermediates\exploded-aar\com.android.support\appcompat-v7\21.0.3\jars\classes.jar
java_class_path (initial): E:\User\AppData\Local\Android\sdk\build-tools\21.1.2\lib\dx.jar
Launcher Type: SUN_STANDARD

Environment Variables:
PATH=C:\oracle\product\10.2.0\db_2\bin;C:\oracle\product\10.2.0\db_1\bin;C:\ProgramData\Oracle\Java\javapath;C:\Windows\System32;C:\Windows\SysWOW64;C:\opencv248\build\x86\vc10\bin;C:\Python27;C:\Program Files (x86)\CodeBlocks\MinGW\bin;E:\programs\Matlab\R2013a\bin;C:\Program Files\IVI Foundation\VISA\Win64\Bin\;C:\Program Files (x86)\IVI Foundation\VISA\WinNT\Bin\;C:\Program Files (x86)\IVI Foundation\VISA\WinNT\Bin;C:\Program Files (x86)\Tesseract-OCR;E:\User\AppData\Local\Android\sdk\tools\lib;E:\Program Files\Git\cmd;E:\User\AppData\Local\Android\sdk\platform-tools;C:\Program Files\Canopy\User;C:\Program Files\Canopy\User\Scripts
USERNAME=user
OS=Windows_NT
PROCESSOR_IDENTIFIER=Intel64 Family 6 Model 58 Stepping 9, GenuineIntel



---------------  S Y S T E M  ---------------

OS: Windows 7 , 64 bit Build 7601 (6.1.7601.18015)

CPU:total 4 (2 cores per cpu, 2 threads per core) family 6 model 58 stepping 9, cmov, cx8, fxsr, mmx, sse, sse2, sse3, ssse3, sse4.1, sse4.2, popcnt, avx, aes, clmul, erms, ht, tsc, tscinvbit, tscinv

Memory: 4k page, physical 4094316k(56452k free), swap 5618084k(26160k free)

vm_info: Java HotSpot(TM) 64-Bit Server VM (25.91-b15) for windows-amd64 JRE (1.8.0_91-b15), built on May 20 2016 17:43:15 by "java_re" with MS VC++ 10.0 (VS2010)

time: Thu Aug 04 20:36:32 2016
elapsed time: 14 seconds (0d 0h 0m 14s)

