#
# There is insufficient memory for the Java Runtime Environment to continue.
# Native memory allocation (malloc) failed to allocate 262160 bytes for Chunk::new
# Possible reasons:
#   The system is out of physical RAM or swap space
#   In 32 bit mode, the process size limit was hit
# Possible solutions:
#   Reduce memory load on the system
#   Increase physical memory or swap space
#   Check if swap backing store is full
#   Use 64 bit Java on a 64 bit OS
#   Decrease Java heap size (-Xmx/-Xms)
#   Decrease number of Java threads
#   Decrease Java thread stack sizes (-Xss)
#   Set larger code cache with -XX:ReservedCodeCacheSize=
# This output file may be truncated or incomplete.
#
#  Out of Memory Error (allocation.cpp:390), pid=24020, tid=24756
#
# JRE version: Java(TM) SE Runtime Environment (8.0_91-b15) (build 1.8.0_91-b15)
# Java VM: Java HotSpot(TM) 64-Bit Server VM (25.91-b15 mixed mode windows-amd64 compressed oops)
# Failed to write core dump. Minidumps are not enabled by default on client versions of Windows
#

---------------  T H R E A D  ---------------

Current thread (0x0000000056289800):  JavaThread "C2 CompilerThread1" daemon [_thread_in_native, id=24756, stack(0x0000000056b30000,0x0000000056c30000)]

Stack: [0x0000000056b30000,0x0000000056c30000]
[error occurred during error reporting (printing stack bounds), id 0xc0000005]

Native frames: (J=compiled Java code, j=interpreted, Vv=VM code, C=native code)


Current CompileTask:
C2:   7322 1223   !   4       com.android.dx.cf.code.BytecodeArray::parseInstruction (2764 bytes)


---------------  P R O C E S S  ---------------

Java Threads: ( => current thread )
  0x000000005628d000 JavaThread "Service Thread" daemon [_thread_blocked, id=24760, stack(0x0000000056da0000,0x0000000056ea0000)]
  0x000000005628a800 JavaThread "C1 CompilerThread2" daemon [_thread_blocked, id=25420, stack(0x00000000568a0000,0x00000000569a0000)]
=>0x0000000056289800 JavaThread "C2 CompilerThread1" daemon [_thread_in_native, id=24756, stack(0x0000000056b30000,0x0000000056c30000)]
  0x0000000056287800 JavaThread "C2 CompilerThread0" daemon [_thread_in_native, id=23924, stack(0x0000000056a00000,0x0000000056b00000)]
  0x0000000056282800 JavaThread "Attach Listener" daemon [_thread_blocked, id=25040, stack(0x0000000055d50000,0x0000000055e50000)]
  0x0000000054e3e000 JavaThread "Signal Dispatcher" daemon [_thread_blocked, id=24876, stack(0x0000000056740000,0x0000000056840000)]
  0x0000000054e29800 JavaThread "Finalizer" daemon [_thread_blocked, id=25416, stack(0x0000000056180000,0x0000000056280000)]
  0x0000000054de2000 JavaThread "Reference Handler" daemon [_thread_blocked, id=24204, stack(0x0000000055fa0000,0x00000000560a0000)]
  0x0000000001dd8000 JavaThread "main" [_thread_in_Java, id=23976, stack(0x0000000002190000,0x0000000002290000)]

Other Threads:
  0x0000000054dda800 VMThread [stack: 0x0000000055ea0000,0x0000000055fa0000] [id=25044]
  0x00000000562fc000 WatcherThread [stack: 0x0000000056f40000,0x0000000057040000] [id=25080]

VM state:not at safepoint (normal execution)

VM Mutex/Monitor currently owned by a thread: None

Heap:
 PSYoungGen      total 35328K, used 3197K [0x00000000eab00000, 0x00000000ed000000, 0x0000000100000000)
  eden space 32768K, 1% used [0x00000000eab00000,0x00000000eaba3420,0x00000000ecb00000)
  from space 2560K, 99% used [0x00000000ecd80000,0x00000000ecffc390,0x00000000ed000000)
  to   space 2560K, 0% used [0x00000000ecb00000,0x00000000ecb00000,0x00000000ecd80000)
 ParOldGen       total 44032K, used 5190K [0x00000000c0000000, 0x00000000c2b00000, 0x00000000eab00000)
  object space 44032K, 11% used [0x00000000c0000000,0x00000000c0511b58,0x00000000c2b00000)
 Metaspace       used 5507K, capacity 6832K, committed 7040K, reserved 1056768K
  class space    used 548K, capacity 616K, committed 640K, reserved 1048576K

Card table byte_map: [0x0000000011920000,0x0000000011b30000] byte_map_base: 0x0000000011320000

Marking Bits: (ParMarkBitMap*) 0x0000000070572f70
 Begin Bits: [0x0000000012250000, 0x0000000013250000)
 End Bits:   [0x0000000013250000, 0x0000000014250000)

Polling page: 0x0000000000310000

CodeCache: size=245760Kb used=5036Kb max_used=5048Kb free=240723Kb
 bounds [0x0000000002560000, 0x0000000002a60000, 0x0000000011560000]
 total_blobs=1483 nmethods=1225 adapters=171
 compilation: enabled

Compilation events (10 events):
Event: 6.843 Thread 0x0000000056287800 nmethod 1227 0x0000000002a3b210 code [0x0000000002a3b340, 0x0000000002a3b3d8]
Event: 6.843 Thread 0x0000000056287800 1219       4       com.android.dx.cf.code.BaseMachine::getLocalTarget (151 bytes)
Event: 6.850 Thread 0x0000000056287800 nmethod 1219 0x0000000002a52410 code [0x0000000002a525c0, 0x0000000002a52c50]
Event: 6.930 Thread 0x0000000056287800 1228       4       com.android.dx.util.IntList::binarysearch (124 bytes)
Event: 6.930 Thread 0x000000005628a800 1231       1       com.android.dx.rop.cst.TypedConstant::getFrameType (2 bytes)
Event: 6.930 Thread 0x000000005628a800 nmethod 1231 0x0000000002a25f90 code [0x0000000002a260e0, 0x0000000002a261f0]
Event: 6.930 Thread 0x000000005628a800 1233       3       com.android.dx.cf.code.OneLocalsArray::makeInitialized (55 bytes)
Event: 6.930 Thread 0x000000005628a800 nmethod 1233 0x0000000002a39290 code [0x0000000002a39440, 0x0000000002a39ad8]
Event: 6.933 Thread 0x0000000056287800 nmethod 1228 0x0000000002a4a510 code [0x0000000002a4a660, 0x0000000002a4a818]
Event: 6.933 Thread 0x0000000056287800 1234       4       com.android.dx.cf.code.ValueAwareMachine::run (1142 bytes)

GC Heap History (2 events):
Event: 3.610 GC heap before
{Heap before GC invocations=1 (full 0):
 PSYoungGen      total 18944K, used 16384K [0x00000000eab00000, 0x00000000ec000000, 0x0000000100000000)
  eden space 16384K, 100% used [0x00000000eab00000,0x00000000ebb00000,0x00000000ebb00000)
  from space 2560K, 0% used [0x00000000ebd80000,0x00000000ebd80000,0x00000000ec000000)
  to   space 2560K, 0% used [0x00000000ebb00000,0x00000000ebb00000,0x00000000ebd80000)
 ParOldGen       total 44032K, used 0K [0x00000000c0000000, 0x00000000c2b00000, 0x00000000eab00000)
  object space 44032K, 0% used [0x00000000c0000000,0x00000000c0000000,0x00000000c2b00000)
 Metaspace       used 5394K, capacity 6768K, committed 7040K, reserved 1056768K
  class space    used 540K, capacity 616K, committed 640K, reserved 1048576K
Event: 5.380 GC heap after
Heap after GC invocations=1 (full 0):
 PSYoungGen      total 18944K, used 2544K [0x00000000eab00000, 0x00000000ed000000, 0x0000000100000000)
  eden space 16384K, 0% used [0x00000000eab00000,0x00000000eab00000,0x00000000ebb00000)
  from space 2560K, 99% used [0x00000000ebb00000,0x00000000ebd7c010,0x00000000ebd80000)
  to   space 2560K, 0% used [0x00000000ecd80000,0x00000000ecd80000,0x00000000ed000000)
 ParOldGen       total 44032K, used 1687K [0x00000000c0000000, 0x00000000c2b00000, 0x00000000eab00000)
  object space 44032K, 3% used [0x00000000c0000000,0x00000000c01a5d40,0x00000000c2b00000)
 Metaspace       used 5394K, capacity 6768K, committed 7040K, reserved 1056768K
  class space    used 540K, capacity 616K, committed 640K, reserved 1048576K
}

Deoptimization events (10 events):
Event: 6.454 Thread 0x0000000001dd8000 Uncommon trap: reason=class_check action=maybe_recompile pc=0x00000000029fefb8 method=com.android.dx.ssa.NormalSsaInsn.accept(Lcom/android/dx/ssa/SsaInsn$Visitor;)V @ 9
Event: 6.459 Thread 0x0000000001dd8000 Uncommon trap: reason=unstable_if action=reinterpret pc=0x000000000281f264 method=java.util.BitSet.ensureCapacity(I)V @ 6
Event: 6.463 Thread 0x0000000001dd8000 Uncommon trap: reason=unstable_if action=reinterpret pc=0x0000000002999f70 method=com.android.dx.dex.code.OutputFinisher.hasLocalInfo(Lcom/android/dx/dex/code/DalvInsn;)Z @ 24
Event: 6.467 Thread 0x0000000001dd8000 Uncommon trap: reason=unstable_if action=reinterpret pc=0x00000000029566d0 method=com.android.dx.util.IntList.binarysearch(I)I @ 26
Event: 6.484 Thread 0x0000000001dd8000 Uncommon trap: reason=bimorphic action=maybe_recompile pc=0x00000000029831c8 method=java.util.HashMap.getNode(ILjava/lang/Object;)Ljava/util/HashMap$Node; @ 126
Event: 6.547 Thread 0x0000000001dd8000 Uncommon trap: reason=class_check action=maybe_recompile pc=0x000000000287c620 method=com.android.dx.rop.type.Type.equals(Ljava/lang/Object;)Z @ 8
Event: 6.547 Thread 0x0000000001dd8000 Uncommon trap: reason=class_check action=maybe_recompile pc=0x000000000287c620 method=com.android.dx.rop.type.Type.equals(Ljava/lang/Object;)Z @ 8
Event: 6.547 Thread 0x0000000001dd8000 Uncommon trap: reason=class_check action=maybe_recompile pc=0x000000000287c620 method=com.android.dx.rop.type.Type.equals(Ljava/lang/Object;)Z @ 8
Event: 6.547 Thread 0x0000000001dd8000 Uncommon trap: reason=class_check action=maybe_recompile pc=0x000000000287c620 method=com.android.dx.rop.type.Type.equals(Ljava/lang/Object;)Z @ 8
Event: 6.573 Thread 0x0000000001dd8000 Uncommon trap: reason=unstable_if action=reinterpret pc=0x0000000002951328 method=com.android.dx.cf.code.Ropper.labelToResultIndex(I)I @ 34

Internal exceptions (2 events):
Event: 0.890 Thread 0x0000000001dd8000 Exception <a 'java/lang/NoSuchMethodError': Method sun.misc.Unsafe.defineClass(Ljava/lang/String;[BII)Ljava/lang/Class; name or signature does not match> (0x00000000eab07cc0) thrown at [C:\re\workspace\8-2-build-windows-amd64-cygwin\jdk8u91\7017\hotspot\sr­m¯à;zì?
Event: 0.890 Thread 0x0000000001dd8000 Exception <a 'java/lang/NoSuchMethodError': Method sun.misc.Unsafe.prefetchRead(Ljava/lang/Object;J)V name or signature does not match> (0x00000000eab07fa8) thrown at [C:\re\workspace\8-2-build-windows-amd64-cygwin\jdk8u91\7017\hotspot\src\share\vm\prims\j

Events (10 events):
Event: 6.826 Thread 0x0000000001dd8000 DEOPT PACKING pc=0x0000000002a26d3a sp=0x000000000228ddf0
Event: 6.826 Thread 0x0000000001dd8000 DEOPT UNPACKING pc=0x00000000025a787f sp=0x000000000228db58 mode 0
Event: 6.826 Thread 0x0000000001dd8000 DEOPT PACKING pc=0x0000000002a26d3a sp=0x000000000228ddf0
Event: 6.826 Thread 0x0000000001dd8000 DEOPT UNPACKING pc=0x00000000025a787f sp=0x000000000228db58 mode 0
Event: 6.826 Thread 0x0000000001dd8000 DEOPT PACKING pc=0x0000000002a26d3a sp=0x000000000228ddf0
Event: 6.826 Thread 0x0000000001dd8000 DEOPT UNPACKING pc=0x00000000025a787f sp=0x000000000228db58 mode 0
Event: 6.827 Thread 0x0000000001dd8000 DEOPT PACKING pc=0x0000000002a26d3a sp=0x000000000228ddf0
Event: 6.827 Thread 0x0000000001dd8000 DEOPT UNPACKING pc=0x00000000025a787f sp=0x000000000228db58 mode 0
Event: 6.827 Thread 0x0000000001dd8000 DEOPT PACKING pc=0x0000000002a26d3a sp=0x000000000228ddf0
Event: 6.827 Thread 0x0000000001dd8000 DEOPT UNPACKING pc=0x00000000025a787f sp=0x000000000228db58 mode 0


Dynamic libraries:
0x000000013f7a0000 - 0x000000013f7d7000 	C:\Program Files\Java\jdk1.8.0_91\bin\java.exe
0x0000000077340000 - 0x00000000774ea000 	C:\Windows\SYSTEM32\ntdll.dll
0x0000000077220000 - 0x000000007733f000 	C:\Windows\system32\kernel32.dll
0x000007fefd090000 - 0x000007fefd0fa000 	C:\Windows\system32\KERNELBASE.dll
0x000007fefead0000 - 0x000007fefebab000 	C:\Windows\system32\ADVAPI32.dll
0x000007feff5b0000 - 0x000007feff64f000 	C:\Windows\system32\msvcrt.dll
0x000007fefe860000 - 0x000007fefe87f000 	C:\Windows\SYSTEM32\sechost.dll
0x000007fefed20000 - 0x000007fefee4d000 	C:\Windows\system32\RPCRT4.dll
0x0000000077120000 - 0x000000007721a000 	C:\Windows\system32\USER32.dll
0x000007fefea60000 - 0x000007fefeac7000 	C:\Windows\system32\GDI32.dll
0x000007fefd6f0000 - 0x000007fefd6fe000 	C:\Windows\system32\LPK.dll
0x000007fefd620000 - 0x000007fefd6ea000 	C:\Windows\system32\USP10.dll
0x000007fefc130000 - 0x000007fefc324000 	C:\Windows\WinSxS\amd64_microsoft.windows.common-controls_6595b64144ccf1df_6.0.7601.17514_none_fa396087175ac9ac\COMCTL32.dll
0x000007fefe5d0000 - 0x000007fefe641000 	C:\Windows\system32\SHLWAPI.dll
0x000007fefe880000 - 0x000007fefe8ae000 	C:\Windows\system32\IMM32.DLL
0x000007feff120000 - 0x000007feff229000 	C:\Windows\system32\MSCTF.dll
0x0000000073a40000 - 0x0000000073b12000 	C:\Program Files\Java\jdk1.8.0_91\jre\bin\msvcr100.dll
0x000000006fd60000 - 0x00000000705f3000 	C:\Program Files\Java\jdk1.8.0_91\jre\bin\server\jvm.dll
0x000007fef57c0000 - 0x000007fef57c9000 	C:\Windows\system32\WSOCK32.dll
0x000007fefecd0000 - 0x000007fefed1d000 	C:\Windows\system32\WS2_32.dll
0x000007fefd610000 - 0x000007fefd618000 	C:\Windows\system32\NSI.dll
0x000007feface0000 - 0x000007fefad1b000 	C:\Windows\system32\WINMM.dll
0x000007fefbdd0000 - 0x000007fefbddc000 	C:\Windows\system32\VERSION.dll
0x0000000077510000 - 0x0000000077517000 	C:\Windows\system32\PSAPI.DLL
0x00000000749c0000 - 0x00000000749cf000 	C:\Program Files\Java\jdk1.8.0_91\jre\bin\verify.dll
0x00000000747d0000 - 0x00000000747f9000 	C:\Program Files\Java\jdk1.8.0_91\jre\bin\java.dll
0x0000000074980000 - 0x0000000074996000 	C:\Program Files\Java\jdk1.8.0_91\jre\bin\zip.dll
0x000007fefd700000 - 0x000007fefe488000 	C:\Windows\system32\SHELL32.dll
0x000007fefe650000 - 0x000007fefe853000 	C:\Windows\system32\ole32.dll
0x000007fefd070000 - 0x000007fefd07f000 	C:\Windows\system32\profapi.dll

VM Arguments:
jvm_args: -Djava.awt.headless=true -Xmx1024M -Dfile.encoding=windows-1256 -Duser.country=US -Duser.language=en -Duser.variant 
java_command: com.android.dx.command.Main --dex --force-jumbo --output E:\User\AndroidStudioProjects\Sunshine-Version-2\app\build\intermediates\pre-dexed\debug\main_ce6091204da083106fd240fc667f6564108714f7.jar E:\User\AndroidStudioProjects\Sunshine-Version-2\app\build\intermediates\transforms\instantRun\debug\folders\1\5\main
java_class_path (initial): E:\User\AppData\Local\Android\sdk\build-tools\21.1.2\lib\dx.jar
Launcher Type: SUN_STANDARD

Environment Variables:
PATH=C:\oracle\product\10.2.0\db_2\bin;C:\oracle\product\10.2.0\db_1\bin;C:\ProgramData\Oracle\Java\javapath;C:\Windows\System32;C:\Windows\SysWOW64;C:\opencv248\build\x86\vc10\bin;C:\Python27;C:\Program Files (x86)\CodeBlocks\MinGW\bin;E:\programs\Matlab\R2013a\bin;C:\Program Files\IVI Foundation\VISA\Win64\Bin\;C:\Program Files (x86)\IVI Foundation\VISA\WinNT\Bin\;C:\Program Files (x86)\IVI Foundation\VISA\WinNT\Bin;C:\Program Files (x86)\Tesseract-OCR;E:\User\AppData\Local\Android\sdk\tools\lib;E:\Program Files\Git\cmd;E:\User\AppData\Local\Android\sdk\platform-tools;C:\Program Files\Canopy\User;C:\Program Files\Canopy\User\Scripts
USERNAME=user
OS=Windows_NT
PROCESSOR_IDENTIFIER=Intel64 Family 6 Model 58 Stepping 9, GenuineIntel



---------------  S Y S T E M  ---------------

OS: Windows 7 , 64 bit Build 7601 (6.1.7601.23572)

CPU:total 4 (2 cores per cpu, 2 threads per core) family 6 model 58 stepping 9, cmov, cx8, fxsr, mmx, sse, sse2, sse3, ssse3, sse4.1, sse4.2, popcnt, avx, aes, clmul, erms, ht, tsc, tscinvbit, tscinv

Memory: 4k page, physical 4094316k(47640k free), swap 5628456k(5160k free)

vm_info: Java HotSpot(TM) 64-Bit Server VM (25.91-b15) for windows-amd64 JRE (1.8.0_91-b15), built on May 20 2016 17:43:15 by "java_re" with MS VC++ 10.0 (VS2010)

time: Mon Jul 03 21:10:01 2017
elapsed time: 11 seconds (0d 0h 0m 11s)

